[0.763s] Invoking command in '/home/me597/ros2_ws/src/task_5': PYTHONPATH=/home/me597/ros2_ws/build/task_5/prefix_override:/usr/lib/python3/dist-packages/colcon_core/task/python/colcon_distutils_commands:/home/me597/ros2_ws/install/task_5/lib/python3.10/site-packages:${PYTHONPATH} /usr/bin/python3 -W ignore:setup.py install is deprecated -W ignore:easy_install command is deprecated setup.py egg_info --egg-base ../../build/task_5 build --build-base /home/me597/ros2_ws/build/task_5/build install --record /home/me597/ros2_ws/build/task_5/install.log --single-version-externally-managed install_data
[1.075s] running egg_info
[1.076s] creating ../../build/task_5/task_5.egg-info
[1.076s] writing ../../build/task_5/task_5.egg-info/PKG-INFO
[1.076s] writing dependency_links to ../../build/task_5/task_5.egg-info/dependency_links.txt
[1.076s] writing entry points to ../../build/task_5/task_5.egg-info/entry_points.txt
[1.076s] writing requirements to ../../build/task_5/task_5.egg-info/requires.txt
[1.077s] writing top-level names to ../../build/task_5/task_5.egg-info/top_level.txt
[1.077s] writing manifest file '../../build/task_5/task_5.egg-info/SOURCES.txt'
[1.079s] reading manifest file '../../build/task_5/task_5.egg-info/SOURCES.txt'
[1.080s] writing manifest file '../../build/task_5/task_5.egg-info/SOURCES.txt'
[1.080s] running build
[1.080s] running build_py
[1.081s] creating /home/me597/ros2_ws/build/task_5/build
[1.081s] creating /home/me597/ros2_ws/build/task_5/build/lib
[1.081s] creating /home/me597/ros2_ws/build/task_5/build/lib/task_5
[1.081s] copying task_5/image_publisher.py -> /home/me597/ros2_ws/build/task_5/build/lib/task_5
[1.081s] copying task_5/object_detector.py -> /home/me597/ros2_ws/build/task_5/build/lib/task_5
[1.081s] copying task_5/__init__.py -> /home/me597/ros2_ws/build/task_5/build/lib/task_5
[1.081s] running install
[1.081s] running install_lib
[1.082s] creating /home/me597/ros2_ws/install/task_5/lib/python3.10/site-packages/task_5
[1.082s] copying /home/me597/ros2_ws/build/task_5/build/lib/task_5/image_publisher.py -> /home/me597/ros2_ws/install/task_5/lib/python3.10/site-packages/task_5
[1.082s] copying /home/me597/ros2_ws/build/task_5/build/lib/task_5/object_detector.py -> /home/me597/ros2_ws/install/task_5/lib/python3.10/site-packages/task_5
[1.083s] copying /home/me597/ros2_ws/build/task_5/build/lib/task_5/__init__.py -> /home/me597/ros2_ws/install/task_5/lib/python3.10/site-packages/task_5
[1.083s] byte-compiling /home/me597/ros2_ws/install/task_5/lib/python3.10/site-packages/task_5/image_publisher.py to image_publisher.cpython-310.pyc
[1.083s] byte-compiling /home/me597/ros2_ws/install/task_5/lib/python3.10/site-packages/task_5/object_detector.py to object_detector.cpython-310.pyc
[1.085s] byte-compiling /home/me597/ros2_ws/install/task_5/lib/python3.10/site-packages/task_5/__init__.py to __init__.cpython-310.pyc
[1.085s] running install_data
[1.085s] creating /home/me597/ros2_ws/install/task_5/share/ament_index
[1.085s] creating /home/me597/ros2_ws/install/task_5/share/ament_index/resource_index
[1.085s] creating /home/me597/ros2_ws/install/task_5/share/ament_index/resource_index/packages
[1.085s] copying resource/task_5 -> /home/me597/ros2_ws/install/task_5/share/ament_index/resource_index/packages
[1.085s] copying package.xml -> /home/me597/ros2_ws/install/task_5/share/task_5
[1.085s] creating /home/me597/ros2_ws/install/task_5/share/task_5/resource
[1.085s] copying resource/lab3_video.avi -> /home/me597/ros2_ws/install/task_5/share/task_5/resource
[1.089s] creating /home/me597/ros2_ws/install/task_5/share/task_5/launch
[1.089s] running install_egg_info
[1.092s] Copying ../../build/task_5/task_5.egg-info to /home/me597/ros2_ws/install/task_5/lib/python3.10/site-packages/task_5-0.0.0-py3.10.egg-info
[1.093s] running install_scripts
[1.115s] Installing image_publisher script to /home/me597/ros2_ws/install/task_5/lib/task_5
[1.115s] Installing object_detector script to /home/me597/ros2_ws/install/task_5/lib/task_5
[1.115s] writing list of installed files to '/home/me597/ros2_ws/build/task_5/install.log'
[1.149s] Invoked command in '/home/me597/ros2_ws/src/task_5' returned '0': PYTHONPATH=/home/me597/ros2_ws/build/task_5/prefix_override:/usr/lib/python3/dist-packages/colcon_core/task/python/colcon_distutils_commands:/home/me597/ros2_ws/install/task_5/lib/python3.10/site-packages:${PYTHONPATH} /usr/bin/python3 -W ignore:setup.py install is deprecated -W ignore:easy_install command is deprecated setup.py egg_info --egg-base ../../build/task_5 build --build-base /home/me597/ros2_ws/build/task_5/build install --record /home/me597/ros2_ws/build/task_5/install.log --single-version-externally-managed install_data
