[1.103s] Invoking command in '/home/me597/sim_ws/src/sim_utils': PYTHONPATH=/home/me597/build/sim_utils/prefix_override:/usr/lib/python3/dist-packages/colcon_core/task/python/colcon_distutils_commands:/home/me597/install/sim_utils/lib/python3.10/site-packages:${PYTHONPATH} /usr/bin/python3 -W ignore:setup.py install is deprecated -W ignore:easy_install command is deprecated setup.py egg_info --egg-base ../../../build/sim_utils build --build-base /home/me597/build/sim_utils/build install --record /home/me597/build/sim_utils/install.log --single-version-externally-managed install_data
[1.470s] running egg_info
[1.470s] writing ../../../build/sim_utils/sim_utils.egg-info/PKG-INFO
[1.471s] writing dependency_links to ../../../build/sim_utils/sim_utils.egg-info/dependency_links.txt
[1.473s] writing entry points to ../../../build/sim_utils/sim_utils.egg-info/entry_points.txt
[1.474s] writing requirements to ../../../build/sim_utils/sim_utils.egg-info/requires.txt
[1.474s] writing top-level names to ../../../build/sim_utils/sim_utils.egg-info/top_level.txt
[1.477s] reading manifest file '../../../build/sim_utils/sim_utils.egg-info/SOURCES.txt'
[1.477s] writing manifest file '../../../build/sim_utils/sim_utils.egg-info/SOURCES.txt'
[1.478s] running build
[1.478s] running build_py
[1.478s] running install
[1.479s] running install_lib
[1.480s] running install_data
[1.481s] running install_egg_info
[1.484s] removing '/home/me597/install/sim_utils/lib/python3.10/site-packages/sim_utils-0.0.0-py3.10.egg-info' (and everything under it)
[1.484s] Copying ../../../build/sim_utils/sim_utils.egg-info to /home/me597/install/sim_utils/lib/python3.10/site-packages/sim_utils-0.0.0-py3.10.egg-info
[1.485s] running install_scripts
[1.517s] Installing red_ball_controller script to /home/me597/install/sim_utils/lib/sim_utils
[1.517s] writing list of installed files to '/home/me597/build/sim_utils/install.log'
[1.562s] Invoked command in '/home/me597/sim_ws/src/sim_utils' returned '0': PYTHONPATH=/home/me597/build/sim_utils/prefix_override:/usr/lib/python3/dist-packages/colcon_core/task/python/colcon_distutils_commands:/home/me597/install/sim_utils/lib/python3.10/site-packages:${PYTHONPATH} /usr/bin/python3 -W ignore:setup.py install is deprecated -W ignore:easy_install command is deprecated setup.py egg_info --egg-base ../../../build/sim_utils build --build-base /home/me597/build/sim_utils/build install --record /home/me597/build/sim_utils/install.log --single-version-externally-managed install_data
