[0.702s] Invoking command in '/home/me597/ros2_ws/src/task_5': PYTHONPATH=/home/me597/ros2_ws/src/task_5/build/task_5/prefix_override:/usr/lib/python3/dist-packages/colcon_core/task/python/colcon_distutils_commands:/home/me597/ros2_ws/src/task_5/install/task_5/lib/python3.10/site-packages:${PYTHONPATH} /usr/bin/python3 -W ignore:setup.py install is deprecated -W ignore:easy_install command is deprecated setup.py egg_info --egg-base build/task_5 build --build-base /home/me597/ros2_ws/src/task_5/build/task_5/build install --record /home/me597/ros2_ws/src/task_5/build/task_5/install.log --single-version-externally-managed install_data
[0.980s] running egg_info
[0.981s] creating build/task_5/task_5.egg-info
[0.981s] writing build/task_5/task_5.egg-info/PKG-INFO
[0.981s] writing dependency_links to build/task_5/task_5.egg-info/dependency_links.txt
[0.981s] writing entry points to build/task_5/task_5.egg-info/entry_points.txt
[0.981s] writing requirements to build/task_5/task_5.egg-info/requires.txt
[0.981s] writing top-level names to build/task_5/task_5.egg-info/top_level.txt
[0.981s] writing manifest file 'build/task_5/task_5.egg-info/SOURCES.txt'
[0.983s] reading manifest file 'build/task_5/task_5.egg-info/SOURCES.txt'
[0.984s] writing manifest file 'build/task_5/task_5.egg-info/SOURCES.txt'
[0.984s] running build
[0.985s] running build_py
[0.985s] creating /home/me597/ros2_ws/src/task_5/build/task_5/build
[0.985s] creating /home/me597/ros2_ws/src/task_5/build/task_5/build/lib
[0.985s] creating /home/me597/ros2_ws/src/task_5/build/task_5/build/lib/task_5
[0.985s] copying task_5/__init__.py -> /home/me597/ros2_ws/src/task_5/build/task_5/build/lib/task_5
[0.986s] running install
[0.986s] running install_lib
[0.987s] creating /home/me597/ros2_ws/src/task_5/install/task_5/lib/python3.10/site-packages/task_5
[0.987s] copying /home/me597/ros2_ws/src/task_5/build/task_5/build/lib/task_5/__init__.py -> /home/me597/ros2_ws/src/task_5/install/task_5/lib/python3.10/site-packages/task_5
[0.988s] byte-compiling /home/me597/ros2_ws/src/task_5/install/task_5/lib/python3.10/site-packages/task_5/__init__.py to __init__.cpython-310.pyc
[0.988s] running install_data
[0.988s] creating /home/me597/ros2_ws/src/task_5/install/task_5/share/ament_index
[0.988s] creating /home/me597/ros2_ws/src/task_5/install/task_5/share/ament_index/resource_index
[0.989s] creating /home/me597/ros2_ws/src/task_5/install/task_5/share/ament_index/resource_index/packages
[0.989s] copying resource/task_5 -> /home/me597/ros2_ws/src/task_5/install/task_5/share/ament_index/resource_index/packages
[0.989s] copying package.xml -> /home/me597/ros2_ws/src/task_5/install/task_5/share/task_5
[0.989s] running install_egg_info
[0.993s] Copying build/task_5/task_5.egg-info to /home/me597/ros2_ws/src/task_5/install/task_5/lib/python3.10/site-packages/task_5-0.0.0-py3.10.egg-info
[0.994s] running install_scripts
[1.024s] writing list of installed files to '/home/me597/ros2_ws/src/task_5/build/task_5/install.log'
[1.060s] Invoked command in '/home/me597/ros2_ws/src/task_5' returned '0': PYTHONPATH=/home/me597/ros2_ws/src/task_5/build/task_5/prefix_override:/usr/lib/python3/dist-packages/colcon_core/task/python/colcon_distutils_commands:/home/me597/ros2_ws/src/task_5/install/task_5/lib/python3.10/site-packages:${PYTHONPATH} /usr/bin/python3 -W ignore:setup.py install is deprecated -W ignore:easy_install command is deprecated setup.py egg_info --egg-base build/task_5 build --build-base /home/me597/ros2_ws/src/task_5/build/task_5/build install --record /home/me597/ros2_ws/src/task_5/build/task_5/install.log --single-version-externally-managed install_data
