[0.743s] Invoking command in '/home/me597/ros2_ws/src/task_4': PYTHONPATH=/home/me597/ros2_ws/src/build/task_4/prefix_override:/usr/lib/python3/dist-packages/colcon_core/task/python/colcon_distutils_commands:/home/me597/ros2_ws/src/install/task_4/lib/python3.10/site-packages:${PYTHONPATH} /usr/bin/python3 -W ignore:setup.py install is deprecated -W ignore:easy_install command is deprecated setup.py egg_info --egg-base ../build/task_4 build --build-base /home/me597/ros2_ws/src/build/task_4/build install --record /home/me597/ros2_ws/src/build/task_4/install.log --single-version-externally-managed install_data
[0.963s] running egg_info
[0.964s] creating ../build/task_4/task_4.egg-info
[0.967s] writing ../build/task_4/task_4.egg-info/PKG-INFO
[0.967s] writing dependency_links to ../build/task_4/task_4.egg-info/dependency_links.txt
[0.967s] writing entry points to ../build/task_4/task_4.egg-info/entry_points.txt
[0.967s] writing requirements to ../build/task_4/task_4.egg-info/requires.txt
[0.967s] writing top-level names to ../build/task_4/task_4.egg-info/top_level.txt
[0.967s] writing manifest file '../build/task_4/task_4.egg-info/SOURCES.txt'
[0.967s] reading manifest file '../build/task_4/task_4.egg-info/SOURCES.txt'
[0.968s] writing manifest file '../build/task_4/task_4.egg-info/SOURCES.txt'
[0.969s] running build
[0.969s] running build_py
[0.969s] creating /home/me597/ros2_ws/src/build/task_4/build
[0.969s] creating /home/me597/ros2_ws/src/build/task_4/build/lib
[0.976s] creating /home/me597/ros2_ws/src/build/task_4/build/lib/task_4
[0.976s] copying task_4/__init__.py -> /home/me597/ros2_ws/src/build/task_4/build/lib/task_4
[0.976s] copying task_4/auto_navigator.py -> /home/me597/ros2_ws/src/build/task_4/build/lib/task_4
[0.976s] running install
[0.976s] running install_lib
[0.976s] creating /home/me597/ros2_ws/src/install/task_4/lib/python3.10/site-packages/task_4
[0.976s] copying /home/me597/ros2_ws/src/build/task_4/build/lib/task_4/__init__.py -> /home/me597/ros2_ws/src/install/task_4/lib/python3.10/site-packages/task_4
[0.976s] copying /home/me597/ros2_ws/src/build/task_4/build/lib/task_4/auto_navigator.py -> /home/me597/ros2_ws/src/install/task_4/lib/python3.10/site-packages/task_4
[0.976s] byte-compiling /home/me597/ros2_ws/src/install/task_4/lib/python3.10/site-packages/task_4/__init__.py to __init__.cpython-310.pyc
[0.976s] byte-compiling /home/me597/ros2_ws/src/install/task_4/lib/python3.10/site-packages/task_4/auto_navigator.py to auto_navigator.cpython-310.pyc
[0.976s] running install_data
[0.976s] creating /home/me597/ros2_ws/src/install/task_4/share/ament_index
[0.976s] creating /home/me597/ros2_ws/src/install/task_4/share/ament_index/resource_index
[0.976s] creating /home/me597/ros2_ws/src/install/task_4/share/ament_index/resource_index/packages
[0.977s] copying resource/task_4 -> /home/me597/ros2_ws/src/install/task_4/share/ament_index/resource_index/packages
[0.977s] copying package.xml -> /home/me597/ros2_ws/src/install/task_4/share/task_4
[0.977s] creating /home/me597/ros2_ws/src/install/task_4/share/task_4/launch
[0.977s] copying launch/gen_sync_map_launch.py -> /home/me597/ros2_ws/src/install/task_4/share/task_4/launch
[0.978s] running install_egg_info
[0.979s] Copying ../build/task_4/task_4.egg-info to /home/me597/ros2_ws/src/install/task_4/lib/python3.10/site-packages/task_4-0.0.0-py3.10.egg-info
[0.979s] running install_scripts
[1.007s] writing list of installed files to '/home/me597/ros2_ws/src/build/task_4/install.log'
[1.028s] Invoked command in '/home/me597/ros2_ws/src/task_4' returned '0': PYTHONPATH=/home/me597/ros2_ws/src/build/task_4/prefix_override:/usr/lib/python3/dist-packages/colcon_core/task/python/colcon_distutils_commands:/home/me597/ros2_ws/src/install/task_4/lib/python3.10/site-packages:${PYTHONPATH} /usr/bin/python3 -W ignore:setup.py install is deprecated -W ignore:easy_install command is deprecated setup.py egg_info --egg-base ../build/task_4 build --build-base /home/me597/ros2_ws/src/build/task_4/build install --record /home/me597/ros2_ws/src/build/task_4/install.log --single-version-externally-managed install_data
