[0.640s] DEBUG:colcon:Command line arguments: ['/usr/bin/colcon', 'build']
[0.640s] DEBUG:colcon:Parsed command line arguments: Namespace(log_base=None, log_level=None, verb_name='build', build_base='build', install_base='install', merge_install=False, symlink_install=False, test_result_base=None, continue_on_error=False, executor='parallel', parallel_workers=2, event_handlers=None, ignore_user_meta=False, metas=['./colcon.meta'], base_paths=['.'], packages_ignore=None, packages_ignore_regex=None, paths=None, packages_up_to=None, packages_up_to_regex=None, packages_above=None, packages_above_and_dependencies=None, packages_above_depth=None, packages_select_by_dep=None, packages_skip_by_dep=None, packages_skip_up_to=None, packages_select_build_failed=False, packages_skip_build_finished=False, packages_select_test_failures=False, packages_skip_test_passed=False, packages_select=None, packages_skip=None, packages_select_regex=None, packages_skip_regex=None, packages_start=None, packages_end=None, allow_overriding=[], cmake_args=None, cmake_target=None, cmake_target_skip_unavailable=False, cmake_clean_cache=False, cmake_clean_first=False, cmake_force_configure=False, ament_cmake_args=None, catkin_cmake_args=None, catkin_skip_building_tests=False, mixin_files=None, mixin=None, verb_parser=<colcon_mixin.mixin.mixin_argument.MixinArgumentDecorator object at 0x7d491a169330>, verb_extension=<colcon_core.verb.build.BuildVerb object at 0x7d491a1688b0>, main=<bound method BuildVerb.main of <colcon_core.verb.build.BuildVerb object at 0x7d491a1688b0>>, mixin_verb=('build',))
[1.065s] Level 1:colcon.colcon_core.package_discovery:discover_packages(colcon_meta) check parameters
[1.065s] Level 1:colcon.colcon_core.package_discovery:discover_packages(recursive) check parameters
[1.066s] Level 1:colcon.colcon_core.package_discovery:discover_packages(ignore) check parameters
[1.066s] Level 1:colcon.colcon_core.package_discovery:discover_packages(path) check parameters
[1.066s] Level 1:colcon.colcon_core.package_discovery:discover_packages(colcon_meta) discover
[1.066s] Level 1:colcon.colcon_core.package_discovery:discover_packages(recursive) discover
[1.066s] INFO:colcon.colcon_core.package_discovery:Crawling recursively for packages in '/home/me597'
[1.066s] Level 1:colcon.colcon_core.package_identification:_identify(.) by extensions ['ignore', 'ignore_ament_install']
[1.066s] Level 1:colcon.colcon_core.package_identification:_identify(.) by extension 'ignore'
[1.066s] Level 1:colcon.colcon_core.package_identification:_identify(.) by extension 'ignore_ament_install'
[1.066s] Level 1:colcon.colcon_core.package_identification:_identify(.) by extensions ['colcon_pkg']
[1.066s] Level 1:colcon.colcon_core.package_identification:_identify(.) by extension 'colcon_pkg'
[1.066s] Level 1:colcon.colcon_core.package_identification:_identify(.) by extensions ['colcon_meta']
[1.066s] Level 1:colcon.colcon_core.package_identification:_identify(.) by extension 'colcon_meta'
[1.067s] Level 1:colcon.colcon_core.package_identification:_identify(.) by extensions ['ros']
[1.067s] Level 1:colcon.colcon_core.package_identification:_identify(.) by extension 'ros'
[1.108s] Level 1:colcon.colcon_core.package_identification:_identify(.) by extensions ['cmake', 'python']
[1.108s] Level 1:colcon.colcon_core.package_identification:_identify(.) by extension 'cmake'
[1.108s] Level 1:colcon.colcon_core.package_identification:_identify(.) by extension 'python'
[1.108s] Level 1:colcon.colcon_core.package_identification:_identify(.) by extensions ['python_setup_py']
[1.108s] Level 1:colcon.colcon_core.package_identification:_identify(.) by extension 'python_setup_py'
[1.109s] Level 1:colcon.colcon_core.package_identification:_identify(Desktop) by extensions ['ignore', 'ignore_ament_install']
[1.109s] Level 1:colcon.colcon_core.package_identification:_identify(Desktop) by extension 'ignore'
[1.109s] Level 1:colcon.colcon_core.package_identification:_identify(Desktop) by extension 'ignore_ament_install'
[1.109s] Level 1:colcon.colcon_core.package_identification:_identify(Desktop) by extensions ['colcon_pkg']
[1.109s] Level 1:colcon.colcon_core.package_identification:_identify(Desktop) by extension 'colcon_pkg'
[1.109s] Level 1:colcon.colcon_core.package_identification:_identify(Desktop) by extensions ['colcon_meta']
[1.109s] Level 1:colcon.colcon_core.package_identification:_identify(Desktop) by extension 'colcon_meta'
[1.109s] Level 1:colcon.colcon_core.package_identification:_identify(Desktop) by extensions ['ros']
[1.109s] Level 1:colcon.colcon_core.package_identification:_identify(Desktop) by extension 'ros'
[1.109s] Level 1:colcon.colcon_core.package_identification:_identify(Desktop) by extensions ['cmake', 'python']
[1.110s] Level 1:colcon.colcon_core.package_identification:_identify(Desktop) by extension 'cmake'
[1.110s] Level 1:colcon.colcon_core.package_identification:_identify(Desktop) by extension 'python'
[1.110s] Level 1:colcon.colcon_core.package_identification:_identify(Desktop) by extensions ['python_setup_py']
[1.110s] Level 1:colcon.colcon_core.package_identification:_identify(Desktop) by extension 'python_setup_py'
[1.110s] Level 1:colcon.colcon_core.package_identification:_identify(Documents) by extensions ['ignore', 'ignore_ament_install']
[1.110s] Level 1:colcon.colcon_core.package_identification:_identify(Documents) by extension 'ignore'
[1.110s] Level 1:colcon.colcon_core.package_identification:_identify(Documents) by extension 'ignore_ament_install'
[1.110s] Level 1:colcon.colcon_core.package_identification:_identify(Documents) by extensions ['colcon_pkg']
[1.110s] Level 1:colcon.colcon_core.package_identification:_identify(Documents) by extension 'colcon_pkg'
[1.110s] Level 1:colcon.colcon_core.package_identification:_identify(Documents) by extensions ['colcon_meta']
[1.110s] Level 1:colcon.colcon_core.package_identification:_identify(Documents) by extension 'colcon_meta'
[1.110s] Level 1:colcon.colcon_core.package_identification:_identify(Documents) by extensions ['ros']
[1.110s] Level 1:colcon.colcon_core.package_identification:_identify(Documents) by extension 'ros'
[1.110s] Level 1:colcon.colcon_core.package_identification:_identify(Documents) by extensions ['cmake', 'python']
[1.111s] Level 1:colcon.colcon_core.package_identification:_identify(Documents) by extension 'cmake'
[1.111s] Level 1:colcon.colcon_core.package_identification:_identify(Documents) by extension 'python'
[1.111s] Level 1:colcon.colcon_core.package_identification:_identify(Documents) by extensions ['python_setup_py']
[1.111s] Level 1:colcon.colcon_core.package_identification:_identify(Documents) by extension 'python_setup_py'
[1.111s] Level 1:colcon.colcon_core.package_identification:_identify(Downloads) by extensions ['ignore', 'ignore_ament_install']
[1.111s] Level 1:colcon.colcon_core.package_identification:_identify(Downloads) by extension 'ignore'
[1.111s] Level 1:colcon.colcon_core.package_identification:_identify(Downloads) by extension 'ignore_ament_install'
[1.111s] Level 1:colcon.colcon_core.package_identification:_identify(Downloads) by extensions ['colcon_pkg']
[1.111s] Level 1:colcon.colcon_core.package_identification:_identify(Downloads) by extension 'colcon_pkg'
[1.111s] Level 1:colcon.colcon_core.package_identification:_identify(Downloads) by extensions ['colcon_meta']
[1.111s] Level 1:colcon.colcon_core.package_identification:_identify(Downloads) by extension 'colcon_meta'
[1.111s] Level 1:colcon.colcon_core.package_identification:_identify(Downloads) by extensions ['ros']
[1.112s] Level 1:colcon.colcon_core.package_identification:_identify(Downloads) by extension 'ros'
[1.112s] Level 1:colcon.colcon_core.package_identification:_identify(Downloads) by extensions ['cmake', 'python']
[1.112s] Level 1:colcon.colcon_core.package_identification:_identify(Downloads) by extension 'cmake'
[1.112s] Level 1:colcon.colcon_core.package_identification:_identify(Downloads) by extension 'python'
[1.112s] Level 1:colcon.colcon_core.package_identification:_identify(Downloads) by extensions ['python_setup_py']
[1.112s] Level 1:colcon.colcon_core.package_identification:_identify(Downloads) by extension 'python_setup_py'
[1.112s] Level 1:colcon.colcon_core.package_identification:_identify(Music) by extensions ['ignore', 'ignore_ament_install']
[1.112s] Level 1:colcon.colcon_core.package_identification:_identify(Music) by extension 'ignore'
[1.113s] Level 1:colcon.colcon_core.package_identification:_identify(Music) by extension 'ignore_ament_install'
[1.113s] Level 1:colcon.colcon_core.package_identification:_identify(Music) by extensions ['colcon_pkg']
[1.113s] Level 1:colcon.colcon_core.package_identification:_identify(Music) by extension 'colcon_pkg'
[1.113s] Level 1:colcon.colcon_core.package_identification:_identify(Music) by extensions ['colcon_meta']
[1.113s] Level 1:colcon.colcon_core.package_identification:_identify(Music) by extension 'colcon_meta'
[1.113s] Level 1:colcon.colcon_core.package_identification:_identify(Music) by extensions ['ros']
[1.113s] Level 1:colcon.colcon_core.package_identification:_identify(Music) by extension 'ros'
[1.113s] Level 1:colcon.colcon_core.package_identification:_identify(Music) by extensions ['cmake', 'python']
[1.113s] Level 1:colcon.colcon_core.package_identification:_identify(Music) by extension 'cmake'
[1.113s] Level 1:colcon.colcon_core.package_identification:_identify(Music) by extension 'python'
[1.113s] Level 1:colcon.colcon_core.package_identification:_identify(Music) by extensions ['python_setup_py']
[1.113s] Level 1:colcon.colcon_core.package_identification:_identify(Music) by extension 'python_setup_py'
[1.113s] Level 1:colcon.colcon_core.package_identification:_identify(Pictures) by extensions ['ignore', 'ignore_ament_install']
[1.114s] Level 1:colcon.colcon_core.package_identification:_identify(Pictures) by extension 'ignore'
[1.114s] Level 1:colcon.colcon_core.package_identification:_identify(Pictures) by extension 'ignore_ament_install'
[1.114s] Level 1:colcon.colcon_core.package_identification:_identify(Pictures) by extensions ['colcon_pkg']
[1.114s] Level 1:colcon.colcon_core.package_identification:_identify(Pictures) by extension 'colcon_pkg'
[1.114s] Level 1:colcon.colcon_core.package_identification:_identify(Pictures) by extensions ['colcon_meta']
[1.114s] Level 1:colcon.colcon_core.package_identification:_identify(Pictures) by extension 'colcon_meta'
[1.114s] Level 1:colcon.colcon_core.package_identification:_identify(Pictures) by extensions ['ros']
[1.114s] Level 1:colcon.colcon_core.package_identification:_identify(Pictures) by extension 'ros'
[1.114s] Level 1:colcon.colcon_core.package_identification:_identify(Pictures) by extensions ['cmake', 'python']
[1.114s] Level 1:colcon.colcon_core.package_identification:_identify(Pictures) by extension 'cmake'
[1.114s] Level 1:colcon.colcon_core.package_identification:_identify(Pictures) by extension 'python'
[1.114s] Level 1:colcon.colcon_core.package_identification:_identify(Pictures) by extensions ['python_setup_py']
[1.114s] Level 1:colcon.colcon_core.package_identification:_identify(Pictures) by extension 'python_setup_py'
[1.114s] Level 1:colcon.colcon_core.package_identification:_identify(Public) by extensions ['ignore', 'ignore_ament_install']
[1.115s] Level 1:colcon.colcon_core.package_identification:_identify(Public) by extension 'ignore'
[1.115s] Level 1:colcon.colcon_core.package_identification:_identify(Public) by extension 'ignore_ament_install'
[1.115s] Level 1:colcon.colcon_core.package_identification:_identify(Public) by extensions ['colcon_pkg']
[1.115s] Level 1:colcon.colcon_core.package_identification:_identify(Public) by extension 'colcon_pkg'
[1.115s] Level 1:colcon.colcon_core.package_identification:_identify(Public) by extensions ['colcon_meta']
[1.115s] Level 1:colcon.colcon_core.package_identification:_identify(Public) by extension 'colcon_meta'
[1.115s] Level 1:colcon.colcon_core.package_identification:_identify(Public) by extensions ['ros']
[1.115s] Level 1:colcon.colcon_core.package_identification:_identify(Public) by extension 'ros'
[1.115s] Level 1:colcon.colcon_core.package_identification:_identify(Public) by extensions ['cmake', 'python']
[1.115s] Level 1:colcon.colcon_core.package_identification:_identify(Public) by extension 'cmake'
[1.115s] Level 1:colcon.colcon_core.package_identification:_identify(Public) by extension 'python'
[1.115s] Level 1:colcon.colcon_core.package_identification:_identify(Public) by extensions ['python_setup_py']
[1.115s] Level 1:colcon.colcon_core.package_identification:_identify(Public) by extension 'python_setup_py'
[1.115s] Level 1:colcon.colcon_core.package_identification:_identify(Templates) by extensions ['ignore', 'ignore_ament_install']
[1.116s] Level 1:colcon.colcon_core.package_identification:_identify(Templates) by extension 'ignore'
[1.116s] Level 1:colcon.colcon_core.package_identification:_identify(Templates) by extension 'ignore_ament_install'
[1.116s] Level 1:colcon.colcon_core.package_identification:_identify(Templates) by extensions ['colcon_pkg']
[1.116s] Level 1:colcon.colcon_core.package_identification:_identify(Templates) by extension 'colcon_pkg'
[1.116s] Level 1:colcon.colcon_core.package_identification:_identify(Templates) by extensions ['colcon_meta']
[1.116s] Level 1:colcon.colcon_core.package_identification:_identify(Templates) by extension 'colcon_meta'
[1.116s] Level 1:colcon.colcon_core.package_identification:_identify(Templates) by extensions ['ros']
[1.116s] Level 1:colcon.colcon_core.package_identification:_identify(Templates) by extension 'ros'
[1.116s] Level 1:colcon.colcon_core.package_identification:_identify(Templates) by extensions ['cmake', 'python']
[1.116s] Level 1:colcon.colcon_core.package_identification:_identify(Templates) by extension 'cmake'
[1.116s] Level 1:colcon.colcon_core.package_identification:_identify(Templates) by extension 'python'
[1.116s] Level 1:colcon.colcon_core.package_identification:_identify(Templates) by extensions ['python_setup_py']
[1.116s] Level 1:colcon.colcon_core.package_identification:_identify(Templates) by extension 'python_setup_py'
[1.116s] Level 1:colcon.colcon_core.package_identification:_identify(Videos) by extensions ['ignore', 'ignore_ament_install']
[1.117s] Level 1:colcon.colcon_core.package_identification:_identify(Videos) by extension 'ignore'
[1.117s] Level 1:colcon.colcon_core.package_identification:_identify(Videos) by extension 'ignore_ament_install'
[1.117s] Level 1:colcon.colcon_core.package_identification:_identify(Videos) by extensions ['colcon_pkg']
[1.117s] Level 1:colcon.colcon_core.package_identification:_identify(Videos) by extension 'colcon_pkg'
[1.117s] Level 1:colcon.colcon_core.package_identification:_identify(Videos) by extensions ['colcon_meta']
[1.117s] Level 1:colcon.colcon_core.package_identification:_identify(Videos) by extension 'colcon_meta'
[1.117s] Level 1:colcon.colcon_core.package_identification:_identify(Videos) by extensions ['ros']
[1.117s] Level 1:colcon.colcon_core.package_identification:_identify(Videos) by extension 'ros'
[1.117s] Level 1:colcon.colcon_core.package_identification:_identify(Videos) by extensions ['cmake', 'python']
[1.117s] Level 1:colcon.colcon_core.package_identification:_identify(Videos) by extension 'cmake'
[1.117s] Level 1:colcon.colcon_core.package_identification:_identify(Videos) by extension 'python'
[1.117s] Level 1:colcon.colcon_core.package_identification:_identify(Videos) by extensions ['python_setup_py']
[1.117s] Level 1:colcon.colcon_core.package_identification:_identify(Videos) by extension 'python_setup_py'
[1.117s] Level 1:colcon.colcon_core.package_identification:_identify(build) by extensions ['ignore', 'ignore_ament_install']
[1.118s] Level 1:colcon.colcon_core.package_identification:_identify(build) by extension 'ignore'
[1.118s] Level 1:colcon.colcon_core.package_identification:_identify(build) ignored
[1.118s] Level 1:colcon.colcon_core.package_identification:_identify(install) by extensions ['ignore', 'ignore_ament_install']
[1.118s] Level 1:colcon.colcon_core.package_identification:_identify(install) by extension 'ignore'
[1.118s] Level 1:colcon.colcon_core.package_identification:_identify(install) ignored
[1.118s] Level 1:colcon.colcon_core.package_identification:_identify(log) by extensions ['ignore', 'ignore_ament_install']
[1.118s] Level 1:colcon.colcon_core.package_identification:_identify(log) by extension 'ignore'
[1.119s] Level 1:colcon.colcon_core.package_identification:_identify(log) ignored
[1.119s] Level 1:colcon.colcon_core.package_identification:_identify(ros2_ws) by extensions ['ignore', 'ignore_ament_install']
[1.119s] Level 1:colcon.colcon_core.package_identification:_identify(ros2_ws) by extension 'ignore'
[1.119s] Level 1:colcon.colcon_core.package_identification:_identify(ros2_ws) by extension 'ignore_ament_install'
[1.119s] Level 1:colcon.colcon_core.package_identification:_identify(ros2_ws) by extensions ['colcon_pkg']
[1.119s] Level 1:colcon.colcon_core.package_identification:_identify(ros2_ws) by extension 'colcon_pkg'
[1.119s] Level 1:colcon.colcon_core.package_identification:_identify(ros2_ws) by extensions ['colcon_meta']
[1.119s] Level 1:colcon.colcon_core.package_identification:_identify(ros2_ws) by extension 'colcon_meta'
[1.119s] Level 1:colcon.colcon_core.package_identification:_identify(ros2_ws) by extensions ['ros']
[1.119s] Level 1:colcon.colcon_core.package_identification:_identify(ros2_ws) by extension 'ros'
[1.120s] Level 1:colcon.colcon_core.package_identification:_identify(ros2_ws) by extensions ['cmake', 'python']
[1.120s] Level 1:colcon.colcon_core.package_identification:_identify(ros2_ws) by extension 'cmake'
[1.120s] Level 1:colcon.colcon_core.package_identification:_identify(ros2_ws) by extension 'python'
[1.120s] Level 1:colcon.colcon_core.package_identification:_identify(ros2_ws) by extensions ['python_setup_py']
[1.120s] Level 1:colcon.colcon_core.package_identification:_identify(ros2_ws) by extension 'python_setup_py'
[1.120s] Level 1:colcon.colcon_core.package_identification:_identify(ros2_ws/build) by extensions ['ignore', 'ignore_ament_install']
[1.120s] Level 1:colcon.colcon_core.package_identification:_identify(ros2_ws/build) by extension 'ignore'
[1.120s] Level 1:colcon.colcon_core.package_identification:_identify(ros2_ws/build) ignored
[1.120s] Level 1:colcon.colcon_core.package_identification:_identify(ros2_ws/install) by extensions ['ignore', 'ignore_ament_install']
[1.120s] Level 1:colcon.colcon_core.package_identification:_identify(ros2_ws/install) by extension 'ignore'
[1.121s] Level 1:colcon.colcon_core.package_identification:_identify(ros2_ws/install) ignored
[1.121s] Level 1:colcon.colcon_core.package_identification:_identify(ros2_ws/log) by extensions ['ignore', 'ignore_ament_install']
[1.121s] Level 1:colcon.colcon_core.package_identification:_identify(ros2_ws/log) by extension 'ignore'
[1.121s] Level 1:colcon.colcon_core.package_identification:_identify(ros2_ws/log) ignored
[1.121s] Level 1:colcon.colcon_core.package_identification:_identify(ros2_ws/sim_ws) by extensions ['ignore', 'ignore_ament_install']
[1.121s] Level 1:colcon.colcon_core.package_identification:_identify(ros2_ws/sim_ws) by extension 'ignore'
[1.121s] Level 1:colcon.colcon_core.package_identification:_identify(ros2_ws/sim_ws) by extension 'ignore_ament_install'
[1.121s] Level 1:colcon.colcon_core.package_identification:_identify(ros2_ws/sim_ws) by extensions ['colcon_pkg']
[1.121s] Level 1:colcon.colcon_core.package_identification:_identify(ros2_ws/sim_ws) by extension 'colcon_pkg'
[1.121s] Level 1:colcon.colcon_core.package_identification:_identify(ros2_ws/sim_ws) by extensions ['colcon_meta']
[1.121s] Level 1:colcon.colcon_core.package_identification:_identify(ros2_ws/sim_ws) by extension 'colcon_meta'
[1.121s] Level 1:colcon.colcon_core.package_identification:_identify(ros2_ws/sim_ws) by extensions ['ros']
[1.121s] Level 1:colcon.colcon_core.package_identification:_identify(ros2_ws/sim_ws) by extension 'ros'
[1.121s] Level 1:colcon.colcon_core.package_identification:_identify(ros2_ws/sim_ws) by extensions ['cmake', 'python']
[1.121s] Level 1:colcon.colcon_core.package_identification:_identify(ros2_ws/sim_ws) by extension 'cmake'
[1.122s] Level 1:colcon.colcon_core.package_identification:_identify(ros2_ws/sim_ws) by extension 'python'
[1.122s] Level 1:colcon.colcon_core.package_identification:_identify(ros2_ws/sim_ws) by extensions ['python_setup_py']
[1.122s] Level 1:colcon.colcon_core.package_identification:_identify(ros2_ws/sim_ws) by extension 'python_setup_py'
[1.123s] Level 1:colcon.colcon_core.package_identification:_identify(ros2_ws/sim_ws/build) by extensions ['ignore', 'ignore_ament_install']
[1.123s] Level 1:colcon.colcon_core.package_identification:_identify(ros2_ws/sim_ws/build) by extension 'ignore'
[1.123s] Level 1:colcon.colcon_core.package_identification:_identify(ros2_ws/sim_ws/build) ignored
[1.124s] Level 1:colcon.colcon_core.package_identification:_identify(ros2_ws/sim_ws/install) by extensions ['ignore', 'ignore_ament_install']
[1.124s] Level 1:colcon.colcon_core.package_identification:_identify(ros2_ws/sim_ws/install) by extension 'ignore'
[1.124s] Level 1:colcon.colcon_core.package_identification:_identify(ros2_ws/sim_ws/install) ignored
[1.125s] Level 1:colcon.colcon_core.package_identification:_identify(ros2_ws/sim_ws/log) by extensions ['ignore', 'ignore_ament_install']
[1.125s] Level 1:colcon.colcon_core.package_identification:_identify(ros2_ws/sim_ws/log) by extension 'ignore'
[1.125s] Level 1:colcon.colcon_core.package_identification:_identify(ros2_ws/sim_ws/log) ignored
[1.126s] Level 1:colcon.colcon_core.package_identification:_identify(ros2_ws/sim_ws/src) by extensions ['ignore', 'ignore_ament_install']
[1.126s] Level 1:colcon.colcon_core.package_identification:_identify(ros2_ws/sim_ws/src) by extension 'ignore'
[1.127s] Level 1:colcon.colcon_core.package_identification:_identify(ros2_ws/sim_ws/src) by extension 'ignore_ament_install'
[1.127s] Level 1:colcon.colcon_core.package_identification:_identify(ros2_ws/sim_ws/src) by extensions ['colcon_pkg']
[1.127s] Level 1:colcon.colcon_core.package_identification:_identify(ros2_ws/sim_ws/src) by extension 'colcon_pkg'
[1.127s] Level 1:colcon.colcon_core.package_identification:_identify(ros2_ws/sim_ws/src) by extensions ['colcon_meta']
[1.127s] Level 1:colcon.colcon_core.package_identification:_identify(ros2_ws/sim_ws/src) by extension 'colcon_meta'
[1.127s] Level 1:colcon.colcon_core.package_identification:_identify(ros2_ws/sim_ws/src) by extensions ['ros']
[1.127s] Level 1:colcon.colcon_core.package_identification:_identify(ros2_ws/sim_ws/src) by extension 'ros'
[1.127s] Level 1:colcon.colcon_core.package_identification:_identify(ros2_ws/sim_ws/src) by extensions ['cmake', 'python']
[1.127s] Level 1:colcon.colcon_core.package_identification:_identify(ros2_ws/sim_ws/src) by extension 'cmake'
[1.127s] Level 1:colcon.colcon_core.package_identification:_identify(ros2_ws/sim_ws/src) by extension 'python'
[1.127s] Level 1:colcon.colcon_core.package_identification:_identify(ros2_ws/sim_ws/src) by extensions ['python_setup_py']
[1.127s] Level 1:colcon.colcon_core.package_identification:_identify(ros2_ws/sim_ws/src) by extension 'python_setup_py'
[1.128s] Level 1:colcon.colcon_core.package_identification:_identify(ros2_ws/sim_ws/src/sim_utils) by extensions ['ignore', 'ignore_ament_install']
[1.128s] Level 1:colcon.colcon_core.package_identification:_identify(ros2_ws/sim_ws/src/sim_utils) by extension 'ignore'
[1.128s] Level 1:colcon.colcon_core.package_identification:_identify(ros2_ws/sim_ws/src/sim_utils) by extension 'ignore_ament_install'
[1.129s] Level 1:colcon.colcon_core.package_identification:_identify(ros2_ws/sim_ws/src/sim_utils) by extensions ['colcon_pkg']
[1.129s] Level 1:colcon.colcon_core.package_identification:_identify(ros2_ws/sim_ws/src/sim_utils) by extension 'colcon_pkg'
[1.129s] Level 1:colcon.colcon_core.package_identification:_identify(ros2_ws/sim_ws/src/sim_utils) by extensions ['colcon_meta']
[1.129s] Level 1:colcon.colcon_core.package_identification:_identify(ros2_ws/sim_ws/src/sim_utils) by extension 'colcon_meta'
[1.129s] Level 1:colcon.colcon_core.package_identification:_identify(ros2_ws/sim_ws/src/sim_utils) by extensions ['ros']
[1.129s] Level 1:colcon.colcon_core.package_identification:_identify(ros2_ws/sim_ws/src/sim_utils) by extension 'ros'
[1.140s] DEBUG:colcon.colcon_core.package_identification:Package 'ros2_ws/sim_ws/src/sim_utils' with type 'ros.ament_python' and name 'sim_utils'
[1.142s] Level 1:colcon.colcon_core.package_identification:_identify(ros2_ws/sim_ws/src/turtlebot3_gazebo) by extensions ['ignore', 'ignore_ament_install']
[1.142s] Level 1:colcon.colcon_core.package_identification:_identify(ros2_ws/sim_ws/src/turtlebot3_gazebo) by extension 'ignore'
[1.142s] Level 1:colcon.colcon_core.package_identification:_identify(ros2_ws/sim_ws/src/turtlebot3_gazebo) by extension 'ignore_ament_install'
[1.143s] Level 1:colcon.colcon_core.package_identification:_identify(ros2_ws/sim_ws/src/turtlebot3_gazebo) by extensions ['colcon_pkg']
[1.144s] Level 1:colcon.colcon_core.package_identification:_identify(ros2_ws/sim_ws/src/turtlebot3_gazebo) by extension 'colcon_pkg'
[1.144s] Level 1:colcon.colcon_core.package_identification:_identify(ros2_ws/sim_ws/src/turtlebot3_gazebo) by extensions ['colcon_meta']
[1.144s] Level 1:colcon.colcon_core.package_identification:_identify(ros2_ws/sim_ws/src/turtlebot3_gazebo) by extension 'colcon_meta'
[1.145s] Level 1:colcon.colcon_core.package_identification:_identify(ros2_ws/sim_ws/src/turtlebot3_gazebo) by extensions ['ros']
[1.145s] Level 1:colcon.colcon_core.package_identification:_identify(ros2_ws/sim_ws/src/turtlebot3_gazebo) by extension 'ros'
[1.147s] DEBUG:colcon.colcon_core.package_identification:Package 'ros2_ws/sim_ws/src/turtlebot3_gazebo' with type 'ros.ament_cmake' and name 'turtlebot3_gazebo'
[1.147s] Level 1:colcon.colcon_core.package_identification:_identify(ros2_ws/src) by extensions ['ignore', 'ignore_ament_install']
[1.147s] Level 1:colcon.colcon_core.package_identification:_identify(ros2_ws/src) by extension 'ignore'
[1.147s] Level 1:colcon.colcon_core.package_identification:_identify(ros2_ws/src) by extension 'ignore_ament_install'
[1.147s] Level 1:colcon.colcon_core.package_identification:_identify(ros2_ws/src) by extensions ['colcon_pkg']
[1.147s] Level 1:colcon.colcon_core.package_identification:_identify(ros2_ws/src) by extension 'colcon_pkg'
[1.147s] Level 1:colcon.colcon_core.package_identification:_identify(ros2_ws/src) by extensions ['colcon_meta']
[1.147s] Level 1:colcon.colcon_core.package_identification:_identify(ros2_ws/src) by extension 'colcon_meta'
[1.148s] Level 1:colcon.colcon_core.package_identification:_identify(ros2_ws/src) by extensions ['ros']
[1.148s] Level 1:colcon.colcon_core.package_identification:_identify(ros2_ws/src) by extension 'ros'
[1.148s] Level 1:colcon.colcon_core.package_identification:_identify(ros2_ws/src) by extensions ['cmake', 'python']
[1.148s] Level 1:colcon.colcon_core.package_identification:_identify(ros2_ws/src) by extension 'cmake'
[1.148s] Level 1:colcon.colcon_core.package_identification:_identify(ros2_ws/src) by extension 'python'
[1.148s] Level 1:colcon.colcon_core.package_identification:_identify(ros2_ws/src) by extensions ['python_setup_py']
[1.148s] Level 1:colcon.colcon_core.package_identification:_identify(ros2_ws/src) by extension 'python_setup_py'
[1.148s] Level 1:colcon.colcon_core.package_identification:_identify(ros2_ws/src/task_4) by extensions ['ignore', 'ignore_ament_install']
[1.148s] Level 1:colcon.colcon_core.package_identification:_identify(ros2_ws/src/task_4) by extension 'ignore'
[1.148s] Level 1:colcon.colcon_core.package_identification:_identify(ros2_ws/src/task_4) by extension 'ignore_ament_install'
[1.148s] Level 1:colcon.colcon_core.package_identification:_identify(ros2_ws/src/task_4) by extensions ['colcon_pkg']
[1.148s] Level 1:colcon.colcon_core.package_identification:_identify(ros2_ws/src/task_4) by extension 'colcon_pkg'
[1.148s] Level 1:colcon.colcon_core.package_identification:_identify(ros2_ws/src/task_4) by extensions ['colcon_meta']
[1.148s] Level 1:colcon.colcon_core.package_identification:_identify(ros2_ws/src/task_4) by extension 'colcon_meta'
[1.148s] Level 1:colcon.colcon_core.package_identification:_identify(ros2_ws/src/task_4) by extensions ['ros']
[1.148s] Level 1:colcon.colcon_core.package_identification:_identify(ros2_ws/src/task_4) by extension 'ros'
[1.150s] DEBUG:colcon.colcon_core.package_identification:Package 'ros2_ws/src/task_4' with type 'ros.ament_python' and name 'task_4'
[1.150s] Level 1:colcon.colcon_core.package_identification:_identify(sim_ws) by extensions ['ignore', 'ignore_ament_install']
[1.150s] Level 1:colcon.colcon_core.package_identification:_identify(sim_ws) by extension 'ignore'
[1.150s] Level 1:colcon.colcon_core.package_identification:_identify(sim_ws) by extension 'ignore_ament_install'
[1.150s] Level 1:colcon.colcon_core.package_identification:_identify(sim_ws) by extensions ['colcon_pkg']
[1.150s] Level 1:colcon.colcon_core.package_identification:_identify(sim_ws) by extension 'colcon_pkg'
[1.150s] Level 1:colcon.colcon_core.package_identification:_identify(sim_ws) by extensions ['colcon_meta']
[1.150s] Level 1:colcon.colcon_core.package_identification:_identify(sim_ws) by extension 'colcon_meta'
[1.150s] Level 1:colcon.colcon_core.package_identification:_identify(sim_ws) by extensions ['ros']
[1.150s] Level 1:colcon.colcon_core.package_identification:_identify(sim_ws) by extension 'ros'
[1.150s] Level 1:colcon.colcon_core.package_identification:_identify(sim_ws) by extensions ['cmake', 'python']
[1.150s] Level 1:colcon.colcon_core.package_identification:_identify(sim_ws) by extension 'cmake'
[1.151s] Level 1:colcon.colcon_core.package_identification:_identify(sim_ws) by extension 'python'
[1.151s] Level 1:colcon.colcon_core.package_identification:_identify(sim_ws) by extensions ['python_setup_py']
[1.151s] Level 1:colcon.colcon_core.package_identification:_identify(sim_ws) by extension 'python_setup_py'
[1.151s] Level 1:colcon.colcon_core.package_identification:_identify(sim_ws/build) by extensions ['ignore', 'ignore_ament_install']
[1.152s] Level 1:colcon.colcon_core.package_identification:_identify(sim_ws/build) by extension 'ignore'
[1.152s] Level 1:colcon.colcon_core.package_identification:_identify(sim_ws/build) ignored
[1.152s] Level 1:colcon.colcon_core.package_identification:_identify(sim_ws/install) by extensions ['ignore', 'ignore_ament_install']
[1.152s] Level 1:colcon.colcon_core.package_identification:_identify(sim_ws/install) by extension 'ignore'
[1.152s] Level 1:colcon.colcon_core.package_identification:_identify(sim_ws/install) ignored
[1.153s] Level 1:colcon.colcon_core.package_identification:_identify(sim_ws/log) by extensions ['ignore', 'ignore_ament_install']
[1.153s] Level 1:colcon.colcon_core.package_identification:_identify(sim_ws/log) by extension 'ignore'
[1.153s] Level 1:colcon.colcon_core.package_identification:_identify(sim_ws/log) ignored
[1.154s] Level 1:colcon.colcon_core.package_identification:_identify(sim_ws/src) by extensions ['ignore', 'ignore_ament_install']
[1.154s] Level 1:colcon.colcon_core.package_identification:_identify(sim_ws/src) by extension 'ignore'
[1.155s] Level 1:colcon.colcon_core.package_identification:_identify(sim_ws/src) by extension 'ignore_ament_install'
[1.155s] Level 1:colcon.colcon_core.package_identification:_identify(sim_ws/src) by extensions ['colcon_pkg']
[1.155s] Level 1:colcon.colcon_core.package_identification:_identify(sim_ws/src) by extension 'colcon_pkg'
[1.155s] Level 1:colcon.colcon_core.package_identification:_identify(sim_ws/src) by extensions ['colcon_meta']
[1.155s] Level 1:colcon.colcon_core.package_identification:_identify(sim_ws/src) by extension 'colcon_meta'
[1.155s] Level 1:colcon.colcon_core.package_identification:_identify(sim_ws/src) by extensions ['ros']
[1.155s] Level 1:colcon.colcon_core.package_identification:_identify(sim_ws/src) by extension 'ros'
[1.155s] Level 1:colcon.colcon_core.package_identification:_identify(sim_ws/src) by extensions ['cmake', 'python']
[1.155s] Level 1:colcon.colcon_core.package_identification:_identify(sim_ws/src) by extension 'cmake'
[1.155s] Level 1:colcon.colcon_core.package_identification:_identify(sim_ws/src) by extension 'python'
[1.155s] Level 1:colcon.colcon_core.package_identification:_identify(sim_ws/src) by extensions ['python_setup_py']
[1.155s] Level 1:colcon.colcon_core.package_identification:_identify(sim_ws/src) by extension 'python_setup_py'
[1.156s] Level 1:colcon.colcon_core.package_identification:_identify(sim_ws/src/sim_utils) by extensions ['ignore', 'ignore_ament_install']
[1.156s] Level 1:colcon.colcon_core.package_identification:_identify(sim_ws/src/sim_utils) by extension 'ignore'
[1.156s] Level 1:colcon.colcon_core.package_identification:_identify(sim_ws/src/sim_utils) by extension 'ignore_ament_install'
[1.156s] Level 1:colcon.colcon_core.package_identification:_identify(sim_ws/src/sim_utils) by extensions ['colcon_pkg']
[1.156s] Level 1:colcon.colcon_core.package_identification:_identify(sim_ws/src/sim_utils) by extension 'colcon_pkg'
[1.156s] Level 1:colcon.colcon_core.package_identification:_identify(sim_ws/src/sim_utils) by extensions ['colcon_meta']
[1.156s] Level 1:colcon.colcon_core.package_identification:_identify(sim_ws/src/sim_utils) by extension 'colcon_meta'
[1.156s] Level 1:colcon.colcon_core.package_identification:_identify(sim_ws/src/sim_utils) by extensions ['ros']
[1.156s] Level 1:colcon.colcon_core.package_identification:_identify(sim_ws/src/sim_utils) by extension 'ros'
[1.157s] DEBUG:colcon.colcon_core.package_identification:Package 'sim_ws/src/sim_utils' with type 'ros.ament_python' and name 'sim_utils'
[1.158s] Level 1:colcon.colcon_core.package_identification:_identify(sim_ws/src/turtlebot3_gazebo) by extensions ['ignore', 'ignore_ament_install']
[1.158s] Level 1:colcon.colcon_core.package_identification:_identify(sim_ws/src/turtlebot3_gazebo) by extension 'ignore'
[1.158s] Level 1:colcon.colcon_core.package_identification:_identify(sim_ws/src/turtlebot3_gazebo) by extension 'ignore_ament_install'
[1.159s] Level 1:colcon.colcon_core.package_identification:_identify(sim_ws/src/turtlebot3_gazebo) by extensions ['colcon_pkg']
[1.159s] Level 1:colcon.colcon_core.package_identification:_identify(sim_ws/src/turtlebot3_gazebo) by extension 'colcon_pkg'
[1.159s] Level 1:colcon.colcon_core.package_identification:_identify(sim_ws/src/turtlebot3_gazebo) by extensions ['colcon_meta']
[1.159s] Level 1:colcon.colcon_core.package_identification:_identify(sim_ws/src/turtlebot3_gazebo) by extension 'colcon_meta'
[1.159s] Level 1:colcon.colcon_core.package_identification:_identify(sim_ws/src/turtlebot3_gazebo) by extensions ['ros']
[1.159s] Level 1:colcon.colcon_core.package_identification:_identify(sim_ws/src/turtlebot3_gazebo) by extension 'ros'
[1.160s] DEBUG:colcon.colcon_core.package_identification:Package 'sim_ws/src/turtlebot3_gazebo' with type 'ros.ament_cmake' and name 'turtlebot3_gazebo'
[1.160s] Level 1:colcon.colcon_core.package_identification:_identify(snap) by extensions ['ignore', 'ignore_ament_install']
[1.160s] Level 1:colcon.colcon_core.package_identification:_identify(snap) by extension 'ignore'
[1.161s] Level 1:colcon.colcon_core.package_identification:_identify(snap) by extension 'ignore_ament_install'
[1.161s] Level 1:colcon.colcon_core.package_identification:_identify(snap) by extensions ['colcon_pkg']
[1.161s] Level 1:colcon.colcon_core.package_identification:_identify(snap) by extension 'colcon_pkg'
[1.161s] Level 1:colcon.colcon_core.package_identification:_identify(snap) by extensions ['colcon_meta']
[1.161s] Level 1:colcon.colcon_core.package_identification:_identify(snap) by extension 'colcon_meta'
[1.161s] Level 1:colcon.colcon_core.package_identification:_identify(snap) by extensions ['ros']
[1.161s] Level 1:colcon.colcon_core.package_identification:_identify(snap) by extension 'ros'
[1.161s] Level 1:colcon.colcon_core.package_identification:_identify(snap) by extensions ['cmake', 'python']
[1.161s] Level 1:colcon.colcon_core.package_identification:_identify(snap) by extension 'cmake'
[1.161s] Level 1:colcon.colcon_core.package_identification:_identify(snap) by extension 'python'
[1.161s] Level 1:colcon.colcon_core.package_identification:_identify(snap) by extensions ['python_setup_py']
[1.161s] Level 1:colcon.colcon_core.package_identification:_identify(snap) by extension 'python_setup_py'
[1.161s] Level 1:colcon.colcon_core.package_identification:_identify(snap/code) by extensions ['ignore', 'ignore_ament_install']
[1.161s] Level 1:colcon.colcon_core.package_identification:_identify(snap/code) by extension 'ignore'
[1.161s] Level 1:colcon.colcon_core.package_identification:_identify(snap/code) by extension 'ignore_ament_install'
[1.161s] Level 1:colcon.colcon_core.package_identification:_identify(snap/code) by extensions ['colcon_pkg']
[1.161s] Level 1:colcon.colcon_core.package_identification:_identify(snap/code) by extension 'colcon_pkg'
[1.161s] Level 1:colcon.colcon_core.package_identification:_identify(snap/code) by extensions ['colcon_meta']
[1.161s] Level 1:colcon.colcon_core.package_identification:_identify(snap/code) by extension 'colcon_meta'
[1.161s] Level 1:colcon.colcon_core.package_identification:_identify(snap/code) by extensions ['ros']
[1.161s] Level 1:colcon.colcon_core.package_identification:_identify(snap/code) by extension 'ros'
[1.162s] Level 1:colcon.colcon_core.package_identification:_identify(snap/code) by extensions ['cmake', 'python']
[1.162s] Level 1:colcon.colcon_core.package_identification:_identify(snap/code) by extension 'cmake'
[1.162s] Level 1:colcon.colcon_core.package_identification:_identify(snap/code) by extension 'python'
[1.162s] Level 1:colcon.colcon_core.package_identification:_identify(snap/code) by extensions ['python_setup_py']
[1.162s] Level 1:colcon.colcon_core.package_identification:_identify(snap/code) by extension 'python_setup_py'
[1.162s] Level 1:colcon.colcon_core.package_identification:_identify(snap/code/167) by extensions ['ignore', 'ignore_ament_install']
[1.162s] Level 1:colcon.colcon_core.package_identification:_identify(snap/code/167) by extension 'ignore'
[1.162s] Level 1:colcon.colcon_core.package_identification:_identify(snap/code/167) by extension 'ignore_ament_install'
[1.162s] Level 1:colcon.colcon_core.package_identification:_identify(snap/code/167) by extensions ['colcon_pkg']
[1.162s] Level 1:colcon.colcon_core.package_identification:_identify(snap/code/167) by extension 'colcon_pkg'
[1.162s] Level 1:colcon.colcon_core.package_identification:_identify(snap/code/167) by extensions ['colcon_meta']
[1.162s] Level 1:colcon.colcon_core.package_identification:_identify(snap/code/167) by extension 'colcon_meta'
[1.162s] Level 1:colcon.colcon_core.package_identification:_identify(snap/code/167) by extensions ['ros']
[1.162s] Level 1:colcon.colcon_core.package_identification:_identify(snap/code/167) by extension 'ros'
[1.162s] Level 1:colcon.colcon_core.package_identification:_identify(snap/code/167) by extensions ['cmake', 'python']
[1.162s] Level 1:colcon.colcon_core.package_identification:_identify(snap/code/167) by extension 'cmake'
[1.162s] Level 1:colcon.colcon_core.package_identification:_identify(snap/code/167) by extension 'python'
[1.162s] Level 1:colcon.colcon_core.package_identification:_identify(snap/code/167) by extensions ['python_setup_py']
[1.162s] Level 1:colcon.colcon_core.package_identification:_identify(snap/code/167) by extension 'python_setup_py'
[1.163s] Level 1:colcon.colcon_core.package_identification:_identify(snap/code/185) by extensions ['ignore', 'ignore_ament_install']
[1.163s] Level 1:colcon.colcon_core.package_identification:_identify(snap/code/185) by extension 'ignore'
[1.163s] Level 1:colcon.colcon_core.package_identification:_identify(snap/code/185) by extension 'ignore_ament_install'
[1.163s] Level 1:colcon.colcon_core.package_identification:_identify(snap/code/185) by extensions ['colcon_pkg']
[1.163s] Level 1:colcon.colcon_core.package_identification:_identify(snap/code/185) by extension 'colcon_pkg'
[1.163s] Level 1:colcon.colcon_core.package_identification:_identify(snap/code/185) by extensions ['colcon_meta']
[1.163s] Level 1:colcon.colcon_core.package_identification:_identify(snap/code/185) by extension 'colcon_meta'
[1.163s] Level 1:colcon.colcon_core.package_identification:_identify(snap/code/185) by extensions ['ros']
[1.163s] Level 1:colcon.colcon_core.package_identification:_identify(snap/code/185) by extension 'ros'
[1.164s] Level 1:colcon.colcon_core.package_identification:_identify(snap/code/185) by extensions ['cmake', 'python']
[1.164s] Level 1:colcon.colcon_core.package_identification:_identify(snap/code/185) by extension 'cmake'
[1.164s] Level 1:colcon.colcon_core.package_identification:_identify(snap/code/185) by extension 'python'
[1.164s] Level 1:colcon.colcon_core.package_identification:_identify(snap/code/185) by extensions ['python_setup_py']
[1.164s] Level 1:colcon.colcon_core.package_identification:_identify(snap/code/185) by extension 'python_setup_py'
[1.165s] Level 1:colcon.colcon_core.package_identification:_identify(snap/code/common) by extensions ['ignore', 'ignore_ament_install']
[1.165s] Level 1:colcon.colcon_core.package_identification:_identify(snap/code/common) by extension 'ignore'
[1.165s] Level 1:colcon.colcon_core.package_identification:_identify(snap/code/common) by extension 'ignore_ament_install'
[1.165s] Level 1:colcon.colcon_core.package_identification:_identify(snap/code/common) by extensions ['colcon_pkg']
[1.165s] Level 1:colcon.colcon_core.package_identification:_identify(snap/code/common) by extension 'colcon_pkg'
[1.165s] Level 1:colcon.colcon_core.package_identification:_identify(snap/code/common) by extensions ['colcon_meta']
[1.165s] Level 1:colcon.colcon_core.package_identification:_identify(snap/code/common) by extension 'colcon_meta'
[1.165s] Level 1:colcon.colcon_core.package_identification:_identify(snap/code/common) by extensions ['ros']
[1.165s] Level 1:colcon.colcon_core.package_identification:_identify(snap/code/common) by extension 'ros'
[1.165s] Level 1:colcon.colcon_core.package_identification:_identify(snap/code/common) by extensions ['cmake', 'python']
[1.165s] Level 1:colcon.colcon_core.package_identification:_identify(snap/code/common) by extension 'cmake'
[1.165s] Level 1:colcon.colcon_core.package_identification:_identify(snap/code/common) by extension 'python'
[1.165s] Level 1:colcon.colcon_core.package_identification:_identify(snap/code/common) by extensions ['python_setup_py']
[1.165s] Level 1:colcon.colcon_core.package_identification:_identify(snap/code/common) by extension 'python_setup_py'
[1.165s] Level 1:colcon.colcon_core.package_identification:_identify(snap/firefox) by extensions ['ignore', 'ignore_ament_install']
[1.165s] Level 1:colcon.colcon_core.package_identification:_identify(snap/firefox) by extension 'ignore'
[1.165s] Level 1:colcon.colcon_core.package_identification:_identify(snap/firefox) by extension 'ignore_ament_install'
[1.166s] Level 1:colcon.colcon_core.package_identification:_identify(snap/firefox) by extensions ['colcon_pkg']
[1.166s] Level 1:colcon.colcon_core.package_identification:_identify(snap/firefox) by extension 'colcon_pkg'
[1.166s] Level 1:colcon.colcon_core.package_identification:_identify(snap/firefox) by extensions ['colcon_meta']
[1.166s] Level 1:colcon.colcon_core.package_identification:_identify(snap/firefox) by extension 'colcon_meta'
[1.166s] Level 1:colcon.colcon_core.package_identification:_identify(snap/firefox) by extensions ['ros']
[1.166s] Level 1:colcon.colcon_core.package_identification:_identify(snap/firefox) by extension 'ros'
[1.166s] Level 1:colcon.colcon_core.package_identification:_identify(snap/firefox) by extensions ['cmake', 'python']
[1.166s] Level 1:colcon.colcon_core.package_identification:_identify(snap/firefox) by extension 'cmake'
[1.166s] Level 1:colcon.colcon_core.package_identification:_identify(snap/firefox) by extension 'python'
[1.166s] Level 1:colcon.colcon_core.package_identification:_identify(snap/firefox) by extensions ['python_setup_py']
[1.166s] Level 1:colcon.colcon_core.package_identification:_identify(snap/firefox) by extension 'python_setup_py'
[1.167s] Level 1:colcon.colcon_core.package_identification:_identify(snap/firefox/5783) by extensions ['ignore', 'ignore_ament_install']
[1.167s] Level 1:colcon.colcon_core.package_identification:_identify(snap/firefox/5783) by extension 'ignore'
[1.167s] Level 1:colcon.colcon_core.package_identification:_identify(snap/firefox/5783) by extension 'ignore_ament_install'
[1.167s] Level 1:colcon.colcon_core.package_identification:_identify(snap/firefox/5783) by extensions ['colcon_pkg']
[1.167s] Level 1:colcon.colcon_core.package_identification:_identify(snap/firefox/5783) by extension 'colcon_pkg'
[1.167s] Level 1:colcon.colcon_core.package_identification:_identify(snap/firefox/5783) by extensions ['colcon_meta']
[1.167s] Level 1:colcon.colcon_core.package_identification:_identify(snap/firefox/5783) by extension 'colcon_meta'
[1.167s] Level 1:colcon.colcon_core.package_identification:_identify(snap/firefox/5783) by extensions ['ros']
[1.168s] Level 1:colcon.colcon_core.package_identification:_identify(snap/firefox/5783) by extension 'ros'
[1.168s] Level 1:colcon.colcon_core.package_identification:_identify(snap/firefox/5783) by extensions ['cmake', 'python']
[1.168s] Level 1:colcon.colcon_core.package_identification:_identify(snap/firefox/5783) by extension 'cmake'
[1.168s] Level 1:colcon.colcon_core.package_identification:_identify(snap/firefox/5783) by extension 'python'
[1.168s] Level 1:colcon.colcon_core.package_identification:_identify(snap/firefox/5783) by extensions ['python_setup_py']
[1.168s] Level 1:colcon.colcon_core.package_identification:_identify(snap/firefox/5783) by extension 'python_setup_py'
[1.168s] Level 1:colcon.colcon_core.package_identification:_identify(snap/firefox/5836) by extensions ['ignore', 'ignore_ament_install']
[1.169s] Level 1:colcon.colcon_core.package_identification:_identify(snap/firefox/5836) by extension 'ignore'
[1.169s] Level 1:colcon.colcon_core.package_identification:_identify(snap/firefox/5836) by extension 'ignore_ament_install'
[1.169s] Level 1:colcon.colcon_core.package_identification:_identify(snap/firefox/5836) by extensions ['colcon_pkg']
[1.169s] Level 1:colcon.colcon_core.package_identification:_identify(snap/firefox/5836) by extension 'colcon_pkg'
[1.169s] Level 1:colcon.colcon_core.package_identification:_identify(snap/firefox/5836) by extensions ['colcon_meta']
[1.169s] Level 1:colcon.colcon_core.package_identification:_identify(snap/firefox/5836) by extension 'colcon_meta'
[1.169s] Level 1:colcon.colcon_core.package_identification:_identify(snap/firefox/5836) by extensions ['ros']
[1.169s] Level 1:colcon.colcon_core.package_identification:_identify(snap/firefox/5836) by extension 'ros'
[1.169s] Level 1:colcon.colcon_core.package_identification:_identify(snap/firefox/5836) by extensions ['cmake', 'python']
[1.169s] Level 1:colcon.colcon_core.package_identification:_identify(snap/firefox/5836) by extension 'cmake'
[1.169s] Level 1:colcon.colcon_core.package_identification:_identify(snap/firefox/5836) by extension 'python'
[1.169s] Level 1:colcon.colcon_core.package_identification:_identify(snap/firefox/5836) by extensions ['python_setup_py']
[1.169s] Level 1:colcon.colcon_core.package_identification:_identify(snap/firefox/5836) by extension 'python_setup_py'
[1.170s] Level 1:colcon.colcon_core.package_identification:_identify(snap/firefox/common) by extensions ['ignore', 'ignore_ament_install']
[1.170s] Level 1:colcon.colcon_core.package_identification:_identify(snap/firefox/common) by extension 'ignore'
[1.170s] Level 1:colcon.colcon_core.package_identification:_identify(snap/firefox/common) by extension 'ignore_ament_install'
[1.170s] Level 1:colcon.colcon_core.package_identification:_identify(snap/firefox/common) by extensions ['colcon_pkg']
[1.170s] Level 1:colcon.colcon_core.package_identification:_identify(snap/firefox/common) by extension 'colcon_pkg'
[1.170s] Level 1:colcon.colcon_core.package_identification:_identify(snap/firefox/common) by extensions ['colcon_meta']
[1.170s] Level 1:colcon.colcon_core.package_identification:_identify(snap/firefox/common) by extension 'colcon_meta'
[1.170s] Level 1:colcon.colcon_core.package_identification:_identify(snap/firefox/common) by extensions ['ros']
[1.170s] Level 1:colcon.colcon_core.package_identification:_identify(snap/firefox/common) by extension 'ros'
[1.170s] Level 1:colcon.colcon_core.package_identification:_identify(snap/firefox/common) by extensions ['cmake', 'python']
[1.170s] Level 1:colcon.colcon_core.package_identification:_identify(snap/firefox/common) by extension 'cmake'
[1.171s] Level 1:colcon.colcon_core.package_identification:_identify(snap/firefox/common) by extension 'python'
[1.171s] Level 1:colcon.colcon_core.package_identification:_identify(snap/firefox/common) by extensions ['python_setup_py']
[1.171s] Level 1:colcon.colcon_core.package_identification:_identify(snap/firefox/common) by extension 'python_setup_py'
[1.171s] Level 1:colcon.colcon_core.package_identification:_identify(snap/snapd-desktop-integration) by extensions ['ignore', 'ignore_ament_install']
[1.171s] Level 1:colcon.colcon_core.package_identification:_identify(snap/snapd-desktop-integration) by extension 'ignore'
[1.171s] Level 1:colcon.colcon_core.package_identification:_identify(snap/snapd-desktop-integration) by extension 'ignore_ament_install'
[1.171s] Level 1:colcon.colcon_core.package_identification:_identify(snap/snapd-desktop-integration) by extensions ['colcon_pkg']
[1.171s] Level 1:colcon.colcon_core.package_identification:_identify(snap/snapd-desktop-integration) by extension 'colcon_pkg'
[1.171s] Level 1:colcon.colcon_core.package_identification:_identify(snap/snapd-desktop-integration) by extensions ['colcon_meta']
[1.171s] Level 1:colcon.colcon_core.package_identification:_identify(snap/snapd-desktop-integration) by extension 'colcon_meta'
[1.171s] Level 1:colcon.colcon_core.package_identification:_identify(snap/snapd-desktop-integration) by extensions ['ros']
[1.171s] Level 1:colcon.colcon_core.package_identification:_identify(snap/snapd-desktop-integration) by extension 'ros'
[1.171s] Level 1:colcon.colcon_core.package_identification:_identify(snap/snapd-desktop-integration) by extensions ['cmake', 'python']
[1.171s] Level 1:colcon.colcon_core.package_identification:_identify(snap/snapd-desktop-integration) by extension 'cmake'
[1.171s] Level 1:colcon.colcon_core.package_identification:_identify(snap/snapd-desktop-integration) by extension 'python'
[1.171s] Level 1:colcon.colcon_core.package_identification:_identify(snap/snapd-desktop-integration) by extensions ['python_setup_py']
[1.171s] Level 1:colcon.colcon_core.package_identification:_identify(snap/snapd-desktop-integration) by extension 'python_setup_py'
[1.171s] Level 1:colcon.colcon_core.package_identification:_identify(snap/snapd-desktop-integration/253) by extensions ['ignore', 'ignore_ament_install']
[1.171s] Level 1:colcon.colcon_core.package_identification:_identify(snap/snapd-desktop-integration/253) by extension 'ignore'
[1.172s] Level 1:colcon.colcon_core.package_identification:_identify(snap/snapd-desktop-integration/253) by extension 'ignore_ament_install'
[1.172s] Level 1:colcon.colcon_core.package_identification:_identify(snap/snapd-desktop-integration/253) by extensions ['colcon_pkg']
[1.172s] Level 1:colcon.colcon_core.package_identification:_identify(snap/snapd-desktop-integration/253) by extension 'colcon_pkg'
[1.172s] Level 1:colcon.colcon_core.package_identification:_identify(snap/snapd-desktop-integration/253) by extensions ['colcon_meta']
[1.172s] Level 1:colcon.colcon_core.package_identification:_identify(snap/snapd-desktop-integration/253) by extension 'colcon_meta'
[1.172s] Level 1:colcon.colcon_core.package_identification:_identify(snap/snapd-desktop-integration/253) by extensions ['ros']
[1.172s] Level 1:colcon.colcon_core.package_identification:_identify(snap/snapd-desktop-integration/253) by extension 'ros'
[1.172s] Level 1:colcon.colcon_core.package_identification:_identify(snap/snapd-desktop-integration/253) by extensions ['cmake', 'python']
[1.172s] Level 1:colcon.colcon_core.package_identification:_identify(snap/snapd-desktop-integration/253) by extension 'cmake'
[1.172s] Level 1:colcon.colcon_core.package_identification:_identify(snap/snapd-desktop-integration/253) by extension 'python'
[1.172s] Level 1:colcon.colcon_core.package_identification:_identify(snap/snapd-desktop-integration/253) by extensions ['python_setup_py']
[1.172s] Level 1:colcon.colcon_core.package_identification:_identify(snap/snapd-desktop-integration/253) by extension 'python_setup_py'
[1.173s] Level 1:colcon.colcon_core.package_identification:_identify(snap/snapd-desktop-integration/253/Desktop) by extensions ['ignore', 'ignore_ament_install']
[1.173s] Level 1:colcon.colcon_core.package_identification:_identify(snap/snapd-desktop-integration/253/Desktop) by extension 'ignore'
[1.173s] Level 1:colcon.colcon_core.package_identification:_identify(snap/snapd-desktop-integration/253/Desktop) by extension 'ignore_ament_install'
[1.173s] Level 1:colcon.colcon_core.package_identification:_identify(snap/snapd-desktop-integration/253/Desktop) by extensions ['colcon_pkg']
[1.173s] Level 1:colcon.colcon_core.package_identification:_identify(snap/snapd-desktop-integration/253/Desktop) by extension 'colcon_pkg'
[1.173s] Level 1:colcon.colcon_core.package_identification:_identify(snap/snapd-desktop-integration/253/Desktop) by extensions ['colcon_meta']
[1.173s] Level 1:colcon.colcon_core.package_identification:_identify(snap/snapd-desktop-integration/253/Desktop) by extension 'colcon_meta'
[1.173s] Level 1:colcon.colcon_core.package_identification:_identify(snap/snapd-desktop-integration/253/Desktop) by extensions ['ros']
[1.173s] Level 1:colcon.colcon_core.package_identification:_identify(snap/snapd-desktop-integration/253/Desktop) by extension 'ros'
[1.173s] Level 1:colcon.colcon_core.package_identification:_identify(snap/snapd-desktop-integration/253/Desktop) by extensions ['cmake', 'python']
[1.173s] Level 1:colcon.colcon_core.package_identification:_identify(snap/snapd-desktop-integration/253/Desktop) by extension 'cmake'
[1.173s] Level 1:colcon.colcon_core.package_identification:_identify(snap/snapd-desktop-integration/253/Desktop) by extension 'python'
[1.173s] Level 1:colcon.colcon_core.package_identification:_identify(snap/snapd-desktop-integration/253/Desktop) by extensions ['python_setup_py']
[1.173s] Level 1:colcon.colcon_core.package_identification:_identify(snap/snapd-desktop-integration/253/Desktop) by extension 'python_setup_py'
[1.174s] Level 1:colcon.colcon_core.package_identification:_identify(snap/snapd-desktop-integration/253/Documents) by extensions ['ignore', 'ignore_ament_install']
[1.174s] Level 1:colcon.colcon_core.package_identification:_identify(snap/snapd-desktop-integration/253/Documents) by extension 'ignore'
[1.174s] Level 1:colcon.colcon_core.package_identification:_identify(snap/snapd-desktop-integration/253/Documents) by extension 'ignore_ament_install'
[1.174s] Level 1:colcon.colcon_core.package_identification:_identify(snap/snapd-desktop-integration/253/Documents) by extensions ['colcon_pkg']
[1.174s] Level 1:colcon.colcon_core.package_identification:_identify(snap/snapd-desktop-integration/253/Documents) by extension 'colcon_pkg'
[1.174s] Level 1:colcon.colcon_core.package_identification:_identify(snap/snapd-desktop-integration/253/Documents) by extensions ['colcon_meta']
[1.174s] Level 1:colcon.colcon_core.package_identification:_identify(snap/snapd-desktop-integration/253/Documents) by extension 'colcon_meta'
[1.174s] Level 1:colcon.colcon_core.package_identification:_identify(snap/snapd-desktop-integration/253/Documents) by extensions ['ros']
[1.174s] Level 1:colcon.colcon_core.package_identification:_identify(snap/snapd-desktop-integration/253/Documents) by extension 'ros'
[1.174s] Level 1:colcon.colcon_core.package_identification:_identify(snap/snapd-desktop-integration/253/Documents) by extensions ['cmake', 'python']
[1.174s] Level 1:colcon.colcon_core.package_identification:_identify(snap/snapd-desktop-integration/253/Documents) by extension 'cmake'
[1.174s] Level 1:colcon.colcon_core.package_identification:_identify(snap/snapd-desktop-integration/253/Documents) by extension 'python'
[1.174s] Level 1:colcon.colcon_core.package_identification:_identify(snap/snapd-desktop-integration/253/Documents) by extensions ['python_setup_py']
[1.174s] Level 1:colcon.colcon_core.package_identification:_identify(snap/snapd-desktop-integration/253/Documents) by extension 'python_setup_py'
[1.175s] Level 1:colcon.colcon_core.package_identification:_identify(snap/snapd-desktop-integration/253/Downloads) by extensions ['ignore', 'ignore_ament_install']
[1.175s] Level 1:colcon.colcon_core.package_identification:_identify(snap/snapd-desktop-integration/253/Downloads) by extension 'ignore'
[1.175s] Level 1:colcon.colcon_core.package_identification:_identify(snap/snapd-desktop-integration/253/Downloads) by extension 'ignore_ament_install'
[1.175s] Level 1:colcon.colcon_core.package_identification:_identify(snap/snapd-desktop-integration/253/Downloads) by extensions ['colcon_pkg']
[1.175s] Level 1:colcon.colcon_core.package_identification:_identify(snap/snapd-desktop-integration/253/Downloads) by extension 'colcon_pkg'
[1.175s] Level 1:colcon.colcon_core.package_identification:_identify(snap/snapd-desktop-integration/253/Downloads) by extensions ['colcon_meta']
[1.175s] Level 1:colcon.colcon_core.package_identification:_identify(snap/snapd-desktop-integration/253/Downloads) by extension 'colcon_meta'
[1.175s] Level 1:colcon.colcon_core.package_identification:_identify(snap/snapd-desktop-integration/253/Downloads) by extensions ['ros']
[1.175s] Level 1:colcon.colcon_core.package_identification:_identify(snap/snapd-desktop-integration/253/Downloads) by extension 'ros'
[1.175s] Level 1:colcon.colcon_core.package_identification:_identify(snap/snapd-desktop-integration/253/Downloads) by extensions ['cmake', 'python']
[1.175s] Level 1:colcon.colcon_core.package_identification:_identify(snap/snapd-desktop-integration/253/Downloads) by extension 'cmake'
[1.175s] Level 1:colcon.colcon_core.package_identification:_identify(snap/snapd-desktop-integration/253/Downloads) by extension 'python'
[1.175s] Level 1:colcon.colcon_core.package_identification:_identify(snap/snapd-desktop-integration/253/Downloads) by extensions ['python_setup_py']
[1.175s] Level 1:colcon.colcon_core.package_identification:_identify(snap/snapd-desktop-integration/253/Downloads) by extension 'python_setup_py'
[1.176s] Level 1:colcon.colcon_core.package_identification:_identify(snap/snapd-desktop-integration/253/Music) by extensions ['ignore', 'ignore_ament_install']
[1.176s] Level 1:colcon.colcon_core.package_identification:_identify(snap/snapd-desktop-integration/253/Music) by extension 'ignore'
[1.176s] Level 1:colcon.colcon_core.package_identification:_identify(snap/snapd-desktop-integration/253/Music) by extension 'ignore_ament_install'
[1.176s] Level 1:colcon.colcon_core.package_identification:_identify(snap/snapd-desktop-integration/253/Music) by extensions ['colcon_pkg']
[1.176s] Level 1:colcon.colcon_core.package_identification:_identify(snap/snapd-desktop-integration/253/Music) by extension 'colcon_pkg'
[1.176s] Level 1:colcon.colcon_core.package_identification:_identify(snap/snapd-desktop-integration/253/Music) by extensions ['colcon_meta']
[1.176s] Level 1:colcon.colcon_core.package_identification:_identify(snap/snapd-desktop-integration/253/Music) by extension 'colcon_meta'
[1.176s] Level 1:colcon.colcon_core.package_identification:_identify(snap/snapd-desktop-integration/253/Music) by extensions ['ros']
[1.176s] Level 1:colcon.colcon_core.package_identification:_identify(snap/snapd-desktop-integration/253/Music) by extension 'ros'
[1.176s] Level 1:colcon.colcon_core.package_identification:_identify(snap/snapd-desktop-integration/253/Music) by extensions ['cmake', 'python']
[1.176s] Level 1:colcon.colcon_core.package_identification:_identify(snap/snapd-desktop-integration/253/Music) by extension 'cmake'
[1.176s] Level 1:colcon.colcon_core.package_identification:_identify(snap/snapd-desktop-integration/253/Music) by extension 'python'
[1.176s] Level 1:colcon.colcon_core.package_identification:_identify(snap/snapd-desktop-integration/253/Music) by extensions ['python_setup_py']
[1.176s] Level 1:colcon.colcon_core.package_identification:_identify(snap/snapd-desktop-integration/253/Music) by extension 'python_setup_py'
[1.177s] Level 1:colcon.colcon_core.package_identification:_identify(snap/snapd-desktop-integration/253/Pictures) by extensions ['ignore', 'ignore_ament_install']
[1.177s] Level 1:colcon.colcon_core.package_identification:_identify(snap/snapd-desktop-integration/253/Pictures) by extension 'ignore'
[1.177s] Level 1:colcon.colcon_core.package_identification:_identify(snap/snapd-desktop-integration/253/Pictures) by extension 'ignore_ament_install'
[1.177s] Level 1:colcon.colcon_core.package_identification:_identify(snap/snapd-desktop-integration/253/Pictures) by extensions ['colcon_pkg']
[1.177s] Level 1:colcon.colcon_core.package_identification:_identify(snap/snapd-desktop-integration/253/Pictures) by extension 'colcon_pkg'
[1.177s] Level 1:colcon.colcon_core.package_identification:_identify(snap/snapd-desktop-integration/253/Pictures) by extensions ['colcon_meta']
[1.177s] Level 1:colcon.colcon_core.package_identification:_identify(snap/snapd-desktop-integration/253/Pictures) by extension 'colcon_meta'
[1.177s] Level 1:colcon.colcon_core.package_identification:_identify(snap/snapd-desktop-integration/253/Pictures) by extensions ['ros']
[1.177s] Level 1:colcon.colcon_core.package_identification:_identify(snap/snapd-desktop-integration/253/Pictures) by extension 'ros'
[1.177s] Level 1:colcon.colcon_core.package_identification:_identify(snap/snapd-desktop-integration/253/Pictures) by extensions ['cmake', 'python']
[1.177s] Level 1:colcon.colcon_core.package_identification:_identify(snap/snapd-desktop-integration/253/Pictures) by extension 'cmake'
[1.177s] Level 1:colcon.colcon_core.package_identification:_identify(snap/snapd-desktop-integration/253/Pictures) by extension 'python'
[1.177s] Level 1:colcon.colcon_core.package_identification:_identify(snap/snapd-desktop-integration/253/Pictures) by extensions ['python_setup_py']
[1.177s] Level 1:colcon.colcon_core.package_identification:_identify(snap/snapd-desktop-integration/253/Pictures) by extension 'python_setup_py'
[1.178s] Level 1:colcon.colcon_core.package_identification:_identify(snap/snapd-desktop-integration/253/Public) by extensions ['ignore', 'ignore_ament_install']
[1.178s] Level 1:colcon.colcon_core.package_identification:_identify(snap/snapd-desktop-integration/253/Public) by extension 'ignore'
[1.178s] Level 1:colcon.colcon_core.package_identification:_identify(snap/snapd-desktop-integration/253/Public) by extension 'ignore_ament_install'
[1.178s] Level 1:colcon.colcon_core.package_identification:_identify(snap/snapd-desktop-integration/253/Public) by extensions ['colcon_pkg']
[1.178s] Level 1:colcon.colcon_core.package_identification:_identify(snap/snapd-desktop-integration/253/Public) by extension 'colcon_pkg'
[1.178s] Level 1:colcon.colcon_core.package_identification:_identify(snap/snapd-desktop-integration/253/Public) by extensions ['colcon_meta']
[1.178s] Level 1:colcon.colcon_core.package_identification:_identify(snap/snapd-desktop-integration/253/Public) by extension 'colcon_meta'
[1.178s] Level 1:colcon.colcon_core.package_identification:_identify(snap/snapd-desktop-integration/253/Public) by extensions ['ros']
[1.178s] Level 1:colcon.colcon_core.package_identification:_identify(snap/snapd-desktop-integration/253/Public) by extension 'ros'
[1.178s] Level 1:colcon.colcon_core.package_identification:_identify(snap/snapd-desktop-integration/253/Public) by extensions ['cmake', 'python']
[1.178s] Level 1:colcon.colcon_core.package_identification:_identify(snap/snapd-desktop-integration/253/Public) by extension 'cmake'
[1.178s] Level 1:colcon.colcon_core.package_identification:_identify(snap/snapd-desktop-integration/253/Public) by extension 'python'
[1.178s] Level 1:colcon.colcon_core.package_identification:_identify(snap/snapd-desktop-integration/253/Public) by extensions ['python_setup_py']
[1.178s] Level 1:colcon.colcon_core.package_identification:_identify(snap/snapd-desktop-integration/253/Public) by extension 'python_setup_py'
[1.179s] Level 1:colcon.colcon_core.package_identification:_identify(snap/snapd-desktop-integration/253/Templates) by extensions ['ignore', 'ignore_ament_install']
[1.179s] Level 1:colcon.colcon_core.package_identification:_identify(snap/snapd-desktop-integration/253/Templates) by extension 'ignore'
[1.179s] Level 1:colcon.colcon_core.package_identification:_identify(snap/snapd-desktop-integration/253/Templates) by extension 'ignore_ament_install'
[1.179s] Level 1:colcon.colcon_core.package_identification:_identify(snap/snapd-desktop-integration/253/Templates) by extensions ['colcon_pkg']
[1.179s] Level 1:colcon.colcon_core.package_identification:_identify(snap/snapd-desktop-integration/253/Templates) by extension 'colcon_pkg'
[1.179s] Level 1:colcon.colcon_core.package_identification:_identify(snap/snapd-desktop-integration/253/Templates) by extensions ['colcon_meta']
[1.179s] Level 1:colcon.colcon_core.package_identification:_identify(snap/snapd-desktop-integration/253/Templates) by extension 'colcon_meta'
[1.179s] Level 1:colcon.colcon_core.package_identification:_identify(snap/snapd-desktop-integration/253/Templates) by extensions ['ros']
[1.179s] Level 1:colcon.colcon_core.package_identification:_identify(snap/snapd-desktop-integration/253/Templates) by extension 'ros'
[1.179s] Level 1:colcon.colcon_core.package_identification:_identify(snap/snapd-desktop-integration/253/Templates) by extensions ['cmake', 'python']
[1.179s] Level 1:colcon.colcon_core.package_identification:_identify(snap/snapd-desktop-integration/253/Templates) by extension 'cmake'
[1.179s] Level 1:colcon.colcon_core.package_identification:_identify(snap/snapd-desktop-integration/253/Templates) by extension 'python'
[1.179s] Level 1:colcon.colcon_core.package_identification:_identify(snap/snapd-desktop-integration/253/Templates) by extensions ['python_setup_py']
[1.179s] Level 1:colcon.colcon_core.package_identification:_identify(snap/snapd-desktop-integration/253/Templates) by extension 'python_setup_py'
[1.180s] Level 1:colcon.colcon_core.package_identification:_identify(snap/snapd-desktop-integration/253/Videos) by extensions ['ignore', 'ignore_ament_install']
[1.180s] Level 1:colcon.colcon_core.package_identification:_identify(snap/snapd-desktop-integration/253/Videos) by extension 'ignore'
[1.180s] Level 1:colcon.colcon_core.package_identification:_identify(snap/snapd-desktop-integration/253/Videos) by extension 'ignore_ament_install'
[1.181s] Level 1:colcon.colcon_core.package_identification:_identify(snap/snapd-desktop-integration/253/Videos) by extensions ['colcon_pkg']
[1.181s] Level 1:colcon.colcon_core.package_identification:_identify(snap/snapd-desktop-integration/253/Videos) by extension 'colcon_pkg'
[1.181s] Level 1:colcon.colcon_core.package_identification:_identify(snap/snapd-desktop-integration/253/Videos) by extensions ['colcon_meta']
[1.181s] Level 1:colcon.colcon_core.package_identification:_identify(snap/snapd-desktop-integration/253/Videos) by extension 'colcon_meta'
[1.181s] Level 1:colcon.colcon_core.package_identification:_identify(snap/snapd-desktop-integration/253/Videos) by extensions ['ros']
[1.181s] Level 1:colcon.colcon_core.package_identification:_identify(snap/snapd-desktop-integration/253/Videos) by extension 'ros'
[1.181s] Level 1:colcon.colcon_core.package_identification:_identify(snap/snapd-desktop-integration/253/Videos) by extensions ['cmake', 'python']
[1.181s] Level 1:colcon.colcon_core.package_identification:_identify(snap/snapd-desktop-integration/253/Videos) by extension 'cmake'
[1.181s] Level 1:colcon.colcon_core.package_identification:_identify(snap/snapd-desktop-integration/253/Videos) by extension 'python'
[1.181s] Level 1:colcon.colcon_core.package_identification:_identify(snap/snapd-desktop-integration/253/Videos) by extensions ['python_setup_py']
[1.181s] Level 1:colcon.colcon_core.package_identification:_identify(snap/snapd-desktop-integration/253/Videos) by extension 'python_setup_py'
[1.181s] Level 1:colcon.colcon_core.package_identification:_identify(snap/snapd-desktop-integration/83) by extensions ['ignore', 'ignore_ament_install']
[1.181s] Level 1:colcon.colcon_core.package_identification:_identify(snap/snapd-desktop-integration/83) by extension 'ignore'
[1.182s] Level 1:colcon.colcon_core.package_identification:_identify(snap/snapd-desktop-integration/83) by extension 'ignore_ament_install'
[1.182s] Level 1:colcon.colcon_core.package_identification:_identify(snap/snapd-desktop-integration/83) by extensions ['colcon_pkg']
[1.182s] Level 1:colcon.colcon_core.package_identification:_identify(snap/snapd-desktop-integration/83) by extension 'colcon_pkg'
[1.182s] Level 1:colcon.colcon_core.package_identification:_identify(snap/snapd-desktop-integration/83) by extensions ['colcon_meta']
[1.182s] Level 1:colcon.colcon_core.package_identification:_identify(snap/snapd-desktop-integration/83) by extension 'colcon_meta'
[1.182s] Level 1:colcon.colcon_core.package_identification:_identify(snap/snapd-desktop-integration/83) by extensions ['ros']
[1.182s] Level 1:colcon.colcon_core.package_identification:_identify(snap/snapd-desktop-integration/83) by extension 'ros'
[1.182s] Level 1:colcon.colcon_core.package_identification:_identify(snap/snapd-desktop-integration/83) by extensions ['cmake', 'python']
[1.182s] Level 1:colcon.colcon_core.package_identification:_identify(snap/snapd-desktop-integration/83) by extension 'cmake'
[1.182s] Level 1:colcon.colcon_core.package_identification:_identify(snap/snapd-desktop-integration/83) by extension 'python'
[1.182s] Level 1:colcon.colcon_core.package_identification:_identify(snap/snapd-desktop-integration/83) by extensions ['python_setup_py']
[1.182s] Level 1:colcon.colcon_core.package_identification:_identify(snap/snapd-desktop-integration/83) by extension 'python_setup_py'
[1.182s] Level 1:colcon.colcon_core.package_identification:_identify(snap/snapd-desktop-integration/83/Desktop) by extensions ['ignore', 'ignore_ament_install']
[1.182s] Level 1:colcon.colcon_core.package_identification:_identify(snap/snapd-desktop-integration/83/Desktop) by extension 'ignore'
[1.183s] Level 1:colcon.colcon_core.package_identification:_identify(snap/snapd-desktop-integration/83/Desktop) by extension 'ignore_ament_install'
[1.183s] Level 1:colcon.colcon_core.package_identification:_identify(snap/snapd-desktop-integration/83/Desktop) by extensions ['colcon_pkg']
[1.183s] Level 1:colcon.colcon_core.package_identification:_identify(snap/snapd-desktop-integration/83/Desktop) by extension 'colcon_pkg'
[1.183s] Level 1:colcon.colcon_core.package_identification:_identify(snap/snapd-desktop-integration/83/Desktop) by extensions ['colcon_meta']
[1.183s] Level 1:colcon.colcon_core.package_identification:_identify(snap/snapd-desktop-integration/83/Desktop) by extension 'colcon_meta'
[1.183s] Level 1:colcon.colcon_core.package_identification:_identify(snap/snapd-desktop-integration/83/Desktop) by extensions ['ros']
[1.183s] Level 1:colcon.colcon_core.package_identification:_identify(snap/snapd-desktop-integration/83/Desktop) by extension 'ros'
[1.183s] Level 1:colcon.colcon_core.package_identification:_identify(snap/snapd-desktop-integration/83/Desktop) by extensions ['cmake', 'python']
[1.183s] Level 1:colcon.colcon_core.package_identification:_identify(snap/snapd-desktop-integration/83/Desktop) by extension 'cmake'
[1.183s] Level 1:colcon.colcon_core.package_identification:_identify(snap/snapd-desktop-integration/83/Desktop) by extension 'python'
[1.183s] Level 1:colcon.colcon_core.package_identification:_identify(snap/snapd-desktop-integration/83/Desktop) by extensions ['python_setup_py']
[1.183s] Level 1:colcon.colcon_core.package_identification:_identify(snap/snapd-desktop-integration/83/Desktop) by extension 'python_setup_py'
[1.183s] Level 1:colcon.colcon_core.package_identification:_identify(snap/snapd-desktop-integration/83/Documents) by extensions ['ignore', 'ignore_ament_install']
[1.184s] Level 1:colcon.colcon_core.package_identification:_identify(snap/snapd-desktop-integration/83/Documents) by extension 'ignore'
[1.184s] Level 1:colcon.colcon_core.package_identification:_identify(snap/snapd-desktop-integration/83/Documents) by extension 'ignore_ament_install'
[1.184s] Level 1:colcon.colcon_core.package_identification:_identify(snap/snapd-desktop-integration/83/Documents) by extensions ['colcon_pkg']
[1.184s] Level 1:colcon.colcon_core.package_identification:_identify(snap/snapd-desktop-integration/83/Documents) by extension 'colcon_pkg'
[1.184s] Level 1:colcon.colcon_core.package_identification:_identify(snap/snapd-desktop-integration/83/Documents) by extensions ['colcon_meta']
[1.184s] Level 1:colcon.colcon_core.package_identification:_identify(snap/snapd-desktop-integration/83/Documents) by extension 'colcon_meta'
[1.184s] Level 1:colcon.colcon_core.package_identification:_identify(snap/snapd-desktop-integration/83/Documents) by extensions ['ros']
[1.184s] Level 1:colcon.colcon_core.package_identification:_identify(snap/snapd-desktop-integration/83/Documents) by extension 'ros'
[1.184s] Level 1:colcon.colcon_core.package_identification:_identify(snap/snapd-desktop-integration/83/Documents) by extensions ['cmake', 'python']
[1.184s] Level 1:colcon.colcon_core.package_identification:_identify(snap/snapd-desktop-integration/83/Documents) by extension 'cmake'
[1.184s] Level 1:colcon.colcon_core.package_identification:_identify(snap/snapd-desktop-integration/83/Documents) by extension 'python'
[1.184s] Level 1:colcon.colcon_core.package_identification:_identify(snap/snapd-desktop-integration/83/Documents) by extensions ['python_setup_py']
[1.184s] Level 1:colcon.colcon_core.package_identification:_identify(snap/snapd-desktop-integration/83/Documents) by extension 'python_setup_py'
[1.184s] Level 1:colcon.colcon_core.package_identification:_identify(snap/snapd-desktop-integration/83/Downloads) by extensions ['ignore', 'ignore_ament_install']
[1.185s] Level 1:colcon.colcon_core.package_identification:_identify(snap/snapd-desktop-integration/83/Downloads) by extension 'ignore'
[1.185s] Level 1:colcon.colcon_core.package_identification:_identify(snap/snapd-desktop-integration/83/Downloads) by extension 'ignore_ament_install'
[1.185s] Level 1:colcon.colcon_core.package_identification:_identify(snap/snapd-desktop-integration/83/Downloads) by extensions ['colcon_pkg']
[1.185s] Level 1:colcon.colcon_core.package_identification:_identify(snap/snapd-desktop-integration/83/Downloads) by extension 'colcon_pkg'
[1.185s] Level 1:colcon.colcon_core.package_identification:_identify(snap/snapd-desktop-integration/83/Downloads) by extensions ['colcon_meta']
[1.185s] Level 1:colcon.colcon_core.package_identification:_identify(snap/snapd-desktop-integration/83/Downloads) by extension 'colcon_meta'
[1.185s] Level 1:colcon.colcon_core.package_identification:_identify(snap/snapd-desktop-integration/83/Downloads) by extensions ['ros']
[1.185s] Level 1:colcon.colcon_core.package_identification:_identify(snap/snapd-desktop-integration/83/Downloads) by extension 'ros'
[1.185s] Level 1:colcon.colcon_core.package_identification:_identify(snap/snapd-desktop-integration/83/Downloads) by extensions ['cmake', 'python']
[1.185s] Level 1:colcon.colcon_core.package_identification:_identify(snap/snapd-desktop-integration/83/Downloads) by extension 'cmake'
[1.185s] Level 1:colcon.colcon_core.package_identification:_identify(snap/snapd-desktop-integration/83/Downloads) by extension 'python'
[1.185s] Level 1:colcon.colcon_core.package_identification:_identify(snap/snapd-desktop-integration/83/Downloads) by extensions ['python_setup_py']
[1.185s] Level 1:colcon.colcon_core.package_identification:_identify(snap/snapd-desktop-integration/83/Downloads) by extension 'python_setup_py'
[1.185s] Level 1:colcon.colcon_core.package_identification:_identify(snap/snapd-desktop-integration/83/Music) by extensions ['ignore', 'ignore_ament_install']
[1.185s] Level 1:colcon.colcon_core.package_identification:_identify(snap/snapd-desktop-integration/83/Music) by extension 'ignore'
[1.186s] Level 1:colcon.colcon_core.package_identification:_identify(snap/snapd-desktop-integration/83/Music) by extension 'ignore_ament_install'
[1.186s] Level 1:colcon.colcon_core.package_identification:_identify(snap/snapd-desktop-integration/83/Music) by extensions ['colcon_pkg']
[1.186s] Level 1:colcon.colcon_core.package_identification:_identify(snap/snapd-desktop-integration/83/Music) by extension 'colcon_pkg'
[1.186s] Level 1:colcon.colcon_core.package_identification:_identify(snap/snapd-desktop-integration/83/Music) by extensions ['colcon_meta']
[1.186s] Level 1:colcon.colcon_core.package_identification:_identify(snap/snapd-desktop-integration/83/Music) by extension 'colcon_meta'
[1.186s] Level 1:colcon.colcon_core.package_identification:_identify(snap/snapd-desktop-integration/83/Music) by extensions ['ros']
[1.186s] Level 1:colcon.colcon_core.package_identification:_identify(snap/snapd-desktop-integration/83/Music) by extension 'ros'
[1.186s] Level 1:colcon.colcon_core.package_identification:_identify(snap/snapd-desktop-integration/83/Music) by extensions ['cmake', 'python']
[1.186s] Level 1:colcon.colcon_core.package_identification:_identify(snap/snapd-desktop-integration/83/Music) by extension 'cmake'
[1.186s] Level 1:colcon.colcon_core.package_identification:_identify(snap/snapd-desktop-integration/83/Music) by extension 'python'
[1.186s] Level 1:colcon.colcon_core.package_identification:_identify(snap/snapd-desktop-integration/83/Music) by extensions ['python_setup_py']
[1.186s] Level 1:colcon.colcon_core.package_identification:_identify(snap/snapd-desktop-integration/83/Music) by extension 'python_setup_py'
[1.186s] Level 1:colcon.colcon_core.package_identification:_identify(snap/snapd-desktop-integration/83/Pictures) by extensions ['ignore', 'ignore_ament_install']
[1.186s] Level 1:colcon.colcon_core.package_identification:_identify(snap/snapd-desktop-integration/83/Pictures) by extension 'ignore'
[1.186s] Level 1:colcon.colcon_core.package_identification:_identify(snap/snapd-desktop-integration/83/Pictures) by extension 'ignore_ament_install'
[1.187s] Level 1:colcon.colcon_core.package_identification:_identify(snap/snapd-desktop-integration/83/Pictures) by extensions ['colcon_pkg']
[1.187s] Level 1:colcon.colcon_core.package_identification:_identify(snap/snapd-desktop-integration/83/Pictures) by extension 'colcon_pkg'
[1.187s] Level 1:colcon.colcon_core.package_identification:_identify(snap/snapd-desktop-integration/83/Pictures) by extensions ['colcon_meta']
[1.187s] Level 1:colcon.colcon_core.package_identification:_identify(snap/snapd-desktop-integration/83/Pictures) by extension 'colcon_meta'
[1.187s] Level 1:colcon.colcon_core.package_identification:_identify(snap/snapd-desktop-integration/83/Pictures) by extensions ['ros']
[1.187s] Level 1:colcon.colcon_core.package_identification:_identify(snap/snapd-desktop-integration/83/Pictures) by extension 'ros'
[1.187s] Level 1:colcon.colcon_core.package_identification:_identify(snap/snapd-desktop-integration/83/Pictures) by extensions ['cmake', 'python']
[1.187s] Level 1:colcon.colcon_core.package_identification:_identify(snap/snapd-desktop-integration/83/Pictures) by extension 'cmake'
[1.187s] Level 1:colcon.colcon_core.package_identification:_identify(snap/snapd-desktop-integration/83/Pictures) by extension 'python'
[1.187s] Level 1:colcon.colcon_core.package_identification:_identify(snap/snapd-desktop-integration/83/Pictures) by extensions ['python_setup_py']
[1.187s] Level 1:colcon.colcon_core.package_identification:_identify(snap/snapd-desktop-integration/83/Pictures) by extension 'python_setup_py'
[1.187s] Level 1:colcon.colcon_core.package_identification:_identify(snap/snapd-desktop-integration/83/Public) by extensions ['ignore', 'ignore_ament_install']
[1.187s] Level 1:colcon.colcon_core.package_identification:_identify(snap/snapd-desktop-integration/83/Public) by extension 'ignore'
[1.187s] Level 1:colcon.colcon_core.package_identification:_identify(snap/snapd-desktop-integration/83/Public) by extension 'ignore_ament_install'
[1.187s] Level 1:colcon.colcon_core.package_identification:_identify(snap/snapd-desktop-integration/83/Public) by extensions ['colcon_pkg']
[1.187s] Level 1:colcon.colcon_core.package_identification:_identify(snap/snapd-desktop-integration/83/Public) by extension 'colcon_pkg'
[1.187s] Level 1:colcon.colcon_core.package_identification:_identify(snap/snapd-desktop-integration/83/Public) by extensions ['colcon_meta']
[1.187s] Level 1:colcon.colcon_core.package_identification:_identify(snap/snapd-desktop-integration/83/Public) by extension 'colcon_meta'
[1.188s] Level 1:colcon.colcon_core.package_identification:_identify(snap/snapd-desktop-integration/83/Public) by extensions ['ros']
[1.188s] Level 1:colcon.colcon_core.package_identification:_identify(snap/snapd-desktop-integration/83/Public) by extension 'ros'
[1.188s] Level 1:colcon.colcon_core.package_identification:_identify(snap/snapd-desktop-integration/83/Public) by extensions ['cmake', 'python']
[1.188s] Level 1:colcon.colcon_core.package_identification:_identify(snap/snapd-desktop-integration/83/Public) by extension 'cmake'
[1.188s] Level 1:colcon.colcon_core.package_identification:_identify(snap/snapd-desktop-integration/83/Public) by extension 'python'
[1.188s] Level 1:colcon.colcon_core.package_identification:_identify(snap/snapd-desktop-integration/83/Public) by extensions ['python_setup_py']
[1.188s] Level 1:colcon.colcon_core.package_identification:_identify(snap/snapd-desktop-integration/83/Public) by extension 'python_setup_py'
[1.188s] Level 1:colcon.colcon_core.package_identification:_identify(snap/snapd-desktop-integration/83/Templates) by extensions ['ignore', 'ignore_ament_install']
[1.188s] Level 1:colcon.colcon_core.package_identification:_identify(snap/snapd-desktop-integration/83/Templates) by extension 'ignore'
[1.188s] Level 1:colcon.colcon_core.package_identification:_identify(snap/snapd-desktop-integration/83/Templates) by extension 'ignore_ament_install'
[1.188s] Level 1:colcon.colcon_core.package_identification:_identify(snap/snapd-desktop-integration/83/Templates) by extensions ['colcon_pkg']
[1.188s] Level 1:colcon.colcon_core.package_identification:_identify(snap/snapd-desktop-integration/83/Templates) by extension 'colcon_pkg'
[1.188s] Level 1:colcon.colcon_core.package_identification:_identify(snap/snapd-desktop-integration/83/Templates) by extensions ['colcon_meta']
[1.188s] Level 1:colcon.colcon_core.package_identification:_identify(snap/snapd-desktop-integration/83/Templates) by extension 'colcon_meta'
[1.189s] Level 1:colcon.colcon_core.package_identification:_identify(snap/snapd-desktop-integration/83/Templates) by extensions ['ros']
[1.189s] Level 1:colcon.colcon_core.package_identification:_identify(snap/snapd-desktop-integration/83/Templates) by extension 'ros'
[1.189s] Level 1:colcon.colcon_core.package_identification:_identify(snap/snapd-desktop-integration/83/Templates) by extensions ['cmake', 'python']
[1.189s] Level 1:colcon.colcon_core.package_identification:_identify(snap/snapd-desktop-integration/83/Templates) by extension 'cmake'
[1.189s] Level 1:colcon.colcon_core.package_identification:_identify(snap/snapd-desktop-integration/83/Templates) by extension 'python'
[1.189s] Level 1:colcon.colcon_core.package_identification:_identify(snap/snapd-desktop-integration/83/Templates) by extensions ['python_setup_py']
[1.189s] Level 1:colcon.colcon_core.package_identification:_identify(snap/snapd-desktop-integration/83/Templates) by extension 'python_setup_py'
[1.189s] Level 1:colcon.colcon_core.package_identification:_identify(snap/snapd-desktop-integration/83/Videos) by extensions ['ignore', 'ignore_ament_install']
[1.190s] Level 1:colcon.colcon_core.package_identification:_identify(snap/snapd-desktop-integration/83/Videos) by extension 'ignore'
[1.190s] Level 1:colcon.colcon_core.package_identification:_identify(snap/snapd-desktop-integration/83/Videos) by extension 'ignore_ament_install'
[1.190s] Level 1:colcon.colcon_core.package_identification:_identify(snap/snapd-desktop-integration/83/Videos) by extensions ['colcon_pkg']
[1.190s] Level 1:colcon.colcon_core.package_identification:_identify(snap/snapd-desktop-integration/83/Videos) by extension 'colcon_pkg'
[1.190s] Level 1:colcon.colcon_core.package_identification:_identify(snap/snapd-desktop-integration/83/Videos) by extensions ['colcon_meta']
[1.190s] Level 1:colcon.colcon_core.package_identification:_identify(snap/snapd-desktop-integration/83/Videos) by extension 'colcon_meta'
[1.190s] Level 1:colcon.colcon_core.package_identification:_identify(snap/snapd-desktop-integration/83/Videos) by extensions ['ros']
[1.190s] Level 1:colcon.colcon_core.package_identification:_identify(snap/snapd-desktop-integration/83/Videos) by extension 'ros'
[1.190s] Level 1:colcon.colcon_core.package_identification:_identify(snap/snapd-desktop-integration/83/Videos) by extensions ['cmake', 'python']
[1.190s] Level 1:colcon.colcon_core.package_identification:_identify(snap/snapd-desktop-integration/83/Videos) by extension 'cmake'
[1.190s] Level 1:colcon.colcon_core.package_identification:_identify(snap/snapd-desktop-integration/83/Videos) by extension 'python'
[1.191s] Level 1:colcon.colcon_core.package_identification:_identify(snap/snapd-desktop-integration/83/Videos) by extensions ['python_setup_py']
[1.191s] Level 1:colcon.colcon_core.package_identification:_identify(snap/snapd-desktop-integration/83/Videos) by extension 'python_setup_py'
[1.191s] Level 1:colcon.colcon_core.package_identification:_identify(snap/snapd-desktop-integration/common) by extensions ['ignore', 'ignore_ament_install']
[1.191s] Level 1:colcon.colcon_core.package_identification:_identify(snap/snapd-desktop-integration/common) by extension 'ignore'
[1.191s] Level 1:colcon.colcon_core.package_identification:_identify(snap/snapd-desktop-integration/common) by extension 'ignore_ament_install'
[1.191s] Level 1:colcon.colcon_core.package_identification:_identify(snap/snapd-desktop-integration/common) by extensions ['colcon_pkg']
[1.191s] Level 1:colcon.colcon_core.package_identification:_identify(snap/snapd-desktop-integration/common) by extension 'colcon_pkg'
[1.191s] Level 1:colcon.colcon_core.package_identification:_identify(snap/snapd-desktop-integration/common) by extensions ['colcon_meta']
[1.191s] Level 1:colcon.colcon_core.package_identification:_identify(snap/snapd-desktop-integration/common) by extension 'colcon_meta'
[1.191s] Level 1:colcon.colcon_core.package_identification:_identify(snap/snapd-desktop-integration/common) by extensions ['ros']
[1.191s] Level 1:colcon.colcon_core.package_identification:_identify(snap/snapd-desktop-integration/common) by extension 'ros'
[1.191s] Level 1:colcon.colcon_core.package_identification:_identify(snap/snapd-desktop-integration/common) by extensions ['cmake', 'python']
[1.191s] Level 1:colcon.colcon_core.package_identification:_identify(snap/snapd-desktop-integration/common) by extension 'cmake'
[1.191s] Level 1:colcon.colcon_core.package_identification:_identify(snap/snapd-desktop-integration/common) by extension 'python'
[1.191s] Level 1:colcon.colcon_core.package_identification:_identify(snap/snapd-desktop-integration/common) by extensions ['python_setup_py']
[1.191s] Level 1:colcon.colcon_core.package_identification:_identify(snap/snapd-desktop-integration/common) by extension 'python_setup_py'
[1.191s] Level 1:colcon.colcon_core.package_discovery:discover_packages(recursive) using defaults
[1.191s] Level 1:colcon.colcon_core.package_discovery:discover_packages(ignore) discover
[1.191s] Level 1:colcon.colcon_core.package_discovery:discover_packages(ignore) using defaults
[1.191s] Level 1:colcon.colcon_core.package_discovery:discover_packages(path) discover
[1.191s] Level 1:colcon.colcon_core.package_discovery:discover_packages(path) using defaults
[1.265s] Level 1:colcon.colcon_core.package_discovery:discover_packages(prefix_path) check parameters
[1.265s] Level 1:colcon.colcon_core.package_discovery:discover_packages(prefix_path) discover
[1.275s] DEBUG:colcon.colcon_installed_package_information.package_discovery:Found 1 installed packages in /home/me597/ros2_ws/install
[1.275s] DEBUG:colcon.colcon_installed_package_information.package_discovery:Found 3 installed packages in /home/me597/install
[1.278s] DEBUG:colcon.colcon_installed_package_information.package_discovery:Found 329 installed packages in /opt/ros/humble
[1.283s] Level 1:colcon.colcon_core.package_discovery:discover_packages(prefix_path) using defaults
[1.368s] ERROR:colcon:colcon build: Duplicate package names not supported:
- sim_utils:
  - ros2_ws/sim_ws/src/sim_utils
  - sim_ws/src/sim_utils
- turtlebot3_gazebo:
  - ros2_ws/sim_ws/src/turtlebot3_gazebo
  - sim_ws/src/turtlebot3_gazebo
