[0.040s] Invoking command in '/home/me597/build/image_geometry': CMAKE_PREFIX_PATH=${CMAKE_PREFIX_PATH}:/home/me597/ros2_ws/install/task_5:/home/me597/ros2_ws/install/task_4:/home/me597/ros2_ws/install/opencv_tests:/home/me597/ros2_ws/src/task_5/install/task_5:/home/me597/install/task_5:/home/me597/install/task_4:/home/me597/install/sim_utils:/home/me597/install/opencv_tests:/home/me597/ros2_ws/src/install/task_5:/home/me597/ros2_ws/src/install/task_4:/home/me597/ros2_ws/src/install/opencv_tests:/opt/ros/humble /usr/bin/cmake --build /home/me597/build/image_geometry -- -j2 -l2
[0.170s] [ 27%] Built target image_geometry
[0.175s] [ 27%] Built target ament_cmake_python_copy_image_geometry
[0.212s] [ 45%] Built target gtest_main
[0.243s] [ 63%] Built target gtest
[0.289s] [ 81%] Built target image_geometry-utest
[0.348s] [100%] Built target image_geometry-utest-equi
[0.592s] running egg_info
[0.594s] writing image_geometry.egg-info/PKG-INFO
[0.596s] writing dependency_links to image_geometry.egg-info/dependency_links.txt
[0.596s] writing top-level names to image_geometry.egg-info/top_level.txt
[0.599s] reading manifest file 'image_geometry.egg-info/SOURCES.txt'
[0.600s] writing manifest file 'image_geometry.egg-info/SOURCES.txt'
[0.647s] [100%] Built target ament_cmake_python_build_image_geometry_egg
[0.664s] Invoked command in '/home/me597/build/image_geometry' returned '0': CMAKE_PREFIX_PATH=${CMAKE_PREFIX_PATH}:/home/me597/ros2_ws/install/task_5:/home/me597/ros2_ws/install/task_4:/home/me597/ros2_ws/install/opencv_tests:/home/me597/ros2_ws/src/task_5/install/task_5:/home/me597/install/task_5:/home/me597/install/task_4:/home/me597/install/sim_utils:/home/me597/install/opencv_tests:/home/me597/ros2_ws/src/install/task_5:/home/me597/ros2_ws/src/install/task_4:/home/me597/ros2_ws/src/install/opencv_tests:/opt/ros/humble /usr/bin/cmake --build /home/me597/build/image_geometry -- -j2 -l2
[0.667s] Invoking command in '/home/me597/build/image_geometry': CMAKE_PREFIX_PATH=${CMAKE_PREFIX_PATH}:/home/me597/ros2_ws/install/task_5:/home/me597/ros2_ws/install/task_4:/home/me597/ros2_ws/install/opencv_tests:/home/me597/ros2_ws/src/task_5/install/task_5:/home/me597/install/task_5:/home/me597/install/task_4:/home/me597/install/sim_utils:/home/me597/install/opencv_tests:/home/me597/ros2_ws/src/install/task_5:/home/me597/ros2_ws/src/install/task_4:/home/me597/ros2_ws/src/install/opencv_tests:/opt/ros/humble /usr/bin/cmake --install /home/me597/build/image_geometry
[0.673s] -- Install configuration: ""
[0.674s] -- Up-to-date: /home/me597/install/image_geometry/share/image_geometry/environment/pythonpath.sh
[0.674s] -- Up-to-date: /home/me597/install/image_geometry/share/image_geometry/environment/pythonpath.dsv
[0.674s] -- Up-to-date: /home/me597/install/image_geometry/local/lib/python3.10/dist-packages/image_geometry-4.1.0-py3.10.egg-info
[0.674s] -- Installing: /home/me597/install/image_geometry/local/lib/python3.10/dist-packages/image_geometry-4.1.0-py3.10.egg-info/top_level.txt
[0.674s] -- Installing: /home/me597/install/image_geometry/local/lib/python3.10/dist-packages/image_geometry-4.1.0-py3.10.egg-info/SOURCES.txt
[0.674s] -- Installing: /home/me597/install/image_geometry/local/lib/python3.10/dist-packages/image_geometry-4.1.0-py3.10.egg-info/dependency_links.txt
[0.674s] -- Installing: /home/me597/install/image_geometry/local/lib/python3.10/dist-packages/image_geometry-4.1.0-py3.10.egg-info/PKG-INFO
[0.674s] -- Up-to-date: /home/me597/install/image_geometry/local/lib/python3.10/dist-packages/image_geometry
[0.675s] -- Up-to-date: /home/me597/install/image_geometry/local/lib/python3.10/dist-packages/image_geometry/cameramodels.py
[0.675s] -- Up-to-date: /home/me597/install/image_geometry/local/lib/python3.10/dist-packages/image_geometry/__init__.py
[0.737s] Listing '/home/me597/install/image_geometry/local/lib/python3.10/dist-packages/image_geometry'...
[0.743s] -- Up-to-date: /home/me597/install/image_geometry/include/image_geometry
[0.743s] -- Up-to-date: /home/me597/install/image_geometry/include/image_geometry/image_geometry
[0.743s] -- Up-to-date: /home/me597/install/image_geometry/include/image_geometry/image_geometry/pinhole_camera_model.hpp
[0.745s] -- Up-to-date: /home/me597/install/image_geometry/include/image_geometry/image_geometry/stereo_camera_model.hpp
[0.745s] -- Up-to-date: /home/me597/install/image_geometry/include/image_geometry/image_geometry/visibility_control.hpp
[0.745s] -- Up-to-date: /home/me597/install/image_geometry/lib/libimage_geometry.so
[0.749s] -- Up-to-date: /home/me597/install/image_geometry/share/ament_index/resource_index/package_run_dependencies/image_geometry
[0.750s] -- Up-to-date: /home/me597/install/image_geometry/share/ament_index/resource_index/parent_prefix_path/image_geometry
[0.750s] -- Up-to-date: /home/me597/install/image_geometry/share/image_geometry/environment/ament_prefix_path.sh
[0.750s] -- Up-to-date: /home/me597/install/image_geometry/share/image_geometry/environment/ament_prefix_path.dsv
[0.751s] -- Up-to-date: /home/me597/install/image_geometry/share/image_geometry/environment/path.sh
[0.751s] -- Up-to-date: /home/me597/install/image_geometry/share/image_geometry/environment/path.dsv
[0.751s] -- Up-to-date: /home/me597/install/image_geometry/share/image_geometry/local_setup.bash
[0.751s] -- Up-to-date: /home/me597/install/image_geometry/share/image_geometry/local_setup.sh
[0.751s] -- Up-to-date: /home/me597/install/image_geometry/share/image_geometry/local_setup.zsh
[0.751s] -- Up-to-date: /home/me597/install/image_geometry/share/image_geometry/local_setup.dsv
[0.751s] -- Installing: /home/me597/install/image_geometry/share/image_geometry/package.dsv
[0.752s] -- Up-to-date: /home/me597/install/image_geometry/share/ament_index/resource_index/packages/image_geometry
[0.752s] -- Up-to-date: /home/me597/install/image_geometry/share/image_geometry/cmake/export_image_geometryExport.cmake
[0.752s] -- Up-to-date: /home/me597/install/image_geometry/share/image_geometry/cmake/export_image_geometryExport-noconfig.cmake
[0.752s] -- Up-to-date: /home/me597/install/image_geometry/share/image_geometry/cmake/ament_cmake_export_targets-extras.cmake
[0.753s] -- Up-to-date: /home/me597/install/image_geometry/share/image_geometry/cmake/ament_cmake_export_dependencies-extras.cmake
[0.753s] -- Up-to-date: /home/me597/install/image_geometry/share/image_geometry/cmake/image_geometryConfig.cmake
[0.760s] -- Up-to-date: /home/me597/install/image_geometry/share/image_geometry/cmake/image_geometryConfig-version.cmake
[0.761s] -- Up-to-date: /home/me597/install/image_geometry/share/image_geometry/package.xml
[0.764s] Invoked command in '/home/me597/build/image_geometry' returned '0': CMAKE_PREFIX_PATH=${CMAKE_PREFIX_PATH}:/home/me597/ros2_ws/install/task_5:/home/me597/ros2_ws/install/task_4:/home/me597/ros2_ws/install/opencv_tests:/home/me597/ros2_ws/src/task_5/install/task_5:/home/me597/install/task_5:/home/me597/install/task_4:/home/me597/install/sim_utils:/home/me597/install/opencv_tests:/home/me597/ros2_ws/src/install/task_5:/home/me597/ros2_ws/src/install/task_4:/home/me597/ros2_ws/src/install/opencv_tests:/opt/ros/humble /usr/bin/cmake --install /home/me597/build/image_geometry
