[0.040s] Invoking command in '/home/me597/ros2_ws/src/build/image_geometry': CMAKE_PREFIX_PATH=${CMAKE_PREFIX_PATH}:/home/me597/ros2_ws/install/opencv_tests:/home/me597/ros2_ws/install/task_4:/home/me597/ros2_ws/src/install/task_4:/home/me597/install/task_4:/home/me597/install/sim_utils:/opt/ros/humble /usr/bin/cmake /home/me597/ros2_ws/src/vision_opencv/image_geometry -DCMAKE_INSTALL_PREFIX=/home/me597/ros2_ws/src/install/image_geometry
[0.150s] -- The C compiler identification is GNU 11.4.0
[0.211s] -- The CXX compiler identification is GNU 11.4.0
[0.220s] -- Detecting C compiler ABI info
[0.317s] -- Detecting C compiler ABI info - done
[0.330s] -- Check for working C compiler: /usr/bin/cc - skipped
[0.330s] -- Detecting C compile features
[0.331s] -- Detecting C compile features - done
[0.338s] -- Detecting CXX compiler ABI info
[0.459s] -- Detecting CXX compiler ABI info - done
[0.469s] -- Check for working CXX compiler: /usr/bin/c++ - skipped
[0.469s] -- Detecting CXX compile features
[0.471s] -- Detecting CXX compile features - done
[0.472s] -- Found ament_cmake_python: 1.3.11 (/opt/ros/humble/share/ament_cmake_python/cmake)
[0.474s] -- Found ament_cmake_ros: 0.10.0 (/opt/ros/humble/share/ament_cmake_ros/cmake)
[0.710s] -- Found Python3: /usr/bin/python3 (found version "3.10.12") found components: Interpreter 
[0.968s] -- Found OpenCV: /usr (found version "4.5.4") found components: calib3d core highgui imgproc 
[0.969s] -- Found sensor_msgs: 4.2.4 (/opt/ros/humble/share/sensor_msgs/cmake)
[1.010s] -- Found rosidl_generator_c: 3.1.6 (/opt/ros/humble/share/rosidl_generator_c/cmake)
[1.016s] -- Found rosidl_adapter: 3.1.6 (/opt/ros/humble/share/rosidl_adapter/cmake)
[1.035s] -- Found rosidl_generator_cpp: 3.1.6 (/opt/ros/humble/share/rosidl_generator_cpp/cmake)
[1.055s] -- Using all available rosidl_typesupport_c: rosidl_typesupport_fastrtps_c;rosidl_typesupport_introspection_c
[1.071s] -- Using all available rosidl_typesupport_cpp: rosidl_typesupport_fastrtps_cpp;rosidl_typesupport_introspection_cpp
[1.668s] -- Found gtest sources under '/opt/ros/humble/src/gtest_vendor': C++ tests using 'Google Test' will be built
[1.672s] -- Looking for pthread.h
[1.833s] -- Looking for pthread.h - found
[1.834s] -- Performing Test CMAKE_HAVE_LIBC_PTHREAD
[1.987s] -- Performing Test CMAKE_HAVE_LIBC_PTHREAD - Success
[1.987s] -- Found Threads: TRUE  
[2.092s] -- Configuring done
[2.115s] -- Generating done
[2.122s] -- Build files have been written to: /home/me597/ros2_ws/src/build/image_geometry
[2.133s] Invoked command in '/home/me597/ros2_ws/src/build/image_geometry' returned '0': CMAKE_PREFIX_PATH=${CMAKE_PREFIX_PATH}:/home/me597/ros2_ws/install/opencv_tests:/home/me597/ros2_ws/install/task_4:/home/me597/ros2_ws/src/install/task_4:/home/me597/install/task_4:/home/me597/install/sim_utils:/opt/ros/humble /usr/bin/cmake /home/me597/ros2_ws/src/vision_opencv/image_geometry -DCMAKE_INSTALL_PREFIX=/home/me597/ros2_ws/src/install/image_geometry
[2.137s] Invoking command in '/home/me597/ros2_ws/src/build/image_geometry': CMAKE_PREFIX_PATH=${CMAKE_PREFIX_PATH}:/home/me597/ros2_ws/install/opencv_tests:/home/me597/ros2_ws/install/task_4:/home/me597/ros2_ws/src/install/task_4:/home/me597/install/task_4:/home/me597/install/sim_utils:/opt/ros/humble /usr/bin/cmake --build /home/me597/ros2_ws/src/build/image_geometry -- -j2 -l2
[2.250s] [  0%] Built target ament_cmake_python_copy_image_geometry
[2.268s] [  9%] [32mBuilding CXX object CMakeFiles/image_geometry.dir/src/pinhole_camera_model.cpp.o[0m
[2.273s] [ 18%] [32mBuilding CXX object CMakeFiles/image_geometry.dir/src/stereo_camera_model.cpp.o[0m
[4.664s] [ 27%] [32mBuilding CXX object gtest/CMakeFiles/gtest_main.dir/src/gtest_main.cc.o[0m
[4.924s] [ 36%] [32m[1mLinking CXX shared library libimage_geometry.so[0m
[5.232s] [ 36%] Built target image_geometry
[5.301s] [ 45%] [32mBuilding CXX object gtest/CMakeFiles/gtest.dir/src/gtest-all.cc.o[0m
[6.835s] [ 54%] [32m[1mLinking CXX static library libgtest_main.a[0m
[6.935s] [ 54%] Built target gtest_main
[7.632s] running egg_info
[7.642s] creating image_geometry.egg-info
[7.642s] writing image_geometry.egg-info/PKG-INFO
[7.642s] writing dependency_links to image_geometry.egg-info/dependency_links.txt
[7.642s] writing top-level names to image_geometry.egg-info/top_level.txt
[7.645s] writing manifest file 'image_geometry.egg-info/SOURCES.txt'
[7.649s] reading manifest file 'image_geometry.egg-info/SOURCES.txt'
[7.649s] writing manifest file 'image_geometry.egg-info/SOURCES.txt'
[7.739s] [ 54%] Built target ament_cmake_python_build_image_geometry_egg
[12.504s] [ 63%] [32m[1mLinking CXX static library libgtest.a[0m
[12.654s] [ 63%] Built target gtest
[12.710s] [ 72%] [32mBuilding CXX object test/CMakeFiles/image_geometry-utest-equi.dir/utest_equi.cpp.o[0m
[12.712s] [ 81%] [32mBuilding CXX object test/CMakeFiles/image_geometry-utest.dir/utest.cpp.o[0m
[17.012s] [ 90%] [32m[1mLinking CXX executable image_geometry-utest-equi[0m
[17.499s] [ 90%] Built target image_geometry-utest-equi
[17.612s] [100%] [32m[1mLinking CXX executable image_geometry-utest[0m
[17.819s] [100%] Built target image_geometry-utest
[17.837s] Invoked command in '/home/me597/ros2_ws/src/build/image_geometry' returned '0': CMAKE_PREFIX_PATH=${CMAKE_PREFIX_PATH}:/home/me597/ros2_ws/install/opencv_tests:/home/me597/ros2_ws/install/task_4:/home/me597/ros2_ws/src/install/task_4:/home/me597/install/task_4:/home/me597/install/sim_utils:/opt/ros/humble /usr/bin/cmake --build /home/me597/ros2_ws/src/build/image_geometry -- -j2 -l2
[17.843s] Invoking command in '/home/me597/ros2_ws/src/build/image_geometry': CMAKE_PREFIX_PATH=${CMAKE_PREFIX_PATH}:/home/me597/ros2_ws/install/opencv_tests:/home/me597/ros2_ws/install/task_4:/home/me597/ros2_ws/src/install/task_4:/home/me597/install/task_4:/home/me597/install/sim_utils:/opt/ros/humble /usr/bin/cmake --install /home/me597/ros2_ws/src/build/image_geometry
[17.852s] -- Install configuration: ""
[17.853s] -- Installing: /home/me597/ros2_ws/src/install/image_geometry/share/image_geometry/environment/pythonpath.sh
[17.853s] -- Installing: /home/me597/ros2_ws/src/install/image_geometry/share/image_geometry/environment/pythonpath.dsv
[17.854s] -- Installing: /home/me597/ros2_ws/src/install/image_geometry/local/lib/python3.10/dist-packages/image_geometry-4.1.0-py3.10.egg-info
[17.854s] -- Installing: /home/me597/ros2_ws/src/install/image_geometry/local/lib/python3.10/dist-packages/image_geometry-4.1.0-py3.10.egg-info/top_level.txt
[17.854s] -- Installing: /home/me597/ros2_ws/src/install/image_geometry/local/lib/python3.10/dist-packages/image_geometry-4.1.0-py3.10.egg-info/SOURCES.txt
[17.856s] -- Installing: /home/me597/ros2_ws/src/install/image_geometry/local/lib/python3.10/dist-packages/image_geometry-4.1.0-py3.10.egg-info/dependency_links.txt
[17.856s] -- Installing: /home/me597/ros2_ws/src/install/image_geometry/local/lib/python3.10/dist-packages/image_geometry-4.1.0-py3.10.egg-info/PKG-INFO
[17.856s] -- Installing: /home/me597/ros2_ws/src/install/image_geometry/local/lib/python3.10/dist-packages/image_geometry
[17.856s] -- Installing: /home/me597/ros2_ws/src/install/image_geometry/local/lib/python3.10/dist-packages/image_geometry/cameramodels.py
[17.856s] -- Installing: /home/me597/ros2_ws/src/install/image_geometry/local/lib/python3.10/dist-packages/image_geometry/__init__.py
[17.916s] Listing '/home/me597/ros2_ws/src/install/image_geometry/local/lib/python3.10/dist-packages/image_geometry'...
[17.916s] Compiling '/home/me597/ros2_ws/src/install/image_geometry/local/lib/python3.10/dist-packages/image_geometry/__init__.py'...
[17.916s] Compiling '/home/me597/ros2_ws/src/install/image_geometry/local/lib/python3.10/dist-packages/image_geometry/cameramodels.py'...
[17.934s] -- Installing: /home/me597/ros2_ws/src/install/image_geometry/include/image_geometry
[17.935s] -- Installing: /home/me597/ros2_ws/src/install/image_geometry/include/image_geometry/image_geometry
[17.935s] -- Installing: /home/me597/ros2_ws/src/install/image_geometry/include/image_geometry/image_geometry/pinhole_camera_model.hpp
[17.935s] -- Installing: /home/me597/ros2_ws/src/install/image_geometry/include/image_geometry/image_geometry/stereo_camera_model.hpp
[17.935s] -- Installing: /home/me597/ros2_ws/src/install/image_geometry/include/image_geometry/image_geometry/visibility_control.hpp
[17.935s] -- Installing: /home/me597/ros2_ws/src/install/image_geometry/lib/libimage_geometry.so
[17.938s] -- Set runtime path of "/home/me597/ros2_ws/src/install/image_geometry/lib/libimage_geometry.so" to ""
[17.942s] -- Installing: /home/me597/ros2_ws/src/install/image_geometry/share/ament_index/resource_index/package_run_dependencies/image_geometry
[17.942s] -- Installing: /home/me597/ros2_ws/src/install/image_geometry/share/ament_index/resource_index/parent_prefix_path/image_geometry
[17.942s] -- Installing: /home/me597/ros2_ws/src/install/image_geometry/share/image_geometry/environment/ament_prefix_path.sh
[17.942s] -- Installing: /home/me597/ros2_ws/src/install/image_geometry/share/image_geometry/environment/ament_prefix_path.dsv
[17.942s] -- Installing: /home/me597/ros2_ws/src/install/image_geometry/share/image_geometry/environment/path.sh
[17.942s] -- Installing: /home/me597/ros2_ws/src/install/image_geometry/share/image_geometry/environment/path.dsv
[17.942s] -- Installing: /home/me597/ros2_ws/src/install/image_geometry/share/image_geometry/local_setup.bash
[17.942s] -- Installing: /home/me597/ros2_ws/src/install/image_geometry/share/image_geometry/local_setup.sh
[17.942s] -- Installing: /home/me597/ros2_ws/src/install/image_geometry/share/image_geometry/local_setup.zsh
[17.942s] -- Installing: /home/me597/ros2_ws/src/install/image_geometry/share/image_geometry/local_setup.dsv
[17.942s] -- Installing: /home/me597/ros2_ws/src/install/image_geometry/share/image_geometry/package.dsv
[17.942s] -- Installing: /home/me597/ros2_ws/src/install/image_geometry/share/ament_index/resource_index/packages/image_geometry
[17.943s] -- Installing: /home/me597/ros2_ws/src/install/image_geometry/share/image_geometry/cmake/export_image_geometryExport.cmake
[17.943s] -- Installing: /home/me597/ros2_ws/src/install/image_geometry/share/image_geometry/cmake/export_image_geometryExport-noconfig.cmake
[17.943s] -- Installing: /home/me597/ros2_ws/src/install/image_geometry/share/image_geometry/cmake/ament_cmake_export_targets-extras.cmake
[17.943s] -- Installing: /home/me597/ros2_ws/src/install/image_geometry/share/image_geometry/cmake/ament_cmake_export_dependencies-extras.cmake
[17.944s] -- Installing: /home/me597/ros2_ws/src/install/image_geometry/share/image_geometry/cmake/image_geometryConfig.cmake
[17.944s] -- Installing: /home/me597/ros2_ws/src/install/image_geometry/share/image_geometry/cmake/image_geometryConfig-version.cmake
[17.944s] -- Installing: /home/me597/ros2_ws/src/install/image_geometry/share/image_geometry/package.xml
[17.947s] Invoked command in '/home/me597/ros2_ws/src/build/image_geometry' returned '0': CMAKE_PREFIX_PATH=${CMAKE_PREFIX_PATH}:/home/me597/ros2_ws/install/opencv_tests:/home/me597/ros2_ws/install/task_4:/home/me597/ros2_ws/src/install/task_4:/home/me597/install/task_4:/home/me597/install/sim_utils:/opt/ros/humble /usr/bin/cmake --install /home/me597/ros2_ws/src/build/image_geometry
