2024-08-15 19:24:00.864 [info] Extension host with pid 5362 started
2024-08-15 19:24:01.039 [info] ExtensionService#_doActivateExtension vscode.git-base, startup: true, activationEvent: '*', root cause: vscode.git
2024-08-15 19:24:01.112 [info] ExtensionService#_doActivateExtension vscode.git, startup: true, activationEvent: '*'
2024-08-15 19:24:01.227 [info] ExtensionService#_doActivateExtension vscode.github, startup: true, activationEvent: '*'
2024-08-15 19:24:01.365 [info] Eager extensions activated
2024-08-15 19:24:01.419 [info] ExtensionService#_doActivateExtension vscode.debug-auto-launch, startup: false, activationEvent: 'onStartupFinished'
2024-08-15 19:24:01.424 [info] ExtensionService#_doActivateExtension vscode.merge-conflict, startup: false, activationEvent: 'onStartupFinished'
2024-08-15 19:24:02.250 [info] Extension host terminating: renderer closed the MessagePort
2024-08-15 19:24:02.331 [error] ProxyResolver#addCertificatesV1 Canceled: Canceled
	at new C (/snap/code/167/usr/share/code/resources/app/out/vs/workbench/api/node/extensionHostProcess.js:144:35204)
	at E.U (/snap/code/167/usr/share/code/resources/app/out/vs/workbench/api/node/extensionHostProcess.js:151:6017)
	at B.<computed>.j.charCodeAt.R.CharCode.DollarSign.B.<computed> (/snap/code/167/usr/share/code/resources/app/out/vs/workbench/api/node/extensionHostProcess.js:151:3107)
	at F.loadCertificates (/snap/code/167/usr/share/code/resources/app/out/vs/workbench/api/node/extensionHostProcess.js:157:44375)
	at Object.loadAdditionalCertificates (/snap/code/167/usr/share/code/resources/app/out/vs/workbench/api/node/extensionHostProcess.js:139:33133)
	at /snap/code/167/usr/share/code/resources/app/node_modules.asar/@vscode/proxy-agent/out/index.js:499:53
	at Generator.next (<anonymous>)
	at /snap/code/167/usr/share/code/resources/app/node_modules.asar/@vscode/proxy-agent/out/index.js:35:71
	at new Promise (<anonymous>)
	at __awaiter (/snap/code/167/usr/share/code/resources/app/node_modules.asar/@vscode/proxy-agent/out/index.js:31:12)
	at /snap/code/167/usr/share/code/resources/app/node_modules.asar/@vscode/proxy-agent/out/index.js:498:43
	at /snap/code/167/usr/share/code/resources/app/node_modules.asar/@vscode/proxy-agent/out/index.js:500:16
	at Generator.next (<anonymous>)
	at /snap/code/167/usr/share/code/resources/app/node_modules.asar/@vscode/proxy-agent/out/index.js:35:71
	at new Promise (<anonymous>)
	at __awaiter (/snap/code/167/usr/share/code/resources/app/node_modules.asar/@vscode/proxy-agent/out/index.js:31:12)
	at getOrLoadAdditionalCertificates (/snap/code/167/usr/share/code/resources/app/node_modules.asar/@vscode/proxy-agent/out/index.js:496:12)
	at addCertificatesV1 (/snap/code/167/usr/share/code/resources/app/node_modules.asar/@vscode/proxy-agent/out/index.js:480:9)
	at resolveProxy (/snap/code/167/usr/share/code/resources/app/node_modules.asar/@vscode/proxy-agent/out/index.js:113:9)
	at /snap/code/167/usr/share/code/resources/app/node_modules.asar/@vscode/proxy-agent/out/index.js:325:77
	at new Promise (<anonymous>)
	at _PacProxyAgent.resolveP [as resolver] (/snap/code/167/usr/share/code/resources/app/node_modules.asar/@vscode/proxy-agent/out/index.js:325:54)
	at _PacProxyAgent.<anonymous> (/snap/code/167/usr/share/code/resources/app/node_modules.asar/@vscode/proxy-agent/out/agent.js:70:37)
	at Generator.next (<anonymous>)
	at /snap/code/167/usr/share/code/resources/app/node_modules.asar/@vscode/proxy-agent/out/agent.js:8:71
	at new Promise (<anonymous>)
	at __awaiter (/snap/code/167/usr/share/code/resources/app/node_modules.asar/@vscode/proxy-agent/out/agent.js:4:12)
	at _PacProxyAgent.connect (/snap/code/167/usr/share/code/resources/app/node_modules.asar/@vscode/proxy-agent/out/agent.js:52:16)
	at /snap/code/167/usr/share/code/resources/app/node_modules.asar/agent-base/dist/index.js:73:30
2024-08-15 19:24:02.331 [info] Extension host with pid 5362 exiting with code 0
