[0.055s] Invoking command in '/home/me597/ros2_ws/src/build/vision_opencv': AMENT_PREFIX_PATH=/home/me597/ros2_ws/src/install/image_geometry:/home/me597/ros2_ws/src/install/cv_bridge:${AMENT_PREFIX_PATH} CMAKE_PREFIX_PATH=/home/me597/ros2_ws/src/install/image_geometry:/home/me597/ros2_ws/src/install/cv_bridge:/home/me597/ros2_ws/install/vision_opencv:/home/me597/ros2_ws/install/image_geometry:/home/me597/ros2_ws/install/cv_bridge:/home/me597/install/turtlebot3_gazebo:/home/me597/ros2_ws/install/opencv_tests:/home/me597/ros2_ws/install/task_4:/home/me597/ros2_ws/src/install/task_4:/home/me597/install/task_4:/home/me597/install/sim_utils:/opt/ros/humble LD_LIBRARY_PATH=/home/me597/ros2_ws/src/install/image_geometry/lib:/home/me597/ros2_ws/src/install/cv_bridge/lib:${LD_LIBRARY_PATH} PYTHONPATH=/home/me597/ros2_ws/src/install/image_geometry/local/lib/python3.10/dist-packages:/home/me597/ros2_ws/src/install/cv_bridge/local/lib/python3.10/dist-packages:${PYTHONPATH} /usr/bin/cmake /home/me597/ros2_ws/src/vision_opencv/vision_opencv -DCMAKE_INSTALL_PREFIX=/home/me597/ros2_ws/src/install/vision_opencv
[0.178s] -- The C compiler identification is GNU 11.4.0
[0.251s] -- The CXX compiler identification is GNU 11.4.0
[0.260s] -- Detecting C compiler ABI info
[0.346s] -- Detecting C compiler ABI info - done
[0.353s] -- Check for working C compiler: /usr/bin/cc - skipped
[0.353s] -- Detecting C compile features
[0.354s] -- Detecting C compile features - done
[0.357s] -- Detecting CXX compiler ABI info
[0.478s] -- Detecting CXX compiler ABI info - done
[0.487s] -- Check for working CXX compiler: /usr/bin/c++ - skipped
[0.487s] -- Detecting CXX compile features
[0.488s] -- Detecting CXX compile features - done
[0.492s] -- Found ament_cmake: 1.3.11 (/opt/ros/humble/share/ament_cmake/cmake)
[0.674s] -- Found Python3: /usr/bin/python3 (found version "3.10.12") found components: Interpreter 
[0.862s] -- Configuring done
[0.866s] -- Generating done
[0.867s] -- Build files have been written to: /home/me597/ros2_ws/src/build/vision_opencv
[0.871s] Invoked command in '/home/me597/ros2_ws/src/build/vision_opencv' returned '0': AMENT_PREFIX_PATH=/home/me597/ros2_ws/src/install/image_geometry:/home/me597/ros2_ws/src/install/cv_bridge:${AMENT_PREFIX_PATH} CMAKE_PREFIX_PATH=/home/me597/ros2_ws/src/install/image_geometry:/home/me597/ros2_ws/src/install/cv_bridge:/home/me597/ros2_ws/install/vision_opencv:/home/me597/ros2_ws/install/image_geometry:/home/me597/ros2_ws/install/cv_bridge:/home/me597/install/turtlebot3_gazebo:/home/me597/ros2_ws/install/opencv_tests:/home/me597/ros2_ws/install/task_4:/home/me597/ros2_ws/src/install/task_4:/home/me597/install/task_4:/home/me597/install/sim_utils:/opt/ros/humble LD_LIBRARY_PATH=/home/me597/ros2_ws/src/install/image_geometry/lib:/home/me597/ros2_ws/src/install/cv_bridge/lib:${LD_LIBRARY_PATH} PYTHONPATH=/home/me597/ros2_ws/src/install/image_geometry/local/lib/python3.10/dist-packages:/home/me597/ros2_ws/src/install/cv_bridge/local/lib/python3.10/dist-packages:${PYTHONPATH} /usr/bin/cmake /home/me597/ros2_ws/src/vision_opencv/vision_opencv -DCMAKE_INSTALL_PREFIX=/home/me597/ros2_ws/src/install/vision_opencv
[0.874s] Invoking command in '/home/me597/ros2_ws/src/build/vision_opencv': AMENT_PREFIX_PATH=/home/me597/ros2_ws/src/install/image_geometry:/home/me597/ros2_ws/src/install/cv_bridge:${AMENT_PREFIX_PATH} CMAKE_PREFIX_PATH=/home/me597/ros2_ws/src/install/image_geometry:/home/me597/ros2_ws/src/install/cv_bridge:/home/me597/ros2_ws/install/vision_opencv:/home/me597/ros2_ws/install/image_geometry:/home/me597/ros2_ws/install/cv_bridge:/home/me597/install/turtlebot3_gazebo:/home/me597/ros2_ws/install/opencv_tests:/home/me597/ros2_ws/install/task_4:/home/me597/ros2_ws/src/install/task_4:/home/me597/install/task_4:/home/me597/install/sim_utils:/opt/ros/humble LD_LIBRARY_PATH=/home/me597/ros2_ws/src/install/image_geometry/lib:/home/me597/ros2_ws/src/install/cv_bridge/lib:${LD_LIBRARY_PATH} PYTHONPATH=/home/me597/ros2_ws/src/install/image_geometry/local/lib/python3.10/dist-packages:/home/me597/ros2_ws/src/install/cv_bridge/local/lib/python3.10/dist-packages:${PYTHONPATH} /usr/bin/cmake --build /home/me597/ros2_ws/src/build/vision_opencv -- -j2 -l2
[0.941s] Invoked command in '/home/me597/ros2_ws/src/build/vision_opencv' returned '0': AMENT_PREFIX_PATH=/home/me597/ros2_ws/src/install/image_geometry:/home/me597/ros2_ws/src/install/cv_bridge:${AMENT_PREFIX_PATH} CMAKE_PREFIX_PATH=/home/me597/ros2_ws/src/install/image_geometry:/home/me597/ros2_ws/src/install/cv_bridge:/home/me597/ros2_ws/install/vision_opencv:/home/me597/ros2_ws/install/image_geometry:/home/me597/ros2_ws/install/cv_bridge:/home/me597/install/turtlebot3_gazebo:/home/me597/ros2_ws/install/opencv_tests:/home/me597/ros2_ws/install/task_4:/home/me597/ros2_ws/src/install/task_4:/home/me597/install/task_4:/home/me597/install/sim_utils:/opt/ros/humble LD_LIBRARY_PATH=/home/me597/ros2_ws/src/install/image_geometry/lib:/home/me597/ros2_ws/src/install/cv_bridge/lib:${LD_LIBRARY_PATH} PYTHONPATH=/home/me597/ros2_ws/src/install/image_geometry/local/lib/python3.10/dist-packages:/home/me597/ros2_ws/src/install/cv_bridge/local/lib/python3.10/dist-packages:${PYTHONPATH} /usr/bin/cmake --build /home/me597/ros2_ws/src/build/vision_opencv -- -j2 -l2
[0.941s] Invoking command in '/home/me597/ros2_ws/src/build/vision_opencv': AMENT_PREFIX_PATH=/home/me597/ros2_ws/src/install/image_geometry:/home/me597/ros2_ws/src/install/cv_bridge:${AMENT_PREFIX_PATH} CMAKE_PREFIX_PATH=/home/me597/ros2_ws/src/install/image_geometry:/home/me597/ros2_ws/src/install/cv_bridge:/home/me597/ros2_ws/install/vision_opencv:/home/me597/ros2_ws/install/image_geometry:/home/me597/ros2_ws/install/cv_bridge:/home/me597/install/turtlebot3_gazebo:/home/me597/ros2_ws/install/opencv_tests:/home/me597/ros2_ws/install/task_4:/home/me597/ros2_ws/src/install/task_4:/home/me597/install/task_4:/home/me597/install/sim_utils:/opt/ros/humble LD_LIBRARY_PATH=/home/me597/ros2_ws/src/install/image_geometry/lib:/home/me597/ros2_ws/src/install/cv_bridge/lib:${LD_LIBRARY_PATH} PYTHONPATH=/home/me597/ros2_ws/src/install/image_geometry/local/lib/python3.10/dist-packages:/home/me597/ros2_ws/src/install/cv_bridge/local/lib/python3.10/dist-packages:${PYTHONPATH} /usr/bin/cmake --install /home/me597/ros2_ws/src/build/vision_opencv
[0.950s] -- Install configuration: ""
[0.950s] -- Installing: /home/me597/ros2_ws/src/install/vision_opencv/share/ament_index/resource_index/package_run_dependencies/vision_opencv
[0.951s] -- Installing: /home/me597/ros2_ws/src/install/vision_opencv/share/ament_index/resource_index/parent_prefix_path/vision_opencv
[0.951s] -- Installing: /home/me597/ros2_ws/src/install/vision_opencv/share/vision_opencv/environment/ament_prefix_path.sh
[0.951s] -- Installing: /home/me597/ros2_ws/src/install/vision_opencv/share/vision_opencv/environment/ament_prefix_path.dsv
[0.951s] -- Installing: /home/me597/ros2_ws/src/install/vision_opencv/share/vision_opencv/environment/path.sh
[0.952s] -- Installing: /home/me597/ros2_ws/src/install/vision_opencv/share/vision_opencv/environment/path.dsv
[0.952s] -- Installing: /home/me597/ros2_ws/src/install/vision_opencv/share/vision_opencv/local_setup.bash
[0.952s] -- Installing: /home/me597/ros2_ws/src/install/vision_opencv/share/vision_opencv/local_setup.sh
[0.952s] -- Installing: /home/me597/ros2_ws/src/install/vision_opencv/share/vision_opencv/local_setup.zsh
[0.952s] -- Installing: /home/me597/ros2_ws/src/install/vision_opencv/share/vision_opencv/local_setup.dsv
[0.952s] -- Installing: /home/me597/ros2_ws/src/install/vision_opencv/share/vision_opencv/package.dsv
[0.953s] -- Installing: /home/me597/ros2_ws/src/install/vision_opencv/share/ament_index/resource_index/packages/vision_opencv
[0.953s] -- Installing: /home/me597/ros2_ws/src/install/vision_opencv/share/vision_opencv/cmake/vision_opencvConfig.cmake
[0.954s] -- Installing: /home/me597/ros2_ws/src/install/vision_opencv/share/vision_opencv/cmake/vision_opencvConfig-version.cmake
[0.954s] -- Installing: /home/me597/ros2_ws/src/install/vision_opencv/share/vision_opencv/package.xml
[0.958s] Invoked command in '/home/me597/ros2_ws/src/build/vision_opencv' returned '0': AMENT_PREFIX_PATH=/home/me597/ros2_ws/src/install/image_geometry:/home/me597/ros2_ws/src/install/cv_bridge:${AMENT_PREFIX_PATH} CMAKE_PREFIX_PATH=/home/me597/ros2_ws/src/install/image_geometry:/home/me597/ros2_ws/src/install/cv_bridge:/home/me597/ros2_ws/install/vision_opencv:/home/me597/ros2_ws/install/image_geometry:/home/me597/ros2_ws/install/cv_bridge:/home/me597/install/turtlebot3_gazebo:/home/me597/ros2_ws/install/opencv_tests:/home/me597/ros2_ws/install/task_4:/home/me597/ros2_ws/src/install/task_4:/home/me597/install/task_4:/home/me597/install/sim_utils:/opt/ros/humble LD_LIBRARY_PATH=/home/me597/ros2_ws/src/install/image_geometry/lib:/home/me597/ros2_ws/src/install/cv_bridge/lib:${LD_LIBRARY_PATH} PYTHONPATH=/home/me597/ros2_ws/src/install/image_geometry/local/lib/python3.10/dist-packages:/home/me597/ros2_ws/src/install/cv_bridge/local/lib/python3.10/dist-packages:${PYTHONPATH} /usr/bin/cmake --install /home/me597/ros2_ws/src/build/vision_opencv
