[0.285s] DEBUG:colcon:Command line arguments: ['/usr/bin/colcon', 'build']
[0.286s] DEBUG:colcon:Parsed command line arguments: Namespace(log_base=None, log_level=None, verb_name='build', build_base='build', install_base='install', merge_install=False, symlink_install=False, test_result_base=None, continue_on_error=False, executor='parallel', parallel_workers=2, event_handlers=None, ignore_user_meta=False, metas=['./colcon.meta'], base_paths=['.'], packages_ignore=None, packages_ignore_regex=None, paths=None, packages_up_to=None, packages_up_to_regex=None, packages_above=None, packages_above_and_dependencies=None, packages_above_depth=None, packages_select_by_dep=None, packages_skip_by_dep=None, packages_skip_up_to=None, packages_select_build_failed=False, packages_skip_build_finished=False, packages_select_test_failures=False, packages_skip_test_passed=False, packages_select=None, packages_skip=None, packages_select_regex=None, packages_skip_regex=None, packages_start=None, packages_end=None, allow_overriding=[], cmake_args=None, cmake_target=None, cmake_target_skip_unavailable=False, cmake_clean_cache=False, cmake_clean_first=False, cmake_force_configure=False, ament_cmake_args=None, catkin_cmake_args=None, catkin_skip_building_tests=False, mixin_files=None, mixin=None, verb_parser=<colcon_mixin.mixin.mixin_argument.MixinArgumentDecorator object at 0x72dbe3c44190>, verb_extension=<colcon_core.verb.build.BuildVerb object at 0x72dbe3c0f760>, main=<bound method BuildVerb.main of <colcon_core.verb.build.BuildVerb object at 0x72dbe3c0f760>>, mixin_verb=('build',))
[0.553s] Level 1:colcon.colcon_core.package_discovery:discover_packages(colcon_meta) check parameters
[0.553s] Level 1:colcon.colcon_core.package_discovery:discover_packages(recursive) check parameters
[0.553s] Level 1:colcon.colcon_core.package_discovery:discover_packages(ignore) check parameters
[0.553s] Level 1:colcon.colcon_core.package_discovery:discover_packages(path) check parameters
[0.553s] Level 1:colcon.colcon_core.package_discovery:discover_packages(colcon_meta) discover
[0.553s] Level 1:colcon.colcon_core.package_discovery:discover_packages(recursive) discover
[0.553s] INFO:colcon.colcon_core.package_discovery:Crawling recursively for packages in '/home/me597'
[0.553s] Level 1:colcon.colcon_core.package_identification:_identify(.) by extensions ['ignore', 'ignore_ament_install']
[0.553s] Level 1:colcon.colcon_core.package_identification:_identify(.) by extension 'ignore'
[0.553s] Level 1:colcon.colcon_core.package_identification:_identify(.) by extension 'ignore_ament_install'
[0.553s] Level 1:colcon.colcon_core.package_identification:_identify(.) by extensions ['colcon_pkg']
[0.553s] Level 1:colcon.colcon_core.package_identification:_identify(.) by extension 'colcon_pkg'
[0.553s] Level 1:colcon.colcon_core.package_identification:_identify(.) by extensions ['colcon_meta']
[0.553s] Level 1:colcon.colcon_core.package_identification:_identify(.) by extension 'colcon_meta'
[0.553s] Level 1:colcon.colcon_core.package_identification:_identify(.) by extensions ['ros']
[0.553s] Level 1:colcon.colcon_core.package_identification:_identify(.) by extension 'ros'
[0.565s] Level 1:colcon.colcon_core.package_identification:_identify(.) by extensions ['cmake', 'python']
[0.565s] Level 1:colcon.colcon_core.package_identification:_identify(.) by extension 'cmake'
[0.565s] Level 1:colcon.colcon_core.package_identification:_identify(.) by extension 'python'
[0.565s] Level 1:colcon.colcon_core.package_identification:_identify(.) by extensions ['python_setup_py']
[0.565s] Level 1:colcon.colcon_core.package_identification:_identify(.) by extension 'python_setup_py'
[0.565s] Level 1:colcon.colcon_core.package_identification:_identify(Desktop) by extensions ['ignore', 'ignore_ament_install']
[0.565s] Level 1:colcon.colcon_core.package_identification:_identify(Desktop) by extension 'ignore'
[0.565s] Level 1:colcon.colcon_core.package_identification:_identify(Desktop) by extension 'ignore_ament_install'
[0.565s] Level 1:colcon.colcon_core.package_identification:_identify(Desktop) by extensions ['colcon_pkg']
[0.565s] Level 1:colcon.colcon_core.package_identification:_identify(Desktop) by extension 'colcon_pkg'
[0.565s] Level 1:colcon.colcon_core.package_identification:_identify(Desktop) by extensions ['colcon_meta']
[0.565s] Level 1:colcon.colcon_core.package_identification:_identify(Desktop) by extension 'colcon_meta'
[0.565s] Level 1:colcon.colcon_core.package_identification:_identify(Desktop) by extensions ['ros']
[0.565s] Level 1:colcon.colcon_core.package_identification:_identify(Desktop) by extension 'ros'
[0.565s] Level 1:colcon.colcon_core.package_identification:_identify(Desktop) by extensions ['cmake', 'python']
[0.565s] Level 1:colcon.colcon_core.package_identification:_identify(Desktop) by extension 'cmake'
[0.565s] Level 1:colcon.colcon_core.package_identification:_identify(Desktop) by extension 'python'
[0.566s] Level 1:colcon.colcon_core.package_identification:_identify(Desktop) by extensions ['python_setup_py']
[0.566s] Level 1:colcon.colcon_core.package_identification:_identify(Desktop) by extension 'python_setup_py'
[0.566s] Level 1:colcon.colcon_core.package_identification:_identify(Documents) by extensions ['ignore', 'ignore_ament_install']
[0.566s] Level 1:colcon.colcon_core.package_identification:_identify(Documents) by extension 'ignore'
[0.566s] Level 1:colcon.colcon_core.package_identification:_identify(Documents) by extension 'ignore_ament_install'
[0.566s] Level 1:colcon.colcon_core.package_identification:_identify(Documents) by extensions ['colcon_pkg']
[0.566s] Level 1:colcon.colcon_core.package_identification:_identify(Documents) by extension 'colcon_pkg'
[0.566s] Level 1:colcon.colcon_core.package_identification:_identify(Documents) by extensions ['colcon_meta']
[0.566s] Level 1:colcon.colcon_core.package_identification:_identify(Documents) by extension 'colcon_meta'
[0.566s] Level 1:colcon.colcon_core.package_identification:_identify(Documents) by extensions ['ros']
[0.566s] Level 1:colcon.colcon_core.package_identification:_identify(Documents) by extension 'ros'
[0.566s] Level 1:colcon.colcon_core.package_identification:_identify(Documents) by extensions ['cmake', 'python']
[0.566s] Level 1:colcon.colcon_core.package_identification:_identify(Documents) by extension 'cmake'
[0.566s] Level 1:colcon.colcon_core.package_identification:_identify(Documents) by extension 'python'
[0.566s] Level 1:colcon.colcon_core.package_identification:_identify(Documents) by extensions ['python_setup_py']
[0.566s] Level 1:colcon.colcon_core.package_identification:_identify(Documents) by extension 'python_setup_py'
[0.566s] Level 1:colcon.colcon_core.package_identification:_identify(Downloads) by extensions ['ignore', 'ignore_ament_install']
[0.566s] Level 1:colcon.colcon_core.package_identification:_identify(Downloads) by extension 'ignore'
[0.566s] Level 1:colcon.colcon_core.package_identification:_identify(Downloads) by extension 'ignore_ament_install'
[0.566s] Level 1:colcon.colcon_core.package_identification:_identify(Downloads) by extensions ['colcon_pkg']
[0.566s] Level 1:colcon.colcon_core.package_identification:_identify(Downloads) by extension 'colcon_pkg'
[0.566s] Level 1:colcon.colcon_core.package_identification:_identify(Downloads) by extensions ['colcon_meta']
[0.566s] Level 1:colcon.colcon_core.package_identification:_identify(Downloads) by extension 'colcon_meta'
[0.566s] Level 1:colcon.colcon_core.package_identification:_identify(Downloads) by extensions ['ros']
[0.566s] Level 1:colcon.colcon_core.package_identification:_identify(Downloads) by extension 'ros'
[0.566s] Level 1:colcon.colcon_core.package_identification:_identify(Downloads) by extensions ['cmake', 'python']
[0.566s] Level 1:colcon.colcon_core.package_identification:_identify(Downloads) by extension 'cmake'
[0.566s] Level 1:colcon.colcon_core.package_identification:_identify(Downloads) by extension 'python'
[0.566s] Level 1:colcon.colcon_core.package_identification:_identify(Downloads) by extensions ['python_setup_py']
[0.566s] Level 1:colcon.colcon_core.package_identification:_identify(Downloads) by extension 'python_setup_py'
[0.566s] Level 1:colcon.colcon_core.package_identification:_identify(Music) by extensions ['ignore', 'ignore_ament_install']
[0.566s] Level 1:colcon.colcon_core.package_identification:_identify(Music) by extension 'ignore'
[0.567s] Level 1:colcon.colcon_core.package_identification:_identify(Music) by extension 'ignore_ament_install'
[0.567s] Level 1:colcon.colcon_core.package_identification:_identify(Music) by extensions ['colcon_pkg']
[0.567s] Level 1:colcon.colcon_core.package_identification:_identify(Music) by extension 'colcon_pkg'
[0.567s] Level 1:colcon.colcon_core.package_identification:_identify(Music) by extensions ['colcon_meta']
[0.567s] Level 1:colcon.colcon_core.package_identification:_identify(Music) by extension 'colcon_meta'
[0.567s] Level 1:colcon.colcon_core.package_identification:_identify(Music) by extensions ['ros']
[0.567s] Level 1:colcon.colcon_core.package_identification:_identify(Music) by extension 'ros'
[0.567s] Level 1:colcon.colcon_core.package_identification:_identify(Music) by extensions ['cmake', 'python']
[0.567s] Level 1:colcon.colcon_core.package_identification:_identify(Music) by extension 'cmake'
[0.567s] Level 1:colcon.colcon_core.package_identification:_identify(Music) by extension 'python'
[0.567s] Level 1:colcon.colcon_core.package_identification:_identify(Music) by extensions ['python_setup_py']
[0.567s] Level 1:colcon.colcon_core.package_identification:_identify(Music) by extension 'python_setup_py'
[0.567s] Level 1:colcon.colcon_core.package_identification:_identify(Pictures) by extensions ['ignore', 'ignore_ament_install']
[0.567s] Level 1:colcon.colcon_core.package_identification:_identify(Pictures) by extension 'ignore'
[0.567s] Level 1:colcon.colcon_core.package_identification:_identify(Pictures) by extension 'ignore_ament_install'
[0.567s] Level 1:colcon.colcon_core.package_identification:_identify(Pictures) by extensions ['colcon_pkg']
[0.567s] Level 1:colcon.colcon_core.package_identification:_identify(Pictures) by extension 'colcon_pkg'
[0.567s] Level 1:colcon.colcon_core.package_identification:_identify(Pictures) by extensions ['colcon_meta']
[0.567s] Level 1:colcon.colcon_core.package_identification:_identify(Pictures) by extension 'colcon_meta'
[0.567s] Level 1:colcon.colcon_core.package_identification:_identify(Pictures) by extensions ['ros']
[0.567s] Level 1:colcon.colcon_core.package_identification:_identify(Pictures) by extension 'ros'
[0.567s] Level 1:colcon.colcon_core.package_identification:_identify(Pictures) by extensions ['cmake', 'python']
[0.567s] Level 1:colcon.colcon_core.package_identification:_identify(Pictures) by extension 'cmake'
[0.567s] Level 1:colcon.colcon_core.package_identification:_identify(Pictures) by extension 'python'
[0.567s] Level 1:colcon.colcon_core.package_identification:_identify(Pictures) by extensions ['python_setup_py']
[0.567s] Level 1:colcon.colcon_core.package_identification:_identify(Pictures) by extension 'python_setup_py'
[0.567s] Level 1:colcon.colcon_core.package_identification:_identify(Public) by extensions ['ignore', 'ignore_ament_install']
[0.567s] Level 1:colcon.colcon_core.package_identification:_identify(Public) by extension 'ignore'
[0.567s] Level 1:colcon.colcon_core.package_identification:_identify(Public) by extension 'ignore_ament_install'
[0.567s] Level 1:colcon.colcon_core.package_identification:_identify(Public) by extensions ['colcon_pkg']
[0.567s] Level 1:colcon.colcon_core.package_identification:_identify(Public) by extension 'colcon_pkg'
[0.567s] Level 1:colcon.colcon_core.package_identification:_identify(Public) by extensions ['colcon_meta']
[0.567s] Level 1:colcon.colcon_core.package_identification:_identify(Public) by extension 'colcon_meta'
[0.567s] Level 1:colcon.colcon_core.package_identification:_identify(Public) by extensions ['ros']
[0.567s] Level 1:colcon.colcon_core.package_identification:_identify(Public) by extension 'ros'
[0.568s] Level 1:colcon.colcon_core.package_identification:_identify(Public) by extensions ['cmake', 'python']
[0.568s] Level 1:colcon.colcon_core.package_identification:_identify(Public) by extension 'cmake'
[0.568s] Level 1:colcon.colcon_core.package_identification:_identify(Public) by extension 'python'
[0.568s] Level 1:colcon.colcon_core.package_identification:_identify(Public) by extensions ['python_setup_py']
[0.568s] Level 1:colcon.colcon_core.package_identification:_identify(Public) by extension 'python_setup_py'
[0.568s] Level 1:colcon.colcon_core.package_identification:_identify(Templates) by extensions ['ignore', 'ignore_ament_install']
[0.568s] Level 1:colcon.colcon_core.package_identification:_identify(Templates) by extension 'ignore'
[0.568s] Level 1:colcon.colcon_core.package_identification:_identify(Templates) by extension 'ignore_ament_install'
[0.568s] Level 1:colcon.colcon_core.package_identification:_identify(Templates) by extensions ['colcon_pkg']
[0.568s] Level 1:colcon.colcon_core.package_identification:_identify(Templates) by extension 'colcon_pkg'
[0.568s] Level 1:colcon.colcon_core.package_identification:_identify(Templates) by extensions ['colcon_meta']
[0.568s] Level 1:colcon.colcon_core.package_identification:_identify(Templates) by extension 'colcon_meta'
[0.568s] Level 1:colcon.colcon_core.package_identification:_identify(Templates) by extensions ['ros']
[0.568s] Level 1:colcon.colcon_core.package_identification:_identify(Templates) by extension 'ros'
[0.568s] Level 1:colcon.colcon_core.package_identification:_identify(Templates) by extensions ['cmake', 'python']
[0.568s] Level 1:colcon.colcon_core.package_identification:_identify(Templates) by extension 'cmake'
[0.568s] Level 1:colcon.colcon_core.package_identification:_identify(Templates) by extension 'python'
[0.568s] Level 1:colcon.colcon_core.package_identification:_identify(Templates) by extensions ['python_setup_py']
[0.568s] Level 1:colcon.colcon_core.package_identification:_identify(Templates) by extension 'python_setup_py'
[0.568s] Level 1:colcon.colcon_core.package_identification:_identify(Videos) by extensions ['ignore', 'ignore_ament_install']
[0.568s] Level 1:colcon.colcon_core.package_identification:_identify(Videos) by extension 'ignore'
[0.568s] Level 1:colcon.colcon_core.package_identification:_identify(Videos) by extension 'ignore_ament_install'
[0.568s] Level 1:colcon.colcon_core.package_identification:_identify(Videos) by extensions ['colcon_pkg']
[0.568s] Level 1:colcon.colcon_core.package_identification:_identify(Videos) by extension 'colcon_pkg'
[0.568s] Level 1:colcon.colcon_core.package_identification:_identify(Videos) by extensions ['colcon_meta']
[0.568s] Level 1:colcon.colcon_core.package_identification:_identify(Videos) by extension 'colcon_meta'
[0.568s] Level 1:colcon.colcon_core.package_identification:_identify(Videos) by extensions ['ros']
[0.568s] Level 1:colcon.colcon_core.package_identification:_identify(Videos) by extension 'ros'
[0.568s] Level 1:colcon.colcon_core.package_identification:_identify(Videos) by extensions ['cmake', 'python']
[0.568s] Level 1:colcon.colcon_core.package_identification:_identify(Videos) by extension 'cmake'
[0.568s] Level 1:colcon.colcon_core.package_identification:_identify(Videos) by extension 'python'
[0.568s] Level 1:colcon.colcon_core.package_identification:_identify(Videos) by extensions ['python_setup_py']
[0.568s] Level 1:colcon.colcon_core.package_identification:_identify(Videos) by extension 'python_setup_py'
[0.568s] Level 1:colcon.colcon_core.package_identification:_identify(build) by extensions ['ignore', 'ignore_ament_install']
[0.569s] Level 1:colcon.colcon_core.package_identification:_identify(build) by extension 'ignore'
[0.569s] Level 1:colcon.colcon_core.package_identification:_identify(build) ignored
[0.569s] Level 1:colcon.colcon_core.package_identification:_identify(install) by extensions ['ignore', 'ignore_ament_install']
[0.569s] Level 1:colcon.colcon_core.package_identification:_identify(install) by extension 'ignore'
[0.569s] Level 1:colcon.colcon_core.package_identification:_identify(install) ignored
[0.569s] Level 1:colcon.colcon_core.package_identification:_identify(log) by extensions ['ignore', 'ignore_ament_install']
[0.569s] Level 1:colcon.colcon_core.package_identification:_identify(log) by extension 'ignore'
[0.569s] Level 1:colcon.colcon_core.package_identification:_identify(log) ignored
[0.569s] Level 1:colcon.colcon_core.package_identification:_identify(ros2_ws) by extensions ['ignore', 'ignore_ament_install']
[0.569s] Level 1:colcon.colcon_core.package_identification:_identify(ros2_ws) by extension 'ignore'
[0.569s] Level 1:colcon.colcon_core.package_identification:_identify(ros2_ws) by extension 'ignore_ament_install'
[0.569s] Level 1:colcon.colcon_core.package_identification:_identify(ros2_ws) by extensions ['colcon_pkg']
[0.569s] Level 1:colcon.colcon_core.package_identification:_identify(ros2_ws) by extension 'colcon_pkg'
[0.569s] Level 1:colcon.colcon_core.package_identification:_identify(ros2_ws) by extensions ['colcon_meta']
[0.569s] Level 1:colcon.colcon_core.package_identification:_identify(ros2_ws) by extension 'colcon_meta'
[0.569s] Level 1:colcon.colcon_core.package_identification:_identify(ros2_ws) by extensions ['ros']
[0.569s] Level 1:colcon.colcon_core.package_identification:_identify(ros2_ws) by extension 'ros'
[0.569s] Level 1:colcon.colcon_core.package_identification:_identify(ros2_ws) by extensions ['cmake', 'python']
[0.569s] Level 1:colcon.colcon_core.package_identification:_identify(ros2_ws) by extension 'cmake'
[0.569s] Level 1:colcon.colcon_core.package_identification:_identify(ros2_ws) by extension 'python'
[0.569s] Level 1:colcon.colcon_core.package_identification:_identify(ros2_ws) by extensions ['python_setup_py']
[0.569s] Level 1:colcon.colcon_core.package_identification:_identify(ros2_ws) by extension 'python_setup_py'
[0.569s] Level 1:colcon.colcon_core.package_identification:_identify(ros2_ws/build) by extensions ['ignore', 'ignore_ament_install']
[0.569s] Level 1:colcon.colcon_core.package_identification:_identify(ros2_ws/build) by extension 'ignore'
[0.569s] Level 1:colcon.colcon_core.package_identification:_identify(ros2_ws/build) ignored
[0.569s] Level 1:colcon.colcon_core.package_identification:_identify(ros2_ws/install) by extensions ['ignore', 'ignore_ament_install']
[0.569s] Level 1:colcon.colcon_core.package_identification:_identify(ros2_ws/install) by extension 'ignore'
[0.570s] Level 1:colcon.colcon_core.package_identification:_identify(ros2_ws/install) ignored
[0.570s] Level 1:colcon.colcon_core.package_identification:_identify(ros2_ws/log) by extensions ['ignore', 'ignore_ament_install']
[0.570s] Level 1:colcon.colcon_core.package_identification:_identify(ros2_ws/log) by extension 'ignore'
[0.570s] Level 1:colcon.colcon_core.package_identification:_identify(ros2_ws/log) ignored
[0.570s] Level 1:colcon.colcon_core.package_identification:_identify(ros2_ws/src) by extensions ['ignore', 'ignore_ament_install']
[0.570s] Level 1:colcon.colcon_core.package_identification:_identify(ros2_ws/src) by extension 'ignore'
[0.570s] Level 1:colcon.colcon_core.package_identification:_identify(ros2_ws/src) by extension 'ignore_ament_install'
[0.570s] Level 1:colcon.colcon_core.package_identification:_identify(ros2_ws/src) by extensions ['colcon_pkg']
[0.570s] Level 1:colcon.colcon_core.package_identification:_identify(ros2_ws/src) by extension 'colcon_pkg'
[0.570s] Level 1:colcon.colcon_core.package_identification:_identify(ros2_ws/src) by extensions ['colcon_meta']
[0.570s] Level 1:colcon.colcon_core.package_identification:_identify(ros2_ws/src) by extension 'colcon_meta'
[0.570s] Level 1:colcon.colcon_core.package_identification:_identify(ros2_ws/src) by extensions ['ros']
[0.570s] Level 1:colcon.colcon_core.package_identification:_identify(ros2_ws/src) by extension 'ros'
[0.570s] Level 1:colcon.colcon_core.package_identification:_identify(ros2_ws/src) by extensions ['cmake', 'python']
[0.570s] Level 1:colcon.colcon_core.package_identification:_identify(ros2_ws/src) by extension 'cmake'
[0.570s] Level 1:colcon.colcon_core.package_identification:_identify(ros2_ws/src) by extension 'python'
[0.570s] Level 1:colcon.colcon_core.package_identification:_identify(ros2_ws/src) by extensions ['python_setup_py']
[0.570s] Level 1:colcon.colcon_core.package_identification:_identify(ros2_ws/src) by extension 'python_setup_py'
[0.570s] Level 1:colcon.colcon_core.package_identification:_identify(ros2_ws/src/task_4) by extensions ['ignore', 'ignore_ament_install']
[0.570s] Level 1:colcon.colcon_core.package_identification:_identify(ros2_ws/src/task_4) by extension 'ignore'
[0.570s] Level 1:colcon.colcon_core.package_identification:_identify(ros2_ws/src/task_4) by extension 'ignore_ament_install'
[0.570s] Level 1:colcon.colcon_core.package_identification:_identify(ros2_ws/src/task_4) by extensions ['colcon_pkg']
[0.570s] Level 1:colcon.colcon_core.package_identification:_identify(ros2_ws/src/task_4) by extension 'colcon_pkg'
[0.570s] Level 1:colcon.colcon_core.package_identification:_identify(ros2_ws/src/task_4) by extensions ['colcon_meta']
[0.570s] Level 1:colcon.colcon_core.package_identification:_identify(ros2_ws/src/task_4) by extension 'colcon_meta'
[0.570s] Level 1:colcon.colcon_core.package_identification:_identify(ros2_ws/src/task_4) by extensions ['ros']
[0.570s] Level 1:colcon.colcon_core.package_identification:_identify(ros2_ws/src/task_4) by extension 'ros'
[0.574s] DEBUG:colcon.colcon_core.package_identification:Package 'ros2_ws/src/task_4' with type 'ros.ament_python' and name 'task_4'
[0.574s] Level 1:colcon.colcon_core.package_identification:_identify(snap) by extensions ['ignore', 'ignore_ament_install']
[0.574s] Level 1:colcon.colcon_core.package_identification:_identify(snap) by extension 'ignore'
[0.575s] Level 1:colcon.colcon_core.package_identification:_identify(snap) by extension 'ignore_ament_install'
[0.575s] Level 1:colcon.colcon_core.package_identification:_identify(snap) by extensions ['colcon_pkg']
[0.575s] Level 1:colcon.colcon_core.package_identification:_identify(snap) by extension 'colcon_pkg'
[0.575s] Level 1:colcon.colcon_core.package_identification:_identify(snap) by extensions ['colcon_meta']
[0.575s] Level 1:colcon.colcon_core.package_identification:_identify(snap) by extension 'colcon_meta'
[0.575s] Level 1:colcon.colcon_core.package_identification:_identify(snap) by extensions ['ros']
[0.575s] Level 1:colcon.colcon_core.package_identification:_identify(snap) by extension 'ros'
[0.575s] Level 1:colcon.colcon_core.package_identification:_identify(snap) by extensions ['cmake', 'python']
[0.575s] Level 1:colcon.colcon_core.package_identification:_identify(snap) by extension 'cmake'
[0.575s] Level 1:colcon.colcon_core.package_identification:_identify(snap) by extension 'python'
[0.575s] Level 1:colcon.colcon_core.package_identification:_identify(snap) by extensions ['python_setup_py']
[0.575s] Level 1:colcon.colcon_core.package_identification:_identify(snap) by extension 'python_setup_py'
[0.575s] Level 1:colcon.colcon_core.package_identification:_identify(snap/code) by extensions ['ignore', 'ignore_ament_install']
[0.575s] Level 1:colcon.colcon_core.package_identification:_identify(snap/code) by extension 'ignore'
[0.575s] Level 1:colcon.colcon_core.package_identification:_identify(snap/code) by extension 'ignore_ament_install'
[0.575s] Level 1:colcon.colcon_core.package_identification:_identify(snap/code) by extensions ['colcon_pkg']
[0.575s] Level 1:colcon.colcon_core.package_identification:_identify(snap/code) by extension 'colcon_pkg'
[0.575s] Level 1:colcon.colcon_core.package_identification:_identify(snap/code) by extensions ['colcon_meta']
[0.575s] Level 1:colcon.colcon_core.package_identification:_identify(snap/code) by extension 'colcon_meta'
[0.575s] Level 1:colcon.colcon_core.package_identification:_identify(snap/code) by extensions ['ros']
[0.575s] Level 1:colcon.colcon_core.package_identification:_identify(snap/code) by extension 'ros'
[0.575s] Level 1:colcon.colcon_core.package_identification:_identify(snap/code) by extensions ['cmake', 'python']
[0.575s] Level 1:colcon.colcon_core.package_identification:_identify(snap/code) by extension 'cmake'
[0.575s] Level 1:colcon.colcon_core.package_identification:_identify(snap/code) by extension 'python'
[0.575s] Level 1:colcon.colcon_core.package_identification:_identify(snap/code) by extensions ['python_setup_py']
[0.575s] Level 1:colcon.colcon_core.package_identification:_identify(snap/code) by extension 'python_setup_py'
[0.575s] Level 1:colcon.colcon_core.package_identification:_identify(snap/code/167) by extensions ['ignore', 'ignore_ament_install']
[0.575s] Level 1:colcon.colcon_core.package_identification:_identify(snap/code/167) by extension 'ignore'
[0.575s] Level 1:colcon.colcon_core.package_identification:_identify(snap/code/167) by extension 'ignore_ament_install'
[0.576s] Level 1:colcon.colcon_core.package_identification:_identify(snap/code/167) by extensions ['colcon_pkg']
[0.576s] Level 1:colcon.colcon_core.package_identification:_identify(snap/code/167) by extension 'colcon_pkg'
[0.576s] Level 1:colcon.colcon_core.package_identification:_identify(snap/code/167) by extensions ['colcon_meta']
[0.576s] Level 1:colcon.colcon_core.package_identification:_identify(snap/code/167) by extension 'colcon_meta'
[0.576s] Level 1:colcon.colcon_core.package_identification:_identify(snap/code/167) by extensions ['ros']
[0.576s] Level 1:colcon.colcon_core.package_identification:_identify(snap/code/167) by extension 'ros'
[0.576s] Level 1:colcon.colcon_core.package_identification:_identify(snap/code/167) by extensions ['cmake', 'python']
[0.576s] Level 1:colcon.colcon_core.package_identification:_identify(snap/code/167) by extension 'cmake'
[0.576s] Level 1:colcon.colcon_core.package_identification:_identify(snap/code/167) by extension 'python'
[0.576s] Level 1:colcon.colcon_core.package_identification:_identify(snap/code/167) by extensions ['python_setup_py']
[0.576s] Level 1:colcon.colcon_core.package_identification:_identify(snap/code/167) by extension 'python_setup_py'
[0.576s] Level 1:colcon.colcon_core.package_identification:_identify(snap/code/common) by extensions ['ignore', 'ignore_ament_install']
[0.576s] Level 1:colcon.colcon_core.package_identification:_identify(snap/code/common) by extension 'ignore'
[0.576s] Level 1:colcon.colcon_core.package_identification:_identify(snap/code/common) by extension 'ignore_ament_install'
[0.576s] Level 1:colcon.colcon_core.package_identification:_identify(snap/code/common) by extensions ['colcon_pkg']
[0.576s] Level 1:colcon.colcon_core.package_identification:_identify(snap/code/common) by extension 'colcon_pkg'
[0.576s] Level 1:colcon.colcon_core.package_identification:_identify(snap/code/common) by extensions ['colcon_meta']
[0.576s] Level 1:colcon.colcon_core.package_identification:_identify(snap/code/common) by extension 'colcon_meta'
[0.576s] Level 1:colcon.colcon_core.package_identification:_identify(snap/code/common) by extensions ['ros']
[0.576s] Level 1:colcon.colcon_core.package_identification:_identify(snap/code/common) by extension 'ros'
[0.577s] Level 1:colcon.colcon_core.package_identification:_identify(snap/code/common) by extensions ['cmake', 'python']
[0.577s] Level 1:colcon.colcon_core.package_identification:_identify(snap/code/common) by extension 'cmake'
[0.577s] Level 1:colcon.colcon_core.package_identification:_identify(snap/code/common) by extension 'python'
[0.577s] Level 1:colcon.colcon_core.package_identification:_identify(snap/code/common) by extensions ['python_setup_py']
[0.577s] Level 1:colcon.colcon_core.package_identification:_identify(snap/code/common) by extension 'python_setup_py'
[0.577s] Level 1:colcon.colcon_core.package_identification:_identify(snap/firefox) by extensions ['ignore', 'ignore_ament_install']
[0.577s] Level 1:colcon.colcon_core.package_identification:_identify(snap/firefox) by extension 'ignore'
[0.577s] Level 1:colcon.colcon_core.package_identification:_identify(snap/firefox) by extension 'ignore_ament_install'
[0.577s] Level 1:colcon.colcon_core.package_identification:_identify(snap/firefox) by extensions ['colcon_pkg']
[0.577s] Level 1:colcon.colcon_core.package_identification:_identify(snap/firefox) by extension 'colcon_pkg'
[0.577s] Level 1:colcon.colcon_core.package_identification:_identify(snap/firefox) by extensions ['colcon_meta']
[0.577s] Level 1:colcon.colcon_core.package_identification:_identify(snap/firefox) by extension 'colcon_meta'
[0.577s] Level 1:colcon.colcon_core.package_identification:_identify(snap/firefox) by extensions ['ros']
[0.577s] Level 1:colcon.colcon_core.package_identification:_identify(snap/firefox) by extension 'ros'
[0.577s] Level 1:colcon.colcon_core.package_identification:_identify(snap/firefox) by extensions ['cmake', 'python']
[0.577s] Level 1:colcon.colcon_core.package_identification:_identify(snap/firefox) by extension 'cmake'
[0.577s] Level 1:colcon.colcon_core.package_identification:_identify(snap/firefox) by extension 'python'
[0.577s] Level 1:colcon.colcon_core.package_identification:_identify(snap/firefox) by extensions ['python_setup_py']
[0.577s] Level 1:colcon.colcon_core.package_identification:_identify(snap/firefox) by extension 'python_setup_py'
[0.578s] Level 1:colcon.colcon_core.package_identification:_identify(snap/firefox/5783) by extensions ['ignore', 'ignore_ament_install']
[0.578s] Level 1:colcon.colcon_core.package_identification:_identify(snap/firefox/5783) by extension 'ignore'
[0.578s] Level 1:colcon.colcon_core.package_identification:_identify(snap/firefox/5783) by extension 'ignore_ament_install'
[0.578s] Level 1:colcon.colcon_core.package_identification:_identify(snap/firefox/5783) by extensions ['colcon_pkg']
[0.578s] Level 1:colcon.colcon_core.package_identification:_identify(snap/firefox/5783) by extension 'colcon_pkg'
[0.578s] Level 1:colcon.colcon_core.package_identification:_identify(snap/firefox/5783) by extensions ['colcon_meta']
[0.578s] Level 1:colcon.colcon_core.package_identification:_identify(snap/firefox/5783) by extension 'colcon_meta'
[0.578s] Level 1:colcon.colcon_core.package_identification:_identify(snap/firefox/5783) by extensions ['ros']
[0.578s] Level 1:colcon.colcon_core.package_identification:_identify(snap/firefox/5783) by extension 'ros'
[0.578s] Level 1:colcon.colcon_core.package_identification:_identify(snap/firefox/5783) by extensions ['cmake', 'python']
[0.578s] Level 1:colcon.colcon_core.package_identification:_identify(snap/firefox/5783) by extension 'cmake'
[0.578s] Level 1:colcon.colcon_core.package_identification:_identify(snap/firefox/5783) by extension 'python'
[0.578s] Level 1:colcon.colcon_core.package_identification:_identify(snap/firefox/5783) by extensions ['python_setup_py']
[0.578s] Level 1:colcon.colcon_core.package_identification:_identify(snap/firefox/5783) by extension 'python_setup_py'
[0.579s] Level 1:colcon.colcon_core.package_identification:_identify(snap/firefox/5836) by extensions ['ignore', 'ignore_ament_install']
[0.579s] Level 1:colcon.colcon_core.package_identification:_identify(snap/firefox/5836) by extension 'ignore'
[0.579s] Level 1:colcon.colcon_core.package_identification:_identify(snap/firefox/5836) by extension 'ignore_ament_install'
[0.579s] Level 1:colcon.colcon_core.package_identification:_identify(snap/firefox/5836) by extensions ['colcon_pkg']
[0.579s] Level 1:colcon.colcon_core.package_identification:_identify(snap/firefox/5836) by extension 'colcon_pkg'
[0.579s] Level 1:colcon.colcon_core.package_identification:_identify(snap/firefox/5836) by extensions ['colcon_meta']
[0.579s] Level 1:colcon.colcon_core.package_identification:_identify(snap/firefox/5836) by extension 'colcon_meta'
[0.579s] Level 1:colcon.colcon_core.package_identification:_identify(snap/firefox/5836) by extensions ['ros']
[0.579s] Level 1:colcon.colcon_core.package_identification:_identify(snap/firefox/5836) by extension 'ros'
[0.579s] Level 1:colcon.colcon_core.package_identification:_identify(snap/firefox/5836) by extensions ['cmake', 'python']
[0.579s] Level 1:colcon.colcon_core.package_identification:_identify(snap/firefox/5836) by extension 'cmake'
[0.579s] Level 1:colcon.colcon_core.package_identification:_identify(snap/firefox/5836) by extension 'python'
[0.579s] Level 1:colcon.colcon_core.package_identification:_identify(snap/firefox/5836) by extensions ['python_setup_py']
[0.579s] Level 1:colcon.colcon_core.package_identification:_identify(snap/firefox/5836) by extension 'python_setup_py'
[0.580s] Level 1:colcon.colcon_core.package_identification:_identify(snap/firefox/common) by extensions ['ignore', 'ignore_ament_install']
[0.580s] Level 1:colcon.colcon_core.package_identification:_identify(snap/firefox/common) by extension 'ignore'
[0.580s] Level 1:colcon.colcon_core.package_identification:_identify(snap/firefox/common) by extension 'ignore_ament_install'
[0.580s] Level 1:colcon.colcon_core.package_identification:_identify(snap/firefox/common) by extensions ['colcon_pkg']
[0.580s] Level 1:colcon.colcon_core.package_identification:_identify(snap/firefox/common) by extension 'colcon_pkg'
[0.580s] Level 1:colcon.colcon_core.package_identification:_identify(snap/firefox/common) by extensions ['colcon_meta']
[0.580s] Level 1:colcon.colcon_core.package_identification:_identify(snap/firefox/common) by extension 'colcon_meta'
[0.580s] Level 1:colcon.colcon_core.package_identification:_identify(snap/firefox/common) by extensions ['ros']
[0.580s] Level 1:colcon.colcon_core.package_identification:_identify(snap/firefox/common) by extension 'ros'
[0.580s] Level 1:colcon.colcon_core.package_identification:_identify(snap/firefox/common) by extensions ['cmake', 'python']
[0.580s] Level 1:colcon.colcon_core.package_identification:_identify(snap/firefox/common) by extension 'cmake'
[0.580s] Level 1:colcon.colcon_core.package_identification:_identify(snap/firefox/common) by extension 'python'
[0.580s] Level 1:colcon.colcon_core.package_identification:_identify(snap/firefox/common) by extensions ['python_setup_py']
[0.580s] Level 1:colcon.colcon_core.package_identification:_identify(snap/firefox/common) by extension 'python_setup_py'
[0.580s] Level 1:colcon.colcon_core.package_identification:_identify(snap/snapd-desktop-integration) by extensions ['ignore', 'ignore_ament_install']
[0.580s] Level 1:colcon.colcon_core.package_identification:_identify(snap/snapd-desktop-integration) by extension 'ignore'
[0.580s] Level 1:colcon.colcon_core.package_identification:_identify(snap/snapd-desktop-integration) by extension 'ignore_ament_install'
[0.580s] Level 1:colcon.colcon_core.package_identification:_identify(snap/snapd-desktop-integration) by extensions ['colcon_pkg']
[0.580s] Level 1:colcon.colcon_core.package_identification:_identify(snap/snapd-desktop-integration) by extension 'colcon_pkg'
[0.580s] Level 1:colcon.colcon_core.package_identification:_identify(snap/snapd-desktop-integration) by extensions ['colcon_meta']
[0.580s] Level 1:colcon.colcon_core.package_identification:_identify(snap/snapd-desktop-integration) by extension 'colcon_meta'
[0.580s] Level 1:colcon.colcon_core.package_identification:_identify(snap/snapd-desktop-integration) by extensions ['ros']
[0.580s] Level 1:colcon.colcon_core.package_identification:_identify(snap/snapd-desktop-integration) by extension 'ros'
[0.580s] Level 1:colcon.colcon_core.package_identification:_identify(snap/snapd-desktop-integration) by extensions ['cmake', 'python']
[0.580s] Level 1:colcon.colcon_core.package_identification:_identify(snap/snapd-desktop-integration) by extension 'cmake'
[0.580s] Level 1:colcon.colcon_core.package_identification:_identify(snap/snapd-desktop-integration) by extension 'python'
[0.580s] Level 1:colcon.colcon_core.package_identification:_identify(snap/snapd-desktop-integration) by extensions ['python_setup_py']
[0.580s] Level 1:colcon.colcon_core.package_identification:_identify(snap/snapd-desktop-integration) by extension 'python_setup_py'
[0.580s] Level 1:colcon.colcon_core.package_identification:_identify(snap/snapd-desktop-integration/253) by extensions ['ignore', 'ignore_ament_install']
[0.581s] Level 1:colcon.colcon_core.package_identification:_identify(snap/snapd-desktop-integration/253) by extension 'ignore'
[0.581s] Level 1:colcon.colcon_core.package_identification:_identify(snap/snapd-desktop-integration/253) by extension 'ignore_ament_install'
[0.581s] Level 1:colcon.colcon_core.package_identification:_identify(snap/snapd-desktop-integration/253) by extensions ['colcon_pkg']
[0.581s] Level 1:colcon.colcon_core.package_identification:_identify(snap/snapd-desktop-integration/253) by extension 'colcon_pkg'
[0.581s] Level 1:colcon.colcon_core.package_identification:_identify(snap/snapd-desktop-integration/253) by extensions ['colcon_meta']
[0.581s] Level 1:colcon.colcon_core.package_identification:_identify(snap/snapd-desktop-integration/253) by extension 'colcon_meta'
[0.581s] Level 1:colcon.colcon_core.package_identification:_identify(snap/snapd-desktop-integration/253) by extensions ['ros']
[0.581s] Level 1:colcon.colcon_core.package_identification:_identify(snap/snapd-desktop-integration/253) by extension 'ros'
[0.581s] Level 1:colcon.colcon_core.package_identification:_identify(snap/snapd-desktop-integration/253) by extensions ['cmake', 'python']
[0.581s] Level 1:colcon.colcon_core.package_identification:_identify(snap/snapd-desktop-integration/253) by extension 'cmake'
[0.581s] Level 1:colcon.colcon_core.package_identification:_identify(snap/snapd-desktop-integration/253) by extension 'python'
[0.581s] Level 1:colcon.colcon_core.package_identification:_identify(snap/snapd-desktop-integration/253) by extensions ['python_setup_py']
[0.581s] Level 1:colcon.colcon_core.package_identification:_identify(snap/snapd-desktop-integration/253) by extension 'python_setup_py'
[0.581s] Level 1:colcon.colcon_core.package_identification:_identify(snap/snapd-desktop-integration/253/Desktop) by extensions ['ignore', 'ignore_ament_install']
[0.581s] Level 1:colcon.colcon_core.package_identification:_identify(snap/snapd-desktop-integration/253/Desktop) by extension 'ignore'
[0.581s] Level 1:colcon.colcon_core.package_identification:_identify(snap/snapd-desktop-integration/253/Desktop) by extension 'ignore_ament_install'
[0.581s] Level 1:colcon.colcon_core.package_identification:_identify(snap/snapd-desktop-integration/253/Desktop) by extensions ['colcon_pkg']
[0.581s] Level 1:colcon.colcon_core.package_identification:_identify(snap/snapd-desktop-integration/253/Desktop) by extension 'colcon_pkg'
[0.582s] Level 1:colcon.colcon_core.package_identification:_identify(snap/snapd-desktop-integration/253/Desktop) by extensions ['colcon_meta']
[0.582s] Level 1:colcon.colcon_core.package_identification:_identify(snap/snapd-desktop-integration/253/Desktop) by extension 'colcon_meta'
[0.582s] Level 1:colcon.colcon_core.package_identification:_identify(snap/snapd-desktop-integration/253/Desktop) by extensions ['ros']
[0.582s] Level 1:colcon.colcon_core.package_identification:_identify(snap/snapd-desktop-integration/253/Desktop) by extension 'ros'
[0.582s] Level 1:colcon.colcon_core.package_identification:_identify(snap/snapd-desktop-integration/253/Desktop) by extensions ['cmake', 'python']
[0.582s] Level 1:colcon.colcon_core.package_identification:_identify(snap/snapd-desktop-integration/253/Desktop) by extension 'cmake'
[0.582s] Level 1:colcon.colcon_core.package_identification:_identify(snap/snapd-desktop-integration/253/Desktop) by extension 'python'
[0.582s] Level 1:colcon.colcon_core.package_identification:_identify(snap/snapd-desktop-integration/253/Desktop) by extensions ['python_setup_py']
[0.582s] Level 1:colcon.colcon_core.package_identification:_identify(snap/snapd-desktop-integration/253/Desktop) by extension 'python_setup_py'
[0.582s] Level 1:colcon.colcon_core.package_identification:_identify(snap/snapd-desktop-integration/253/Documents) by extensions ['ignore', 'ignore_ament_install']
[0.582s] Level 1:colcon.colcon_core.package_identification:_identify(snap/snapd-desktop-integration/253/Documents) by extension 'ignore'
[0.582s] Level 1:colcon.colcon_core.package_identification:_identify(snap/snapd-desktop-integration/253/Documents) by extension 'ignore_ament_install'
[0.582s] Level 1:colcon.colcon_core.package_identification:_identify(snap/snapd-desktop-integration/253/Documents) by extensions ['colcon_pkg']
[0.582s] Level 1:colcon.colcon_core.package_identification:_identify(snap/snapd-desktop-integration/253/Documents) by extension 'colcon_pkg'
[0.582s] Level 1:colcon.colcon_core.package_identification:_identify(snap/snapd-desktop-integration/253/Documents) by extensions ['colcon_meta']
[0.582s] Level 1:colcon.colcon_core.package_identification:_identify(snap/snapd-desktop-integration/253/Documents) by extension 'colcon_meta'
[0.583s] Level 1:colcon.colcon_core.package_identification:_identify(snap/snapd-desktop-integration/253/Documents) by extensions ['ros']
[0.583s] Level 1:colcon.colcon_core.package_identification:_identify(snap/snapd-desktop-integration/253/Documents) by extension 'ros'
[0.583s] Level 1:colcon.colcon_core.package_identification:_identify(snap/snapd-desktop-integration/253/Documents) by extensions ['cmake', 'python']
[0.583s] Level 1:colcon.colcon_core.package_identification:_identify(snap/snapd-desktop-integration/253/Documents) by extension 'cmake'
[0.583s] Level 1:colcon.colcon_core.package_identification:_identify(snap/snapd-desktop-integration/253/Documents) by extension 'python'
[0.583s] Level 1:colcon.colcon_core.package_identification:_identify(snap/snapd-desktop-integration/253/Documents) by extensions ['python_setup_py']
[0.583s] Level 1:colcon.colcon_core.package_identification:_identify(snap/snapd-desktop-integration/253/Documents) by extension 'python_setup_py'
[0.583s] Level 1:colcon.colcon_core.package_identification:_identify(snap/snapd-desktop-integration/253/Downloads) by extensions ['ignore', 'ignore_ament_install']
[0.583s] Level 1:colcon.colcon_core.package_identification:_identify(snap/snapd-desktop-integration/253/Downloads) by extension 'ignore'
[0.583s] Level 1:colcon.colcon_core.package_identification:_identify(snap/snapd-desktop-integration/253/Downloads) by extension 'ignore_ament_install'
[0.583s] Level 1:colcon.colcon_core.package_identification:_identify(snap/snapd-desktop-integration/253/Downloads) by extensions ['colcon_pkg']
[0.583s] Level 1:colcon.colcon_core.package_identification:_identify(snap/snapd-desktop-integration/253/Downloads) by extension 'colcon_pkg'
[0.583s] Level 1:colcon.colcon_core.package_identification:_identify(snap/snapd-desktop-integration/253/Downloads) by extensions ['colcon_meta']
[0.583s] Level 1:colcon.colcon_core.package_identification:_identify(snap/snapd-desktop-integration/253/Downloads) by extension 'colcon_meta'
[0.583s] Level 1:colcon.colcon_core.package_identification:_identify(snap/snapd-desktop-integration/253/Downloads) by extensions ['ros']
[0.583s] Level 1:colcon.colcon_core.package_identification:_identify(snap/snapd-desktop-integration/253/Downloads) by extension 'ros'
[0.583s] Level 1:colcon.colcon_core.package_identification:_identify(snap/snapd-desktop-integration/253/Downloads) by extensions ['cmake', 'python']
[0.583s] Level 1:colcon.colcon_core.package_identification:_identify(snap/snapd-desktop-integration/253/Downloads) by extension 'cmake'
[0.583s] Level 1:colcon.colcon_core.package_identification:_identify(snap/snapd-desktop-integration/253/Downloads) by extension 'python'
[0.583s] Level 1:colcon.colcon_core.package_identification:_identify(snap/snapd-desktop-integration/253/Downloads) by extensions ['python_setup_py']
[0.583s] Level 1:colcon.colcon_core.package_identification:_identify(snap/snapd-desktop-integration/253/Downloads) by extension 'python_setup_py'
[0.584s] Level 1:colcon.colcon_core.package_identification:_identify(snap/snapd-desktop-integration/253/Music) by extensions ['ignore', 'ignore_ament_install']
[0.584s] Level 1:colcon.colcon_core.package_identification:_identify(snap/snapd-desktop-integration/253/Music) by extension 'ignore'
[0.584s] Level 1:colcon.colcon_core.package_identification:_identify(snap/snapd-desktop-integration/253/Music) by extension 'ignore_ament_install'
[0.584s] Level 1:colcon.colcon_core.package_identification:_identify(snap/snapd-desktop-integration/253/Music) by extensions ['colcon_pkg']
[0.584s] Level 1:colcon.colcon_core.package_identification:_identify(snap/snapd-desktop-integration/253/Music) by extension 'colcon_pkg'
[0.584s] Level 1:colcon.colcon_core.package_identification:_identify(snap/snapd-desktop-integration/253/Music) by extensions ['colcon_meta']
[0.584s] Level 1:colcon.colcon_core.package_identification:_identify(snap/snapd-desktop-integration/253/Music) by extension 'colcon_meta'
[0.584s] Level 1:colcon.colcon_core.package_identification:_identify(snap/snapd-desktop-integration/253/Music) by extensions ['ros']
[0.584s] Level 1:colcon.colcon_core.package_identification:_identify(snap/snapd-desktop-integration/253/Music) by extension 'ros'
[0.584s] Level 1:colcon.colcon_core.package_identification:_identify(snap/snapd-desktop-integration/253/Music) by extensions ['cmake', 'python']
[0.584s] Level 1:colcon.colcon_core.package_identification:_identify(snap/snapd-desktop-integration/253/Music) by extension 'cmake'
[0.584s] Level 1:colcon.colcon_core.package_identification:_identify(snap/snapd-desktop-integration/253/Music) by extension 'python'
[0.584s] Level 1:colcon.colcon_core.package_identification:_identify(snap/snapd-desktop-integration/253/Music) by extensions ['python_setup_py']
[0.584s] Level 1:colcon.colcon_core.package_identification:_identify(snap/snapd-desktop-integration/253/Music) by extension 'python_setup_py'
[0.584s] Level 1:colcon.colcon_core.package_identification:_identify(snap/snapd-desktop-integration/253/Pictures) by extensions ['ignore', 'ignore_ament_install']
[0.584s] Level 1:colcon.colcon_core.package_identification:_identify(snap/snapd-desktop-integration/253/Pictures) by extension 'ignore'
[0.584s] Level 1:colcon.colcon_core.package_identification:_identify(snap/snapd-desktop-integration/253/Pictures) by extension 'ignore_ament_install'
[0.585s] Level 1:colcon.colcon_core.package_identification:_identify(snap/snapd-desktop-integration/253/Pictures) by extensions ['colcon_pkg']
[0.585s] Level 1:colcon.colcon_core.package_identification:_identify(snap/snapd-desktop-integration/253/Pictures) by extension 'colcon_pkg'
[0.585s] Level 1:colcon.colcon_core.package_identification:_identify(snap/snapd-desktop-integration/253/Pictures) by extensions ['colcon_meta']
[0.585s] Level 1:colcon.colcon_core.package_identification:_identify(snap/snapd-desktop-integration/253/Pictures) by extension 'colcon_meta'
[0.585s] Level 1:colcon.colcon_core.package_identification:_identify(snap/snapd-desktop-integration/253/Pictures) by extensions ['ros']
[0.585s] Level 1:colcon.colcon_core.package_identification:_identify(snap/snapd-desktop-integration/253/Pictures) by extension 'ros'
[0.585s] Level 1:colcon.colcon_core.package_identification:_identify(snap/snapd-desktop-integration/253/Pictures) by extensions ['cmake', 'python']
[0.585s] Level 1:colcon.colcon_core.package_identification:_identify(snap/snapd-desktop-integration/253/Pictures) by extension 'cmake'
[0.585s] Level 1:colcon.colcon_core.package_identification:_identify(snap/snapd-desktop-integration/253/Pictures) by extension 'python'
[0.585s] Level 1:colcon.colcon_core.package_identification:_identify(snap/snapd-desktop-integration/253/Pictures) by extensions ['python_setup_py']
[0.585s] Level 1:colcon.colcon_core.package_identification:_identify(snap/snapd-desktop-integration/253/Pictures) by extension 'python_setup_py'
[0.585s] Level 1:colcon.colcon_core.package_identification:_identify(snap/snapd-desktop-integration/253/Public) by extensions ['ignore', 'ignore_ament_install']
[0.585s] Level 1:colcon.colcon_core.package_identification:_identify(snap/snapd-desktop-integration/253/Public) by extension 'ignore'
[0.585s] Level 1:colcon.colcon_core.package_identification:_identify(snap/snapd-desktop-integration/253/Public) by extension 'ignore_ament_install'
[0.585s] Level 1:colcon.colcon_core.package_identification:_identify(snap/snapd-desktop-integration/253/Public) by extensions ['colcon_pkg']
[0.585s] Level 1:colcon.colcon_core.package_identification:_identify(snap/snapd-desktop-integration/253/Public) by extension 'colcon_pkg'
[0.585s] Level 1:colcon.colcon_core.package_identification:_identify(snap/snapd-desktop-integration/253/Public) by extensions ['colcon_meta']
[0.585s] Level 1:colcon.colcon_core.package_identification:_identify(snap/snapd-desktop-integration/253/Public) by extension 'colcon_meta'
[0.585s] Level 1:colcon.colcon_core.package_identification:_identify(snap/snapd-desktop-integration/253/Public) by extensions ['ros']
[0.585s] Level 1:colcon.colcon_core.package_identification:_identify(snap/snapd-desktop-integration/253/Public) by extension 'ros'
[0.585s] Level 1:colcon.colcon_core.package_identification:_identify(snap/snapd-desktop-integration/253/Public) by extensions ['cmake', 'python']
[0.585s] Level 1:colcon.colcon_core.package_identification:_identify(snap/snapd-desktop-integration/253/Public) by extension 'cmake'
[0.585s] Level 1:colcon.colcon_core.package_identification:_identify(snap/snapd-desktop-integration/253/Public) by extension 'python'
[0.585s] Level 1:colcon.colcon_core.package_identification:_identify(snap/snapd-desktop-integration/253/Public) by extensions ['python_setup_py']
[0.585s] Level 1:colcon.colcon_core.package_identification:_identify(snap/snapd-desktop-integration/253/Public) by extension 'python_setup_py'
[0.586s] Level 1:colcon.colcon_core.package_identification:_identify(snap/snapd-desktop-integration/253/Templates) by extensions ['ignore', 'ignore_ament_install']
[0.586s] Level 1:colcon.colcon_core.package_identification:_identify(snap/snapd-desktop-integration/253/Templates) by extension 'ignore'
[0.586s] Level 1:colcon.colcon_core.package_identification:_identify(snap/snapd-desktop-integration/253/Templates) by extension 'ignore_ament_install'
[0.586s] Level 1:colcon.colcon_core.package_identification:_identify(snap/snapd-desktop-integration/253/Templates) by extensions ['colcon_pkg']
[0.586s] Level 1:colcon.colcon_core.package_identification:_identify(snap/snapd-desktop-integration/253/Templates) by extension 'colcon_pkg'
[0.586s] Level 1:colcon.colcon_core.package_identification:_identify(snap/snapd-desktop-integration/253/Templates) by extensions ['colcon_meta']
[0.586s] Level 1:colcon.colcon_core.package_identification:_identify(snap/snapd-desktop-integration/253/Templates) by extension 'colcon_meta'
[0.586s] Level 1:colcon.colcon_core.package_identification:_identify(snap/snapd-desktop-integration/253/Templates) by extensions ['ros']
[0.586s] Level 1:colcon.colcon_core.package_identification:_identify(snap/snapd-desktop-integration/253/Templates) by extension 'ros'
[0.586s] Level 1:colcon.colcon_core.package_identification:_identify(snap/snapd-desktop-integration/253/Templates) by extensions ['cmake', 'python']
[0.586s] Level 1:colcon.colcon_core.package_identification:_identify(snap/snapd-desktop-integration/253/Templates) by extension 'cmake'
[0.586s] Level 1:colcon.colcon_core.package_identification:_identify(snap/snapd-desktop-integration/253/Templates) by extension 'python'
[0.586s] Level 1:colcon.colcon_core.package_identification:_identify(snap/snapd-desktop-integration/253/Templates) by extensions ['python_setup_py']
[0.586s] Level 1:colcon.colcon_core.package_identification:_identify(snap/snapd-desktop-integration/253/Templates) by extension 'python_setup_py'
[0.587s] Level 1:colcon.colcon_core.package_identification:_identify(snap/snapd-desktop-integration/253/Videos) by extensions ['ignore', 'ignore_ament_install']
[0.587s] Level 1:colcon.colcon_core.package_identification:_identify(snap/snapd-desktop-integration/253/Videos) by extension 'ignore'
[0.587s] Level 1:colcon.colcon_core.package_identification:_identify(snap/snapd-desktop-integration/253/Videos) by extension 'ignore_ament_install'
[0.587s] Level 1:colcon.colcon_core.package_identification:_identify(snap/snapd-desktop-integration/253/Videos) by extensions ['colcon_pkg']
[0.587s] Level 1:colcon.colcon_core.package_identification:_identify(snap/snapd-desktop-integration/253/Videos) by extension 'colcon_pkg'
[0.587s] Level 1:colcon.colcon_core.package_identification:_identify(snap/snapd-desktop-integration/253/Videos) by extensions ['colcon_meta']
[0.587s] Level 1:colcon.colcon_core.package_identification:_identify(snap/snapd-desktop-integration/253/Videos) by extension 'colcon_meta'
[0.587s] Level 1:colcon.colcon_core.package_identification:_identify(snap/snapd-desktop-integration/253/Videos) by extensions ['ros']
[0.587s] Level 1:colcon.colcon_core.package_identification:_identify(snap/snapd-desktop-integration/253/Videos) by extension 'ros'
[0.587s] Level 1:colcon.colcon_core.package_identification:_identify(snap/snapd-desktop-integration/253/Videos) by extensions ['cmake', 'python']
[0.587s] Level 1:colcon.colcon_core.package_identification:_identify(snap/snapd-desktop-integration/253/Videos) by extension 'cmake'
[0.587s] Level 1:colcon.colcon_core.package_identification:_identify(snap/snapd-desktop-integration/253/Videos) by extension 'python'
[0.587s] Level 1:colcon.colcon_core.package_identification:_identify(snap/snapd-desktop-integration/253/Videos) by extensions ['python_setup_py']
[0.587s] Level 1:colcon.colcon_core.package_identification:_identify(snap/snapd-desktop-integration/253/Videos) by extension 'python_setup_py'
[0.588s] Level 1:colcon.colcon_core.package_identification:_identify(snap/snapd-desktop-integration/83) by extensions ['ignore', 'ignore_ament_install']
[0.588s] Level 1:colcon.colcon_core.package_identification:_identify(snap/snapd-desktop-integration/83) by extension 'ignore'
[0.588s] Level 1:colcon.colcon_core.package_identification:_identify(snap/snapd-desktop-integration/83) by extension 'ignore_ament_install'
[0.588s] Level 1:colcon.colcon_core.package_identification:_identify(snap/snapd-desktop-integration/83) by extensions ['colcon_pkg']
[0.588s] Level 1:colcon.colcon_core.package_identification:_identify(snap/snapd-desktop-integration/83) by extension 'colcon_pkg'
[0.588s] Level 1:colcon.colcon_core.package_identification:_identify(snap/snapd-desktop-integration/83) by extensions ['colcon_meta']
[0.588s] Level 1:colcon.colcon_core.package_identification:_identify(snap/snapd-desktop-integration/83) by extension 'colcon_meta'
[0.588s] Level 1:colcon.colcon_core.package_identification:_identify(snap/snapd-desktop-integration/83) by extensions ['ros']
[0.588s] Level 1:colcon.colcon_core.package_identification:_identify(snap/snapd-desktop-integration/83) by extension 'ros'
[0.588s] Level 1:colcon.colcon_core.package_identification:_identify(snap/snapd-desktop-integration/83) by extensions ['cmake', 'python']
[0.588s] Level 1:colcon.colcon_core.package_identification:_identify(snap/snapd-desktop-integration/83) by extension 'cmake'
[0.588s] Level 1:colcon.colcon_core.package_identification:_identify(snap/snapd-desktop-integration/83) by extension 'python'
[0.588s] Level 1:colcon.colcon_core.package_identification:_identify(snap/snapd-desktop-integration/83) by extensions ['python_setup_py']
[0.588s] Level 1:colcon.colcon_core.package_identification:_identify(snap/snapd-desktop-integration/83) by extension 'python_setup_py'
[0.588s] Level 1:colcon.colcon_core.package_identification:_identify(snap/snapd-desktop-integration/83/Desktop) by extensions ['ignore', 'ignore_ament_install']
[0.588s] Level 1:colcon.colcon_core.package_identification:_identify(snap/snapd-desktop-integration/83/Desktop) by extension 'ignore'
[0.588s] Level 1:colcon.colcon_core.package_identification:_identify(snap/snapd-desktop-integration/83/Desktop) by extension 'ignore_ament_install'
[0.588s] Level 1:colcon.colcon_core.package_identification:_identify(snap/snapd-desktop-integration/83/Desktop) by extensions ['colcon_pkg']
[0.588s] Level 1:colcon.colcon_core.package_identification:_identify(snap/snapd-desktop-integration/83/Desktop) by extension 'colcon_pkg'
[0.588s] Level 1:colcon.colcon_core.package_identification:_identify(snap/snapd-desktop-integration/83/Desktop) by extensions ['colcon_meta']
[0.588s] Level 1:colcon.colcon_core.package_identification:_identify(snap/snapd-desktop-integration/83/Desktop) by extension 'colcon_meta'
[0.588s] Level 1:colcon.colcon_core.package_identification:_identify(snap/snapd-desktop-integration/83/Desktop) by extensions ['ros']
[0.589s] Level 1:colcon.colcon_core.package_identification:_identify(snap/snapd-desktop-integration/83/Desktop) by extension 'ros'
[0.589s] Level 1:colcon.colcon_core.package_identification:_identify(snap/snapd-desktop-integration/83/Desktop) by extensions ['cmake', 'python']
[0.589s] Level 1:colcon.colcon_core.package_identification:_identify(snap/snapd-desktop-integration/83/Desktop) by extension 'cmake'
[0.589s] Level 1:colcon.colcon_core.package_identification:_identify(snap/snapd-desktop-integration/83/Desktop) by extension 'python'
[0.589s] Level 1:colcon.colcon_core.package_identification:_identify(snap/snapd-desktop-integration/83/Desktop) by extensions ['python_setup_py']
[0.589s] Level 1:colcon.colcon_core.package_identification:_identify(snap/snapd-desktop-integration/83/Desktop) by extension 'python_setup_py'
[0.589s] Level 1:colcon.colcon_core.package_identification:_identify(snap/snapd-desktop-integration/83/Documents) by extensions ['ignore', 'ignore_ament_install']
[0.589s] Level 1:colcon.colcon_core.package_identification:_identify(snap/snapd-desktop-integration/83/Documents) by extension 'ignore'
[0.589s] Level 1:colcon.colcon_core.package_identification:_identify(snap/snapd-desktop-integration/83/Documents) by extension 'ignore_ament_install'
[0.589s] Level 1:colcon.colcon_core.package_identification:_identify(snap/snapd-desktop-integration/83/Documents) by extensions ['colcon_pkg']
[0.589s] Level 1:colcon.colcon_core.package_identification:_identify(snap/snapd-desktop-integration/83/Documents) by extension 'colcon_pkg'
[0.589s] Level 1:colcon.colcon_core.package_identification:_identify(snap/snapd-desktop-integration/83/Documents) by extensions ['colcon_meta']
[0.589s] Level 1:colcon.colcon_core.package_identification:_identify(snap/snapd-desktop-integration/83/Documents) by extension 'colcon_meta'
[0.589s] Level 1:colcon.colcon_core.package_identification:_identify(snap/snapd-desktop-integration/83/Documents) by extensions ['ros']
[0.589s] Level 1:colcon.colcon_core.package_identification:_identify(snap/snapd-desktop-integration/83/Documents) by extension 'ros'
[0.589s] Level 1:colcon.colcon_core.package_identification:_identify(snap/snapd-desktop-integration/83/Documents) by extensions ['cmake', 'python']
[0.589s] Level 1:colcon.colcon_core.package_identification:_identify(snap/snapd-desktop-integration/83/Documents) by extension 'cmake'
[0.589s] Level 1:colcon.colcon_core.package_identification:_identify(snap/snapd-desktop-integration/83/Documents) by extension 'python'
[0.589s] Level 1:colcon.colcon_core.package_identification:_identify(snap/snapd-desktop-integration/83/Documents) by extensions ['python_setup_py']
[0.589s] Level 1:colcon.colcon_core.package_identification:_identify(snap/snapd-desktop-integration/83/Documents) by extension 'python_setup_py'
[0.590s] Level 1:colcon.colcon_core.package_identification:_identify(snap/snapd-desktop-integration/83/Downloads) by extensions ['ignore', 'ignore_ament_install']
[0.590s] Level 1:colcon.colcon_core.package_identification:_identify(snap/snapd-desktop-integration/83/Downloads) by extension 'ignore'
[0.590s] Level 1:colcon.colcon_core.package_identification:_identify(snap/snapd-desktop-integration/83/Downloads) by extension 'ignore_ament_install'
[0.590s] Level 1:colcon.colcon_core.package_identification:_identify(snap/snapd-desktop-integration/83/Downloads) by extensions ['colcon_pkg']
[0.590s] Level 1:colcon.colcon_core.package_identification:_identify(snap/snapd-desktop-integration/83/Downloads) by extension 'colcon_pkg'
[0.590s] Level 1:colcon.colcon_core.package_identification:_identify(snap/snapd-desktop-integration/83/Downloads) by extensions ['colcon_meta']
[0.590s] Level 1:colcon.colcon_core.package_identification:_identify(snap/snapd-desktop-integration/83/Downloads) by extension 'colcon_meta'
[0.590s] Level 1:colcon.colcon_core.package_identification:_identify(snap/snapd-desktop-integration/83/Downloads) by extensions ['ros']
[0.590s] Level 1:colcon.colcon_core.package_identification:_identify(snap/snapd-desktop-integration/83/Downloads) by extension 'ros'
[0.590s] Level 1:colcon.colcon_core.package_identification:_identify(snap/snapd-desktop-integration/83/Downloads) by extensions ['cmake', 'python']
[0.590s] Level 1:colcon.colcon_core.package_identification:_identify(snap/snapd-desktop-integration/83/Downloads) by extension 'cmake'
[0.590s] Level 1:colcon.colcon_core.package_identification:_identify(snap/snapd-desktop-integration/83/Downloads) by extension 'python'
[0.590s] Level 1:colcon.colcon_core.package_identification:_identify(snap/snapd-desktop-integration/83/Downloads) by extensions ['python_setup_py']
[0.590s] Level 1:colcon.colcon_core.package_identification:_identify(snap/snapd-desktop-integration/83/Downloads) by extension 'python_setup_py'
[0.591s] Level 1:colcon.colcon_core.package_identification:_identify(snap/snapd-desktop-integration/83/Music) by extensions ['ignore', 'ignore_ament_install']
[0.591s] Level 1:colcon.colcon_core.package_identification:_identify(snap/snapd-desktop-integration/83/Music) by extension 'ignore'
[0.591s] Level 1:colcon.colcon_core.package_identification:_identify(snap/snapd-desktop-integration/83/Music) by extension 'ignore_ament_install'
[0.591s] Level 1:colcon.colcon_core.package_identification:_identify(snap/snapd-desktop-integration/83/Music) by extensions ['colcon_pkg']
[0.591s] Level 1:colcon.colcon_core.package_identification:_identify(snap/snapd-desktop-integration/83/Music) by extension 'colcon_pkg'
[0.591s] Level 1:colcon.colcon_core.package_identification:_identify(snap/snapd-desktop-integration/83/Music) by extensions ['colcon_meta']
[0.591s] Level 1:colcon.colcon_core.package_identification:_identify(snap/snapd-desktop-integration/83/Music) by extension 'colcon_meta'
[0.591s] Level 1:colcon.colcon_core.package_identification:_identify(snap/snapd-desktop-integration/83/Music) by extensions ['ros']
[0.591s] Level 1:colcon.colcon_core.package_identification:_identify(snap/snapd-desktop-integration/83/Music) by extension 'ros'
[0.591s] Level 1:colcon.colcon_core.package_identification:_identify(snap/snapd-desktop-integration/83/Music) by extensions ['cmake', 'python']
[0.591s] Level 1:colcon.colcon_core.package_identification:_identify(snap/snapd-desktop-integration/83/Music) by extension 'cmake'
[0.591s] Level 1:colcon.colcon_core.package_identification:_identify(snap/snapd-desktop-integration/83/Music) by extension 'python'
[0.591s] Level 1:colcon.colcon_core.package_identification:_identify(snap/snapd-desktop-integration/83/Music) by extensions ['python_setup_py']
[0.591s] Level 1:colcon.colcon_core.package_identification:_identify(snap/snapd-desktop-integration/83/Music) by extension 'python_setup_py'
[0.592s] Level 1:colcon.colcon_core.package_identification:_identify(snap/snapd-desktop-integration/83/Pictures) by extensions ['ignore', 'ignore_ament_install']
[0.592s] Level 1:colcon.colcon_core.package_identification:_identify(snap/snapd-desktop-integration/83/Pictures) by extension 'ignore'
[0.592s] Level 1:colcon.colcon_core.package_identification:_identify(snap/snapd-desktop-integration/83/Pictures) by extension 'ignore_ament_install'
[0.592s] Level 1:colcon.colcon_core.package_identification:_identify(snap/snapd-desktop-integration/83/Pictures) by extensions ['colcon_pkg']
[0.592s] Level 1:colcon.colcon_core.package_identification:_identify(snap/snapd-desktop-integration/83/Pictures) by extension 'colcon_pkg'
[0.592s] Level 1:colcon.colcon_core.package_identification:_identify(snap/snapd-desktop-integration/83/Pictures) by extensions ['colcon_meta']
[0.592s] Level 1:colcon.colcon_core.package_identification:_identify(snap/snapd-desktop-integration/83/Pictures) by extension 'colcon_meta'
[0.592s] Level 1:colcon.colcon_core.package_identification:_identify(snap/snapd-desktop-integration/83/Pictures) by extensions ['ros']
[0.592s] Level 1:colcon.colcon_core.package_identification:_identify(snap/snapd-desktop-integration/83/Pictures) by extension 'ros'
[0.592s] Level 1:colcon.colcon_core.package_identification:_identify(snap/snapd-desktop-integration/83/Pictures) by extensions ['cmake', 'python']
[0.592s] Level 1:colcon.colcon_core.package_identification:_identify(snap/snapd-desktop-integration/83/Pictures) by extension 'cmake'
[0.592s] Level 1:colcon.colcon_core.package_identification:_identify(snap/snapd-desktop-integration/83/Pictures) by extension 'python'
[0.592s] Level 1:colcon.colcon_core.package_identification:_identify(snap/snapd-desktop-integration/83/Pictures) by extensions ['python_setup_py']
[0.592s] Level 1:colcon.colcon_core.package_identification:_identify(snap/snapd-desktop-integration/83/Pictures) by extension 'python_setup_py'
[0.592s] Level 1:colcon.colcon_core.package_identification:_identify(snap/snapd-desktop-integration/83/Public) by extensions ['ignore', 'ignore_ament_install']
[0.592s] Level 1:colcon.colcon_core.package_identification:_identify(snap/snapd-desktop-integration/83/Public) by extension 'ignore'
[0.592s] Level 1:colcon.colcon_core.package_identification:_identify(snap/snapd-desktop-integration/83/Public) by extension 'ignore_ament_install'
[0.592s] Level 1:colcon.colcon_core.package_identification:_identify(snap/snapd-desktop-integration/83/Public) by extensions ['colcon_pkg']
[0.592s] Level 1:colcon.colcon_core.package_identification:_identify(snap/snapd-desktop-integration/83/Public) by extension 'colcon_pkg'
[0.592s] Level 1:colcon.colcon_core.package_identification:_identify(snap/snapd-desktop-integration/83/Public) by extensions ['colcon_meta']
[0.592s] Level 1:colcon.colcon_core.package_identification:_identify(snap/snapd-desktop-integration/83/Public) by extension 'colcon_meta'
[0.592s] Level 1:colcon.colcon_core.package_identification:_identify(snap/snapd-desktop-integration/83/Public) by extensions ['ros']
[0.593s] Level 1:colcon.colcon_core.package_identification:_identify(snap/snapd-desktop-integration/83/Public) by extension 'ros'
[0.593s] Level 1:colcon.colcon_core.package_identification:_identify(snap/snapd-desktop-integration/83/Public) by extensions ['cmake', 'python']
[0.593s] Level 1:colcon.colcon_core.package_identification:_identify(snap/snapd-desktop-integration/83/Public) by extension 'cmake'
[0.593s] Level 1:colcon.colcon_core.package_identification:_identify(snap/snapd-desktop-integration/83/Public) by extension 'python'
[0.593s] Level 1:colcon.colcon_core.package_identification:_identify(snap/snapd-desktop-integration/83/Public) by extensions ['python_setup_py']
[0.593s] Level 1:colcon.colcon_core.package_identification:_identify(snap/snapd-desktop-integration/83/Public) by extension 'python_setup_py'
[0.593s] Level 1:colcon.colcon_core.package_identification:_identify(snap/snapd-desktop-integration/83/Templates) by extensions ['ignore', 'ignore_ament_install']
[0.593s] Level 1:colcon.colcon_core.package_identification:_identify(snap/snapd-desktop-integration/83/Templates) by extension 'ignore'
[0.593s] Level 1:colcon.colcon_core.package_identification:_identify(snap/snapd-desktop-integration/83/Templates) by extension 'ignore_ament_install'
[0.593s] Level 1:colcon.colcon_core.package_identification:_identify(snap/snapd-desktop-integration/83/Templates) by extensions ['colcon_pkg']
[0.593s] Level 1:colcon.colcon_core.package_identification:_identify(snap/snapd-desktop-integration/83/Templates) by extension 'colcon_pkg'
[0.593s] Level 1:colcon.colcon_core.package_identification:_identify(snap/snapd-desktop-integration/83/Templates) by extensions ['colcon_meta']
[0.593s] Level 1:colcon.colcon_core.package_identification:_identify(snap/snapd-desktop-integration/83/Templates) by extension 'colcon_meta'
[0.593s] Level 1:colcon.colcon_core.package_identification:_identify(snap/snapd-desktop-integration/83/Templates) by extensions ['ros']
[0.593s] Level 1:colcon.colcon_core.package_identification:_identify(snap/snapd-desktop-integration/83/Templates) by extension 'ros'
[0.593s] Level 1:colcon.colcon_core.package_identification:_identify(snap/snapd-desktop-integration/83/Templates) by extensions ['cmake', 'python']
[0.593s] Level 1:colcon.colcon_core.package_identification:_identify(snap/snapd-desktop-integration/83/Templates) by extension 'cmake'
[0.593s] Level 1:colcon.colcon_core.package_identification:_identify(snap/snapd-desktop-integration/83/Templates) by extension 'python'
[0.593s] Level 1:colcon.colcon_core.package_identification:_identify(snap/snapd-desktop-integration/83/Templates) by extensions ['python_setup_py']
[0.593s] Level 1:colcon.colcon_core.package_identification:_identify(snap/snapd-desktop-integration/83/Templates) by extension 'python_setup_py'
[0.594s] Level 1:colcon.colcon_core.package_identification:_identify(snap/snapd-desktop-integration/83/Videos) by extensions ['ignore', 'ignore_ament_install']
[0.594s] Level 1:colcon.colcon_core.package_identification:_identify(snap/snapd-desktop-integration/83/Videos) by extension 'ignore'
[0.594s] Level 1:colcon.colcon_core.package_identification:_identify(snap/snapd-desktop-integration/83/Videos) by extension 'ignore_ament_install'
[0.594s] Level 1:colcon.colcon_core.package_identification:_identify(snap/snapd-desktop-integration/83/Videos) by extensions ['colcon_pkg']
[0.594s] Level 1:colcon.colcon_core.package_identification:_identify(snap/snapd-desktop-integration/83/Videos) by extension 'colcon_pkg'
[0.594s] Level 1:colcon.colcon_core.package_identification:_identify(snap/snapd-desktop-integration/83/Videos) by extensions ['colcon_meta']
[0.594s] Level 1:colcon.colcon_core.package_identification:_identify(snap/snapd-desktop-integration/83/Videos) by extension 'colcon_meta'
[0.594s] Level 1:colcon.colcon_core.package_identification:_identify(snap/snapd-desktop-integration/83/Videos) by extensions ['ros']
[0.594s] Level 1:colcon.colcon_core.package_identification:_identify(snap/snapd-desktop-integration/83/Videos) by extension 'ros'
[0.594s] Level 1:colcon.colcon_core.package_identification:_identify(snap/snapd-desktop-integration/83/Videos) by extensions ['cmake', 'python']
[0.594s] Level 1:colcon.colcon_core.package_identification:_identify(snap/snapd-desktop-integration/83/Videos) by extension 'cmake'
[0.594s] Level 1:colcon.colcon_core.package_identification:_identify(snap/snapd-desktop-integration/83/Videos) by extension 'python'
[0.594s] Level 1:colcon.colcon_core.package_identification:_identify(snap/snapd-desktop-integration/83/Videos) by extensions ['python_setup_py']
[0.594s] Level 1:colcon.colcon_core.package_identification:_identify(snap/snapd-desktop-integration/83/Videos) by extension 'python_setup_py'
[0.594s] Level 1:colcon.colcon_core.package_identification:_identify(snap/snapd-desktop-integration/common) by extensions ['ignore', 'ignore_ament_install']
[0.594s] Level 1:colcon.colcon_core.package_identification:_identify(snap/snapd-desktop-integration/common) by extension 'ignore'
[0.594s] Level 1:colcon.colcon_core.package_identification:_identify(snap/snapd-desktop-integration/common) by extension 'ignore_ament_install'
[0.594s] Level 1:colcon.colcon_core.package_identification:_identify(snap/snapd-desktop-integration/common) by extensions ['colcon_pkg']
[0.594s] Level 1:colcon.colcon_core.package_identification:_identify(snap/snapd-desktop-integration/common) by extension 'colcon_pkg'
[0.594s] Level 1:colcon.colcon_core.package_identification:_identify(snap/snapd-desktop-integration/common) by extensions ['colcon_meta']
[0.594s] Level 1:colcon.colcon_core.package_identification:_identify(snap/snapd-desktop-integration/common) by extension 'colcon_meta'
[0.594s] Level 1:colcon.colcon_core.package_identification:_identify(snap/snapd-desktop-integration/common) by extensions ['ros']
[0.594s] Level 1:colcon.colcon_core.package_identification:_identify(snap/snapd-desktop-integration/common) by extension 'ros'
[0.594s] Level 1:colcon.colcon_core.package_identification:_identify(snap/snapd-desktop-integration/common) by extensions ['cmake', 'python']
[0.594s] Level 1:colcon.colcon_core.package_identification:_identify(snap/snapd-desktop-integration/common) by extension 'cmake'
[0.594s] Level 1:colcon.colcon_core.package_identification:_identify(snap/snapd-desktop-integration/common) by extension 'python'
[0.595s] Level 1:colcon.colcon_core.package_identification:_identify(snap/snapd-desktop-integration/common) by extensions ['python_setup_py']
[0.595s] Level 1:colcon.colcon_core.package_identification:_identify(snap/snapd-desktop-integration/common) by extension 'python_setup_py'
[0.595s] Level 1:colcon.colcon_core.package_discovery:discover_packages(recursive) using defaults
[0.595s] Level 1:colcon.colcon_core.package_discovery:discover_packages(ignore) discover
[0.595s] Level 1:colcon.colcon_core.package_discovery:discover_packages(ignore) using defaults
[0.595s] Level 1:colcon.colcon_core.package_discovery:discover_packages(path) discover
[0.595s] Level 1:colcon.colcon_core.package_discovery:discover_packages(path) using defaults
[0.630s] Level 1:colcon.colcon_core.package_discovery:discover_packages(prefix_path) check parameters
[0.630s] Level 1:colcon.colcon_core.package_discovery:discover_packages(prefix_path) discover
[0.634s] DEBUG:colcon.colcon_installed_package_information.package_discovery:Found 0 installed packages in /home/me597/ros2_ws/install
[0.635s] DEBUG:colcon.colcon_installed_package_information.package_discovery:Found 322 installed packages in /opt/ros/humble
[0.636s] Level 1:colcon.colcon_core.package_discovery:discover_packages(prefix_path) using defaults
[0.663s] Level 5:colcon.colcon_core.verb:set package 'task_4' build argument 'cmake_args' from command line to 'None'
[0.663s] Level 5:colcon.colcon_core.verb:set package 'task_4' build argument 'cmake_target' from command line to 'None'
[0.663s] Level 5:colcon.colcon_core.verb:set package 'task_4' build argument 'cmake_target_skip_unavailable' from command line to 'False'
[0.663s] Level 5:colcon.colcon_core.verb:set package 'task_4' build argument 'cmake_clean_cache' from command line to 'False'
[0.663s] Level 5:colcon.colcon_core.verb:set package 'task_4' build argument 'cmake_clean_first' from command line to 'False'
[0.663s] Level 5:colcon.colcon_core.verb:set package 'task_4' build argument 'cmake_force_configure' from command line to 'False'
[0.663s] Level 5:colcon.colcon_core.verb:set package 'task_4' build argument 'ament_cmake_args' from command line to 'None'
[0.664s] Level 5:colcon.colcon_core.verb:set package 'task_4' build argument 'catkin_cmake_args' from command line to 'None'
[0.664s] Level 5:colcon.colcon_core.verb:set package 'task_4' build argument 'catkin_skip_building_tests' from command line to 'False'
[0.664s] DEBUG:colcon.colcon_core.verb:Building package 'task_4' with the following arguments: {'ament_cmake_args': None, 'build_base': '/home/me597/build/task_4', 'catkin_cmake_args': None, 'catkin_skip_building_tests': False, 'cmake_args': None, 'cmake_clean_cache': False, 'cmake_clean_first': False, 'cmake_force_configure': False, 'cmake_target': None, 'cmake_target_skip_unavailable': False, 'install_base': '/home/me597/install/task_4', 'merge_install': False, 'path': '/home/me597/ros2_ws/src/task_4', 'symlink_install': False, 'test_result_base': None}
[0.664s] INFO:colcon.colcon_core.executor:Executing jobs using 'parallel' executor
[0.665s] DEBUG:colcon.colcon_parallel_executor.executor.parallel:run_until_complete
[0.665s] INFO:colcon.colcon_ros.task.ament_python.build:Building ROS package in '/home/me597/ros2_ws/src/task_4' with build type 'ament_python'
[0.665s] Level 1:colcon.colcon_core.shell:create_environment_hook('task_4', 'ament_prefix_path')
[0.672s] INFO:colcon.colcon_core.plugin_system:Skipping extension 'colcon_core.shell.bat': Not used on non-Windows systems
[0.672s] INFO:colcon.colcon_core.shell:Creating environment hook '/home/me597/install/task_4/share/task_4/hook/ament_prefix_path.ps1'
[0.673s] INFO:colcon.colcon_core.shell:Creating environment descriptor '/home/me597/install/task_4/share/task_4/hook/ament_prefix_path.dsv'
[0.673s] INFO:colcon.colcon_core.shell:Creating environment hook '/home/me597/install/task_4/share/task_4/hook/ament_prefix_path.sh'
[0.674s] INFO:colcon.colcon_core.shell:Skip shell extension 'powershell' for command environment: Not usable outside of PowerShell
[0.674s] DEBUG:colcon.colcon_core.shell:Skip shell extension 'dsv' for command environment
[0.857s] INFO:colcon.colcon_core.task.python.build:Building Python package in '/home/me597/ros2_ws/src/task_4'
[0.858s] INFO:colcon.colcon_core.shell:Skip shell extension 'powershell' for command environment: Not usable outside of PowerShell
[0.858s] DEBUG:colcon.colcon_core.shell:Skip shell extension 'dsv' for command environment
[1.149s] DEBUG:colcon.colcon_core.event_handler.log_command:Invoking command in '/home/me597/ros2_ws/src/task_4': PYTHONPATH=/home/me597/build/task_4/prefix_override:/usr/lib/python3/dist-packages/colcon_core/task/python/colcon_distutils_commands:/home/me597/install/task_4/lib/python3.10/site-packages:${PYTHONPATH} /usr/bin/python3 -W ignore:setup.py install is deprecated -W ignore:easy_install command is deprecated setup.py egg_info --egg-base ../../../build/task_4 build --build-base /home/me597/build/task_4/build install --record /home/me597/build/task_4/install.log --single-version-externally-managed install_data
[1.341s] DEBUG:colcon.colcon_core.event_handler.log_command:Invoked command in '/home/me597/ros2_ws/src/task_4' returned '0': PYTHONPATH=/home/me597/build/task_4/prefix_override:/usr/lib/python3/dist-packages/colcon_core/task/python/colcon_distutils_commands:/home/me597/install/task_4/lib/python3.10/site-packages:${PYTHONPATH} /usr/bin/python3 -W ignore:setup.py install is deprecated -W ignore:easy_install command is deprecated setup.py egg_info --egg-base ../../../build/task_4 build --build-base /home/me597/build/task_4/build install --record /home/me597/build/task_4/install.log --single-version-externally-managed install_data
[1.349s] Level 1:colcon.colcon_core.environment:checking '/home/me597/install/task_4' for CMake module files
[1.350s] Level 1:colcon.colcon_core.environment:checking '/home/me597/install/task_4' for CMake config files
[1.350s] Level 1:colcon.colcon_core.environment:checking '/home/me597/install/task_4/lib'
[1.350s] Level 1:colcon.colcon_core.environment:checking '/home/me597/install/task_4/bin'
[1.350s] Level 1:colcon.colcon_core.environment:checking '/home/me597/install/task_4/lib/pkgconfig/task_4.pc'
[1.350s] Level 1:colcon.colcon_core.environment:checking '/home/me597/install/task_4/lib/python3.10/site-packages'
[1.351s] Level 1:colcon.colcon_core.shell:create_environment_hook('task_4', 'pythonpath')
[1.351s] INFO:colcon.colcon_core.shell:Creating environment hook '/home/me597/install/task_4/share/task_4/hook/pythonpath.ps1'
[1.351s] INFO:colcon.colcon_core.shell:Creating environment descriptor '/home/me597/install/task_4/share/task_4/hook/pythonpath.dsv'
[1.351s] INFO:colcon.colcon_core.shell:Creating environment hook '/home/me597/install/task_4/share/task_4/hook/pythonpath.sh'
[1.352s] Level 1:colcon.colcon_core.environment:checking '/home/me597/install/task_4/bin'
[1.352s] Level 1:colcon.colcon_core.environment:create_environment_scripts_only(task_4)
[1.352s] INFO:colcon.colcon_core.shell:Creating package script '/home/me597/install/task_4/share/task_4/package.ps1'
[1.353s] INFO:colcon.colcon_core.shell:Creating package descriptor '/home/me597/install/task_4/share/task_4/package.dsv'
[1.353s] INFO:colcon.colcon_core.shell:Creating package script '/home/me597/install/task_4/share/task_4/package.sh'
[1.354s] INFO:colcon.colcon_core.shell:Creating package script '/home/me597/install/task_4/share/task_4/package.bash'
[1.355s] INFO:colcon.colcon_core.shell:Creating package script '/home/me597/install/task_4/share/task_4/package.zsh'
[1.356s] Level 1:colcon.colcon_core.environment:create_file_with_runtime_dependencies(/home/me597/install/task_4/share/colcon-core/packages/task_4)
[1.357s] DEBUG:colcon.colcon_parallel_executor.executor.parallel:closing loop
[1.357s] DEBUG:colcon.colcon_parallel_executor.executor.parallel:loop closed
[1.357s] DEBUG:colcon.colcon_parallel_executor.executor.parallel:run_until_complete finished with '0'
[1.357s] DEBUG:colcon.colcon_core.event_reactor:joining thread
[1.362s] INFO:colcon.colcon_core.plugin_system:Skipping extension 'colcon_notification.desktop_notification.terminal_notifier': Not used on non-Darwin systems
[1.362s] INFO:colcon.colcon_core.plugin_system:Skipping extension 'colcon_notification.desktop_notification.win32': Not used on non-Windows systems
[1.362s] INFO:colcon.colcon_notification.desktop_notification:Sending desktop notification using 'notify2'
[1.381s] DEBUG:colcon.colcon_core.event_reactor:joined thread
[1.382s] INFO:colcon.colcon_core.shell:Creating prefix script '/home/me597/install/local_setup.ps1'
[1.383s] INFO:colcon.colcon_core.shell:Creating prefix util module '/home/me597/install/_local_setup_util_ps1.py'
[1.385s] INFO:colcon.colcon_core.shell:Creating prefix chain script '/home/me597/install/setup.ps1'
[1.386s] INFO:colcon.colcon_core.shell:Creating prefix script '/home/me597/install/local_setup.sh'
[1.387s] INFO:colcon.colcon_core.shell:Creating prefix util module '/home/me597/install/_local_setup_util_sh.py'
[1.387s] INFO:colcon.colcon_core.shell:Creating prefix chain script '/home/me597/install/setup.sh'
[1.388s] INFO:colcon.colcon_core.shell:Creating prefix script '/home/me597/install/local_setup.bash'
[1.389s] INFO:colcon.colcon_core.shell:Creating prefix chain script '/home/me597/install/setup.bash'
[1.390s] INFO:colcon.colcon_core.shell:Creating prefix script '/home/me597/install/local_setup.zsh'
[1.392s] INFO:colcon.colcon_core.shell:Creating prefix chain script '/home/me597/install/setup.zsh'
