[0.745s] Invoking command in '/home/me597/ros2_ws/src/task_4': PYTHONPATH=/home/me597/build/task_4/prefix_override:/usr/lib/python3/dist-packages/colcon_core/task/python/colcon_distutils_commands:/home/me597/install/task_4/lib/python3.10/site-packages:${PYTHONPATH} /usr/bin/python3 -W ignore:setup.py install is deprecated -W ignore:easy_install command is deprecated setup.py egg_info --egg-base ../../../build/task_4 build --build-base /home/me597/build/task_4/build install --record /home/me597/build/task_4/install.log --single-version-externally-managed install_data
[0.911s] running egg_info
[0.911s] writing ../../../build/task_4/task_4.egg-info/PKG-INFO
[0.913s] writing dependency_links to ../../../build/task_4/task_4.egg-info/dependency_links.txt
[0.914s] writing entry points to ../../../build/task_4/task_4.egg-info/entry_points.txt
[0.914s] writing requirements to ../../../build/task_4/task_4.egg-info/requires.txt
[0.914s] writing top-level names to ../../../build/task_4/task_4.egg-info/top_level.txt
[0.919s] reading manifest file '../../../build/task_4/task_4.egg-info/SOURCES.txt'
[0.921s] writing manifest file '../../../build/task_4/task_4.egg-info/SOURCES.txt'
[0.921s] running build
[0.921s] running build_py
[0.922s] copying task_4/auto_navigator.py -> /home/me597/build/task_4/build/lib/task_4
[0.925s] running install
[0.925s] running install_lib
[0.925s] copying /home/me597/build/task_4/build/lib/task_4/auto_navigator.py -> /home/me597/install/task_4/lib/python3.10/site-packages/task_4
[0.927s] byte-compiling /home/me597/install/task_4/lib/python3.10/site-packages/task_4/auto_navigator.py to auto_navigator.cpython-310.pyc
[0.928s] running install_data
[0.928s] copying package.xml -> /home/me597/install/task_4/share/task_4
[0.928s] copying launch/view_robot.launch.py -> /home/me597/install/task_4/share/task_4/launch
[0.928s] copying launch/turtlebot4_navigator.launch.py -> /home/me597/install/task_4/share/task_4/launch
[0.929s] creating /home/me597/install/task_4/share/task_4/rviz
[0.929s] copying rviz/robot.rviz -> /home/me597/install/task_4/share/task_4/rviz
[0.930s] creating /home/me597/install/task_4/share/task_4/maps
[0.930s] running install_egg_info
[0.932s] removing '/home/me597/install/task_4/lib/python3.10/site-packages/task_4-0.0.0-py3.10.egg-info' (and everything under it)
[0.932s] Copying ../../../build/task_4/task_4.egg-info to /home/me597/install/task_4/lib/python3.10/site-packages/task_4-0.0.0-py3.10.egg-info
[0.933s] running install_scripts
[0.947s] Installing auto_navigator script to /home/me597/install/task_4/lib/task_4
[0.948s] writing list of installed files to '/home/me597/build/task_4/install.log'
[1.001s] Invoked command in '/home/me597/ros2_ws/src/task_4' returned '0': PYTHONPATH=/home/me597/build/task_4/prefix_override:/usr/lib/python3/dist-packages/colcon_core/task/python/colcon_distutils_commands:/home/me597/install/task_4/lib/python3.10/site-packages:${PYTHONPATH} /usr/bin/python3 -W ignore:setup.py install is deprecated -W ignore:easy_install command is deprecated setup.py egg_info --egg-base ../../../build/task_4 build --build-base /home/me597/build/task_4/build install --record /home/me597/build/task_4/install.log --single-version-externally-managed install_data
