[0.036s] Invoking command in '/home/me597/build/image_geometry': CMAKE_PREFIX_PATH=${CMAKE_PREFIX_PATH}:/home/me597/ros2_ws/src/task_5/install/task_5:/home/me597/ros2_ws/install/task_5:/home/me597/ros2_ws/src/install/task_5:/home/me597/ros2_ws/src/install/opencv_tests:/home/me597/ros2_ws/install/opencv_tests:/home/me597/ros2_ws/install/task_4:/home/me597/ros2_ws/src/install/task_4:/home/me597/install/task_4:/home/me597/install/sim_utils:/opt/ros/humble /usr/bin/cmake /home/me597/ros2_ws/src/vision_opencv/image_geometry -DCMAKE_INSTALL_PREFIX=/home/me597/install/image_geometry
[0.086s] -- The C compiler identification is GNU 11.4.0
[0.164s] -- The CXX compiler identification is GNU 11.4.0
[0.174s] -- Detecting C compiler ABI info
[0.291s] -- Detecting C compiler ABI info - done
[0.297s] -- Check for working C compiler: /usr/bin/cc - skipped
[0.297s] -- Detecting C compile features
[0.298s] -- Detecting C compile features - done
[0.301s] -- Detecting CXX compiler ABI info
[0.397s] -- Detecting CXX compiler ABI info - done
[0.407s] -- Check for working CXX compiler: /usr/bin/c++ - skipped
[0.407s] -- Detecting CXX compile features
[0.407s] -- Detecting CXX compile features - done
[0.410s] -- Found ament_cmake_python: 1.3.11 (/opt/ros/humble/share/ament_cmake_python/cmake)
[0.412s] -- Found ament_cmake_ros: 0.10.0 (/opt/ros/humble/share/ament_cmake_ros/cmake)
[0.650s] -- Found Python3: /usr/bin/python3 (found version "3.10.12") found components: Interpreter 
[0.925s] -- Found OpenCV: /usr (found version "4.5.4") found components: calib3d core highgui imgproc 
[0.927s] -- Found sensor_msgs: 4.2.4 (/opt/ros/humble/share/sensor_msgs/cmake)
[0.969s] -- Found rosidl_generator_c: 3.1.6 (/opt/ros/humble/share/rosidl_generator_c/cmake)
[0.975s] -- Found rosidl_adapter: 3.1.6 (/opt/ros/humble/share/rosidl_adapter/cmake)
[0.990s] -- Found rosidl_generator_cpp: 3.1.6 (/opt/ros/humble/share/rosidl_generator_cpp/cmake)
[1.009s] -- Using all available rosidl_typesupport_c: rosidl_typesupport_fastrtps_c;rosidl_typesupport_introspection_c
[1.030s] -- Using all available rosidl_typesupport_cpp: rosidl_typesupport_fastrtps_cpp;rosidl_typesupport_introspection_cpp
[1.449s] -- Found gtest sources under '/opt/ros/humble/src/gtest_vendor': C++ tests using 'Google Test' will be built
[1.453s] -- Looking for pthread.h
[1.556s] -- Looking for pthread.h - found
[1.556s] -- Performing Test CMAKE_HAVE_LIBC_PTHREAD
[1.644s] -- Performing Test CMAKE_HAVE_LIBC_PTHREAD - Success
[1.644s] -- Found Threads: TRUE  
[1.724s] -- Configuring done
[1.745s] -- Generating done
[1.752s] -- Build files have been written to: /home/me597/build/image_geometry
[1.765s] Invoked command in '/home/me597/build/image_geometry' returned '0': CMAKE_PREFIX_PATH=${CMAKE_PREFIX_PATH}:/home/me597/ros2_ws/src/task_5/install/task_5:/home/me597/ros2_ws/install/task_5:/home/me597/ros2_ws/src/install/task_5:/home/me597/ros2_ws/src/install/opencv_tests:/home/me597/ros2_ws/install/opencv_tests:/home/me597/ros2_ws/install/task_4:/home/me597/ros2_ws/src/install/task_4:/home/me597/install/task_4:/home/me597/install/sim_utils:/opt/ros/humble /usr/bin/cmake /home/me597/ros2_ws/src/vision_opencv/image_geometry -DCMAKE_INSTALL_PREFIX=/home/me597/install/image_geometry
[1.766s] Invoking command in '/home/me597/build/image_geometry': CMAKE_PREFIX_PATH=${CMAKE_PREFIX_PATH}:/home/me597/ros2_ws/src/task_5/install/task_5:/home/me597/ros2_ws/install/task_5:/home/me597/ros2_ws/src/install/task_5:/home/me597/ros2_ws/src/install/opencv_tests:/home/me597/ros2_ws/install/opencv_tests:/home/me597/ros2_ws/install/task_4:/home/me597/ros2_ws/src/install/task_4:/home/me597/install/task_4:/home/me597/install/sim_utils:/opt/ros/humble /usr/bin/cmake --build /home/me597/build/image_geometry -- -j2 -l2
[1.845s] [  9%] [32mBuilding CXX object CMakeFiles/image_geometry.dir/src/pinhole_camera_model.cpp.o[0m
[1.862s] [  9%] Built target ament_cmake_python_copy_image_geometry
[1.907s] [ 18%] [32mBuilding CXX object gtest/CMakeFiles/gtest_main.dir/src/gtest_main.cc.o[0m
[3.575s] [ 27%] [32m[1mLinking CXX static library libgtest_main.a[0m
[3.661s] [ 27%] Built target gtest_main
[3.707s] [ 36%] [32mBuilding CXX object gtest/CMakeFiles/gtest.dir/src/gtest-all.cc.o[0m
[4.429s] [ 45%] [32mBuilding CXX object CMakeFiles/image_geometry.dir/src/stereo_camera_model.cpp.o[0m
[6.889s] [ 54%] [32m[1mLinking CXX shared library libimage_geometry.so[0m
[7.188s] [ 54%] Built target image_geometry
[7.869s] running egg_info
[7.870s] creating image_geometry.egg-info
[7.873s] writing image_geometry.egg-info/PKG-INFO
[7.873s] writing dependency_links to image_geometry.egg-info/dependency_links.txt
[7.873s] writing top-level names to image_geometry.egg-info/top_level.txt
[7.873s] writing manifest file 'image_geometry.egg-info/SOURCES.txt'
[7.878s] reading manifest file 'image_geometry.egg-info/SOURCES.txt'
[7.879s] writing manifest file 'image_geometry.egg-info/SOURCES.txt'
[7.951s] [ 54%] Built target ament_cmake_python_build_image_geometry_egg
[11.011s] [ 63%] [32m[1mLinking CXX static library libgtest.a[0m
[11.081s] [ 63%] Built target gtest
[11.138s] [ 72%] [32mBuilding CXX object test/CMakeFiles/image_geometry-utest.dir/utest.cpp.o[0m
[11.166s] [ 81%] [32mBuilding CXX object test/CMakeFiles/image_geometry-utest-equi.dir/utest_equi.cpp.o[0m
[16.850s] [ 90%] [32m[1mLinking CXX executable image_geometry-utest-equi[0m
[16.991s] [100%] [32m[1mLinking CXX executable image_geometry-utest[0m
[17.334s] [100%] Built target image_geometry-utest
[17.345s] [100%] Built target image_geometry-utest-equi
[17.367s] Invoked command in '/home/me597/build/image_geometry' returned '0': CMAKE_PREFIX_PATH=${CMAKE_PREFIX_PATH}:/home/me597/ros2_ws/src/task_5/install/task_5:/home/me597/ros2_ws/install/task_5:/home/me597/ros2_ws/src/install/task_5:/home/me597/ros2_ws/src/install/opencv_tests:/home/me597/ros2_ws/install/opencv_tests:/home/me597/ros2_ws/install/task_4:/home/me597/ros2_ws/src/install/task_4:/home/me597/install/task_4:/home/me597/install/sim_utils:/opt/ros/humble /usr/bin/cmake --build /home/me597/build/image_geometry -- -j2 -l2
[17.399s] Invoking command in '/home/me597/build/image_geometry': CMAKE_PREFIX_PATH=${CMAKE_PREFIX_PATH}:/home/me597/ros2_ws/src/task_5/install/task_5:/home/me597/ros2_ws/install/task_5:/home/me597/ros2_ws/src/install/task_5:/home/me597/ros2_ws/src/install/opencv_tests:/home/me597/ros2_ws/install/opencv_tests:/home/me597/ros2_ws/install/task_4:/home/me597/ros2_ws/src/install/task_4:/home/me597/install/task_4:/home/me597/install/sim_utils:/opt/ros/humble /usr/bin/cmake --install /home/me597/build/image_geometry
[17.428s] -- Install configuration: ""
[17.430s] -- Installing: /home/me597/install/image_geometry/share/image_geometry/environment/pythonpath.sh
[17.430s] -- Installing: /home/me597/install/image_geometry/share/image_geometry/environment/pythonpath.dsv
[17.430s] -- Installing: /home/me597/install/image_geometry/local/lib/python3.10/dist-packages/image_geometry-4.1.0-py3.10.egg-info
[17.432s] -- Installing: /home/me597/install/image_geometry/local/lib/python3.10/dist-packages/image_geometry-4.1.0-py3.10.egg-info/top_level.txt
[17.432s] -- Installing: /home/me597/install/image_geometry/local/lib/python3.10/dist-packages/image_geometry-4.1.0-py3.10.egg-info/SOURCES.txt
[17.432s] -- Installing: /home/me597/install/image_geometry/local/lib/python3.10/dist-packages/image_geometry-4.1.0-py3.10.egg-info/dependency_links.txt
[17.433s] -- Installing: /home/me597/install/image_geometry/local/lib/python3.10/dist-packages/image_geometry-4.1.0-py3.10.egg-info/PKG-INFO
[17.433s] -- Installing: /home/me597/install/image_geometry/local/lib/python3.10/dist-packages/image_geometry
[17.433s] -- Installing: /home/me597/install/image_geometry/local/lib/python3.10/dist-packages/image_geometry/cameramodels.py
[17.433s] -- Installing: /home/me597/install/image_geometry/local/lib/python3.10/dist-packages/image_geometry/__init__.py
[17.545s] Listing '/home/me597/install/image_geometry/local/lib/python3.10/dist-packages/image_geometry'...
[17.546s] Compiling '/home/me597/install/image_geometry/local/lib/python3.10/dist-packages/image_geometry/__init__.py'...
[17.546s] Compiling '/home/me597/install/image_geometry/local/lib/python3.10/dist-packages/image_geometry/cameramodels.py'...
[17.558s] -- Installing: /home/me597/install/image_geometry/include/image_geometry
[17.559s] -- Installing: /home/me597/install/image_geometry/include/image_geometry/image_geometry
[17.559s] -- Installing: /home/me597/install/image_geometry/include/image_geometry/image_geometry/pinhole_camera_model.hpp
[17.559s] -- Installing: /home/me597/install/image_geometry/include/image_geometry/image_geometry/stereo_camera_model.hpp
[17.559s] -- Installing: /home/me597/install/image_geometry/include/image_geometry/image_geometry/visibility_control.hpp
[17.559s] -- Installing: /home/me597/install/image_geometry/lib/libimage_geometry.so
[17.559s] -- Set runtime path of "/home/me597/install/image_geometry/lib/libimage_geometry.so" to ""
[17.561s] -- Installing: /home/me597/install/image_geometry/share/ament_index/resource_index/package_run_dependencies/image_geometry
[17.561s] -- Installing: /home/me597/install/image_geometry/share/ament_index/resource_index/parent_prefix_path/image_geometry
[17.563s] -- Installing: /home/me597/install/image_geometry/share/image_geometry/environment/ament_prefix_path.sh
[17.564s] -- Installing: /home/me597/install/image_geometry/share/image_geometry/environment/ament_prefix_path.dsv
[17.564s] -- Installing: /home/me597/install/image_geometry/share/image_geometry/environment/path.sh
[17.564s] -- Installing: /home/me597/install/image_geometry/share/image_geometry/environment/path.dsv
[17.564s] -- Installing: /home/me597/install/image_geometry/share/image_geometry/local_setup.bash
[17.564s] -- Installing: /home/me597/install/image_geometry/share/image_geometry/local_setup.sh
[17.564s] -- Installing: /home/me597/install/image_geometry/share/image_geometry/local_setup.zsh
[17.564s] -- Installing: /home/me597/install/image_geometry/share/image_geometry/local_setup.dsv
[17.568s] -- Installing: /home/me597/install/image_geometry/share/image_geometry/package.dsv
[17.568s] -- Installing: /home/me597/install/image_geometry/share/ament_index/resource_index/packages/image_geometry
[17.568s] -- Installing: /home/me597/install/image_geometry/share/image_geometry/cmake/export_image_geometryExport.cmake
[17.568s] -- Installing: /home/me597/install/image_geometry/share/image_geometry/cmake/export_image_geometryExport-noconfig.cmake
[17.569s] -- Installing: /home/me597/install/image_geometry/share/image_geometry/cmake/ament_cmake_export_targets-extras.cmake
[17.569s] -- Installing: /home/me597/install/image_geometry/share/image_geometry/cmake/ament_cmake_export_dependencies-extras.cmake
[17.569s] -- Installing: /home/me597/install/image_geometry/share/image_geometry/cmake/image_geometryConfig.cmake
[17.569s] -- Installing: /home/me597/install/image_geometry/share/image_geometry/cmake/image_geometryConfig-version.cmake
[17.569s] -- Installing: /home/me597/install/image_geometry/share/image_geometry/package.xml
[17.579s] Invoked command in '/home/me597/build/image_geometry' returned '0': CMAKE_PREFIX_PATH=${CMAKE_PREFIX_PATH}:/home/me597/ros2_ws/src/task_5/install/task_5:/home/me597/ros2_ws/install/task_5:/home/me597/ros2_ws/src/install/task_5:/home/me597/ros2_ws/src/install/opencv_tests:/home/me597/ros2_ws/install/opencv_tests:/home/me597/ros2_ws/install/task_4:/home/me597/ros2_ws/src/install/task_4:/home/me597/install/task_4:/home/me597/install/sim_utils:/opt/ros/humble /usr/bin/cmake --install /home/me597/build/image_geometry
