[1.085s] Invoking command in '/home/me597/ros2_ws/src/task_5': CMAKE_PREFIX_PATH=/home/me597/install/cv_bridge:/home/me597/ros2_ws/install/vision_opencv:/home/me597/ros2_ws/install/image_geometry:/home/me597/ros2_ws/install/cv_bridge:/home/me597/install/vision_opencv:/home/me597/install/turtlebot3_gazebo:/home/me597/install/image_geometry:/home/me597/ros2_ws/src/install/vision_opencv:/home/me597/ros2_ws/src/install/image_geometry:/home/me597/ros2_ws/src/install/cv_bridge LD_LIBRARY_PATH=/home/me597/install/cv_bridge/lib:/home/me597/ros2_ws/install/image_geometry/lib:/home/me597/ros2_ws/install/cv_bridge/lib:/home/me597/install/image_geometry/lib:/home/me597/ros2_ws/src/install/image_geometry/lib:/home/me597/ros2_ws/src/install/cv_bridge/lib:/usr/lib/x86_64-linux-gnu/gazebo-11/plugins:/opt/ros/humble/opt/rviz_ogre_vendor/lib:/opt/ros/humble/lib/x86_64-linux-gnu:/opt/ros/humble/lib PYTHONPATH=/home/me597/build/task_5/prefix_override:/usr/lib/python3/dist-packages/colcon_core/task/python/colcon_distutils_commands:/home/me597/install/task_5/lib/python3.10/site-packages:${PYTHONPATH} /usr/bin/python3 -W ignore:setup.py install is deprecated -W ignore:easy_install command is deprecated setup.py egg_info --egg-base ../../../build/task_5 build --build-base /home/me597/build/task_5/build install --record /home/me597/build/task_5/install.log --single-version-externally-managed install_data
[1.419s] running egg_info
[1.420s] writing ../../../build/task_5/task_5.egg-info/PKG-INFO
[1.420s] writing dependency_links to ../../../build/task_5/task_5.egg-info/dependency_links.txt
[1.425s] writing entry points to ../../../build/task_5/task_5.egg-info/entry_points.txt
[1.425s] writing requirements to ../../../build/task_5/task_5.egg-info/requires.txt
[1.425s] writing top-level names to ../../../build/task_5/task_5.egg-info/top_level.txt
[1.425s] reading manifest file '../../../build/task_5/task_5.egg-info/SOURCES.txt'
[1.425s] writing manifest file '../../../build/task_5/task_5.egg-info/SOURCES.txt'
[1.425s] running build
[1.425s] running build_py
[1.425s] running install
[1.425s] running install_lib
[1.427s] running install_data
[1.427s] running install_egg_info
[1.432s] removing '/home/me597/install/task_5/lib/python3.10/site-packages/task_5-0.0.0-py3.10.egg-info' (and everything under it)
[1.442s] Copying ../../../build/task_5/task_5.egg-info to /home/me597/install/task_5/lib/python3.10/site-packages/task_5-0.0.0-py3.10.egg-info
[1.442s] running install_scripts
[1.486s] Installing image_publisher script to /home/me597/install/task_5/lib/task_5
[1.486s] Installing object_detector script to /home/me597/install/task_5/lib/task_5
[1.486s] writing list of installed files to '/home/me597/build/task_5/install.log'
[1.520s] Invoked command in '/home/me597/ros2_ws/src/task_5' returned '0': CMAKE_PREFIX_PATH=/home/me597/install/cv_bridge:/home/me597/ros2_ws/install/vision_opencv:/home/me597/ros2_ws/install/image_geometry:/home/me597/ros2_ws/install/cv_bridge:/home/me597/install/vision_opencv:/home/me597/install/turtlebot3_gazebo:/home/me597/install/image_geometry:/home/me597/ros2_ws/src/install/vision_opencv:/home/me597/ros2_ws/src/install/image_geometry:/home/me597/ros2_ws/src/install/cv_bridge LD_LIBRARY_PATH=/home/me597/install/cv_bridge/lib:/home/me597/ros2_ws/install/image_geometry/lib:/home/me597/ros2_ws/install/cv_bridge/lib:/home/me597/install/image_geometry/lib:/home/me597/ros2_ws/src/install/image_geometry/lib:/home/me597/ros2_ws/src/install/cv_bridge/lib:/usr/lib/x86_64-linux-gnu/gazebo-11/plugins:/opt/ros/humble/opt/rviz_ogre_vendor/lib:/opt/ros/humble/lib/x86_64-linux-gnu:/opt/ros/humble/lib PYTHONPATH=/home/me597/build/task_5/prefix_override:/usr/lib/python3/dist-packages/colcon_core/task/python/colcon_distutils_commands:/home/me597/install/task_5/lib/python3.10/site-packages:${PYTHONPATH} /usr/bin/python3 -W ignore:setup.py install is deprecated -W ignore:easy_install command is deprecated setup.py egg_info --egg-base ../../../build/task_5 build --build-base /home/me597/build/task_5/build install --record /home/me597/build/task_5/install.log --single-version-externally-managed install_data
