[1.002s] Invoking command in '/home/me597/ros2_ws/src/task_4': PYTHONPATH=/home/me597/ros2_ws/src/build/task_4/prefix_override:/usr/lib/python3/dist-packages/colcon_core/task/python/colcon_distutils_commands:/home/me597/ros2_ws/src/install/task_4/lib/python3.10/site-packages:${PYTHONPATH} /usr/bin/python3 -W ignore:setup.py install is deprecated -W ignore:easy_install command is deprecated setup.py egg_info --egg-base ../build/task_4 build --build-base /home/me597/ros2_ws/src/build/task_4/build install --record /home/me597/ros2_ws/src/build/task_4/install.log --single-version-externally-managed install_data
[1.367s] running egg_info
[1.367s] writing ../build/task_4/task_4.egg-info/PKG-INFO
[1.374s] writing dependency_links to ../build/task_4/task_4.egg-info/dependency_links.txt
[1.374s] writing entry points to ../build/task_4/task_4.egg-info/entry_points.txt
[1.374s] writing requirements to ../build/task_4/task_4.egg-info/requires.txt
[1.374s] writing top-level names to ../build/task_4/task_4.egg-info/top_level.txt
[1.380s] reading manifest file '../build/task_4/task_4.egg-info/SOURCES.txt'
[1.382s] writing manifest file '../build/task_4/task_4.egg-info/SOURCES.txt'
[1.382s] running build
[1.382s] running build_py
[1.386s] copying task_4/auto_navigator.py -> /home/me597/ros2_ws/src/build/task_4/build/lib/task_4
[1.386s] running install
[1.386s] running install_lib
[1.386s] copying /home/me597/ros2_ws/src/build/task_4/build/lib/task_4/auto_navigator.py -> /home/me597/ros2_ws/src/install/task_4/lib/python3.10/site-packages/task_4
[1.388s] byte-compiling /home/me597/ros2_ws/src/install/task_4/lib/python3.10/site-packages/task_4/auto_navigator.py to auto_navigator.cpython-310.pyc
[1.388s]   File "/home/me597/ros2_ws/src/install/task_4/lib/python3.10/site-packages/task_4/auto_navigator.py", line 17
[1.388s]     self.map_im, self.map_df, self.limits = self.__open_map(map
[1.388s]                                                            ^
[1.388s] SyntaxError: '(' was never closed
[1.389s] 
[1.389s] running install_data
[1.399s] copying maps/map.yaml -> /home/me597/ros2_ws/src/install/task_4/share/task_4/maps
[1.399s] copying maps/map.pgm -> /home/me597/ros2_ws/src/install/task_4/share/task_4/maps
[1.399s] running install_egg_info
[1.399s] removing '/home/me597/ros2_ws/src/install/task_4/lib/python3.10/site-packages/task_4-0.0.0-py3.10.egg-info' (and everything under it)
[1.399s] Copying ../build/task_4/task_4.egg-info to /home/me597/ros2_ws/src/install/task_4/lib/python3.10/site-packages/task_4-0.0.0-py3.10.egg-info
[1.400s] running install_scripts
[1.432s] Installing auto_navigator script to /home/me597/ros2_ws/src/install/task_4/lib/task_4
[1.436s] writing list of installed files to '/home/me597/ros2_ws/src/build/task_4/install.log'
[1.473s] Invoked command in '/home/me597/ros2_ws/src/task_4' returned '0': PYTHONPATH=/home/me597/ros2_ws/src/build/task_4/prefix_override:/usr/lib/python3/dist-packages/colcon_core/task/python/colcon_distutils_commands:/home/me597/ros2_ws/src/install/task_4/lib/python3.10/site-packages:${PYTHONPATH} /usr/bin/python3 -W ignore:setup.py install is deprecated -W ignore:easy_install command is deprecated setup.py egg_info --egg-base ../build/task_4 build --build-base /home/me597/ros2_ws/src/build/task_4/build install --record /home/me597/ros2_ws/src/build/task_4/install.log --single-version-externally-managed install_data
