[0.978s] Invoking command in '/home/me597/ros2_ws/src/task_4': PYTHONPATH=/home/me597/ros2_ws/src/build/task_4/prefix_override:/usr/lib/python3/dist-packages/colcon_core/task/python/colcon_distutils_commands:/home/me597/ros2_ws/src/install/task_4/lib/python3.10/site-packages:${PYTHONPATH} /usr/bin/python3 -W ignore:setup.py install is deprecated -W ignore:easy_install command is deprecated setup.py egg_info --egg-base ../build/task_4 build --build-base /home/me597/ros2_ws/src/build/task_4/build install --record /home/me597/ros2_ws/src/build/task_4/install.log --single-version-externally-managed install_data
[1.293s] running egg_info
[1.294s] writing ../build/task_4/task_4.egg-info/PKG-INFO
[1.297s] writing dependency_links to ../build/task_4/task_4.egg-info/dependency_links.txt
[1.297s] writing entry points to ../build/task_4/task_4.egg-info/entry_points.txt
[1.299s] writing requirements to ../build/task_4/task_4.egg-info/requires.txt
[1.299s] writing top-level names to ../build/task_4/task_4.egg-info/top_level.txt
[1.300s] reading manifest file '../build/task_4/task_4.egg-info/SOURCES.txt'
[1.302s] writing manifest file '../build/task_4/task_4.egg-info/SOURCES.txt'
[1.302s] running build
[1.302s] running build_py
[1.304s] copying task_4/auto_navigator.py -> /home/me597/ros2_ws/src/build/task_4/build/lib/task_4
[1.307s] running install
[1.307s] running install_lib
[1.307s] copying /home/me597/ros2_ws/src/build/task_4/build/lib/task_4/auto_navigator.py -> /home/me597/ros2_ws/src/install/task_4/lib/python3.10/site-packages/task_4
[1.311s] byte-compiling /home/me597/ros2_ws/src/install/task_4/lib/python3.10/site-packages/task_4/auto_navigator.py to auto_navigator.cpython-310.pyc
[1.312s] running install_data
[1.324s] running install_egg_info
[1.325s] removing '/home/me597/ros2_ws/src/install/task_4/lib/python3.10/site-packages/task_4-0.0.0-py3.10.egg-info' (and everything under it)
[1.325s] Copying ../build/task_4/task_4.egg-info to /home/me597/ros2_ws/src/install/task_4/lib/python3.10/site-packages/task_4-0.0.0-py3.10.egg-info
[1.327s] running install_scripts
[1.352s] Installing auto_navigator script to /home/me597/ros2_ws/src/install/task_4/lib/task_4
[1.354s] writing list of installed files to '/home/me597/ros2_ws/src/build/task_4/install.log'
[1.384s] Invoked command in '/home/me597/ros2_ws/src/task_4' returned '0': PYTHONPATH=/home/me597/ros2_ws/src/build/task_4/prefix_override:/usr/lib/python3/dist-packages/colcon_core/task/python/colcon_distutils_commands:/home/me597/ros2_ws/src/install/task_4/lib/python3.10/site-packages:${PYTHONPATH} /usr/bin/python3 -W ignore:setup.py install is deprecated -W ignore:easy_install command is deprecated setup.py egg_info --egg-base ../build/task_4 build --build-base /home/me597/ros2_ws/src/build/task_4/build install --record /home/me597/ros2_ws/src/build/task_4/install.log --single-version-externally-managed install_data
