[INFO] [1742925552.728262499] [lifecycle_manager_localization]: Creating
[INFO] [1742925552.733502038] [lifecycle_manager_localization]: [34m[1mCreating and initializing lifecycle service clients[0m[0m
[INFO] [1742925554.746132103] [lifecycle_manager_localization]: Waiting for service map_server/get_state...
[INFO] [1742925556.749466825] [lifecycle_manager_localization]: Waiting for service map_server/get_state...
[INFO] [1742925558.750714117] [lifecycle_manager_localization]: Waiting for service map_server/get_state...
[INFO] [1742925560.751435125] [lifecycle_manager_localization]: Waiting for service map_server/get_state...
[INFO] [1742925562.754204870] [lifecycle_manager_localization]: Waiting for service map_server/get_state...
[INFO] [1742925564.754949041] [lifecycle_manager_localization]: Waiting for service map_server/get_state...
[INFO] [1742925566.756363077] [lifecycle_manager_localization]: Waiting for service map_server/get_state...
[INFO] [1742925568.757481134] [lifecycle_manager_localization]: Waiting for service map_server/get_state...
[INFO] [1742925570.762414608] [lifecycle_manager_localization]: Waiting for service map_server/get_state...
[INFO] [1742925572.765880942] [lifecycle_manager_localization]: Waiting for service map_server/get_state...
[INFO] [1742925574.766036712] [lifecycle_manager_localization]: Waiting for service map_server/get_state...
[INFO] [1742925576.766425445] [lifecycle_manager_localization]: Waiting for service map_server/get_state...
[INFO] [1742925578.767571844] [lifecycle_manager_localization]: Waiting for service map_server/get_state...
[INFO] [1742925580.768611977] [lifecycle_manager_localization]: Waiting for service map_server/get_state...
[INFO] [1742925582.777676197] [lifecycle_manager_localization]: Waiting for service map_server/get_state...
[INFO] [1742925584.777947493] [lifecycle_manager_localization]: Waiting for service map_server/get_state...
[INFO] [1742925586.780520123] [lifecycle_manager_localization]: Waiting for service map_server/get_state...
[INFO] [1742925588.788557955] [lifecycle_manager_localization]: Waiting for service map_server/get_state...
[INFO] [1742925590.794782561] [lifecycle_manager_localization]: Waiting for service map_server/get_state...
[INFO] [1742925592.795136428] [lifecycle_manager_localization]: Waiting for service map_server/get_state...
[INFO] [1742925594.797897532] [lifecycle_manager_localization]: Waiting for service map_server/get_state...
[INFO] [1742925596.799080171] [lifecycle_manager_localization]: Waiting for service map_server/get_state...
[INFO] [1742925597.681856880] [lifecycle_manager_localization]: [34m[1mStarting managed nodes bringup...[0m[0m
[INFO] [1742925597.681932890] [lifecycle_manager_localization]: [34m[1mConfiguring map_server[0m[0m
[INFO] [1742925597.745002044] [lifecycle_manager_localization]: [34m[1mConfiguring amcl[0m[0m
[INFO] [1742925617.888701645] [lifecycle_manager_localization]: [34m[1mActivating map_server[0m[0m
[INFO] [1742925618.106853349] [lifecycle_manager_localization]: Server map_server connected with bond.
[INFO] [1742925618.106910067] [lifecycle_manager_localization]: [34m[1mActivating amcl[0m[0m
[INFO] [1742925618.226806882] [lifecycle_manager_localization]: Server amcl connected with bond.
[INFO] [1742925618.226851824] [lifecycle_manager_localization]: [34m[1mManaged nodes are active[0m[0m
[INFO] [1742925618.226859151] [lifecycle_manager_localization]: [34m[1mCreating bond timer...[0m[0m
[INFO] [1742926889.143343098] [lifecycle_manager_localization]: [34m[1mHave not received a heartbeat from map_server.[0m[0m
[ERROR] [1742926889.143891675] [lifecycle_manager_localization]: CRITICAL FAILURE: SERVER map_server IS DOWN after not receiving a heartbeat for 4000 ms. Shutting down related nodes.
[INFO] [1742926889.143915083] [lifecycle_manager_localization]: [34m[1mTerminating bond timer...[0m[0m
[INFO] [1742926889.143925125] [lifecycle_manager_localization]: [34m[1mResetting managed nodes...[0m[0m
[INFO] [1742926889.143932824] [lifecycle_manager_localization]: [34m[1mDeactivating amcl[0m[0m
[INFO] [1742927219.076867011] [lifecycle_manager_localization]: [34m[1mDeactivating map_server[0m[0m
[INFO] [1742927219.308985876] [lifecycle_manager_localization]: [34m[1mCleaning up amcl[0m[0m
[INFO] [1742927219.545055590] [lifecycle_manager_localization]: [34m[1mCleaning up map_server[0m[0m
[INFO] [1742927219.627205537] [lifecycle_manager_localization]: [34m[1mManaged nodes have been reset[0m[0m
[INFO] [1742927220.632313255] [lifecycle_manager_localization]: [34m[1mSuccessfully re-established connections from server respawns, starting back up.[0m[0m
[INFO] [1742927220.632388144] [lifecycle_manager_localization]: [34m[1mStarting managed nodes bringup...[0m[0m
[INFO] [1742927220.632400207] [lifecycle_manager_localization]: [34m[1mConfiguring map_server[0m[0m
[INFO] [1742927220.645251229] [lifecycle_manager_localization]: [34m[1mConfiguring amcl[0m[0m
[INFO] [1742927220.726580295] [lifecycle_manager_localization]: [34m[1mActivating map_server[0m[0m
[ERROR] [1742927222.772359682] [lifecycle_manager_localization]: Server map_server was unable to be reached after 4.00s by bond. This server may be misconfigured.
[ERROR] [1742927222.772436419] [lifecycle_manager_localization]: Failed to bring up all requested nodes. Aborting bringup.
[INFO] [1743020897.486255667] [rclcpp]: signal_handler(signum=2)
[INFO] [1743020897.486354672] [lifecycle_manager_localization]: Running Nav2 LifecycleManager rcl preshutdown (lifecycle_manager_localization)
