[INFO] [1743020911.823192027] [lifecycle_manager_localization]: Creating
[INFO] [1743020911.832183201] [lifecycle_manager_localization]: [34m[1mCreating and initializing lifecycle service clients[0m[0m
[INFO] [1743020913.847803301] [lifecycle_manager_localization]: Waiting for service map_server/get_state...
[INFO] [1743020915.847956484] [lifecycle_manager_localization]: Waiting for service map_server/get_state...
[INFO] [1743020917.848238892] [lifecycle_manager_localization]: Waiting for service map_server/get_state...
[INFO] [1743020919.850804181] [lifecycle_manager_localization]: Waiting for service map_server/get_state...
[INFO] [1743020921.851275252] [lifecycle_manager_localization]: Waiting for service map_server/get_state...
[INFO] [1743020923.853939395] [lifecycle_manager_localization]: Waiting for service map_server/get_state...
[INFO] [1743020925.855742119] [lifecycle_manager_localization]: Waiting for service map_server/get_state...
[INFO] [1743020927.856725330] [lifecycle_manager_localization]: Waiting for service map_server/get_state...
[INFO] [1743020929.858669881] [lifecycle_manager_localization]: Waiting for service map_server/get_state...
[INFO] [1743020931.859965168] [lifecycle_manager_localization]: Waiting for service map_server/get_state...
[INFO] [1743020933.861203903] [lifecycle_manager_localization]: Waiting for service map_server/get_state...
[INFO] [1743020935.861855358] [lifecycle_manager_localization]: Waiting for service map_server/get_state...
[INFO] [1743020937.865769622] [lifecycle_manager_localization]: Waiting for service map_server/get_state...
[INFO] [1743020939.869107324] [lifecycle_manager_localization]: Waiting for service map_server/get_state...
[INFO] [1743020941.871181894] [lifecycle_manager_localization]: Waiting for service map_server/get_state...
[INFO] [1743020943.871394649] [lifecycle_manager_localization]: Waiting for service map_server/get_state...
[INFO] [1743020945.872963954] [lifecycle_manager_localization]: Waiting for service map_server/get_state...
[INFO] [1743020947.874151473] [lifecycle_manager_localization]: Waiting for service map_server/get_state...
[INFO] [1743020949.874596790] [lifecycle_manager_localization]: Waiting for service map_server/get_state...
[INFO] [1743021097.938406934] [lifecycle_manager_localization]: Waiting for service map_server/get_state...
[INFO] [1743021099.938780721] [lifecycle_manager_localization]: Waiting for service map_server/get_state...
[INFO] [1743021101.939236991] [lifecycle_manager_localization]: Waiting for service map_server/get_state...
[INFO] [1743021103.939954628] [lifecycle_manager_localization]: Waiting for service map_server/get_state...
[INFO] [1743021105.940355918] [lifecycle_manager_localization]: Waiting for service map_server/get_state...
[INFO] [1743021107.941354339] [lifecycle_manager_localization]: Waiting for service map_server/get_state...
[INFO] [1743021109.941909271] [lifecycle_manager_localization]: Waiting for service map_server/get_state...
[INFO] [1743021111.942730009] [lifecycle_manager_localization]: Waiting for service map_server/get_state...
[INFO] [1743021112.756817662] [rclcpp]: signal_handler(signum=2)
[INFO] [1743021112.761971328] [lifecycle_manager_localization]: Running Nav2 LifecycleManager rcl preshutdown (lifecycle_manager_localization)
[INFO] [1743021112.762174185] [lifecycle_manager_localization]: Waiting for service map_server/get_state...
[INFO] [1743021112.762199420] [lifecycle_manager_localization]: Waiting for service map_server/get_state...
