[INFO] [1743098314.188624866] [map_server]: 
	map_server lifecycle node launched. 
	Waiting on external lifecycle transitions to activate
	See https://design.ros2.org/articles/node_lifecycle.html for more information.
[INFO] [1743098314.188759441] [map_server]: Creating
[INFO] [1743098314.188944021] [map_server]: Configuring
[INFO] [1743098314.188971344] [map_io]: Loading yaml file: /home/me597/install/turtlebot3_gazebo/share/turtlebot3_gazebo/maps/map.yaml
[INFO] [1743098314.189151418] [map_io]: resolution: 0.05
[INFO] [1743098314.189158090] [map_io]: origin[0]: -4.17
[INFO] [1743098314.189160471] [map_io]: origin[1]: -6.26
[INFO] [1743098314.189162842] [map_io]: origin[2]: 0
[INFO] [1743098314.189165351] [map_io]: free_thresh: 0.25
[INFO] [1743098314.189167787] [map_io]: occupied_thresh: 0.65
[INFO] [1743098314.189170442] [map_io]: mode: trinary
[INFO] [1743098314.189173743] [map_io]: negate: 0
[INFO] [1743098314.189296146] [map_io]: Loading image_file: /home/me597/install/turtlebot3_gazebo/share/turtlebot3_gazebo/maps/map.pgm
[INFO] [1743098314.205204440] [map_io]: Read map /home/me597/install/turtlebot3_gazebo/share/turtlebot3_gazebo/maps/map.pgm: 266 X 212 map @ 0.05 m/cell
[INFO] [1743098314.298348613] [map_server]: Activating
[INFO] [1743098314.298493818] [map_server]: Creating bond (map_server) to lifecycle manager.
[INFO] [1743098372.310154226] [rclcpp]: signal_handler(signum=2)
[INFO] [1743098372.311646945] [map_server]: Running Nav2 LifecycleNode rcl preshutdown (map_server)
[INFO] [1743098372.311703773] [map_server]: Deactivating
[INFO] [1743098372.311713584] [map_server]: Destroying bond (map_server) to lifecycle manager.
[INFO] [1743098372.325406927] [map_server]: Cleaning up
[INFO] [1743098372.325437857] [map_server]: Destroying bond (map_server) to lifecycle manager.
