[INFO] [1743099310.515815768] [map_server]: 
	map_server lifecycle node launched. 
	Waiting on external lifecycle transitions to activate
	See https://design.ros2.org/articles/node_lifecycle.html for more information.
[INFO] [1743099310.526754959] [map_server]: Creating
[INFO] [1743099310.548238347] [map_server]: Configuring
[INFO] [1743099310.548285638] [map_io]: Loading yaml file: /home/me597/install/turtlebot3_gazebo/share/turtlebot3_gazebo/maps/map.yaml
[INFO] [1743099310.548462712] [map_io]: resolution: 0.05
[INFO] [1743099310.548468531] [map_io]: origin[0]: -4.17
[INFO] [1743099310.548470972] [map_io]: origin[1]: -6.26
[INFO] [1743099310.548473376] [map_io]: origin[2]: 0
[INFO] [1743099310.548475893] [map_io]: free_thresh: 0.25
[INFO] [1743099310.548492941] [map_io]: occupied_thresh: 0.65
[INFO] [1743099310.548497935] [map_io]: mode: trinary
[INFO] [1743099310.548500845] [map_io]: negate: 0
[INFO] [1743099310.548627127] [map_io]: Loading image_file: /home/me597/install/turtlebot3_gazebo/share/turtlebot3_gazebo/maps/map.pgm
[INFO] [1743099310.563315741] [map_io]: Read map /home/me597/install/turtlebot3_gazebo/share/turtlebot3_gazebo/maps/map.pgm: 266 X 212 map @ 0.05 m/cell
[INFO] [1743099310.636351198] [map_server]: Activating
[INFO] [1743099310.636520554] [map_server]: Creating bond (map_server) to lifecycle manager.
[INFO] [1743099381.797334958] [rclcpp]: signal_handler(signum=2)
[INFO] [1743099381.801980356] [map_server]: Running Nav2 LifecycleNode rcl preshutdown (map_server)
[INFO] [1743099381.802045333] [map_server]: Deactivating
[INFO] [1743099381.802055613] [map_server]: Destroying bond (map_server) to lifecycle manager.
[INFO] [1743099381.816273009] [map_server]: Cleaning up
[INFO] [1743099381.816321050] [map_server]: Destroying bond (map_server) to lifecycle manager.
