[INFO] [1743027069.389101327] [map_server]: 
	map_server lifecycle node launched. 
	Waiting on external lifecycle transitions to activate
	See https://design.ros2.org/articles/node_lifecycle.html for more information.
[INFO] [1743027069.389212025] [map_server]: Creating
[INFO] [1743027069.410830898] [map_server]: Configuring
[INFO] [1743027069.410898625] [map_io]: Loading yaml file: /home/me597/install/turtlebot3_gazebo/share/turtlebot3_gazebo/maps/map.yaml
[INFO] [1743027069.415414033] [map_io]: resolution: 0.05
[INFO] [1743027069.415436967] [map_io]: origin[0]: -4.17
[INFO] [1743027069.415440786] [map_io]: origin[1]: -6.26
[INFO] [1743027069.415444407] [map_io]: origin[2]: 0
[INFO] [1743027069.415448246] [map_io]: free_thresh: 0.25
[INFO] [1743027069.415451892] [map_io]: occupied_thresh: 0.65
[INFO] [1743027069.415456484] [map_io]: mode: trinary
[INFO] [1743027069.415461070] [map_io]: negate: 0
[INFO] [1743027069.415672191] [map_io]: Loading image_file: /home/me597/install/turtlebot3_gazebo/share/turtlebot3_gazebo/maps/map.pgm
[INFO] [1743027069.445617634] [map_io]: Read map /home/me597/install/turtlebot3_gazebo/share/turtlebot3_gazebo/maps/map.pgm: 266 X 212 map @ 0.05 m/cell
[INFO] [1743027069.610982546] [map_server]: Activating
[INFO] [1743027069.611175906] [map_server]: Creating bond (map_server) to lifecycle manager.
[INFO] [1743027121.657457924] [rclcpp]: signal_handler(signum=2)
[INFO] [1743027121.657557705] [map_server]: Running Nav2 LifecycleNode rcl preshutdown (map_server)
[INFO] [1743027121.657624420] [map_server]: Deactivating
[INFO] [1743027121.657637163] [map_server]: Destroying bond (map_server) to lifecycle manager.
[INFO] [1743027121.667876695] [map_server]: Cleaning up
[INFO] [1743027121.668061335] [map_server]: Destroying bond (map_server) to lifecycle manager.
