[INFO] [1743217462.472384416] [map_server]: 
	map_server lifecycle node launched. 
	Waiting on external lifecycle transitions to activate
	See https://design.ros2.org/articles/node_lifecycle.html for more information.
[INFO] [1743217462.486789974] [map_server]: Creating
[INFO] [1743217462.487177492] [map_server]: Configuring
[INFO] [1743217462.487227303] [map_io]: Loading yaml file: /home/me597/install/turtlebot3_gazebo/share/turtlebot3_gazebo/maps/map.yaml
[INFO] [1743217462.488299791] [map_io]: resolution: 0.05
[INFO] [1743217462.488309590] [map_io]: origin[0]: -4.17
[INFO] [1743217462.488312135] [map_io]: origin[1]: -6.26
[INFO] [1743217462.488314687] [map_io]: origin[2]: 0
[INFO] [1743217462.488317405] [map_io]: free_thresh: 0.25
[INFO] [1743217462.488320030] [map_io]: occupied_thresh: 0.65
[INFO] [1743217462.488322858] [map_io]: mode: trinary
[INFO] [1743217462.488326794] [map_io]: negate: 0
[INFO] [1743217462.488460350] [map_io]: Loading image_file: /home/me597/install/turtlebot3_gazebo/share/turtlebot3_gazebo/maps/map.pgm
[INFO] [1743217462.516331670] [map_io]: Read map /home/me597/install/turtlebot3_gazebo/share/turtlebot3_gazebo/maps/map.pgm: 266 X 212 map @ 0.05 m/cell
[INFO] [1743217462.616400272] [map_server]: Activating
[INFO] [1743217462.616575228] [map_server]: Creating bond (map_server) to lifecycle manager.
[INFO] [1743217510.451514219] [rclcpp]: signal_handler(signum=2)
[INFO] [1743217510.452063228] [map_server]: Running Nav2 LifecycleNode rcl preshutdown (map_server)
[INFO] [1743217510.452178506] [map_server]: Deactivating
[INFO] [1743217510.452190326] [map_server]: Destroying bond (map_server) to lifecycle manager.
[INFO] [1743217510.462771434] [map_server]: Cleaning up
[INFO] [1743217510.462805824] [map_server]: Destroying bond (map_server) to lifecycle manager.
