[INFO] [1741713260.881571493] [map_server]: 
	map_server lifecycle node launched. 
	Waiting on external lifecycle transitions to activate
	See https://design.ros2.org/articles/node_lifecycle.html for more information.
[INFO] [1741713260.885207791] [map_server]: Creating
[INFO] [1741713261.050027918] [map_server]: Configuring
[INFO] [1741713261.050088612] [map_io]: Loading yaml file: /home/me597/install/turtlebot3_gazebo/share/turtlebot3_gazebo/maps/map.yaml
[INFO] [1741713261.050319441] [map_io]: resolution: 0.05
[INFO] [1741713261.050327911] [map_io]: origin[0]: -4.17
[INFO] [1741713261.050331312] [map_io]: origin[1]: -6.26
[INFO] [1741713261.050334630] [map_io]: origin[2]: 0
[INFO] [1741713261.050337956] [map_io]: free_thresh: 0.25
[INFO] [1741713261.050341143] [map_io]: occupied_thresh: 0.65
[INFO] [1741713261.050344827] [map_io]: mode: trinary
[INFO] [1741713261.050348427] [map_io]: negate: 0
[INFO] [1741713261.050539952] [map_io]: Loading image_file: /home/me597/install/turtlebot3_gazebo/share/turtlebot3_gazebo/maps/map.pgm
[INFO] [1741713261.083448068] [map_io]: Read map /home/me597/install/turtlebot3_gazebo/share/turtlebot3_gazebo/maps/map.pgm: 266 X 212 map @ 0.05 m/cell
[INFO] [1741713261.227346158] [map_server]: Activating
[INFO] [1741713261.227592234] [map_server]: Creating bond (map_server) to lifecycle manager.
[INFO] [1741713666.879859175] [rclcpp]: signal_handler(signum=2)
[INFO] [1741713666.880090755] [map_server]: Running Nav2 LifecycleNode rcl preshutdown (map_server)
[INFO] [1741713666.880216668] [map_server]: Deactivating
[INFO] [1741713666.880237276] [map_server]: Destroying bond (map_server) to lifecycle manager.
[INFO] [1741713666.896597451] [map_server]: Cleaning up
[INFO] [1741713666.896645645] [map_server]: Destroying bond (map_server) to lifecycle manager.
