[INFO] [1743093958.012234927] [map_server]: 
	map_server lifecycle node launched. 
	Waiting on external lifecycle transitions to activate
	See https://design.ros2.org/articles/node_lifecycle.html for more information.
[INFO] [1743093958.012397003] [map_server]: Creating
[INFO] [1743093958.074794741] [map_server]: Configuring
[INFO] [1743093958.074894281] [map_io]: Loading yaml file: /home/me597/install/turtlebot3_gazebo/share/turtlebot3_gazebo/maps/map.yaml
[INFO] [1743093958.078487097] [map_io]: resolution: 0.05
[INFO] [1743093958.078501925] [map_io]: origin[0]: -4.17
[INFO] [1743093958.078505470] [map_io]: origin[1]: -6.26
[INFO] [1743093958.078508748] [map_io]: origin[2]: 0
[INFO] [1743093958.078512326] [map_io]: free_thresh: 0.25
[INFO] [1743093958.078515855] [map_io]: occupied_thresh: 0.65
[INFO] [1743093958.078519514] [map_io]: mode: trinary
[INFO] [1743093958.078523447] [map_io]: negate: 0
[INFO] [1743093958.127371130] [map_io]: Loading image_file: /home/me597/install/turtlebot3_gazebo/share/turtlebot3_gazebo/maps/map.pgm
[INFO] [1743093958.170498610] [map_io]: Read map /home/me597/install/turtlebot3_gazebo/share/turtlebot3_gazebo/maps/map.pgm: 266 X 212 map @ 0.05 m/cell
[INFO] [1743093958.323892865] [map_server]: Activating
[INFO] [1743093958.328055519] [map_server]: Creating bond (map_server) to lifecycle manager.
[WARN] [1743094182.702160779] [rcl_lifecycle]: No transition matching 1 found for current state active
[ERROR] [1743094182.702191843] [map_server]: Unable to start transition 1 from current state active: Transition is not registered., at ./src/rcl_lifecycle.c:355
[INFO] [1743095166.583960323] [rclcpp]: signal_handler(signum=2)
[INFO] [1743095166.584096663] [map_server]: Running Nav2 LifecycleNode rcl preshutdown (map_server)
[INFO] [1743095166.584186304] [map_server]: Deactivating
[INFO] [1743095166.584203399] [map_server]: Destroying bond (map_server) to lifecycle manager.
[INFO] [1743095166.605744508] [map_server]: Cleaning up
[INFO] [1743095166.605825813] [map_server]: Destroying bond (map_server) to lifecycle manager.
