[INFO] [1743097858.498029198] [map_server]: 
	map_server lifecycle node launched. 
	Waiting on external lifecycle transitions to activate
	See https://design.ros2.org/articles/node_lifecycle.html for more information.
[INFO] [1743097858.498143851] [map_server]: Creating
[INFO] [1743097858.681231804] [map_server]: Configuring
[INFO] [1743097858.681319910] [map_io]: Loading yaml file: /home/me597/install/turtlebot3_gazebo/share/turtlebot3_gazebo/maps/map.yaml
[INFO] [1743097858.681499229] [map_io]: resolution: 0.05
[INFO] [1743097858.681505388] [map_io]: origin[0]: -4.17
[INFO] [1743097858.681507797] [map_io]: origin[1]: -6.26
[INFO] [1743097858.681510056] [map_io]: origin[2]: 0
[INFO] [1743097858.681512506] [map_io]: free_thresh: 0.25
[INFO] [1743097858.681514818] [map_io]: occupied_thresh: 0.65
[INFO] [1743097858.681517458] [map_io]: mode: trinary
[INFO] [1743097858.681519852] [map_io]: negate: 0
[INFO] [1743097858.681636365] [map_io]: Loading image_file: /home/me597/install/turtlebot3_gazebo/share/turtlebot3_gazebo/maps/map.pgm
[INFO] [1743097858.700199542] [map_io]: Read map /home/me597/install/turtlebot3_gazebo/share/turtlebot3_gazebo/maps/map.pgm: 266 X 212 map @ 0.05 m/cell
[INFO] [1743097858.794881239] [map_server]: Activating
[INFO] [1743097858.795044492] [map_server]: Creating bond (map_server) to lifecycle manager.
[INFO] [1743097886.441872064] [rclcpp]: signal_handler(signum=2)
[INFO] [1743097886.444186620] [map_server]: Running Nav2 LifecycleNode rcl preshutdown (map_server)
[INFO] [1743097886.444236629] [map_server]: Deactivating
[INFO] [1743097886.444246692] [map_server]: Destroying bond (map_server) to lifecycle manager.
[INFO] [1743097886.456528529] [map_server]: Cleaning up
[INFO] [1743097886.456561656] [map_server]: Destroying bond (map_server) to lifecycle manager.
