[INFO] [1743098628.791857166] [map_server]: 
	map_server lifecycle node launched. 
	Waiting on external lifecycle transitions to activate
	See https://design.ros2.org/articles/node_lifecycle.html for more information.
[INFO] [1743098628.791938970] [map_server]: Creating
[INFO] [1743098628.801768356] [map_server]: Configuring
[INFO] [1743098628.801829460] [map_io]: Loading yaml file: /home/me597/install/turtlebot3_gazebo/share/turtlebot3_gazebo/maps/map.yaml
[INFO] [1743098628.802011418] [map_io]: resolution: 0.05
[INFO] [1743098628.802016442] [map_io]: origin[0]: -4.17
[INFO] [1743098628.802018788] [map_io]: origin[1]: -6.26
[INFO] [1743098628.802021077] [map_io]: origin[2]: 0
[INFO] [1743098628.802023564] [map_io]: free_thresh: 0.25
[INFO] [1743098628.802025900] [map_io]: occupied_thresh: 0.65
[INFO] [1743098628.802028572] [map_io]: mode: trinary
[INFO] [1743098628.802031260] [map_io]: negate: 0
[INFO] [1743098628.802159709] [map_io]: Loading image_file: /home/me597/install/turtlebot3_gazebo/share/turtlebot3_gazebo/maps/map.pgm
[INFO] [1743098628.808951732] [map_io]: Read map /home/me597/install/turtlebot3_gazebo/share/turtlebot3_gazebo/maps/map.pgm: 266 X 212 map @ 0.05 m/cell
[INFO] [1743098628.915817938] [map_server]: Activating
[INFO] [1743098628.917104126] [map_server]: Creating bond (map_server) to lifecycle manager.
[INFO] [1743098696.498090380] [rclcpp]: signal_handler(signum=2)
[INFO] [1743098696.499063224] [map_server]: Running Nav2 LifecycleNode rcl preshutdown (map_server)
[INFO] [1743098696.499159466] [map_server]: Deactivating
[INFO] [1743098696.499171638] [map_server]: Destroying bond (map_server) to lifecycle manager.
[INFO] [1743098696.509731329] [map_server]: Cleaning up
[INFO] [1743098696.509771060] [map_server]: Destroying bond (map_server) to lifecycle manager.
