[INFO] [1743057471.673494171] [map_server]: 
	map_server lifecycle node launched. 
	Waiting on external lifecycle transitions to activate
	See https://design.ros2.org/articles/node_lifecycle.html for more information.
[INFO] [1743057471.673667827] [map_server]: Creating
[INFO] [1743057471.905488694] [map_server]: Configuring
[INFO] [1743057471.905580509] [map_io]: Loading yaml file: /home/me597/install/turtlebot3_gazebo/share/turtlebot3_gazebo/maps/map.yaml
[INFO] [1743057471.905972181] [map_io]: resolution: 0.05
[INFO] [1743057471.905985552] [map_io]: origin[0]: -4.17
[INFO] [1743057471.905991020] [map_io]: origin[1]: -6.26
[INFO] [1743057471.905997289] [map_io]: origin[2]: 0
[INFO] [1743057471.906003214] [map_io]: free_thresh: 0.25
[INFO] [1743057471.906008643] [map_io]: occupied_thresh: 0.65
[INFO] [1743057471.906014396] [map_io]: mode: trinary
[INFO] [1743057471.906021191] [map_io]: negate: 0
[INFO] [1743057471.906224491] [map_io]: Loading image_file: /home/me597/install/turtlebot3_gazebo/share/turtlebot3_gazebo/maps/map.pgm
[INFO] [1743057471.968725087] [map_io]: Read map /home/me597/install/turtlebot3_gazebo/share/turtlebot3_gazebo/maps/map.pgm: 266 X 212 map @ 0.05 m/cell
[INFO] [1743057472.139499165] [map_server]: Activating
[INFO] [1743057472.139810513] [map_server]: Creating bond (map_server) to lifecycle manager.
[INFO] [1743059227.100764980] [rclcpp]: signal_handler(signum=2)
[INFO] [1743059227.100836302] [map_server]: Running Nav2 LifecycleNode rcl preshutdown (map_server)
[INFO] [1743059227.101002182] [map_server]: Deactivating
[INFO] [1743059227.101016939] [map_server]: Destroying bond (map_server) to lifecycle manager.
[INFO] [1743059227.114893725] [map_server]: Cleaning up
[INFO] [1743059227.114943196] [map_server]: Destroying bond (map_server) to lifecycle manager.
