[INFO] [1743099246.474791943] [map_server]: 
	map_server lifecycle node launched. 
	Waiting on external lifecycle transitions to activate
	See https://design.ros2.org/articles/node_lifecycle.html for more information.
[INFO] [1743099246.474909572] [map_server]: Creating
[INFO] [1743099246.475125521] [map_server]: Configuring
[INFO] [1743099246.475154772] [map_io]: Loading yaml file: /home/me597/install/turtlebot3_gazebo/share/turtlebot3_gazebo/maps/map.yaml
[INFO] [1743099246.475410084] [map_io]: resolution: 0.05
[INFO] [1743099246.475424258] [map_io]: origin[0]: -4.17
[INFO] [1743099246.475426756] [map_io]: origin[1]: -6.26
[INFO] [1743099246.475429180] [map_io]: origin[2]: 0
[INFO] [1743099246.475431734] [map_io]: free_thresh: 0.25
[INFO] [1743099246.475434249] [map_io]: occupied_thresh: 0.65
[INFO] [1743099246.475437116] [map_io]: mode: trinary
[INFO] [1743099246.475440005] [map_io]: negate: 0
[INFO] [1743099246.475573012] [map_io]: Loading image_file: /home/me597/install/turtlebot3_gazebo/share/turtlebot3_gazebo/maps/map.pgm
[INFO] [1743099246.503623953] [map_io]: Read map /home/me597/install/turtlebot3_gazebo/share/turtlebot3_gazebo/maps/map.pgm: 266 X 212 map @ 0.05 m/cell
[INFO] [1743099246.588406307] [map_server]: Activating
[INFO] [1743099246.588585058] [map_server]: Creating bond (map_server) to lifecycle manager.
[INFO] [1743099303.756383291] [rclcpp]: signal_handler(signum=2)
[INFO] [1743099303.763329499] [map_server]: Running Nav2 LifecycleNode rcl preshutdown (map_server)
[INFO] [1743099303.763428452] [map_server]: Deactivating
[INFO] [1743099303.763440443] [map_server]: Destroying bond (map_server) to lifecycle manager.
[INFO] [1743099303.775118225] [map_server]: Cleaning up
[INFO] [1743099303.776547643] [map_server]: Destroying bond (map_server) to lifecycle manager.
