running egg_info
writing ../../../build/sim_utils/sim_utils.egg-info/PKG-INFO
writing dependency_links to ../../../build/sim_utils/sim_utils.egg-info/dependency_links.txt
writing entry points to ../../../build/sim_utils/sim_utils.egg-info/entry_points.txt
writing requirements to ../../../build/sim_utils/sim_utils.egg-info/requires.txt
writing top-level names to ../../../build/sim_utils/sim_utils.egg-info/top_level.txt
reading manifest file '../../../build/sim_utils/sim_utils.egg-info/SOURCES.txt'
writing manifest file '../../../build/sim_utils/sim_utils.egg-info/SOURCES.txt'
running build
running build_py
copying sim_utils/red_ball_control.py -> /home/me597/build/sim_utils/build/lib/sim_utils
copying sim_utils/__init__.py -> /home/me597/build/sim_utils/build/lib/sim_utils
running install
running install_lib
copying /home/me597/build/sim_utils/build/lib/sim_utils/red_ball_control.py -> /home/me597/install/sim_utils/lib/python3.10/site-packages/sim_utils
copying /home/me597/build/sim_utils/build/lib/sim_utils/__init__.py -> /home/me597/install/sim_utils/lib/python3.10/site-packages/sim_utils
byte-compiling /home/me597/install/sim_utils/lib/python3.10/site-packages/sim_utils/red_ball_control.py to red_ball_control.cpython-310.pyc
byte-compiling /home/me597/install/sim_utils/lib/python3.10/site-packages/sim_utils/__init__.py to __init__.cpython-310.pyc
running install_data
copying resource/sim_utils -> /home/me597/install/sim_utils/share/ament_index/resource_index/packages
copying package.xml -> /home/me597/install/sim_utils/share/sim_utils
running install_egg_info
removing '/home/me597/install/sim_utils/lib/python3.10/site-packages/sim_utils-0.0.0-py3.10.egg-info' (and everything under it)
Copying ../../../build/sim_utils/sim_utils.egg-info to /home/me597/install/sim_utils/lib/python3.10/site-packages/sim_utils-0.0.0-py3.10.egg-info
running install_scripts
Installing red_ball_controller script to /home/me597/install/sim_utils/lib/sim_utils
writing list of installed files to '/home/me597/build/sim_utils/install.log'
