[0.765s] Invoking command in '/home/me597/sim_ws/src/sim_utils': PYTHONPATH=/home/me597/build/sim_utils/prefix_override:/usr/lib/python3/dist-packages/colcon_core/task/python/colcon_distutils_commands:/home/me597/install/sim_utils/lib/python3.10/site-packages:${PYTHONPATH} /usr/bin/python3 -W ignore:setup.py install is deprecated -W ignore:easy_install command is deprecated setup.py egg_info --egg-base ../../../build/sim_utils build --build-base /home/me597/build/sim_utils/build install --record /home/me597/build/sim_utils/install.log --single-version-externally-managed install_data
[0.925s] running egg_info
[0.925s] writing ../../../build/sim_utils/sim_utils.egg-info/PKG-INFO
[0.927s] writing dependency_links to ../../../build/sim_utils/sim_utils.egg-info/dependency_links.txt
[0.927s] writing entry points to ../../../build/sim_utils/sim_utils.egg-info/entry_points.txt
[0.928s] writing requirements to ../../../build/sim_utils/sim_utils.egg-info/requires.txt
[0.928s] writing top-level names to ../../../build/sim_utils/sim_utils.egg-info/top_level.txt
[0.930s] reading manifest file '../../../build/sim_utils/sim_utils.egg-info/SOURCES.txt'
[0.931s] writing manifest file '../../../build/sim_utils/sim_utils.egg-info/SOURCES.txt'
[0.931s] running build
[0.931s] running build_py
[0.934s] copying sim_utils/red_ball_control.py -> /home/me597/build/sim_utils/build/lib/sim_utils
[0.936s] copying sim_utils/__init__.py -> /home/me597/build/sim_utils/build/lib/sim_utils
[0.936s] running install
[0.936s] running install_lib
[0.937s] copying /home/me597/build/sim_utils/build/lib/sim_utils/red_ball_control.py -> /home/me597/install/sim_utils/lib/python3.10/site-packages/sim_utils
[0.937s] copying /home/me597/build/sim_utils/build/lib/sim_utils/__init__.py -> /home/me597/install/sim_utils/lib/python3.10/site-packages/sim_utils
[0.940s] byte-compiling /home/me597/install/sim_utils/lib/python3.10/site-packages/sim_utils/red_ball_control.py to red_ball_control.cpython-310.pyc
[0.940s] byte-compiling /home/me597/install/sim_utils/lib/python3.10/site-packages/sim_utils/__init__.py to __init__.cpython-310.pyc
[0.940s] running install_data
[0.941s] copying resource/sim_utils -> /home/me597/install/sim_utils/share/ament_index/resource_index/packages
[0.941s] copying package.xml -> /home/me597/install/sim_utils/share/sim_utils
[0.941s] running install_egg_info
[0.944s] removing '/home/me597/install/sim_utils/lib/python3.10/site-packages/sim_utils-0.0.0-py3.10.egg-info' (and everything under it)
[0.946s] Copying ../../../build/sim_utils/sim_utils.egg-info to /home/me597/install/sim_utils/lib/python3.10/site-packages/sim_utils-0.0.0-py3.10.egg-info
[0.946s] running install_scripts
[0.961s] Installing red_ball_controller script to /home/me597/install/sim_utils/lib/sim_utils
[0.963s] writing list of installed files to '/home/me597/build/sim_utils/install.log'
[0.990s] Invoked command in '/home/me597/sim_ws/src/sim_utils' returned '0': PYTHONPATH=/home/me597/build/sim_utils/prefix_override:/usr/lib/python3/dist-packages/colcon_core/task/python/colcon_distutils_commands:/home/me597/install/sim_utils/lib/python3.10/site-packages:${PYTHONPATH} /usr/bin/python3 -W ignore:setup.py install is deprecated -W ignore:easy_install command is deprecated setup.py egg_info --egg-base ../../../build/sim_utils build --build-base /home/me597/build/sim_utils/build install --record /home/me597/build/sim_utils/install.log --single-version-externally-managed install_data
