[0.030s] Invoking command in '/home/me597/build/cv_bridge': CMAKE_PREFIX_PATH=${CMAKE_PREFIX_PATH}:/home/me597/ros2_ws/src/task_5/install/task_5:/home/me597/ros2_ws/install/task_5:/home/me597/ros2_ws/src/install/task_5:/home/me597/ros2_ws/src/install/opencv_tests:/home/me597/ros2_ws/install/opencv_tests:/home/me597/ros2_ws/install/task_4:/home/me597/ros2_ws/src/install/task_4:/home/me597/install/task_4:/home/me597/install/sim_utils:/opt/ros/humble /usr/bin/cmake /home/me597/ros2_ws/src/vision_opencv/cv_bridge -DCMAKE_INSTALL_PREFIX=/home/me597/install/cv_bridge
[0.098s] -- The C compiler identification is GNU 11.4.0
[0.190s] -- The CXX compiler identification is GNU 11.4.0
[0.198s] -- Detecting C compiler ABI info
[0.287s] -- Detecting C compiler ABI info - done
[0.295s] -- Check for working C compiler: /usr/bin/cc - skipped
[0.295s] -- Detecting C compile features
[0.296s] -- Detecting C compile features - done
[0.301s] -- Detecting CXX compiler ABI info
[0.392s] -- Detecting CXX compiler ABI info - done
[0.400s] -- Check for working CXX compiler: /usr/bin/c++ - skipped
[0.400s] -- Detecting CXX compile features
[0.401s] -- Detecting CXX compile features - done
[0.404s] -- Found ament_cmake_ros: 0.10.0 (/opt/ros/humble/share/ament_cmake_ros/cmake)
[0.638s] -- Found Python3: /usr/bin/python3 (found version "3.10.12") found components: Interpreter 
[1.321s] -- Found Python3: /usr/include/python3.10 (found version "3.10.12") found components: Development NumPy Interpreter Development.Module Development.Embed 
[1.347s] -- Found Boost: /usr/lib/x86_64-linux-gnu/cmake/Boost-1.74.0/BoostConfig.cmake (found version "1.74.0") found components: python310 
[1.352s] -- Found rclcpp: 16.0.11 (/opt/ros/humble/share/rclcpp/cmake)
[1.394s] -- Found rosidl_generator_c: 3.1.6 (/opt/ros/humble/share/rosidl_generator_c/cmake)
[1.400s] -- Found rosidl_adapter: 3.1.6 (/opt/ros/humble/share/rosidl_adapter/cmake)
[1.410s] -- Found rosidl_generator_cpp: 3.1.6 (/opt/ros/humble/share/rosidl_generator_cpp/cmake)
[1.423s] -- Using all available rosidl_typesupport_c: rosidl_typesupport_fastrtps_c;rosidl_typesupport_introspection_c
[1.458s] -- Using all available rosidl_typesupport_cpp: rosidl_typesupport_fastrtps_cpp;rosidl_typesupport_introspection_cpp
[1.515s] -- Found rmw_implementation_cmake: 6.1.2 (/opt/ros/humble/share/rmw_implementation_cmake/cmake)
[1.521s] -- Found rmw_fastrtps_cpp: 6.2.7 (/opt/ros/humble/share/rmw_fastrtps_cpp/cmake)
[1.631s] -- Found OpenSSL: /usr/lib/x86_64-linux-gnu/libcrypto.so (found version "3.0.2")  
[1.677s] -- Found FastRTPS: /opt/ros/humble/include  
[1.716s] -- Using RMW implementation 'rmw_fastrtps_cpp' as default
[1.726s] -- Looking for pthread.h
[1.815s] -- Looking for pthread.h - found
[1.816s] -- Performing Test CMAKE_HAVE_LIBC_PTHREAD
[1.925s] -- Performing Test CMAKE_HAVE_LIBC_PTHREAD - Success
[1.931s] -- Found Threads: TRUE  
[2.003s] -- Found sensor_msgs: 4.2.4 (/opt/ros/humble/share/sensor_msgs/cmake)
[2.233s] -- Performing Test COMPILER_HAS_HIDDEN_VISIBILITY
[2.463s] -- Performing Test COMPILER_HAS_HIDDEN_VISIBILITY - Success
[2.465s] -- Performing Test COMPILER_HAS_HIDDEN_INLINE_VISIBILITY
[2.666s] -- Performing Test COMPILER_HAS_HIDDEN_INLINE_VISIBILITY - Success
[2.670s] -- Performing Test COMPILER_HAS_DEPRECATED_ATTR
[2.872s] -- Performing Test COMPILER_HAS_DEPRECATED_ATTR - Success
[2.885s] -- Found ament_lint_auto: 0.12.11 (/opt/ros/humble/share/ament_lint_auto/cmake)
[3.069s] -- Found gtest sources under '/opt/ros/humble/src/gtest_vendor': C++ tests using 'Google Test' will be built
[5.156s] -- Configuring done
[5.188s] -- Generating done
[5.219s] -- Build files have been written to: /home/me597/build/cv_bridge
[5.256s] Invoked command in '/home/me597/build/cv_bridge' returned '0': CMAKE_PREFIX_PATH=${CMAKE_PREFIX_PATH}:/home/me597/ros2_ws/src/task_5/install/task_5:/home/me597/ros2_ws/install/task_5:/home/me597/ros2_ws/src/install/task_5:/home/me597/ros2_ws/src/install/opencv_tests:/home/me597/ros2_ws/install/opencv_tests:/home/me597/ros2_ws/install/task_4:/home/me597/ros2_ws/src/install/task_4:/home/me597/install/task_4:/home/me597/install/sim_utils:/opt/ros/humble /usr/bin/cmake /home/me597/ros2_ws/src/vision_opencv/cv_bridge -DCMAKE_INSTALL_PREFIX=/home/me597/install/cv_bridge
[5.257s] Invoking command in '/home/me597/build/cv_bridge': CMAKE_PREFIX_PATH=${CMAKE_PREFIX_PATH}:/home/me597/ros2_ws/src/task_5/install/task_5:/home/me597/ros2_ws/install/task_5:/home/me597/ros2_ws/src/install/task_5:/home/me597/ros2_ws/src/install/opencv_tests:/home/me597/ros2_ws/install/opencv_tests:/home/me597/ros2_ws/install/task_4:/home/me597/ros2_ws/src/install/task_4:/home/me597/install/task_4:/home/me597/install/sim_utils:/opt/ros/humble /usr/bin/cmake --build /home/me597/build/cv_bridge -- -j2 -l2
[5.390s] [  5%] [32mBuilding CXX object src/CMakeFiles/cv_bridge.dir/cv_bridge.cpp.o[0m
[5.427s] [  5%] Built target ament_cmake_python_copy_cv_bridge
[5.446s] [ 11%] [32mBuilding CXX object src/CMakeFiles/cv_bridge.dir/cv_mat_sensor_msgs_image_type_adapter.cpp.o[0m
[8.030s] [ 16%] [32mBuilding CXX object gtest/CMakeFiles/gtest_main.dir/src/gtest_main.cc.o[0m
[9.306s] [ 22%] [32m[1mLinking CXX static library libgtest_main.a[0m
[9.387s] [ 22%] Built target gtest_main
[9.441s] [ 27%] [32mBuilding CXX object gtest/CMakeFiles/gtest.dir/src/gtest-all.cc.o[0m
[16.275s] [ 33%] [32mBuilding CXX object src/CMakeFiles/cv_bridge.dir/rgb_colors.cpp.o[0m
[18.302s] [ 38%] [32m[1mLinking CXX static library libgtest.a[0m
[18.420s] [ 38%] Built target gtest
[18.972s] running egg_info
[18.972s] creating cv_bridge.egg-info
[18.972s] writing cv_bridge.egg-info/PKG-INFO
[18.973s] writing dependency_links to cv_bridge.egg-info/dependency_links.txt
[18.973s] writing top-level names to cv_bridge.egg-info/top_level.txt
[18.973s] writing manifest file 'cv_bridge.egg-info/SOURCES.txt'
[18.973s] reading manifest file 'cv_bridge.egg-info/SOURCES.txt'
[18.973s] writing manifest file 'cv_bridge.egg-info/SOURCES.txt'
[19.001s] [ 38%] Built target ament_cmake_python_build_cv_bridge_egg
[19.772s] [ 44%] [32m[1mLinking CXX shared library libcv_bridge.so[0m
[19.988s] [ 44%] Built target cv_bridge
[20.010s] [ 50%] [32mBuilding CXX object test/CMakeFiles/cv_bridge-utest.dir/test_endian.cpp.o[0m
[20.019s] [ 55%] [32mBuilding CXX object src/CMakeFiles/cv_bridge_boost.dir/module.cpp.o[0m
[22.353s] [ 61%] [32mBuilding CXX object test/CMakeFiles/cv_bridge-utest.dir/test_compression.cpp.o[0m
[24.227s] [ 66%] [32mBuilding CXX object test/CMakeFiles/cv_bridge-utest.dir/utest.cpp.o[0m
[24.526s] [ 72%] [32mBuilding CXX object src/CMakeFiles/cv_bridge_boost.dir/module_opencv4.cpp.o[0m
[27.280s] [ 77%] [32mBuilding CXX object test/CMakeFiles/cv_bridge-utest.dir/utest2.cpp.o[0m
[29.246s] [ 83%] [32m[1mLinking CXX shared module boost/cv_bridge_boost.so[0m
[29.467s] [ 83%] Built target cv_bridge_boost
[29.485s] [ 88%] [32mBuilding CXX object test/CMakeFiles/cv_bridge-utest.dir/test_rgb_colors.cpp.o[0m
[29.726s] [ 94%] [32mBuilding CXX object test/CMakeFiles/cv_bridge-utest.dir/test_dynamic_scaling.cpp.o[0m
[32.936s] [100%] [32m[1mLinking CXX executable cv_bridge-utest[0m
[33.490s] [100%] Built target cv_bridge-utest
[33.508s] Invoked command in '/home/me597/build/cv_bridge' returned '0': CMAKE_PREFIX_PATH=${CMAKE_PREFIX_PATH}:/home/me597/ros2_ws/src/task_5/install/task_5:/home/me597/ros2_ws/install/task_5:/home/me597/ros2_ws/src/install/task_5:/home/me597/ros2_ws/src/install/opencv_tests:/home/me597/ros2_ws/install/opencv_tests:/home/me597/ros2_ws/install/task_4:/home/me597/ros2_ws/src/install/task_4:/home/me597/install/task_4:/home/me597/install/sim_utils:/opt/ros/humble /usr/bin/cmake --build /home/me597/build/cv_bridge -- -j2 -l2
[33.511s] Invoking command in '/home/me597/build/cv_bridge': CMAKE_PREFIX_PATH=${CMAKE_PREFIX_PATH}:/home/me597/ros2_ws/src/task_5/install/task_5:/home/me597/ros2_ws/install/task_5:/home/me597/ros2_ws/src/install/task_5:/home/me597/ros2_ws/src/install/opencv_tests:/home/me597/ros2_ws/install/opencv_tests:/home/me597/ros2_ws/install/task_4:/home/me597/ros2_ws/src/install/task_4:/home/me597/install/task_4:/home/me597/install/sim_utils:/opt/ros/humble /usr/bin/cmake --install /home/me597/build/cv_bridge
[33.520s] -- Install configuration: ""
[33.521s] -- Installing: /home/me597/install/cv_bridge/share/cv_bridge/environment/pythonpath.sh
[33.522s] -- Installing: /home/me597/install/cv_bridge/share/cv_bridge/environment/pythonpath.dsv
[33.522s] -- Installing: /home/me597/install/cv_bridge/local/lib/python3.10/dist-packages/cv_bridge-4.1.0-py3.10.egg-info
[33.522s] -- Installing: /home/me597/install/cv_bridge/local/lib/python3.10/dist-packages/cv_bridge-4.1.0-py3.10.egg-info/top_level.txt
[33.522s] -- Installing: /home/me597/install/cv_bridge/local/lib/python3.10/dist-packages/cv_bridge-4.1.0-py3.10.egg-info/SOURCES.txt
[33.522s] -- Installing: /home/me597/install/cv_bridge/local/lib/python3.10/dist-packages/cv_bridge-4.1.0-py3.10.egg-info/dependency_links.txt
[33.522s] -- Installing: /home/me597/install/cv_bridge/local/lib/python3.10/dist-packages/cv_bridge-4.1.0-py3.10.egg-info/PKG-INFO
[33.522s] -- Installing: /home/me597/install/cv_bridge/local/lib/python3.10/dist-packages/cv_bridge
[33.522s] -- Installing: /home/me597/install/cv_bridge/local/lib/python3.10/dist-packages/cv_bridge/__init__.py
[33.522s] -- Installing: /home/me597/install/cv_bridge/local/lib/python3.10/dist-packages/cv_bridge/core.py
[33.571s] Listing '/home/me597/install/cv_bridge/local/lib/python3.10/dist-packages/cv_bridge'...
[33.572s] Compiling '/home/me597/install/cv_bridge/local/lib/python3.10/dist-packages/cv_bridge/__init__.py'...
[33.572s] Compiling '/home/me597/install/cv_bridge/local/lib/python3.10/dist-packages/cv_bridge/core.py'...
[33.580s] -- Installing: /home/me597/install/cv_bridge/lib/libcv_bridge.so
[33.580s] -- Set runtime path of "/home/me597/install/cv_bridge/lib/libcv_bridge.so" to ""
[33.580s] -- Installing: /home/me597/install/cv_bridge/include/cv_bridge/cv_bridge/cv_bridge_export.h
[33.580s] -- Installing: /home/me597/install/cv_bridge/local/lib/python3.10/dist-packages/cv_bridge/boost/cv_bridge_boost.so
[33.581s] -- Set runtime path of "/home/me597/install/cv_bridge/local/lib/python3.10/dist-packages/cv_bridge/boost/cv_bridge_boost.so" to ""
[33.581s] -- Up-to-date: /home/me597/install/cv_bridge/include/cv_bridge
[33.581s] -- Up-to-date: /home/me597/install/cv_bridge/include/cv_bridge/cv_bridge
[33.581s] -- Installing: /home/me597/install/cv_bridge/include/cv_bridge/cv_bridge/cv_bridge.hpp
[33.581s] -- Installing: /home/me597/install/cv_bridge/include/cv_bridge/cv_bridge/rgb_colors.hpp
[33.581s] -- Installing: /home/me597/install/cv_bridge/include/cv_bridge/cv_bridge/visibility_control.h
[33.581s] -- Installing: /home/me597/install/cv_bridge/include/cv_bridge/cv_bridge/cv_mat_sensor_msgs_image_type_adapter.hpp
[33.581s] -- Up-to-date: /home/me597/install/cv_bridge/lib/libcv_bridge.so
[33.581s] -- Installing: /home/me597/install/cv_bridge/share/ament_index/resource_index/package_run_dependencies/cv_bridge
[33.581s] -- Installing: /home/me597/install/cv_bridge/share/ament_index/resource_index/parent_prefix_path/cv_bridge
[33.581s] -- Installing: /home/me597/install/cv_bridge/share/cv_bridge/environment/ament_prefix_path.sh
[33.582s] -- Installing: /home/me597/install/cv_bridge/share/cv_bridge/environment/ament_prefix_path.dsv
[33.582s] -- Installing: /home/me597/install/cv_bridge/share/cv_bridge/environment/path.sh
[33.582s] -- Installing: /home/me597/install/cv_bridge/share/cv_bridge/environment/path.dsv
[33.582s] -- Installing: /home/me597/install/cv_bridge/share/cv_bridge/local_setup.bash
[33.582s] -- Installing: /home/me597/install/cv_bridge/share/cv_bridge/local_setup.sh
[33.582s] -- Installing: /home/me597/install/cv_bridge/share/cv_bridge/local_setup.zsh
[33.582s] -- Installing: /home/me597/install/cv_bridge/share/cv_bridge/local_setup.dsv
[33.582s] -- Installing: /home/me597/install/cv_bridge/share/cv_bridge/package.dsv
[33.582s] -- Installing: /home/me597/install/cv_bridge/share/ament_index/resource_index/packages/cv_bridge
[33.583s] -- Installing: /home/me597/install/cv_bridge/share/cv_bridge/cmake/export_cv_bridgeExport.cmake
[33.583s] -- Installing: /home/me597/install/cv_bridge/share/cv_bridge/cmake/export_cv_bridgeExport-noconfig.cmake
[33.583s] -- Installing: /home/me597/install/cv_bridge/share/cv_bridge/cmake/cv_bridge-extras.cmake
[33.583s] -- Installing: /home/me597/install/cv_bridge/share/cv_bridge/cmake/ament_cmake_export_dependencies-extras.cmake
[33.583s] -- Installing: /home/me597/install/cv_bridge/share/cv_bridge/cmake/ament_cmake_export_targets-extras.cmake
[33.583s] -- Installing: /home/me597/install/cv_bridge/share/cv_bridge/cmake/cv_bridgeConfig.cmake
[33.583s] -- Installing: /home/me597/install/cv_bridge/share/cv_bridge/cmake/cv_bridgeConfig-version.cmake
[33.583s] -- Installing: /home/me597/install/cv_bridge/share/cv_bridge/package.xml
[33.587s] Invoked command in '/home/me597/build/cv_bridge' returned '0': CMAKE_PREFIX_PATH=${CMAKE_PREFIX_PATH}:/home/me597/ros2_ws/src/task_5/install/task_5:/home/me597/ros2_ws/install/task_5:/home/me597/ros2_ws/src/install/task_5:/home/me597/ros2_ws/src/install/opencv_tests:/home/me597/ros2_ws/install/opencv_tests:/home/me597/ros2_ws/install/task_4:/home/me597/ros2_ws/src/install/task_4:/home/me597/install/task_4:/home/me597/install/sim_utils:/opt/ros/humble /usr/bin/cmake --install /home/me597/build/cv_bridge
