[0.406s] Invoking command in '/home/me597/ros2_ws/src/task_4': PYTHONPATH=/home/me597/ros2_ws/src/build/task_4/prefix_override:/usr/lib/python3/dist-packages/colcon_core/task/python/colcon_distutils_commands:/home/me597/ros2_ws/src/install/task_4/lib/python3.10/site-packages:${PYTHONPATH} /usr/bin/python3 -W ignore:setup.py install is deprecated -W ignore:easy_install command is deprecated setup.py egg_info --egg-base ../build/task_4 build --build-base /home/me597/ros2_ws/src/build/task_4/build install --record /home/me597/ros2_ws/src/build/task_4/install.log --single-version-externally-managed install_data
[0.559s] running egg_info
[0.559s] writing ../build/task_4/task_4.egg-info/PKG-INFO
[0.560s] writing dependency_links to ../build/task_4/task_4.egg-info/dependency_links.txt
[0.560s] writing entry points to ../build/task_4/task_4.egg-info/entry_points.txt
[0.560s] writing requirements to ../build/task_4/task_4.egg-info/requires.txt
[0.560s] writing top-level names to ../build/task_4/task_4.egg-info/top_level.txt
[0.561s] reading manifest file '../build/task_4/task_4.egg-info/SOURCES.txt'
[0.562s] writing manifest file '../build/task_4/task_4.egg-info/SOURCES.txt'
[0.562s] running build
[0.562s] running build_py
[0.562s] copying task_4/auto_navigator1.py -> /home/me597/ros2_ws/src/build/task_4/build/lib/task_4
[0.562s] copying task_4/auto_navigator.py -> /home/me597/ros2_ws/src/build/task_4/build/lib/task_4
[0.562s] running install
[0.562s] running install_lib
[0.562s] copying /home/me597/ros2_ws/src/build/task_4/build/lib/task_4/auto_navigator1.py -> /home/me597/ros2_ws/src/install/task_4/lib/python3.10/site-packages/task_4
[0.562s] copying /home/me597/ros2_ws/src/build/task_4/build/lib/task_4/auto_navigator.py -> /home/me597/ros2_ws/src/install/task_4/lib/python3.10/site-packages/task_4
[0.563s] byte-compiling /home/me597/ros2_ws/src/install/task_4/lib/python3.10/site-packages/task_4/auto_navigator1.py to auto_navigator1.cpython-310.pyc
[0.564s] byte-compiling /home/me597/ros2_ws/src/install/task_4/lib/python3.10/site-packages/task_4/auto_navigator.py to auto_navigator.cpython-310.pyc
[0.565s] running install_data
[0.565s] running install_egg_info
[0.567s] removing '/home/me597/ros2_ws/src/install/task_4/lib/python3.10/site-packages/task_4-0.0.0-py3.10.egg-info' (and everything under it)
[0.567s] Copying ../build/task_4/task_4.egg-info to /home/me597/ros2_ws/src/install/task_4/lib/python3.10/site-packages/task_4-0.0.0-py3.10.egg-info
[0.568s] running install_scripts
[0.581s] Installing Navigation script to /home/me597/ros2_ws/src/install/task_4/lib/task_4
[0.582s] writing list of installed files to '/home/me597/ros2_ws/src/build/task_4/install.log'
[0.601s] Invoked command in '/home/me597/ros2_ws/src/task_4' returned '0': PYTHONPATH=/home/me597/ros2_ws/src/build/task_4/prefix_override:/usr/lib/python3/dist-packages/colcon_core/task/python/colcon_distutils_commands:/home/me597/ros2_ws/src/install/task_4/lib/python3.10/site-packages:${PYTHONPATH} /usr/bin/python3 -W ignore:setup.py install is deprecated -W ignore:easy_install command is deprecated setup.py egg_info --egg-base ../build/task_4 build --build-base /home/me597/ros2_ws/src/build/task_4/build install --record /home/me597/ros2_ws/src/build/task_4/install.log --single-version-externally-managed install_data
