[0.708s] Invoking command in '/home/me597/sim_ws/src/sim_utils': PYTHONPATH=/home/me597/build/sim_utils/prefix_override:/usr/lib/python3/dist-packages/colcon_core/task/python/colcon_distutils_commands:/home/me597/install/sim_utils/lib/python3.10/site-packages:${PYTHONPATH} /usr/bin/python3 -W ignore:setup.py install is deprecated -W ignore:easy_install command is deprecated setup.py egg_info --egg-base ../../../build/sim_utils build --build-base /home/me597/build/sim_utils/build install --record /home/me597/build/sim_utils/install.log --single-version-externally-managed install_data
[0.890s] running egg_info
[0.890s] writing ../../../build/sim_utils/sim_utils.egg-info/PKG-INFO
[0.894s] writing dependency_links to ../../../build/sim_utils/sim_utils.egg-info/dependency_links.txt
[0.894s] writing entry points to ../../../build/sim_utils/sim_utils.egg-info/entry_points.txt
[0.894s] writing requirements to ../../../build/sim_utils/sim_utils.egg-info/requires.txt
[0.894s] writing top-level names to ../../../build/sim_utils/sim_utils.egg-info/top_level.txt
[0.897s] reading manifest file '../../../build/sim_utils/sim_utils.egg-info/SOURCES.txt'
[0.898s] writing manifest file '../../../build/sim_utils/sim_utils.egg-info/SOURCES.txt'
[0.898s] running build
[0.899s] running build_py
[0.900s] running install
[0.901s] running install_lib
[0.902s] running install_data
[0.902s] running install_egg_info
[0.904s] removing '/home/me597/install/sim_utils/lib/python3.10/site-packages/sim_utils-0.0.0-py3.10.egg-info' (and everything under it)
[0.905s] Copying ../../../build/sim_utils/sim_utils.egg-info to /home/me597/install/sim_utils/lib/python3.10/site-packages/sim_utils-0.0.0-py3.10.egg-info
[0.907s] running install_scripts
[0.921s] Installing red_ball_controller script to /home/me597/install/sim_utils/lib/sim_utils
[0.922s] writing list of installed files to '/home/me597/build/sim_utils/install.log'
[0.947s] Invoked command in '/home/me597/sim_ws/src/sim_utils' returned '0': PYTHONPATH=/home/me597/build/sim_utils/prefix_override:/usr/lib/python3/dist-packages/colcon_core/task/python/colcon_distutils_commands:/home/me597/install/sim_utils/lib/python3.10/site-packages:${PYTHONPATH} /usr/bin/python3 -W ignore:setup.py install is deprecated -W ignore:easy_install command is deprecated setup.py egg_info --egg-base ../../../build/sim_utils build --build-base /home/me597/build/sim_utils/build install --record /home/me597/build/sim_utils/install.log --single-version-externally-managed install_data
