[0.033s] Invoking command in '/home/me597/build/cv_bridge': CMAKE_PREFIX_PATH=${CMAKE_PREFIX_PATH}:/home/me597/ros2_ws/install/task_5:/home/me597/ros2_ws/install/task_4:/home/me597/ros2_ws/install/opencv_tests:/home/me597/ros2_ws/src/task_5/install/task_5:/home/me597/install/task_5:/home/me597/install/task_4:/home/me597/install/sim_utils:/home/me597/install/opencv_tests:/home/me597/ros2_ws/src/install/task_5:/home/me597/ros2_ws/src/install/task_4:/home/me597/ros2_ws/src/install/opencv_tests:/opt/ros/humble /usr/bin/cmake --build /home/me597/build/cv_bridge -- -j2 -l2
[0.167s] [  0%] Built target ament_cmake_python_copy_cv_bridge
[0.181s] [ 22%] Built target cv_bridge
[0.209s] [ 33%] Built target gtest_main
[0.237s] [ 44%] Built target gtest
[0.295s] [ 61%] Built target cv_bridge_boost
[0.370s] [100%] Built target cv_bridge-utest
[0.597s] running egg_info
[0.597s] writing cv_bridge.egg-info/PKG-INFO
[0.597s] writing dependency_links to cv_bridge.egg-info/dependency_links.txt
[0.597s] writing top-level names to cv_bridge.egg-info/top_level.txt
[0.597s] reading manifest file 'cv_bridge.egg-info/SOURCES.txt'
[0.598s] writing manifest file 'cv_bridge.egg-info/SOURCES.txt'
[0.628s] [100%] Built target ament_cmake_python_build_cv_bridge_egg
[0.659s] Invoked command in '/home/me597/build/cv_bridge' returned '0': CMAKE_PREFIX_PATH=${CMAKE_PREFIX_PATH}:/home/me597/ros2_ws/install/task_5:/home/me597/ros2_ws/install/task_4:/home/me597/ros2_ws/install/opencv_tests:/home/me597/ros2_ws/src/task_5/install/task_5:/home/me597/install/task_5:/home/me597/install/task_4:/home/me597/install/sim_utils:/home/me597/install/opencv_tests:/home/me597/ros2_ws/src/install/task_5:/home/me597/ros2_ws/src/install/task_4:/home/me597/ros2_ws/src/install/opencv_tests:/opt/ros/humble /usr/bin/cmake --build /home/me597/build/cv_bridge -- -j2 -l2
[0.670s] Invoking command in '/home/me597/build/cv_bridge': CMAKE_PREFIX_PATH=${CMAKE_PREFIX_PATH}:/home/me597/ros2_ws/install/task_5:/home/me597/ros2_ws/install/task_4:/home/me597/ros2_ws/install/opencv_tests:/home/me597/ros2_ws/src/task_5/install/task_5:/home/me597/install/task_5:/home/me597/install/task_4:/home/me597/install/sim_utils:/home/me597/install/opencv_tests:/home/me597/ros2_ws/src/install/task_5:/home/me597/ros2_ws/src/install/task_4:/home/me597/ros2_ws/src/install/opencv_tests:/opt/ros/humble /usr/bin/cmake --install /home/me597/build/cv_bridge
[0.676s] -- Install configuration: ""
[0.676s] -- Up-to-date: /home/me597/install/cv_bridge/share/cv_bridge/environment/pythonpath.sh
[0.676s] -- Up-to-date: /home/me597/install/cv_bridge/share/cv_bridge/environment/pythonpath.dsv
[0.676s] -- Up-to-date: /home/me597/install/cv_bridge/local/lib/python3.10/dist-packages/cv_bridge-4.1.0-py3.10.egg-info
[0.676s] -- Installing: /home/me597/install/cv_bridge/local/lib/python3.10/dist-packages/cv_bridge-4.1.0-py3.10.egg-info/top_level.txt
[0.676s] -- Installing: /home/me597/install/cv_bridge/local/lib/python3.10/dist-packages/cv_bridge-4.1.0-py3.10.egg-info/SOURCES.txt
[0.678s] -- Installing: /home/me597/install/cv_bridge/local/lib/python3.10/dist-packages/cv_bridge-4.1.0-py3.10.egg-info/dependency_links.txt
[0.678s] -- Installing: /home/me597/install/cv_bridge/local/lib/python3.10/dist-packages/cv_bridge-4.1.0-py3.10.egg-info/PKG-INFO
[0.678s] -- Up-to-date: /home/me597/install/cv_bridge/local/lib/python3.10/dist-packages/cv_bridge
[0.678s] -- Up-to-date: /home/me597/install/cv_bridge/local/lib/python3.10/dist-packages/cv_bridge/__init__.py
[0.678s] -- Up-to-date: /home/me597/install/cv_bridge/local/lib/python3.10/dist-packages/cv_bridge/core.py
[0.725s] Listing '/home/me597/install/cv_bridge/local/lib/python3.10/dist-packages/cv_bridge'...
[0.725s] Listing '/home/me597/install/cv_bridge/local/lib/python3.10/dist-packages/cv_bridge/boost'...
[0.730s] -- Up-to-date: /home/me597/install/cv_bridge/lib/libcv_bridge.so
[0.731s] -- Up-to-date: /home/me597/install/cv_bridge/include/cv_bridge/cv_bridge/cv_bridge_export.h
[0.731s] -- Up-to-date: /home/me597/install/cv_bridge/local/lib/python3.10/dist-packages/cv_bridge/boost/cv_bridge_boost.so
[0.734s] -- Up-to-date: /home/me597/install/cv_bridge/include/cv_bridge
[0.734s] -- Up-to-date: /home/me597/install/cv_bridge/include/cv_bridge/cv_bridge
[0.735s] -- Up-to-date: /home/me597/install/cv_bridge/include/cv_bridge/cv_bridge/cv_bridge.hpp
[0.735s] -- Up-to-date: /home/me597/install/cv_bridge/include/cv_bridge/cv_bridge/rgb_colors.hpp
[0.735s] -- Up-to-date: /home/me597/install/cv_bridge/include/cv_bridge/cv_bridge/visibility_control.h
[0.735s] -- Up-to-date: /home/me597/install/cv_bridge/include/cv_bridge/cv_bridge/cv_mat_sensor_msgs_image_type_adapter.hpp
[0.735s] -- Up-to-date: /home/me597/install/cv_bridge/lib/libcv_bridge.so
[0.735s] -- Up-to-date: /home/me597/install/cv_bridge/share/ament_index/resource_index/package_run_dependencies/cv_bridge
[0.735s] -- Up-to-date: /home/me597/install/cv_bridge/share/ament_index/resource_index/parent_prefix_path/cv_bridge
[0.735s] -- Up-to-date: /home/me597/install/cv_bridge/share/cv_bridge/environment/ament_prefix_path.sh
[0.735s] -- Up-to-date: /home/me597/install/cv_bridge/share/cv_bridge/environment/ament_prefix_path.dsv
[0.735s] -- Up-to-date: /home/me597/install/cv_bridge/share/cv_bridge/environment/path.sh
[0.735s] -- Up-to-date: /home/me597/install/cv_bridge/share/cv_bridge/environment/path.dsv
[0.735s] -- Up-to-date: /home/me597/install/cv_bridge/share/cv_bridge/local_setup.bash
[0.735s] -- Up-to-date: /home/me597/install/cv_bridge/share/cv_bridge/local_setup.sh
[0.735s] -- Up-to-date: /home/me597/install/cv_bridge/share/cv_bridge/local_setup.zsh
[0.735s] -- Up-to-date: /home/me597/install/cv_bridge/share/cv_bridge/local_setup.dsv
[0.735s] -- Installing: /home/me597/install/cv_bridge/share/cv_bridge/package.dsv
[0.735s] -- Up-to-date: /home/me597/install/cv_bridge/share/ament_index/resource_index/packages/cv_bridge
[0.735s] -- Up-to-date: /home/me597/install/cv_bridge/share/cv_bridge/cmake/export_cv_bridgeExport.cmake
[0.735s] -- Up-to-date: /home/me597/install/cv_bridge/share/cv_bridge/cmake/export_cv_bridgeExport-noconfig.cmake
[0.735s] -- Up-to-date: /home/me597/install/cv_bridge/share/cv_bridge/cmake/cv_bridge-extras.cmake
[0.736s] -- Up-to-date: /home/me597/install/cv_bridge/share/cv_bridge/cmake/ament_cmake_export_dependencies-extras.cmake
[0.736s] -- Up-to-date: /home/me597/install/cv_bridge/share/cv_bridge/cmake/ament_cmake_export_targets-extras.cmake
[0.736s] -- Up-to-date: /home/me597/install/cv_bridge/share/cv_bridge/cmake/cv_bridgeConfig.cmake
[0.736s] -- Up-to-date: /home/me597/install/cv_bridge/share/cv_bridge/cmake/cv_bridgeConfig-version.cmake
[0.736s] -- Up-to-date: /home/me597/install/cv_bridge/share/cv_bridge/package.xml
[0.749s] Invoked command in '/home/me597/build/cv_bridge' returned '0': CMAKE_PREFIX_PATH=${CMAKE_PREFIX_PATH}:/home/me597/ros2_ws/install/task_5:/home/me597/ros2_ws/install/task_4:/home/me597/ros2_ws/install/opencv_tests:/home/me597/ros2_ws/src/task_5/install/task_5:/home/me597/install/task_5:/home/me597/install/task_4:/home/me597/install/sim_utils:/home/me597/install/opencv_tests:/home/me597/ros2_ws/src/install/task_5:/home/me597/ros2_ws/src/install/task_4:/home/me597/ros2_ws/src/install/opencv_tests:/opt/ros/humble /usr/bin/cmake --install /home/me597/build/cv_bridge
