[0.636s] Invoking command in '/home/me597/sim_ws/src/sim_utils': PYTHONPATH=/home/me597/build/sim_utils/prefix_override:/usr/lib/python3/dist-packages/colcon_core/task/python/colcon_distutils_commands:/home/me597/install/sim_utils/lib/python3.10/site-packages:${PYTHONPATH} /usr/bin/python3 -W ignore:setup.py install is deprecated -W ignore:easy_install command is deprecated setup.py egg_info --egg-base ../../../build/sim_utils build --build-base /home/me597/build/sim_utils/build install --record /home/me597/build/sim_utils/install.log --single-version-externally-managed install_data
[0.834s] running egg_info
[0.835s] writing ../../../build/sim_utils/sim_utils.egg-info/PKG-INFO
[0.837s] writing dependency_links to ../../../build/sim_utils/sim_utils.egg-info/dependency_links.txt
[0.837s] writing entry points to ../../../build/sim_utils/sim_utils.egg-info/entry_points.txt
[0.838s] writing requirements to ../../../build/sim_utils/sim_utils.egg-info/requires.txt
[0.838s] writing top-level names to ../../../build/sim_utils/sim_utils.egg-info/top_level.txt
[0.838s] reading manifest file '../../../build/sim_utils/sim_utils.egg-info/SOURCES.txt'
[0.839s] writing manifest file '../../../build/sim_utils/sim_utils.egg-info/SOURCES.txt'
[0.839s] running build
[0.839s] running build_py
[0.839s] running install
[0.839s] running install_lib
[0.840s] running install_data
[0.841s] running install_egg_info
[0.843s] removing '/home/me597/install/sim_utils/lib/python3.10/site-packages/sim_utils-0.0.0-py3.10.egg-info' (and everything under it)
[0.844s] Copying ../../../build/sim_utils/sim_utils.egg-info to /home/me597/install/sim_utils/lib/python3.10/site-packages/sim_utils-0.0.0-py3.10.egg-info
[0.844s] running install_scripts
[0.873s] Installing red_ball_controller script to /home/me597/install/sim_utils/lib/sim_utils
[0.879s] writing list of installed files to '/home/me597/build/sim_utils/install.log'
[0.912s] Invoked command in '/home/me597/sim_ws/src/sim_utils' returned '0': PYTHONPATH=/home/me597/build/sim_utils/prefix_override:/usr/lib/python3/dist-packages/colcon_core/task/python/colcon_distutils_commands:/home/me597/install/sim_utils/lib/python3.10/site-packages:${PYTHONPATH} /usr/bin/python3 -W ignore:setup.py install is deprecated -W ignore:easy_install command is deprecated setup.py egg_info --egg-base ../../../build/sim_utils build --build-base /home/me597/build/sim_utils/build install --record /home/me597/build/sim_utils/install.log --single-version-externally-managed install_data
