[0.431s] DEBUG:colcon:Command line arguments: ['/usr/bin/colcon', 'build']
[0.432s] DEBUG:colcon:Parsed command line arguments: Namespace(log_base=None, log_level=None, verb_name='build', build_base='build', install_base='install', merge_install=False, symlink_install=False, test_result_base=None, continue_on_error=False, executor='parallel', parallel_workers=2, event_handlers=None, ignore_user_meta=False, metas=['./colcon.meta'], base_paths=['.'], packages_ignore=None, packages_ignore_regex=None, paths=None, packages_up_to=None, packages_up_to_regex=None, packages_above=None, packages_above_and_dependencies=None, packages_above_depth=None, packages_select_by_dep=None, packages_skip_by_dep=None, packages_skip_up_to=None, packages_select_build_failed=False, packages_skip_build_finished=False, packages_select_test_failures=False, packages_skip_test_passed=False, packages_select=None, packages_skip=None, packages_select_regex=None, packages_skip_regex=None, packages_start=None, packages_end=None, allow_overriding=[], cmake_args=None, cmake_target=None, cmake_target_skip_unavailable=False, cmake_clean_cache=False, cmake_clean_first=False, cmake_force_configure=False, ament_cmake_args=None, catkin_cmake_args=None, catkin_skip_building_tests=False, mixin_files=None, mixin=None, verb_parser=<colcon_mixin.mixin.mixin_argument.MixinArgumentDecorator object at 0x7dd612b18190>, verb_extension=<colcon_core.verb.build.BuildVerb object at 0x7dd612ae3760>, main=<bound method BuildVerb.main of <colcon_core.verb.build.BuildVerb object at 0x7dd612ae3760>>, mixin_verb=('build',))
[0.786s] Level 1:colcon.colcon_core.package_discovery:discover_packages(colcon_meta) check parameters
[0.786s] Level 1:colcon.colcon_core.package_discovery:discover_packages(recursive) check parameters
[0.786s] Level 1:colcon.colcon_core.package_discovery:discover_packages(ignore) check parameters
[0.786s] Level 1:colcon.colcon_core.package_discovery:discover_packages(path) check parameters
[0.786s] Level 1:colcon.colcon_core.package_discovery:discover_packages(colcon_meta) discover
[0.786s] Level 1:colcon.colcon_core.package_discovery:discover_packages(recursive) discover
[0.786s] INFO:colcon.colcon_core.package_discovery:Crawling recursively for packages in '/home/me597'
[0.786s] Level 1:colcon.colcon_core.package_identification:_identify(.) by extensions ['ignore', 'ignore_ament_install']
[0.786s] Level 1:colcon.colcon_core.package_identification:_identify(.) by extension 'ignore'
[0.786s] Level 1:colcon.colcon_core.package_identification:_identify(.) by extension 'ignore_ament_install'
[0.786s] Level 1:colcon.colcon_core.package_identification:_identify(.) by extensions ['colcon_pkg']
[0.786s] Level 1:colcon.colcon_core.package_identification:_identify(.) by extension 'colcon_pkg'
[0.786s] Level 1:colcon.colcon_core.package_identification:_identify(.) by extensions ['colcon_meta']
[0.786s] Level 1:colcon.colcon_core.package_identification:_identify(.) by extension 'colcon_meta'
[0.786s] Level 1:colcon.colcon_core.package_identification:_identify(.) by extensions ['ros']
[0.786s] Level 1:colcon.colcon_core.package_identification:_identify(.) by extension 'ros'
[0.801s] Level 1:colcon.colcon_core.package_identification:_identify(.) by extensions ['cmake', 'python']
[0.801s] Level 1:colcon.colcon_core.package_identification:_identify(.) by extension 'cmake'
[0.802s] Level 1:colcon.colcon_core.package_identification:_identify(.) by extension 'python'
[0.802s] Level 1:colcon.colcon_core.package_identification:_identify(.) by extensions ['python_setup_py']
[0.802s] Level 1:colcon.colcon_core.package_identification:_identify(.) by extension 'python_setup_py'
[0.802s] Level 1:colcon.colcon_core.package_identification:_identify(Desktop) by extensions ['ignore', 'ignore_ament_install']
[0.802s] Level 1:colcon.colcon_core.package_identification:_identify(Desktop) by extension 'ignore'
[0.802s] Level 1:colcon.colcon_core.package_identification:_identify(Desktop) by extension 'ignore_ament_install'
[0.802s] Level 1:colcon.colcon_core.package_identification:_identify(Desktop) by extensions ['colcon_pkg']
[0.802s] Level 1:colcon.colcon_core.package_identification:_identify(Desktop) by extension 'colcon_pkg'
[0.802s] Level 1:colcon.colcon_core.package_identification:_identify(Desktop) by extensions ['colcon_meta']
[0.802s] Level 1:colcon.colcon_core.package_identification:_identify(Desktop) by extension 'colcon_meta'
[0.802s] Level 1:colcon.colcon_core.package_identification:_identify(Desktop) by extensions ['ros']
[0.802s] Level 1:colcon.colcon_core.package_identification:_identify(Desktop) by extension 'ros'
[0.802s] Level 1:colcon.colcon_core.package_identification:_identify(Desktop) by extensions ['cmake', 'python']
[0.802s] Level 1:colcon.colcon_core.package_identification:_identify(Desktop) by extension 'cmake'
[0.802s] Level 1:colcon.colcon_core.package_identification:_identify(Desktop) by extension 'python'
[0.802s] Level 1:colcon.colcon_core.package_identification:_identify(Desktop) by extensions ['python_setup_py']
[0.802s] Level 1:colcon.colcon_core.package_identification:_identify(Desktop) by extension 'python_setup_py'
[0.802s] Level 1:colcon.colcon_core.package_identification:_identify(Documents) by extensions ['ignore', 'ignore_ament_install']
[0.802s] Level 1:colcon.colcon_core.package_identification:_identify(Documents) by extension 'ignore'
[0.802s] Level 1:colcon.colcon_core.package_identification:_identify(Documents) by extension 'ignore_ament_install'
[0.802s] Level 1:colcon.colcon_core.package_identification:_identify(Documents) by extensions ['colcon_pkg']
[0.802s] Level 1:colcon.colcon_core.package_identification:_identify(Documents) by extension 'colcon_pkg'
[0.803s] Level 1:colcon.colcon_core.package_identification:_identify(Documents) by extensions ['colcon_meta']
[0.803s] Level 1:colcon.colcon_core.package_identification:_identify(Documents) by extension 'colcon_meta'
[0.803s] Level 1:colcon.colcon_core.package_identification:_identify(Documents) by extensions ['ros']
[0.803s] Level 1:colcon.colcon_core.package_identification:_identify(Documents) by extension 'ros'
[0.803s] Level 1:colcon.colcon_core.package_identification:_identify(Documents) by extensions ['cmake', 'python']
[0.803s] Level 1:colcon.colcon_core.package_identification:_identify(Documents) by extension 'cmake'
[0.803s] Level 1:colcon.colcon_core.package_identification:_identify(Documents) by extension 'python'
[0.803s] Level 1:colcon.colcon_core.package_identification:_identify(Documents) by extensions ['python_setup_py']
[0.803s] Level 1:colcon.colcon_core.package_identification:_identify(Documents) by extension 'python_setup_py'
[0.803s] Level 1:colcon.colcon_core.package_identification:_identify(Downloads) by extensions ['ignore', 'ignore_ament_install']
[0.803s] Level 1:colcon.colcon_core.package_identification:_identify(Downloads) by extension 'ignore'
[0.803s] Level 1:colcon.colcon_core.package_identification:_identify(Downloads) by extension 'ignore_ament_install'
[0.803s] Level 1:colcon.colcon_core.package_identification:_identify(Downloads) by extensions ['colcon_pkg']
[0.803s] Level 1:colcon.colcon_core.package_identification:_identify(Downloads) by extension 'colcon_pkg'
[0.803s] Level 1:colcon.colcon_core.package_identification:_identify(Downloads) by extensions ['colcon_meta']
[0.803s] Level 1:colcon.colcon_core.package_identification:_identify(Downloads) by extension 'colcon_meta'
[0.803s] Level 1:colcon.colcon_core.package_identification:_identify(Downloads) by extensions ['ros']
[0.803s] Level 1:colcon.colcon_core.package_identification:_identify(Downloads) by extension 'ros'
[0.803s] Level 1:colcon.colcon_core.package_identification:_identify(Downloads) by extensions ['cmake', 'python']
[0.803s] Level 1:colcon.colcon_core.package_identification:_identify(Downloads) by extension 'cmake'
[0.803s] Level 1:colcon.colcon_core.package_identification:_identify(Downloads) by extension 'python'
[0.803s] Level 1:colcon.colcon_core.package_identification:_identify(Downloads) by extensions ['python_setup_py']
[0.803s] Level 1:colcon.colcon_core.package_identification:_identify(Downloads) by extension 'python_setup_py'
[0.803s] Level 1:colcon.colcon_core.package_identification:_identify(Music) by extensions ['ignore', 'ignore_ament_install']
[0.804s] Level 1:colcon.colcon_core.package_identification:_identify(Music) by extension 'ignore'
[0.804s] Level 1:colcon.colcon_core.package_identification:_identify(Music) by extension 'ignore_ament_install'
[0.804s] Level 1:colcon.colcon_core.package_identification:_identify(Music) by extensions ['colcon_pkg']
[0.804s] Level 1:colcon.colcon_core.package_identification:_identify(Music) by extension 'colcon_pkg'
[0.804s] Level 1:colcon.colcon_core.package_identification:_identify(Music) by extensions ['colcon_meta']
[0.804s] Level 1:colcon.colcon_core.package_identification:_identify(Music) by extension 'colcon_meta'
[0.804s] Level 1:colcon.colcon_core.package_identification:_identify(Music) by extensions ['ros']
[0.804s] Level 1:colcon.colcon_core.package_identification:_identify(Music) by extension 'ros'
[0.804s] Level 1:colcon.colcon_core.package_identification:_identify(Music) by extensions ['cmake', 'python']
[0.804s] Level 1:colcon.colcon_core.package_identification:_identify(Music) by extension 'cmake'
[0.804s] Level 1:colcon.colcon_core.package_identification:_identify(Music) by extension 'python'
[0.804s] Level 1:colcon.colcon_core.package_identification:_identify(Music) by extensions ['python_setup_py']
[0.804s] Level 1:colcon.colcon_core.package_identification:_identify(Music) by extension 'python_setup_py'
[0.804s] Level 1:colcon.colcon_core.package_identification:_identify(Pictures) by extensions ['ignore', 'ignore_ament_install']
[0.804s] Level 1:colcon.colcon_core.package_identification:_identify(Pictures) by extension 'ignore'
[0.804s] Level 1:colcon.colcon_core.package_identification:_identify(Pictures) by extension 'ignore_ament_install'
[0.804s] Level 1:colcon.colcon_core.package_identification:_identify(Pictures) by extensions ['colcon_pkg']
[0.804s] Level 1:colcon.colcon_core.package_identification:_identify(Pictures) by extension 'colcon_pkg'
[0.804s] Level 1:colcon.colcon_core.package_identification:_identify(Pictures) by extensions ['colcon_meta']
[0.804s] Level 1:colcon.colcon_core.package_identification:_identify(Pictures) by extension 'colcon_meta'
[0.804s] Level 1:colcon.colcon_core.package_identification:_identify(Pictures) by extensions ['ros']
[0.804s] Level 1:colcon.colcon_core.package_identification:_identify(Pictures) by extension 'ros'
[0.804s] Level 1:colcon.colcon_core.package_identification:_identify(Pictures) by extensions ['cmake', 'python']
[0.804s] Level 1:colcon.colcon_core.package_identification:_identify(Pictures) by extension 'cmake'
[0.804s] Level 1:colcon.colcon_core.package_identification:_identify(Pictures) by extension 'python'
[0.804s] Level 1:colcon.colcon_core.package_identification:_identify(Pictures) by extensions ['python_setup_py']
[0.804s] Level 1:colcon.colcon_core.package_identification:_identify(Pictures) by extension 'python_setup_py'
[0.805s] Level 1:colcon.colcon_core.package_identification:_identify(Public) by extensions ['ignore', 'ignore_ament_install']
[0.805s] Level 1:colcon.colcon_core.package_identification:_identify(Public) by extension 'ignore'
[0.805s] Level 1:colcon.colcon_core.package_identification:_identify(Public) by extension 'ignore_ament_install'
[0.805s] Level 1:colcon.colcon_core.package_identification:_identify(Public) by extensions ['colcon_pkg']
[0.805s] Level 1:colcon.colcon_core.package_identification:_identify(Public) by extension 'colcon_pkg'
[0.805s] Level 1:colcon.colcon_core.package_identification:_identify(Public) by extensions ['colcon_meta']
[0.805s] Level 1:colcon.colcon_core.package_identification:_identify(Public) by extension 'colcon_meta'
[0.805s] Level 1:colcon.colcon_core.package_identification:_identify(Public) by extensions ['ros']
[0.805s] Level 1:colcon.colcon_core.package_identification:_identify(Public) by extension 'ros'
[0.805s] Level 1:colcon.colcon_core.package_identification:_identify(Public) by extensions ['cmake', 'python']
[0.805s] Level 1:colcon.colcon_core.package_identification:_identify(Public) by extension 'cmake'
[0.805s] Level 1:colcon.colcon_core.package_identification:_identify(Public) by extension 'python'
[0.805s] Level 1:colcon.colcon_core.package_identification:_identify(Public) by extensions ['python_setup_py']
[0.805s] Level 1:colcon.colcon_core.package_identification:_identify(Public) by extension 'python_setup_py'
[0.805s] Level 1:colcon.colcon_core.package_identification:_identify(Templates) by extensions ['ignore', 'ignore_ament_install']
[0.805s] Level 1:colcon.colcon_core.package_identification:_identify(Templates) by extension 'ignore'
[0.805s] Level 1:colcon.colcon_core.package_identification:_identify(Templates) by extension 'ignore_ament_install'
[0.805s] Level 1:colcon.colcon_core.package_identification:_identify(Templates) by extensions ['colcon_pkg']
[0.805s] Level 1:colcon.colcon_core.package_identification:_identify(Templates) by extension 'colcon_pkg'
[0.805s] Level 1:colcon.colcon_core.package_identification:_identify(Templates) by extensions ['colcon_meta']
[0.805s] Level 1:colcon.colcon_core.package_identification:_identify(Templates) by extension 'colcon_meta'
[0.805s] Level 1:colcon.colcon_core.package_identification:_identify(Templates) by extensions ['ros']
[0.805s] Level 1:colcon.colcon_core.package_identification:_identify(Templates) by extension 'ros'
[0.805s] Level 1:colcon.colcon_core.package_identification:_identify(Templates) by extensions ['cmake', 'python']
[0.805s] Level 1:colcon.colcon_core.package_identification:_identify(Templates) by extension 'cmake'
[0.806s] Level 1:colcon.colcon_core.package_identification:_identify(Templates) by extension 'python'
[0.806s] Level 1:colcon.colcon_core.package_identification:_identify(Templates) by extensions ['python_setup_py']
[0.806s] Level 1:colcon.colcon_core.package_identification:_identify(Templates) by extension 'python_setup_py'
[0.806s] Level 1:colcon.colcon_core.package_identification:_identify(Videos) by extensions ['ignore', 'ignore_ament_install']
[0.806s] Level 1:colcon.colcon_core.package_identification:_identify(Videos) by extension 'ignore'
[0.806s] Level 1:colcon.colcon_core.package_identification:_identify(Videos) by extension 'ignore_ament_install'
[0.806s] Level 1:colcon.colcon_core.package_identification:_identify(Videos) by extensions ['colcon_pkg']
[0.806s] Level 1:colcon.colcon_core.package_identification:_identify(Videos) by extension 'colcon_pkg'
[0.806s] Level 1:colcon.colcon_core.package_identification:_identify(Videos) by extensions ['colcon_meta']
[0.806s] Level 1:colcon.colcon_core.package_identification:_identify(Videos) by extension 'colcon_meta'
[0.806s] Level 1:colcon.colcon_core.package_identification:_identify(Videos) by extensions ['ros']
[0.806s] Level 1:colcon.colcon_core.package_identification:_identify(Videos) by extension 'ros'
[0.806s] Level 1:colcon.colcon_core.package_identification:_identify(Videos) by extensions ['cmake', 'python']
[0.806s] Level 1:colcon.colcon_core.package_identification:_identify(Videos) by extension 'cmake'
[0.806s] Level 1:colcon.colcon_core.package_identification:_identify(Videos) by extension 'python'
[0.806s] Level 1:colcon.colcon_core.package_identification:_identify(Videos) by extensions ['python_setup_py']
[0.806s] Level 1:colcon.colcon_core.package_identification:_identify(Videos) by extension 'python_setup_py'
[0.806s] Level 1:colcon.colcon_core.package_identification:_identify(build) by extensions ['ignore', 'ignore_ament_install']
[0.806s] Level 1:colcon.colcon_core.package_identification:_identify(build) by extension 'ignore'
[0.806s] Level 1:colcon.colcon_core.package_identification:_identify(build) ignored
[0.807s] Level 1:colcon.colcon_core.package_identification:_identify(install) by extensions ['ignore', 'ignore_ament_install']
[0.807s] Level 1:colcon.colcon_core.package_identification:_identify(install) by extension 'ignore'
[0.807s] Level 1:colcon.colcon_core.package_identification:_identify(install) ignored
[0.807s] Level 1:colcon.colcon_core.package_identification:_identify(log) by extensions ['ignore', 'ignore_ament_install']
[0.807s] Level 1:colcon.colcon_core.package_identification:_identify(log) by extension 'ignore'
[0.807s] Level 1:colcon.colcon_core.package_identification:_identify(log) ignored
[0.807s] Level 1:colcon.colcon_core.package_identification:_identify(ros2_ws) by extensions ['ignore', 'ignore_ament_install']
[0.807s] Level 1:colcon.colcon_core.package_identification:_identify(ros2_ws) by extension 'ignore'
[0.807s] Level 1:colcon.colcon_core.package_identification:_identify(ros2_ws) by extension 'ignore_ament_install'
[0.807s] Level 1:colcon.colcon_core.package_identification:_identify(ros2_ws) by extensions ['colcon_pkg']
[0.807s] Level 1:colcon.colcon_core.package_identification:_identify(ros2_ws) by extension 'colcon_pkg'
[0.807s] Level 1:colcon.colcon_core.package_identification:_identify(ros2_ws) by extensions ['colcon_meta']
[0.807s] Level 1:colcon.colcon_core.package_identification:_identify(ros2_ws) by extension 'colcon_meta'
[0.807s] Level 1:colcon.colcon_core.package_identification:_identify(ros2_ws) by extensions ['ros']
[0.807s] Level 1:colcon.colcon_core.package_identification:_identify(ros2_ws) by extension 'ros'
[0.807s] Level 1:colcon.colcon_core.package_identification:_identify(ros2_ws) by extensions ['cmake', 'python']
[0.807s] Level 1:colcon.colcon_core.package_identification:_identify(ros2_ws) by extension 'cmake'
[0.807s] Level 1:colcon.colcon_core.package_identification:_identify(ros2_ws) by extension 'python'
[0.807s] Level 1:colcon.colcon_core.package_identification:_identify(ros2_ws) by extensions ['python_setup_py']
[0.807s] Level 1:colcon.colcon_core.package_identification:_identify(ros2_ws) by extension 'python_setup_py'
[0.808s] Level 1:colcon.colcon_core.package_identification:_identify(ros2_ws/build) by extensions ['ignore', 'ignore_ament_install']
[0.808s] Level 1:colcon.colcon_core.package_identification:_identify(ros2_ws/build) by extension 'ignore'
[0.808s] Level 1:colcon.colcon_core.package_identification:_identify(ros2_ws/build) ignored
[0.808s] Level 1:colcon.colcon_core.package_identification:_identify(ros2_ws/install) by extensions ['ignore', 'ignore_ament_install']
[0.808s] Level 1:colcon.colcon_core.package_identification:_identify(ros2_ws/install) by extension 'ignore'
[0.808s] Level 1:colcon.colcon_core.package_identification:_identify(ros2_ws/install) ignored
[0.808s] Level 1:colcon.colcon_core.package_identification:_identify(ros2_ws/log) by extensions ['ignore', 'ignore_ament_install']
[0.808s] Level 1:colcon.colcon_core.package_identification:_identify(ros2_ws/log) by extension 'ignore'
[0.808s] Level 1:colcon.colcon_core.package_identification:_identify(ros2_ws/log) ignored
[0.808s] Level 1:colcon.colcon_core.package_identification:_identify(ros2_ws/src) by extensions ['ignore', 'ignore_ament_install']
[0.808s] Level 1:colcon.colcon_core.package_identification:_identify(ros2_ws/src) by extension 'ignore'
[0.808s] Level 1:colcon.colcon_core.package_identification:_identify(ros2_ws/src) by extension 'ignore_ament_install'
[0.808s] Level 1:colcon.colcon_core.package_identification:_identify(ros2_ws/src) by extensions ['colcon_pkg']
[0.808s] Level 1:colcon.colcon_core.package_identification:_identify(ros2_ws/src) by extension 'colcon_pkg'
[0.808s] Level 1:colcon.colcon_core.package_identification:_identify(ros2_ws/src) by extensions ['colcon_meta']
[0.808s] Level 1:colcon.colcon_core.package_identification:_identify(ros2_ws/src) by extension 'colcon_meta'
[0.808s] Level 1:colcon.colcon_core.package_identification:_identify(ros2_ws/src) by extensions ['ros']
[0.808s] Level 1:colcon.colcon_core.package_identification:_identify(ros2_ws/src) by extension 'ros'
[0.808s] Level 1:colcon.colcon_core.package_identification:_identify(ros2_ws/src) by extensions ['cmake', 'python']
[0.808s] Level 1:colcon.colcon_core.package_identification:_identify(ros2_ws/src) by extension 'cmake'
[0.808s] Level 1:colcon.colcon_core.package_identification:_identify(ros2_ws/src) by extension 'python'
[0.808s] Level 1:colcon.colcon_core.package_identification:_identify(ros2_ws/src) by extensions ['python_setup_py']
[0.809s] Level 1:colcon.colcon_core.package_identification:_identify(ros2_ws/src) by extension 'python_setup_py'
[0.809s] Level 1:colcon.colcon_core.package_identification:_identify(ros2_ws/src/task_4) by extensions ['ignore', 'ignore_ament_install']
[0.809s] Level 1:colcon.colcon_core.package_identification:_identify(ros2_ws/src/task_4) by extension 'ignore'
[0.809s] Level 1:colcon.colcon_core.package_identification:_identify(ros2_ws/src/task_4) by extension 'ignore_ament_install'
[0.809s] Level 1:colcon.colcon_core.package_identification:_identify(ros2_ws/src/task_4) by extensions ['colcon_pkg']
[0.809s] Level 1:colcon.colcon_core.package_identification:_identify(ros2_ws/src/task_4) by extension 'colcon_pkg'
[0.809s] Level 1:colcon.colcon_core.package_identification:_identify(ros2_ws/src/task_4) by extensions ['colcon_meta']
[0.809s] Level 1:colcon.colcon_core.package_identification:_identify(ros2_ws/src/task_4) by extension 'colcon_meta'
[0.809s] Level 1:colcon.colcon_core.package_identification:_identify(ros2_ws/src/task_4) by extensions ['ros']
[0.809s] Level 1:colcon.colcon_core.package_identification:_identify(ros2_ws/src/task_4) by extension 'ros'
[0.813s] DEBUG:colcon.colcon_core.package_identification:Package 'ros2_ws/src/task_4' with type 'ros.ament_python' and name 'task_4'
[0.814s] Level 1:colcon.colcon_core.package_identification:_identify(snap) by extensions ['ignore', 'ignore_ament_install']
[0.814s] Level 1:colcon.colcon_core.package_identification:_identify(snap) by extension 'ignore'
[0.814s] Level 1:colcon.colcon_core.package_identification:_identify(snap) by extension 'ignore_ament_install'
[0.814s] Level 1:colcon.colcon_core.package_identification:_identify(snap) by extensions ['colcon_pkg']
[0.814s] Level 1:colcon.colcon_core.package_identification:_identify(snap) by extension 'colcon_pkg'
[0.814s] Level 1:colcon.colcon_core.package_identification:_identify(snap) by extensions ['colcon_meta']
[0.814s] Level 1:colcon.colcon_core.package_identification:_identify(snap) by extension 'colcon_meta'
[0.814s] Level 1:colcon.colcon_core.package_identification:_identify(snap) by extensions ['ros']
[0.814s] Level 1:colcon.colcon_core.package_identification:_identify(snap) by extension 'ros'
[0.814s] Level 1:colcon.colcon_core.package_identification:_identify(snap) by extensions ['cmake', 'python']
[0.814s] Level 1:colcon.colcon_core.package_identification:_identify(snap) by extension 'cmake'
[0.814s] Level 1:colcon.colcon_core.package_identification:_identify(snap) by extension 'python'
[0.814s] Level 1:colcon.colcon_core.package_identification:_identify(snap) by extensions ['python_setup_py']
[0.814s] Level 1:colcon.colcon_core.package_identification:_identify(snap) by extension 'python_setup_py'
[0.814s] Level 1:colcon.colcon_core.package_identification:_identify(snap/code) by extensions ['ignore', 'ignore_ament_install']
[0.814s] Level 1:colcon.colcon_core.package_identification:_identify(snap/code) by extension 'ignore'
[0.814s] Level 1:colcon.colcon_core.package_identification:_identify(snap/code) by extension 'ignore_ament_install'
[0.814s] Level 1:colcon.colcon_core.package_identification:_identify(snap/code) by extensions ['colcon_pkg']
[0.814s] Level 1:colcon.colcon_core.package_identification:_identify(snap/code) by extension 'colcon_pkg'
[0.814s] Level 1:colcon.colcon_core.package_identification:_identify(snap/code) by extensions ['colcon_meta']
[0.815s] Level 1:colcon.colcon_core.package_identification:_identify(snap/code) by extension 'colcon_meta'
[0.815s] Level 1:colcon.colcon_core.package_identification:_identify(snap/code) by extensions ['ros']
[0.815s] Level 1:colcon.colcon_core.package_identification:_identify(snap/code) by extension 'ros'
[0.815s] Level 1:colcon.colcon_core.package_identification:_identify(snap/code) by extensions ['cmake', 'python']
[0.815s] Level 1:colcon.colcon_core.package_identification:_identify(snap/code) by extension 'cmake'
[0.815s] Level 1:colcon.colcon_core.package_identification:_identify(snap/code) by extension 'python'
[0.815s] Level 1:colcon.colcon_core.package_identification:_identify(snap/code) by extensions ['python_setup_py']
[0.815s] Level 1:colcon.colcon_core.package_identification:_identify(snap/code) by extension 'python_setup_py'
[0.815s] Level 1:colcon.colcon_core.package_identification:_identify(snap/code/167) by extensions ['ignore', 'ignore_ament_install']
[0.815s] Level 1:colcon.colcon_core.package_identification:_identify(snap/code/167) by extension 'ignore'
[0.815s] Level 1:colcon.colcon_core.package_identification:_identify(snap/code/167) by extension 'ignore_ament_install'
[0.815s] Level 1:colcon.colcon_core.package_identification:_identify(snap/code/167) by extensions ['colcon_pkg']
[0.815s] Level 1:colcon.colcon_core.package_identification:_identify(snap/code/167) by extension 'colcon_pkg'
[0.815s] Level 1:colcon.colcon_core.package_identification:_identify(snap/code/167) by extensions ['colcon_meta']
[0.815s] Level 1:colcon.colcon_core.package_identification:_identify(snap/code/167) by extension 'colcon_meta'
[0.815s] Level 1:colcon.colcon_core.package_identification:_identify(snap/code/167) by extensions ['ros']
[0.815s] Level 1:colcon.colcon_core.package_identification:_identify(snap/code/167) by extension 'ros'
[0.815s] Level 1:colcon.colcon_core.package_identification:_identify(snap/code/167) by extensions ['cmake', 'python']
[0.815s] Level 1:colcon.colcon_core.package_identification:_identify(snap/code/167) by extension 'cmake'
[0.815s] Level 1:colcon.colcon_core.package_identification:_identify(snap/code/167) by extension 'python'
[0.815s] Level 1:colcon.colcon_core.package_identification:_identify(snap/code/167) by extensions ['python_setup_py']
[0.815s] Level 1:colcon.colcon_core.package_identification:_identify(snap/code/167) by extension 'python_setup_py'
[0.816s] Level 1:colcon.colcon_core.package_identification:_identify(snap/code/common) by extensions ['ignore', 'ignore_ament_install']
[0.816s] Level 1:colcon.colcon_core.package_identification:_identify(snap/code/common) by extension 'ignore'
[0.816s] Level 1:colcon.colcon_core.package_identification:_identify(snap/code/common) by extension 'ignore_ament_install'
[0.816s] Level 1:colcon.colcon_core.package_identification:_identify(snap/code/common) by extensions ['colcon_pkg']
[0.816s] Level 1:colcon.colcon_core.package_identification:_identify(snap/code/common) by extension 'colcon_pkg'
[0.816s] Level 1:colcon.colcon_core.package_identification:_identify(snap/code/common) by extensions ['colcon_meta']
[0.816s] Level 1:colcon.colcon_core.package_identification:_identify(snap/code/common) by extension 'colcon_meta'
[0.816s] Level 1:colcon.colcon_core.package_identification:_identify(snap/code/common) by extensions ['ros']
[0.816s] Level 1:colcon.colcon_core.package_identification:_identify(snap/code/common) by extension 'ros'
[0.816s] Level 1:colcon.colcon_core.package_identification:_identify(snap/code/common) by extensions ['cmake', 'python']
[0.816s] Level 1:colcon.colcon_core.package_identification:_identify(snap/code/common) by extension 'cmake'
[0.816s] Level 1:colcon.colcon_core.package_identification:_identify(snap/code/common) by extension 'python'
[0.816s] Level 1:colcon.colcon_core.package_identification:_identify(snap/code/common) by extensions ['python_setup_py']
[0.817s] Level 1:colcon.colcon_core.package_identification:_identify(snap/code/common) by extension 'python_setup_py'
[0.817s] Level 1:colcon.colcon_core.package_identification:_identify(snap/firefox) by extensions ['ignore', 'ignore_ament_install']
[0.817s] Level 1:colcon.colcon_core.package_identification:_identify(snap/firefox) by extension 'ignore'
[0.817s] Level 1:colcon.colcon_core.package_identification:_identify(snap/firefox) by extension 'ignore_ament_install'
[0.817s] Level 1:colcon.colcon_core.package_identification:_identify(snap/firefox) by extensions ['colcon_pkg']
[0.817s] Level 1:colcon.colcon_core.package_identification:_identify(snap/firefox) by extension 'colcon_pkg'
[0.817s] Level 1:colcon.colcon_core.package_identification:_identify(snap/firefox) by extensions ['colcon_meta']
[0.817s] Level 1:colcon.colcon_core.package_identification:_identify(snap/firefox) by extension 'colcon_meta'
[0.817s] Level 1:colcon.colcon_core.package_identification:_identify(snap/firefox) by extensions ['ros']
[0.817s] Level 1:colcon.colcon_core.package_identification:_identify(snap/firefox) by extension 'ros'
[0.817s] Level 1:colcon.colcon_core.package_identification:_identify(snap/firefox) by extensions ['cmake', 'python']
[0.817s] Level 1:colcon.colcon_core.package_identification:_identify(snap/firefox) by extension 'cmake'
[0.817s] Level 1:colcon.colcon_core.package_identification:_identify(snap/firefox) by extension 'python'
[0.817s] Level 1:colcon.colcon_core.package_identification:_identify(snap/firefox) by extensions ['python_setup_py']
[0.817s] Level 1:colcon.colcon_core.package_identification:_identify(snap/firefox) by extension 'python_setup_py'
[0.818s] Level 1:colcon.colcon_core.package_identification:_identify(snap/firefox/5783) by extensions ['ignore', 'ignore_ament_install']
[0.818s] Level 1:colcon.colcon_core.package_identification:_identify(snap/firefox/5783) by extension 'ignore'
[0.818s] Level 1:colcon.colcon_core.package_identification:_identify(snap/firefox/5783) by extension 'ignore_ament_install'
[0.818s] Level 1:colcon.colcon_core.package_identification:_identify(snap/firefox/5783) by extensions ['colcon_pkg']
[0.818s] Level 1:colcon.colcon_core.package_identification:_identify(snap/firefox/5783) by extension 'colcon_pkg'
[0.818s] Level 1:colcon.colcon_core.package_identification:_identify(snap/firefox/5783) by extensions ['colcon_meta']
[0.818s] Level 1:colcon.colcon_core.package_identification:_identify(snap/firefox/5783) by extension 'colcon_meta'
[0.818s] Level 1:colcon.colcon_core.package_identification:_identify(snap/firefox/5783) by extensions ['ros']
[0.818s] Level 1:colcon.colcon_core.package_identification:_identify(snap/firefox/5783) by extension 'ros'
[0.818s] Level 1:colcon.colcon_core.package_identification:_identify(snap/firefox/5783) by extensions ['cmake', 'python']
[0.818s] Level 1:colcon.colcon_core.package_identification:_identify(snap/firefox/5783) by extension 'cmake'
[0.818s] Level 1:colcon.colcon_core.package_identification:_identify(snap/firefox/5783) by extension 'python'
[0.818s] Level 1:colcon.colcon_core.package_identification:_identify(snap/firefox/5783) by extensions ['python_setup_py']
[0.818s] Level 1:colcon.colcon_core.package_identification:_identify(snap/firefox/5783) by extension 'python_setup_py'
[0.819s] Level 1:colcon.colcon_core.package_identification:_identify(snap/firefox/5836) by extensions ['ignore', 'ignore_ament_install']
[0.819s] Level 1:colcon.colcon_core.package_identification:_identify(snap/firefox/5836) by extension 'ignore'
[0.819s] Level 1:colcon.colcon_core.package_identification:_identify(snap/firefox/5836) by extension 'ignore_ament_install'
[0.819s] Level 1:colcon.colcon_core.package_identification:_identify(snap/firefox/5836) by extensions ['colcon_pkg']
[0.819s] Level 1:colcon.colcon_core.package_identification:_identify(snap/firefox/5836) by extension 'colcon_pkg'
[0.819s] Level 1:colcon.colcon_core.package_identification:_identify(snap/firefox/5836) by extensions ['colcon_meta']
[0.819s] Level 1:colcon.colcon_core.package_identification:_identify(snap/firefox/5836) by extension 'colcon_meta'
[0.819s] Level 1:colcon.colcon_core.package_identification:_identify(snap/firefox/5836) by extensions ['ros']
[0.819s] Level 1:colcon.colcon_core.package_identification:_identify(snap/firefox/5836) by extension 'ros'
[0.819s] Level 1:colcon.colcon_core.package_identification:_identify(snap/firefox/5836) by extensions ['cmake', 'python']
[0.819s] Level 1:colcon.colcon_core.package_identification:_identify(snap/firefox/5836) by extension 'cmake'
[0.819s] Level 1:colcon.colcon_core.package_identification:_identify(snap/firefox/5836) by extension 'python'
[0.819s] Level 1:colcon.colcon_core.package_identification:_identify(snap/firefox/5836) by extensions ['python_setup_py']
[0.819s] Level 1:colcon.colcon_core.package_identification:_identify(snap/firefox/5836) by extension 'python_setup_py'
[0.820s] Level 1:colcon.colcon_core.package_identification:_identify(snap/firefox/common) by extensions ['ignore', 'ignore_ament_install']
[0.820s] Level 1:colcon.colcon_core.package_identification:_identify(snap/firefox/common) by extension 'ignore'
[0.820s] Level 1:colcon.colcon_core.package_identification:_identify(snap/firefox/common) by extension 'ignore_ament_install'
[0.820s] Level 1:colcon.colcon_core.package_identification:_identify(snap/firefox/common) by extensions ['colcon_pkg']
[0.820s] Level 1:colcon.colcon_core.package_identification:_identify(snap/firefox/common) by extension 'colcon_pkg'
[0.820s] Level 1:colcon.colcon_core.package_identification:_identify(snap/firefox/common) by extensions ['colcon_meta']
[0.820s] Level 1:colcon.colcon_core.package_identification:_identify(snap/firefox/common) by extension 'colcon_meta'
[0.820s] Level 1:colcon.colcon_core.package_identification:_identify(snap/firefox/common) by extensions ['ros']
[0.820s] Level 1:colcon.colcon_core.package_identification:_identify(snap/firefox/common) by extension 'ros'
[0.820s] Level 1:colcon.colcon_core.package_identification:_identify(snap/firefox/common) by extensions ['cmake', 'python']
[0.820s] Level 1:colcon.colcon_core.package_identification:_identify(snap/firefox/common) by extension 'cmake'
[0.820s] Level 1:colcon.colcon_core.package_identification:_identify(snap/firefox/common) by extension 'python'
[0.820s] Level 1:colcon.colcon_core.package_identification:_identify(snap/firefox/common) by extensions ['python_setup_py']
[0.820s] Level 1:colcon.colcon_core.package_identification:_identify(snap/firefox/common) by extension 'python_setup_py'
[0.821s] Level 1:colcon.colcon_core.package_identification:_identify(snap/snapd-desktop-integration) by extensions ['ignore', 'ignore_ament_install']
[0.821s] Level 1:colcon.colcon_core.package_identification:_identify(snap/snapd-desktop-integration) by extension 'ignore'
[0.821s] Level 1:colcon.colcon_core.package_identification:_identify(snap/snapd-desktop-integration) by extension 'ignore_ament_install'
[0.821s] Level 1:colcon.colcon_core.package_identification:_identify(snap/snapd-desktop-integration) by extensions ['colcon_pkg']
[0.821s] Level 1:colcon.colcon_core.package_identification:_identify(snap/snapd-desktop-integration) by extension 'colcon_pkg'
[0.821s] Level 1:colcon.colcon_core.package_identification:_identify(snap/snapd-desktop-integration) by extensions ['colcon_meta']
[0.821s] Level 1:colcon.colcon_core.package_identification:_identify(snap/snapd-desktop-integration) by extension 'colcon_meta'
[0.821s] Level 1:colcon.colcon_core.package_identification:_identify(snap/snapd-desktop-integration) by extensions ['ros']
[0.821s] Level 1:colcon.colcon_core.package_identification:_identify(snap/snapd-desktop-integration) by extension 'ros'
[0.821s] Level 1:colcon.colcon_core.package_identification:_identify(snap/snapd-desktop-integration) by extensions ['cmake', 'python']
[0.821s] Level 1:colcon.colcon_core.package_identification:_identify(snap/snapd-desktop-integration) by extension 'cmake'
[0.821s] Level 1:colcon.colcon_core.package_identification:_identify(snap/snapd-desktop-integration) by extension 'python'
[0.821s] Level 1:colcon.colcon_core.package_identification:_identify(snap/snapd-desktop-integration) by extensions ['python_setup_py']
[0.821s] Level 1:colcon.colcon_core.package_identification:_identify(snap/snapd-desktop-integration) by extension 'python_setup_py'
[0.821s] Level 1:colcon.colcon_core.package_identification:_identify(snap/snapd-desktop-integration/253) by extensions ['ignore', 'ignore_ament_install']
[0.821s] Level 1:colcon.colcon_core.package_identification:_identify(snap/snapd-desktop-integration/253) by extension 'ignore'
[0.821s] Level 1:colcon.colcon_core.package_identification:_identify(snap/snapd-desktop-integration/253) by extension 'ignore_ament_install'
[0.821s] Level 1:colcon.colcon_core.package_identification:_identify(snap/snapd-desktop-integration/253) by extensions ['colcon_pkg']
[0.821s] Level 1:colcon.colcon_core.package_identification:_identify(snap/snapd-desktop-integration/253) by extension 'colcon_pkg'
[0.821s] Level 1:colcon.colcon_core.package_identification:_identify(snap/snapd-desktop-integration/253) by extensions ['colcon_meta']
[0.822s] Level 1:colcon.colcon_core.package_identification:_identify(snap/snapd-desktop-integration/253) by extension 'colcon_meta'
[0.822s] Level 1:colcon.colcon_core.package_identification:_identify(snap/snapd-desktop-integration/253) by extensions ['ros']
[0.822s] Level 1:colcon.colcon_core.package_identification:_identify(snap/snapd-desktop-integration/253) by extension 'ros'
[0.822s] Level 1:colcon.colcon_core.package_identification:_identify(snap/snapd-desktop-integration/253) by extensions ['cmake', 'python']
[0.822s] Level 1:colcon.colcon_core.package_identification:_identify(snap/snapd-desktop-integration/253) by extension 'cmake'
[0.822s] Level 1:colcon.colcon_core.package_identification:_identify(snap/snapd-desktop-integration/253) by extension 'python'
[0.822s] Level 1:colcon.colcon_core.package_identification:_identify(snap/snapd-desktop-integration/253) by extensions ['python_setup_py']
[0.822s] Level 1:colcon.colcon_core.package_identification:_identify(snap/snapd-desktop-integration/253) by extension 'python_setup_py'
[0.823s] Level 1:colcon.colcon_core.package_identification:_identify(snap/snapd-desktop-integration/253/Desktop) by extensions ['ignore', 'ignore_ament_install']
[0.823s] Level 1:colcon.colcon_core.package_identification:_identify(snap/snapd-desktop-integration/253/Desktop) by extension 'ignore'
[0.823s] Level 1:colcon.colcon_core.package_identification:_identify(snap/snapd-desktop-integration/253/Desktop) by extension 'ignore_ament_install'
[0.823s] Level 1:colcon.colcon_core.package_identification:_identify(snap/snapd-desktop-integration/253/Desktop) by extensions ['colcon_pkg']
[0.823s] Level 1:colcon.colcon_core.package_identification:_identify(snap/snapd-desktop-integration/253/Desktop) by extension 'colcon_pkg'
[0.823s] Level 1:colcon.colcon_core.package_identification:_identify(snap/snapd-desktop-integration/253/Desktop) by extensions ['colcon_meta']
[0.823s] Level 1:colcon.colcon_core.package_identification:_identify(snap/snapd-desktop-integration/253/Desktop) by extension 'colcon_meta'
[0.823s] Level 1:colcon.colcon_core.package_identification:_identify(snap/snapd-desktop-integration/253/Desktop) by extensions ['ros']
[0.823s] Level 1:colcon.colcon_core.package_identification:_identify(snap/snapd-desktop-integration/253/Desktop) by extension 'ros'
[0.823s] Level 1:colcon.colcon_core.package_identification:_identify(snap/snapd-desktop-integration/253/Desktop) by extensions ['cmake', 'python']
[0.823s] Level 1:colcon.colcon_core.package_identification:_identify(snap/snapd-desktop-integration/253/Desktop) by extension 'cmake'
[0.823s] Level 1:colcon.colcon_core.package_identification:_identify(snap/snapd-desktop-integration/253/Desktop) by extension 'python'
[0.823s] Level 1:colcon.colcon_core.package_identification:_identify(snap/snapd-desktop-integration/253/Desktop) by extensions ['python_setup_py']
[0.823s] Level 1:colcon.colcon_core.package_identification:_identify(snap/snapd-desktop-integration/253/Desktop) by extension 'python_setup_py'
[0.824s] Level 1:colcon.colcon_core.package_identification:_identify(snap/snapd-desktop-integration/253/Documents) by extensions ['ignore', 'ignore_ament_install']
[0.824s] Level 1:colcon.colcon_core.package_identification:_identify(snap/snapd-desktop-integration/253/Documents) by extension 'ignore'
[0.824s] Level 1:colcon.colcon_core.package_identification:_identify(snap/snapd-desktop-integration/253/Documents) by extension 'ignore_ament_install'
[0.824s] Level 1:colcon.colcon_core.package_identification:_identify(snap/snapd-desktop-integration/253/Documents) by extensions ['colcon_pkg']
[0.824s] Level 1:colcon.colcon_core.package_identification:_identify(snap/snapd-desktop-integration/253/Documents) by extension 'colcon_pkg'
[0.824s] Level 1:colcon.colcon_core.package_identification:_identify(snap/snapd-desktop-integration/253/Documents) by extensions ['colcon_meta']
[0.824s] Level 1:colcon.colcon_core.package_identification:_identify(snap/snapd-desktop-integration/253/Documents) by extension 'colcon_meta'
[0.824s] Level 1:colcon.colcon_core.package_identification:_identify(snap/snapd-desktop-integration/253/Documents) by extensions ['ros']
[0.824s] Level 1:colcon.colcon_core.package_identification:_identify(snap/snapd-desktop-integration/253/Documents) by extension 'ros'
[0.824s] Level 1:colcon.colcon_core.package_identification:_identify(snap/snapd-desktop-integration/253/Documents) by extensions ['cmake', 'python']
[0.824s] Level 1:colcon.colcon_core.package_identification:_identify(snap/snapd-desktop-integration/253/Documents) by extension 'cmake'
[0.824s] Level 1:colcon.colcon_core.package_identification:_identify(snap/snapd-desktop-integration/253/Documents) by extension 'python'
[0.824s] Level 1:colcon.colcon_core.package_identification:_identify(snap/snapd-desktop-integration/253/Documents) by extensions ['python_setup_py']
[0.824s] Level 1:colcon.colcon_core.package_identification:_identify(snap/snapd-desktop-integration/253/Documents) by extension 'python_setup_py'
[0.825s] Level 1:colcon.colcon_core.package_identification:_identify(snap/snapd-desktop-integration/253/Downloads) by extensions ['ignore', 'ignore_ament_install']
[0.825s] Level 1:colcon.colcon_core.package_identification:_identify(snap/snapd-desktop-integration/253/Downloads) by extension 'ignore'
[0.825s] Level 1:colcon.colcon_core.package_identification:_identify(snap/snapd-desktop-integration/253/Downloads) by extension 'ignore_ament_install'
[0.825s] Level 1:colcon.colcon_core.package_identification:_identify(snap/snapd-desktop-integration/253/Downloads) by extensions ['colcon_pkg']
[0.825s] Level 1:colcon.colcon_core.package_identification:_identify(snap/snapd-desktop-integration/253/Downloads) by extension 'colcon_pkg'
[0.825s] Level 1:colcon.colcon_core.package_identification:_identify(snap/snapd-desktop-integration/253/Downloads) by extensions ['colcon_meta']
[0.825s] Level 1:colcon.colcon_core.package_identification:_identify(snap/snapd-desktop-integration/253/Downloads) by extension 'colcon_meta'
[0.825s] Level 1:colcon.colcon_core.package_identification:_identify(snap/snapd-desktop-integration/253/Downloads) by extensions ['ros']
[0.825s] Level 1:colcon.colcon_core.package_identification:_identify(snap/snapd-desktop-integration/253/Downloads) by extension 'ros'
[0.825s] Level 1:colcon.colcon_core.package_identification:_identify(snap/snapd-desktop-integration/253/Downloads) by extensions ['cmake', 'python']
[0.825s] Level 1:colcon.colcon_core.package_identification:_identify(snap/snapd-desktop-integration/253/Downloads) by extension 'cmake'
[0.825s] Level 1:colcon.colcon_core.package_identification:_identify(snap/snapd-desktop-integration/253/Downloads) by extension 'python'
[0.825s] Level 1:colcon.colcon_core.package_identification:_identify(snap/snapd-desktop-integration/253/Downloads) by extensions ['python_setup_py']
[0.825s] Level 1:colcon.colcon_core.package_identification:_identify(snap/snapd-desktop-integration/253/Downloads) by extension 'python_setup_py'
[0.825s] Level 1:colcon.colcon_core.package_identification:_identify(snap/snapd-desktop-integration/253/Music) by extensions ['ignore', 'ignore_ament_install']
[0.826s] Level 1:colcon.colcon_core.package_identification:_identify(snap/snapd-desktop-integration/253/Music) by extension 'ignore'
[0.826s] Level 1:colcon.colcon_core.package_identification:_identify(snap/snapd-desktop-integration/253/Music) by extension 'ignore_ament_install'
[0.826s] Level 1:colcon.colcon_core.package_identification:_identify(snap/snapd-desktop-integration/253/Music) by extensions ['colcon_pkg']
[0.826s] Level 1:colcon.colcon_core.package_identification:_identify(snap/snapd-desktop-integration/253/Music) by extension 'colcon_pkg'
[0.826s] Level 1:colcon.colcon_core.package_identification:_identify(snap/snapd-desktop-integration/253/Music) by extensions ['colcon_meta']
[0.826s] Level 1:colcon.colcon_core.package_identification:_identify(snap/snapd-desktop-integration/253/Music) by extension 'colcon_meta'
[0.826s] Level 1:colcon.colcon_core.package_identification:_identify(snap/snapd-desktop-integration/253/Music) by extensions ['ros']
[0.826s] Level 1:colcon.colcon_core.package_identification:_identify(snap/snapd-desktop-integration/253/Music) by extension 'ros'
[0.826s] Level 1:colcon.colcon_core.package_identification:_identify(snap/snapd-desktop-integration/253/Music) by extensions ['cmake', 'python']
[0.826s] Level 1:colcon.colcon_core.package_identification:_identify(snap/snapd-desktop-integration/253/Music) by extension 'cmake'
[0.826s] Level 1:colcon.colcon_core.package_identification:_identify(snap/snapd-desktop-integration/253/Music) by extension 'python'
[0.826s] Level 1:colcon.colcon_core.package_identification:_identify(snap/snapd-desktop-integration/253/Music) by extensions ['python_setup_py']
[0.826s] Level 1:colcon.colcon_core.package_identification:_identify(snap/snapd-desktop-integration/253/Music) by extension 'python_setup_py'
[0.827s] Level 1:colcon.colcon_core.package_identification:_identify(snap/snapd-desktop-integration/253/Pictures) by extensions ['ignore', 'ignore_ament_install']
[0.827s] Level 1:colcon.colcon_core.package_identification:_identify(snap/snapd-desktop-integration/253/Pictures) by extension 'ignore'
[0.827s] Level 1:colcon.colcon_core.package_identification:_identify(snap/snapd-desktop-integration/253/Pictures) by extension 'ignore_ament_install'
[0.827s] Level 1:colcon.colcon_core.package_identification:_identify(snap/snapd-desktop-integration/253/Pictures) by extensions ['colcon_pkg']
[0.827s] Level 1:colcon.colcon_core.package_identification:_identify(snap/snapd-desktop-integration/253/Pictures) by extension 'colcon_pkg'
[0.827s] Level 1:colcon.colcon_core.package_identification:_identify(snap/snapd-desktop-integration/253/Pictures) by extensions ['colcon_meta']
[0.827s] Level 1:colcon.colcon_core.package_identification:_identify(snap/snapd-desktop-integration/253/Pictures) by extension 'colcon_meta'
[0.827s] Level 1:colcon.colcon_core.package_identification:_identify(snap/snapd-desktop-integration/253/Pictures) by extensions ['ros']
[0.827s] Level 1:colcon.colcon_core.package_identification:_identify(snap/snapd-desktop-integration/253/Pictures) by extension 'ros'
[0.827s] Level 1:colcon.colcon_core.package_identification:_identify(snap/snapd-desktop-integration/253/Pictures) by extensions ['cmake', 'python']
[0.827s] Level 1:colcon.colcon_core.package_identification:_identify(snap/snapd-desktop-integration/253/Pictures) by extension 'cmake'
[0.827s] Level 1:colcon.colcon_core.package_identification:_identify(snap/snapd-desktop-integration/253/Pictures) by extension 'python'
[0.827s] Level 1:colcon.colcon_core.package_identification:_identify(snap/snapd-desktop-integration/253/Pictures) by extensions ['python_setup_py']
[0.827s] Level 1:colcon.colcon_core.package_identification:_identify(snap/snapd-desktop-integration/253/Pictures) by extension 'python_setup_py'
[0.827s] Level 1:colcon.colcon_core.package_identification:_identify(snap/snapd-desktop-integration/253/Public) by extensions ['ignore', 'ignore_ament_install']
[0.828s] Level 1:colcon.colcon_core.package_identification:_identify(snap/snapd-desktop-integration/253/Public) by extension 'ignore'
[0.828s] Level 1:colcon.colcon_core.package_identification:_identify(snap/snapd-desktop-integration/253/Public) by extension 'ignore_ament_install'
[0.828s] Level 1:colcon.colcon_core.package_identification:_identify(snap/snapd-desktop-integration/253/Public) by extensions ['colcon_pkg']
[0.828s] Level 1:colcon.colcon_core.package_identification:_identify(snap/snapd-desktop-integration/253/Public) by extension 'colcon_pkg'
[0.828s] Level 1:colcon.colcon_core.package_identification:_identify(snap/snapd-desktop-integration/253/Public) by extensions ['colcon_meta']
[0.828s] Level 1:colcon.colcon_core.package_identification:_identify(snap/snapd-desktop-integration/253/Public) by extension 'colcon_meta'
[0.828s] Level 1:colcon.colcon_core.package_identification:_identify(snap/snapd-desktop-integration/253/Public) by extensions ['ros']
[0.828s] Level 1:colcon.colcon_core.package_identification:_identify(snap/snapd-desktop-integration/253/Public) by extension 'ros'
[0.828s] Level 1:colcon.colcon_core.package_identification:_identify(snap/snapd-desktop-integration/253/Public) by extensions ['cmake', 'python']
[0.828s] Level 1:colcon.colcon_core.package_identification:_identify(snap/snapd-desktop-integration/253/Public) by extension 'cmake'
[0.828s] Level 1:colcon.colcon_core.package_identification:_identify(snap/snapd-desktop-integration/253/Public) by extension 'python'
[0.828s] Level 1:colcon.colcon_core.package_identification:_identify(snap/snapd-desktop-integration/253/Public) by extensions ['python_setup_py']
[0.828s] Level 1:colcon.colcon_core.package_identification:_identify(snap/snapd-desktop-integration/253/Public) by extension 'python_setup_py'
[0.828s] Level 1:colcon.colcon_core.package_identification:_identify(snap/snapd-desktop-integration/253/Templates) by extensions ['ignore', 'ignore_ament_install']
[0.828s] Level 1:colcon.colcon_core.package_identification:_identify(snap/snapd-desktop-integration/253/Templates) by extension 'ignore'
[0.829s] Level 1:colcon.colcon_core.package_identification:_identify(snap/snapd-desktop-integration/253/Templates) by extension 'ignore_ament_install'
[0.829s] Level 1:colcon.colcon_core.package_identification:_identify(snap/snapd-desktop-integration/253/Templates) by extensions ['colcon_pkg']
[0.829s] Level 1:colcon.colcon_core.package_identification:_identify(snap/snapd-desktop-integration/253/Templates) by extension 'colcon_pkg'
[0.829s] Level 1:colcon.colcon_core.package_identification:_identify(snap/snapd-desktop-integration/253/Templates) by extensions ['colcon_meta']
[0.829s] Level 1:colcon.colcon_core.package_identification:_identify(snap/snapd-desktop-integration/253/Templates) by extension 'colcon_meta'
[0.829s] Level 1:colcon.colcon_core.package_identification:_identify(snap/snapd-desktop-integration/253/Templates) by extensions ['ros']
[0.829s] Level 1:colcon.colcon_core.package_identification:_identify(snap/snapd-desktop-integration/253/Templates) by extension 'ros'
[0.829s] Level 1:colcon.colcon_core.package_identification:_identify(snap/snapd-desktop-integration/253/Templates) by extensions ['cmake', 'python']
[0.829s] Level 1:colcon.colcon_core.package_identification:_identify(snap/snapd-desktop-integration/253/Templates) by extension 'cmake'
[0.829s] Level 1:colcon.colcon_core.package_identification:_identify(snap/snapd-desktop-integration/253/Templates) by extension 'python'
[0.829s] Level 1:colcon.colcon_core.package_identification:_identify(snap/snapd-desktop-integration/253/Templates) by extensions ['python_setup_py']
[0.829s] Level 1:colcon.colcon_core.package_identification:_identify(snap/snapd-desktop-integration/253/Templates) by extension 'python_setup_py'
[0.829s] Level 1:colcon.colcon_core.package_identification:_identify(snap/snapd-desktop-integration/253/Videos) by extensions ['ignore', 'ignore_ament_install']
[0.830s] Level 1:colcon.colcon_core.package_identification:_identify(snap/snapd-desktop-integration/253/Videos) by extension 'ignore'
[0.830s] Level 1:colcon.colcon_core.package_identification:_identify(snap/snapd-desktop-integration/253/Videos) by extension 'ignore_ament_install'
[0.830s] Level 1:colcon.colcon_core.package_identification:_identify(snap/snapd-desktop-integration/253/Videos) by extensions ['colcon_pkg']
[0.830s] Level 1:colcon.colcon_core.package_identification:_identify(snap/snapd-desktop-integration/253/Videos) by extension 'colcon_pkg'
[0.830s] Level 1:colcon.colcon_core.package_identification:_identify(snap/snapd-desktop-integration/253/Videos) by extensions ['colcon_meta']
[0.830s] Level 1:colcon.colcon_core.package_identification:_identify(snap/snapd-desktop-integration/253/Videos) by extension 'colcon_meta'
[0.830s] Level 1:colcon.colcon_core.package_identification:_identify(snap/snapd-desktop-integration/253/Videos) by extensions ['ros']
[0.830s] Level 1:colcon.colcon_core.package_identification:_identify(snap/snapd-desktop-integration/253/Videos) by extension 'ros'
[0.830s] Level 1:colcon.colcon_core.package_identification:_identify(snap/snapd-desktop-integration/253/Videos) by extensions ['cmake', 'python']
[0.830s] Level 1:colcon.colcon_core.package_identification:_identify(snap/snapd-desktop-integration/253/Videos) by extension 'cmake'
[0.830s] Level 1:colcon.colcon_core.package_identification:_identify(snap/snapd-desktop-integration/253/Videos) by extension 'python'
[0.830s] Level 1:colcon.colcon_core.package_identification:_identify(snap/snapd-desktop-integration/253/Videos) by extensions ['python_setup_py']
[0.830s] Level 1:colcon.colcon_core.package_identification:_identify(snap/snapd-desktop-integration/253/Videos) by extension 'python_setup_py'
[0.831s] Level 1:colcon.colcon_core.package_identification:_identify(snap/snapd-desktop-integration/83) by extensions ['ignore', 'ignore_ament_install']
[0.831s] Level 1:colcon.colcon_core.package_identification:_identify(snap/snapd-desktop-integration/83) by extension 'ignore'
[0.831s] Level 1:colcon.colcon_core.package_identification:_identify(snap/snapd-desktop-integration/83) by extension 'ignore_ament_install'
[0.831s] Level 1:colcon.colcon_core.package_identification:_identify(snap/snapd-desktop-integration/83) by extensions ['colcon_pkg']
[0.831s] Level 1:colcon.colcon_core.package_identification:_identify(snap/snapd-desktop-integration/83) by extension 'colcon_pkg'
[0.831s] Level 1:colcon.colcon_core.package_identification:_identify(snap/snapd-desktop-integration/83) by extensions ['colcon_meta']
[0.831s] Level 1:colcon.colcon_core.package_identification:_identify(snap/snapd-desktop-integration/83) by extension 'colcon_meta'
[0.831s] Level 1:colcon.colcon_core.package_identification:_identify(snap/snapd-desktop-integration/83) by extensions ['ros']
[0.831s] Level 1:colcon.colcon_core.package_identification:_identify(snap/snapd-desktop-integration/83) by extension 'ros'
[0.831s] Level 1:colcon.colcon_core.package_identification:_identify(snap/snapd-desktop-integration/83) by extensions ['cmake', 'python']
[0.831s] Level 1:colcon.colcon_core.package_identification:_identify(snap/snapd-desktop-integration/83) by extension 'cmake'
[0.831s] Level 1:colcon.colcon_core.package_identification:_identify(snap/snapd-desktop-integration/83) by extension 'python'
[0.831s] Level 1:colcon.colcon_core.package_identification:_identify(snap/snapd-desktop-integration/83) by extensions ['python_setup_py']
[0.831s] Level 1:colcon.colcon_core.package_identification:_identify(snap/snapd-desktop-integration/83) by extension 'python_setup_py'
[0.832s] Level 1:colcon.colcon_core.package_identification:_identify(snap/snapd-desktop-integration/83/Desktop) by extensions ['ignore', 'ignore_ament_install']
[0.832s] Level 1:colcon.colcon_core.package_identification:_identify(snap/snapd-desktop-integration/83/Desktop) by extension 'ignore'
[0.832s] Level 1:colcon.colcon_core.package_identification:_identify(snap/snapd-desktop-integration/83/Desktop) by extension 'ignore_ament_install'
[0.832s] Level 1:colcon.colcon_core.package_identification:_identify(snap/snapd-desktop-integration/83/Desktop) by extensions ['colcon_pkg']
[0.832s] Level 1:colcon.colcon_core.package_identification:_identify(snap/snapd-desktop-integration/83/Desktop) by extension 'colcon_pkg'
[0.832s] Level 1:colcon.colcon_core.package_identification:_identify(snap/snapd-desktop-integration/83/Desktop) by extensions ['colcon_meta']
[0.832s] Level 1:colcon.colcon_core.package_identification:_identify(snap/snapd-desktop-integration/83/Desktop) by extension 'colcon_meta'
[0.832s] Level 1:colcon.colcon_core.package_identification:_identify(snap/snapd-desktop-integration/83/Desktop) by extensions ['ros']
[0.832s] Level 1:colcon.colcon_core.package_identification:_identify(snap/snapd-desktop-integration/83/Desktop) by extension 'ros'
[0.832s] Level 1:colcon.colcon_core.package_identification:_identify(snap/snapd-desktop-integration/83/Desktop) by extensions ['cmake', 'python']
[0.832s] Level 1:colcon.colcon_core.package_identification:_identify(snap/snapd-desktop-integration/83/Desktop) by extension 'cmake'
[0.832s] Level 1:colcon.colcon_core.package_identification:_identify(snap/snapd-desktop-integration/83/Desktop) by extension 'python'
[0.832s] Level 1:colcon.colcon_core.package_identification:_identify(snap/snapd-desktop-integration/83/Desktop) by extensions ['python_setup_py']
[0.832s] Level 1:colcon.colcon_core.package_identification:_identify(snap/snapd-desktop-integration/83/Desktop) by extension 'python_setup_py'
[0.833s] Level 1:colcon.colcon_core.package_identification:_identify(snap/snapd-desktop-integration/83/Documents) by extensions ['ignore', 'ignore_ament_install']
[0.833s] Level 1:colcon.colcon_core.package_identification:_identify(snap/snapd-desktop-integration/83/Documents) by extension 'ignore'
[0.833s] Level 1:colcon.colcon_core.package_identification:_identify(snap/snapd-desktop-integration/83/Documents) by extension 'ignore_ament_install'
[0.833s] Level 1:colcon.colcon_core.package_identification:_identify(snap/snapd-desktop-integration/83/Documents) by extensions ['colcon_pkg']
[0.833s] Level 1:colcon.colcon_core.package_identification:_identify(snap/snapd-desktop-integration/83/Documents) by extension 'colcon_pkg'
[0.833s] Level 1:colcon.colcon_core.package_identification:_identify(snap/snapd-desktop-integration/83/Documents) by extensions ['colcon_meta']
[0.833s] Level 1:colcon.colcon_core.package_identification:_identify(snap/snapd-desktop-integration/83/Documents) by extension 'colcon_meta'
[0.833s] Level 1:colcon.colcon_core.package_identification:_identify(snap/snapd-desktop-integration/83/Documents) by extensions ['ros']
[0.833s] Level 1:colcon.colcon_core.package_identification:_identify(snap/snapd-desktop-integration/83/Documents) by extension 'ros'
[0.833s] Level 1:colcon.colcon_core.package_identification:_identify(snap/snapd-desktop-integration/83/Documents) by extensions ['cmake', 'python']
[0.833s] Level 1:colcon.colcon_core.package_identification:_identify(snap/snapd-desktop-integration/83/Documents) by extension 'cmake'
[0.833s] Level 1:colcon.colcon_core.package_identification:_identify(snap/snapd-desktop-integration/83/Documents) by extension 'python'
[0.833s] Level 1:colcon.colcon_core.package_identification:_identify(snap/snapd-desktop-integration/83/Documents) by extensions ['python_setup_py']
[0.833s] Level 1:colcon.colcon_core.package_identification:_identify(snap/snapd-desktop-integration/83/Documents) by extension 'python_setup_py'
[0.834s] Level 1:colcon.colcon_core.package_identification:_identify(snap/snapd-desktop-integration/83/Downloads) by extensions ['ignore', 'ignore_ament_install']
[0.834s] Level 1:colcon.colcon_core.package_identification:_identify(snap/snapd-desktop-integration/83/Downloads) by extension 'ignore'
[0.834s] Level 1:colcon.colcon_core.package_identification:_identify(snap/snapd-desktop-integration/83/Downloads) by extension 'ignore_ament_install'
[0.834s] Level 1:colcon.colcon_core.package_identification:_identify(snap/snapd-desktop-integration/83/Downloads) by extensions ['colcon_pkg']
[0.834s] Level 1:colcon.colcon_core.package_identification:_identify(snap/snapd-desktop-integration/83/Downloads) by extension 'colcon_pkg'
[0.834s] Level 1:colcon.colcon_core.package_identification:_identify(snap/snapd-desktop-integration/83/Downloads) by extensions ['colcon_meta']
[0.834s] Level 1:colcon.colcon_core.package_identification:_identify(snap/snapd-desktop-integration/83/Downloads) by extension 'colcon_meta'
[0.834s] Level 1:colcon.colcon_core.package_identification:_identify(snap/snapd-desktop-integration/83/Downloads) by extensions ['ros']
[0.834s] Level 1:colcon.colcon_core.package_identification:_identify(snap/snapd-desktop-integration/83/Downloads) by extension 'ros'
[0.834s] Level 1:colcon.colcon_core.package_identification:_identify(snap/snapd-desktop-integration/83/Downloads) by extensions ['cmake', 'python']
[0.834s] Level 1:colcon.colcon_core.package_identification:_identify(snap/snapd-desktop-integration/83/Downloads) by extension 'cmake'
[0.834s] Level 1:colcon.colcon_core.package_identification:_identify(snap/snapd-desktop-integration/83/Downloads) by extension 'python'
[0.834s] Level 1:colcon.colcon_core.package_identification:_identify(snap/snapd-desktop-integration/83/Downloads) by extensions ['python_setup_py']
[0.834s] Level 1:colcon.colcon_core.package_identification:_identify(snap/snapd-desktop-integration/83/Downloads) by extension 'python_setup_py'
[0.835s] Level 1:colcon.colcon_core.package_identification:_identify(snap/snapd-desktop-integration/83/Music) by extensions ['ignore', 'ignore_ament_install']
[0.835s] Level 1:colcon.colcon_core.package_identification:_identify(snap/snapd-desktop-integration/83/Music) by extension 'ignore'
[0.835s] Level 1:colcon.colcon_core.package_identification:_identify(snap/snapd-desktop-integration/83/Music) by extension 'ignore_ament_install'
[0.835s] Level 1:colcon.colcon_core.package_identification:_identify(snap/snapd-desktop-integration/83/Music) by extensions ['colcon_pkg']
[0.835s] Level 1:colcon.colcon_core.package_identification:_identify(snap/snapd-desktop-integration/83/Music) by extension 'colcon_pkg'
[0.835s] Level 1:colcon.colcon_core.package_identification:_identify(snap/snapd-desktop-integration/83/Music) by extensions ['colcon_meta']
[0.835s] Level 1:colcon.colcon_core.package_identification:_identify(snap/snapd-desktop-integration/83/Music) by extension 'colcon_meta'
[0.835s] Level 1:colcon.colcon_core.package_identification:_identify(snap/snapd-desktop-integration/83/Music) by extensions ['ros']
[0.835s] Level 1:colcon.colcon_core.package_identification:_identify(snap/snapd-desktop-integration/83/Music) by extension 'ros'
[0.835s] Level 1:colcon.colcon_core.package_identification:_identify(snap/snapd-desktop-integration/83/Music) by extensions ['cmake', 'python']
[0.835s] Level 1:colcon.colcon_core.package_identification:_identify(snap/snapd-desktop-integration/83/Music) by extension 'cmake'
[0.835s] Level 1:colcon.colcon_core.package_identification:_identify(snap/snapd-desktop-integration/83/Music) by extension 'python'
[0.835s] Level 1:colcon.colcon_core.package_identification:_identify(snap/snapd-desktop-integration/83/Music) by extensions ['python_setup_py']
[0.835s] Level 1:colcon.colcon_core.package_identification:_identify(snap/snapd-desktop-integration/83/Music) by extension 'python_setup_py'
[0.836s] Level 1:colcon.colcon_core.package_identification:_identify(snap/snapd-desktop-integration/83/Pictures) by extensions ['ignore', 'ignore_ament_install']
[0.836s] Level 1:colcon.colcon_core.package_identification:_identify(snap/snapd-desktop-integration/83/Pictures) by extension 'ignore'
[0.836s] Level 1:colcon.colcon_core.package_identification:_identify(snap/snapd-desktop-integration/83/Pictures) by extension 'ignore_ament_install'
[0.836s] Level 1:colcon.colcon_core.package_identification:_identify(snap/snapd-desktop-integration/83/Pictures) by extensions ['colcon_pkg']
[0.836s] Level 1:colcon.colcon_core.package_identification:_identify(snap/snapd-desktop-integration/83/Pictures) by extension 'colcon_pkg'
[0.836s] Level 1:colcon.colcon_core.package_identification:_identify(snap/snapd-desktop-integration/83/Pictures) by extensions ['colcon_meta']
[0.836s] Level 1:colcon.colcon_core.package_identification:_identify(snap/snapd-desktop-integration/83/Pictures) by extension 'colcon_meta'
[0.836s] Level 1:colcon.colcon_core.package_identification:_identify(snap/snapd-desktop-integration/83/Pictures) by extensions ['ros']
[0.836s] Level 1:colcon.colcon_core.package_identification:_identify(snap/snapd-desktop-integration/83/Pictures) by extension 'ros'
[0.836s] Level 1:colcon.colcon_core.package_identification:_identify(snap/snapd-desktop-integration/83/Pictures) by extensions ['cmake', 'python']
[0.836s] Level 1:colcon.colcon_core.package_identification:_identify(snap/snapd-desktop-integration/83/Pictures) by extension 'cmake'
[0.836s] Level 1:colcon.colcon_core.package_identification:_identify(snap/snapd-desktop-integration/83/Pictures) by extension 'python'
[0.836s] Level 1:colcon.colcon_core.package_identification:_identify(snap/snapd-desktop-integration/83/Pictures) by extensions ['python_setup_py']
[0.836s] Level 1:colcon.colcon_core.package_identification:_identify(snap/snapd-desktop-integration/83/Pictures) by extension 'python_setup_py'
[0.837s] Level 1:colcon.colcon_core.package_identification:_identify(snap/snapd-desktop-integration/83/Public) by extensions ['ignore', 'ignore_ament_install']
[0.837s] Level 1:colcon.colcon_core.package_identification:_identify(snap/snapd-desktop-integration/83/Public) by extension 'ignore'
[0.837s] Level 1:colcon.colcon_core.package_identification:_identify(snap/snapd-desktop-integration/83/Public) by extension 'ignore_ament_install'
[0.837s] Level 1:colcon.colcon_core.package_identification:_identify(snap/snapd-desktop-integration/83/Public) by extensions ['colcon_pkg']
[0.837s] Level 1:colcon.colcon_core.package_identification:_identify(snap/snapd-desktop-integration/83/Public) by extension 'colcon_pkg'
[0.837s] Level 1:colcon.colcon_core.package_identification:_identify(snap/snapd-desktop-integration/83/Public) by extensions ['colcon_meta']
[0.837s] Level 1:colcon.colcon_core.package_identification:_identify(snap/snapd-desktop-integration/83/Public) by extension 'colcon_meta'
[0.837s] Level 1:colcon.colcon_core.package_identification:_identify(snap/snapd-desktop-integration/83/Public) by extensions ['ros']
[0.837s] Level 1:colcon.colcon_core.package_identification:_identify(snap/snapd-desktop-integration/83/Public) by extension 'ros'
[0.837s] Level 1:colcon.colcon_core.package_identification:_identify(snap/snapd-desktop-integration/83/Public) by extensions ['cmake', 'python']
[0.837s] Level 1:colcon.colcon_core.package_identification:_identify(snap/snapd-desktop-integration/83/Public) by extension 'cmake'
[0.837s] Level 1:colcon.colcon_core.package_identification:_identify(snap/snapd-desktop-integration/83/Public) by extension 'python'
[0.837s] Level 1:colcon.colcon_core.package_identification:_identify(snap/snapd-desktop-integration/83/Public) by extensions ['python_setup_py']
[0.837s] Level 1:colcon.colcon_core.package_identification:_identify(snap/snapd-desktop-integration/83/Public) by extension 'python_setup_py'
[0.838s] Level 1:colcon.colcon_core.package_identification:_identify(snap/snapd-desktop-integration/83/Templates) by extensions ['ignore', 'ignore_ament_install']
[0.838s] Level 1:colcon.colcon_core.package_identification:_identify(snap/snapd-desktop-integration/83/Templates) by extension 'ignore'
[0.838s] Level 1:colcon.colcon_core.package_identification:_identify(snap/snapd-desktop-integration/83/Templates) by extension 'ignore_ament_install'
[0.838s] Level 1:colcon.colcon_core.package_identification:_identify(snap/snapd-desktop-integration/83/Templates) by extensions ['colcon_pkg']
[0.838s] Level 1:colcon.colcon_core.package_identification:_identify(snap/snapd-desktop-integration/83/Templates) by extension 'colcon_pkg'
[0.838s] Level 1:colcon.colcon_core.package_identification:_identify(snap/snapd-desktop-integration/83/Templates) by extensions ['colcon_meta']
[0.838s] Level 1:colcon.colcon_core.package_identification:_identify(snap/snapd-desktop-integration/83/Templates) by extension 'colcon_meta'
[0.838s] Level 1:colcon.colcon_core.package_identification:_identify(snap/snapd-desktop-integration/83/Templates) by extensions ['ros']
[0.838s] Level 1:colcon.colcon_core.package_identification:_identify(snap/snapd-desktop-integration/83/Templates) by extension 'ros'
[0.838s] Level 1:colcon.colcon_core.package_identification:_identify(snap/snapd-desktop-integration/83/Templates) by extensions ['cmake', 'python']
[0.838s] Level 1:colcon.colcon_core.package_identification:_identify(snap/snapd-desktop-integration/83/Templates) by extension 'cmake'
[0.838s] Level 1:colcon.colcon_core.package_identification:_identify(snap/snapd-desktop-integration/83/Templates) by extension 'python'
[0.838s] Level 1:colcon.colcon_core.package_identification:_identify(snap/snapd-desktop-integration/83/Templates) by extensions ['python_setup_py']
[0.838s] Level 1:colcon.colcon_core.package_identification:_identify(snap/snapd-desktop-integration/83/Templates) by extension 'python_setup_py'
[0.839s] Level 1:colcon.colcon_core.package_identification:_identify(snap/snapd-desktop-integration/83/Videos) by extensions ['ignore', 'ignore_ament_install']
[0.839s] Level 1:colcon.colcon_core.package_identification:_identify(snap/snapd-desktop-integration/83/Videos) by extension 'ignore'
[0.839s] Level 1:colcon.colcon_core.package_identification:_identify(snap/snapd-desktop-integration/83/Videos) by extension 'ignore_ament_install'
[0.839s] Level 1:colcon.colcon_core.package_identification:_identify(snap/snapd-desktop-integration/83/Videos) by extensions ['colcon_pkg']
[0.839s] Level 1:colcon.colcon_core.package_identification:_identify(snap/snapd-desktop-integration/83/Videos) by extension 'colcon_pkg'
[0.839s] Level 1:colcon.colcon_core.package_identification:_identify(snap/snapd-desktop-integration/83/Videos) by extensions ['colcon_meta']
[0.839s] Level 1:colcon.colcon_core.package_identification:_identify(snap/snapd-desktop-integration/83/Videos) by extension 'colcon_meta'
[0.839s] Level 1:colcon.colcon_core.package_identification:_identify(snap/snapd-desktop-integration/83/Videos) by extensions ['ros']
[0.839s] Level 1:colcon.colcon_core.package_identification:_identify(snap/snapd-desktop-integration/83/Videos) by extension 'ros'
[0.839s] Level 1:colcon.colcon_core.package_identification:_identify(snap/snapd-desktop-integration/83/Videos) by extensions ['cmake', 'python']
[0.839s] Level 1:colcon.colcon_core.package_identification:_identify(snap/snapd-desktop-integration/83/Videos) by extension 'cmake'
[0.839s] Level 1:colcon.colcon_core.package_identification:_identify(snap/snapd-desktop-integration/83/Videos) by extension 'python'
[0.839s] Level 1:colcon.colcon_core.package_identification:_identify(snap/snapd-desktop-integration/83/Videos) by extensions ['python_setup_py']
[0.839s] Level 1:colcon.colcon_core.package_identification:_identify(snap/snapd-desktop-integration/83/Videos) by extension 'python_setup_py'
[0.839s] Level 1:colcon.colcon_core.package_identification:_identify(snap/snapd-desktop-integration/common) by extensions ['ignore', 'ignore_ament_install']
[0.839s] Level 1:colcon.colcon_core.package_identification:_identify(snap/snapd-desktop-integration/common) by extension 'ignore'
[0.840s] Level 1:colcon.colcon_core.package_identification:_identify(snap/snapd-desktop-integration/common) by extension 'ignore_ament_install'
[0.840s] Level 1:colcon.colcon_core.package_identification:_identify(snap/snapd-desktop-integration/common) by extensions ['colcon_pkg']
[0.840s] Level 1:colcon.colcon_core.package_identification:_identify(snap/snapd-desktop-integration/common) by extension 'colcon_pkg'
[0.840s] Level 1:colcon.colcon_core.package_identification:_identify(snap/snapd-desktop-integration/common) by extensions ['colcon_meta']
[0.840s] Level 1:colcon.colcon_core.package_identification:_identify(snap/snapd-desktop-integration/common) by extension 'colcon_meta'
[0.840s] Level 1:colcon.colcon_core.package_identification:_identify(snap/snapd-desktop-integration/common) by extensions ['ros']
[0.840s] Level 1:colcon.colcon_core.package_identification:_identify(snap/snapd-desktop-integration/common) by extension 'ros'
[0.840s] Level 1:colcon.colcon_core.package_identification:_identify(snap/snapd-desktop-integration/common) by extensions ['cmake', 'python']
[0.840s] Level 1:colcon.colcon_core.package_identification:_identify(snap/snapd-desktop-integration/common) by extension 'cmake'
[0.840s] Level 1:colcon.colcon_core.package_identification:_identify(snap/snapd-desktop-integration/common) by extension 'python'
[0.840s] Level 1:colcon.colcon_core.package_identification:_identify(snap/snapd-desktop-integration/common) by extensions ['python_setup_py']
[0.840s] Level 1:colcon.colcon_core.package_identification:_identify(snap/snapd-desktop-integration/common) by extension 'python_setup_py'
[0.840s] Level 1:colcon.colcon_core.package_discovery:discover_packages(recursive) using defaults
[0.840s] Level 1:colcon.colcon_core.package_discovery:discover_packages(ignore) discover
[0.840s] Level 1:colcon.colcon_core.package_discovery:discover_packages(ignore) using defaults
[0.840s] Level 1:colcon.colcon_core.package_discovery:discover_packages(path) discover
[0.840s] Level 1:colcon.colcon_core.package_discovery:discover_packages(path) using defaults
[0.898s] Level 1:colcon.colcon_core.package_discovery:discover_packages(prefix_path) check parameters
[0.898s] Level 1:colcon.colcon_core.package_discovery:discover_packages(prefix_path) discover
[0.905s] DEBUG:colcon.colcon_installed_package_information.package_discovery:Found 0 installed packages in /home/me597/ros2_ws/install
[0.906s] DEBUG:colcon.colcon_installed_package_information.package_discovery:Found 322 installed packages in /opt/ros/humble
[0.908s] Level 1:colcon.colcon_core.package_discovery:discover_packages(prefix_path) using defaults
[0.954s] Level 5:colcon.colcon_core.verb:set package 'task_4' build argument 'cmake_args' from command line to 'None'
[0.954s] Level 5:colcon.colcon_core.verb:set package 'task_4' build argument 'cmake_target' from command line to 'None'
[0.954s] Level 5:colcon.colcon_core.verb:set package 'task_4' build argument 'cmake_target_skip_unavailable' from command line to 'False'
[0.954s] Level 5:colcon.colcon_core.verb:set package 'task_4' build argument 'cmake_clean_cache' from command line to 'False'
[0.954s] Level 5:colcon.colcon_core.verb:set package 'task_4' build argument 'cmake_clean_first' from command line to 'False'
[0.954s] Level 5:colcon.colcon_core.verb:set package 'task_4' build argument 'cmake_force_configure' from command line to 'False'
[0.954s] Level 5:colcon.colcon_core.verb:set package 'task_4' build argument 'ament_cmake_args' from command line to 'None'
[0.955s] Level 5:colcon.colcon_core.verb:set package 'task_4' build argument 'catkin_cmake_args' from command line to 'None'
[0.955s] Level 5:colcon.colcon_core.verb:set package 'task_4' build argument 'catkin_skip_building_tests' from command line to 'False'
[0.955s] DEBUG:colcon.colcon_core.verb:Building package 'task_4' with the following arguments: {'ament_cmake_args': None, 'build_base': '/home/me597/build/task_4', 'catkin_cmake_args': None, 'catkin_skip_building_tests': False, 'cmake_args': None, 'cmake_clean_cache': False, 'cmake_clean_first': False, 'cmake_force_configure': False, 'cmake_target': None, 'cmake_target_skip_unavailable': False, 'install_base': '/home/me597/install/task_4', 'merge_install': False, 'path': '/home/me597/ros2_ws/src/task_4', 'symlink_install': False, 'test_result_base': None}
[0.955s] INFO:colcon.colcon_core.executor:Executing jobs using 'parallel' executor
[0.957s] DEBUG:colcon.colcon_parallel_executor.executor.parallel:run_until_complete
[0.957s] INFO:colcon.colcon_ros.task.ament_python.build:Building ROS package in '/home/me597/ros2_ws/src/task_4' with build type 'ament_python'
[0.957s] Level 1:colcon.colcon_core.shell:create_environment_hook('task_4', 'ament_prefix_path')
[0.968s] INFO:colcon.colcon_core.plugin_system:Skipping extension 'colcon_core.shell.bat': Not used on non-Windows systems
[0.968s] INFO:colcon.colcon_core.shell:Creating environment hook '/home/me597/install/task_4/share/task_4/hook/ament_prefix_path.ps1'
[0.971s] INFO:colcon.colcon_core.shell:Creating environment descriptor '/home/me597/install/task_4/share/task_4/hook/ament_prefix_path.dsv'
[0.972s] INFO:colcon.colcon_core.shell:Creating environment hook '/home/me597/install/task_4/share/task_4/hook/ament_prefix_path.sh'
[0.973s] INFO:colcon.colcon_core.shell:Skip shell extension 'powershell' for command environment: Not usable outside of PowerShell
[0.973s] DEBUG:colcon.colcon_core.shell:Skip shell extension 'dsv' for command environment
[1.275s] INFO:colcon.colcon_core.task.python.build:Building Python package in '/home/me597/ros2_ws/src/task_4'
[1.276s] INFO:colcon.colcon_core.shell:Skip shell extension 'powershell' for command environment: Not usable outside of PowerShell
[1.276s] DEBUG:colcon.colcon_core.shell:Skip shell extension 'dsv' for command environment
[1.817s] DEBUG:colcon.colcon_core.event_handler.log_command:Invoking command in '/home/me597/ros2_ws/src/task_4': PYTHONPATH=/home/me597/build/task_4/prefix_override:/usr/lib/python3/dist-packages/colcon_core/task/python/colcon_distutils_commands:/home/me597/install/task_4/lib/python3.10/site-packages:${PYTHONPATH} /usr/bin/python3 -W ignore:setup.py install is deprecated -W ignore:easy_install command is deprecated setup.py egg_info --egg-base ../../../build/task_4 build --build-base /home/me597/build/task_4/build install --record /home/me597/build/task_4/install.log --single-version-externally-managed install_data
[2.163s] DEBUG:colcon.colcon_core.event_handler.log_command:Invoked command in '/home/me597/ros2_ws/src/task_4' returned '0': PYTHONPATH=/home/me597/build/task_4/prefix_override:/usr/lib/python3/dist-packages/colcon_core/task/python/colcon_distutils_commands:/home/me597/install/task_4/lib/python3.10/site-packages:${PYTHONPATH} /usr/bin/python3 -W ignore:setup.py install is deprecated -W ignore:easy_install command is deprecated setup.py egg_info --egg-base ../../../build/task_4 build --build-base /home/me597/build/task_4/build install --record /home/me597/build/task_4/install.log --single-version-externally-managed install_data
[2.176s] Level 1:colcon.colcon_core.environment:checking '/home/me597/install/task_4' for CMake module files
[2.176s] Level 1:colcon.colcon_core.environment:checking '/home/me597/install/task_4' for CMake config files
[2.178s] Level 1:colcon.colcon_core.environment:checking '/home/me597/install/task_4/lib'
[2.179s] Level 1:colcon.colcon_core.environment:checking '/home/me597/install/task_4/bin'
[2.179s] Level 1:colcon.colcon_core.environment:checking '/home/me597/install/task_4/lib/pkgconfig/task_4.pc'
[2.179s] Level 1:colcon.colcon_core.environment:checking '/home/me597/install/task_4/lib/python3.10/site-packages'
[2.179s] Level 1:colcon.colcon_core.shell:create_environment_hook('task_4', 'pythonpath')
[2.179s] INFO:colcon.colcon_core.shell:Creating environment hook '/home/me597/install/task_4/share/task_4/hook/pythonpath.ps1'
[2.180s] INFO:colcon.colcon_core.shell:Creating environment descriptor '/home/me597/install/task_4/share/task_4/hook/pythonpath.dsv'
[2.181s] INFO:colcon.colcon_core.shell:Creating environment hook '/home/me597/install/task_4/share/task_4/hook/pythonpath.sh'
[2.182s] Level 1:colcon.colcon_core.environment:checking '/home/me597/install/task_4/bin'
[2.182s] Level 1:colcon.colcon_core.environment:create_environment_scripts_only(task_4)
[2.182s] INFO:colcon.colcon_core.shell:Creating package script '/home/me597/install/task_4/share/task_4/package.ps1'
[2.183s] INFO:colcon.colcon_core.shell:Creating package descriptor '/home/me597/install/task_4/share/task_4/package.dsv'
[2.184s] INFO:colcon.colcon_core.shell:Creating package script '/home/me597/install/task_4/share/task_4/package.sh'
[2.186s] INFO:colcon.colcon_core.shell:Creating package script '/home/me597/install/task_4/share/task_4/package.bash'
[2.188s] INFO:colcon.colcon_core.shell:Creating package script '/home/me597/install/task_4/share/task_4/package.zsh'
[2.189s] Level 1:colcon.colcon_core.environment:create_file_with_runtime_dependencies(/home/me597/install/task_4/share/colcon-core/packages/task_4)
[2.190s] DEBUG:colcon.colcon_parallel_executor.executor.parallel:closing loop
[2.191s] DEBUG:colcon.colcon_parallel_executor.executor.parallel:loop closed
[2.191s] DEBUG:colcon.colcon_parallel_executor.executor.parallel:run_until_complete finished with '0'
[2.191s] DEBUG:colcon.colcon_core.event_reactor:joining thread
[2.201s] INFO:colcon.colcon_core.plugin_system:Skipping extension 'colcon_notification.desktop_notification.terminal_notifier': Not used on non-Darwin systems
[2.201s] INFO:colcon.colcon_core.plugin_system:Skipping extension 'colcon_notification.desktop_notification.win32': Not used on non-Windows systems
[2.201s] INFO:colcon.colcon_notification.desktop_notification:Sending desktop notification using 'notify2'
[2.234s] DEBUG:colcon.colcon_core.event_reactor:joined thread
[2.235s] INFO:colcon.colcon_core.shell:Creating prefix script '/home/me597/install/local_setup.ps1'
[2.236s] INFO:colcon.colcon_core.shell:Creating prefix util module '/home/me597/install/_local_setup_util_ps1.py'
[2.239s] INFO:colcon.colcon_core.shell:Creating prefix chain script '/home/me597/install/setup.ps1'
[2.241s] INFO:colcon.colcon_core.shell:Creating prefix script '/home/me597/install/local_setup.sh'
[2.242s] INFO:colcon.colcon_core.shell:Creating prefix util module '/home/me597/install/_local_setup_util_sh.py'
[2.243s] INFO:colcon.colcon_core.shell:Creating prefix chain script '/home/me597/install/setup.sh'
[2.244s] INFO:colcon.colcon_core.shell:Creating prefix script '/home/me597/install/local_setup.bash'
[2.245s] INFO:colcon.colcon_core.shell:Creating prefix chain script '/home/me597/install/setup.bash'
[2.247s] INFO:colcon.colcon_core.shell:Creating prefix script '/home/me597/install/local_setup.zsh'
[2.248s] INFO:colcon.colcon_core.shell:Creating prefix chain script '/home/me597/install/setup.zsh'
