[0.016s] Invoking command in '/home/me597/build/turtlebot3_gazebo': CMAKE_PREFIX_PATH=${CMAKE_PREFIX_PATH}:/home/me597/ros2_ws/install/task_4:/home/me597/ros2_ws/src/install/task_4:/home/me597/install/task_4:/home/me597/install/sim_utils:/opt/ros/humble /usr/bin/cmake --build /home/me597/build/turtlebot3_gazebo -- -j2 -l2
[0.191s] Invoked command in '/home/me597/build/turtlebot3_gazebo' returned '0': CMAKE_PREFIX_PATH=${CMAKE_PREFIX_PATH}:/home/me597/ros2_ws/install/task_4:/home/me597/ros2_ws/src/install/task_4:/home/me597/install/task_4:/home/me597/install/sim_utils:/opt/ros/humble /usr/bin/cmake --build /home/me597/build/turtlebot3_gazebo -- -j2 -l2
[0.204s] Invoking command in '/home/me597/build/turtlebot3_gazebo': CMAKE_PREFIX_PATH=${CMAKE_PREFIX_PATH}:/home/me597/ros2_ws/install/task_4:/home/me597/ros2_ws/src/install/task_4:/home/me597/install/task_4:/home/me597/install/sim_utils:/opt/ros/humble /usr/bin/cmake --install /home/me597/build/turtlebot3_gazebo
[0.213s] -- Install configuration: ""
[0.214s] -- Up-to-date: /home/me597/install/turtlebot3_gazebo/share/turtlebot3_gazebo//launch
[0.217s] -- Up-to-date: /home/me597/install/turtlebot3_gazebo/share/turtlebot3_gazebo//launch/navigator.launch.py
[0.217s] -- Up-to-date: /home/me597/install/turtlebot3_gazebo/share/turtlebot3_gazebo//launch/spawn_cricketball.launch.py
[0.217s] -- Up-to-date: /home/me597/install/turtlebot3_gazebo/share/turtlebot3_gazebo//launch/spawn_turtlebot3.launch.py
[0.217s] -- Up-to-date: /home/me597/install/turtlebot3_gazebo/share/turtlebot3_gazebo//launch/mapper.launch.py
[0.217s] -- Up-to-date: /home/me597/install/turtlebot3_gazebo/share/turtlebot3_gazebo//launch/turtlebot3_house.launch.py
[0.217s] -- Up-to-date: /home/me597/install/turtlebot3_gazebo/share/turtlebot3_gazebo//launch/turtlebot3_house_norviz.launch.py
[0.217s] -- Up-to-date: /home/me597/install/turtlebot3_gazebo/share/turtlebot3_gazebo//launch/task_6.launch.py
[0.217s] -- Up-to-date: /home/me597/install/turtlebot3_gazebo/share/turtlebot3_gazebo//launch/amcl.launch.py
[0.218s] -- Up-to-date: /home/me597/install/turtlebot3_gazebo/share/turtlebot3_gazebo//launch/robot_state_publisher.launch.py
[0.218s] -- Up-to-date: /home/me597/install/turtlebot3_gazebo/share/turtlebot3_gazebo//launch/map_loader.launch.py
[0.218s] -- Up-to-date: /home/me597/install/turtlebot3_gazebo/share/turtlebot3_gazebo//models
[0.218s] -- Up-to-date: /home/me597/install/turtlebot3_gazebo/share/turtlebot3_gazebo//models/turtlebot3_common
[0.220s] -- Up-to-date: /home/me597/install/turtlebot3_gazebo/share/turtlebot3_gazebo//models/turtlebot3_common/model.config
[0.220s] -- Up-to-date: /home/me597/install/turtlebot3_gazebo/share/turtlebot3_gazebo//models/turtlebot3_common/meshes
[0.221s] -- Up-to-date: /home/me597/install/turtlebot3_gazebo/share/turtlebot3_gazebo//models/turtlebot3_common/meshes/waffle_base.dae
[0.221s] -- Up-to-date: /home/me597/install/turtlebot3_gazebo/share/turtlebot3_gazebo//models/turtlebot3_common/meshes/tire.dae
[0.221s] -- Up-to-date: /home/me597/install/turtlebot3_gazebo/share/turtlebot3_gazebo//models/turtlebot3_common/meshes/lds.dae
[0.222s] -- Up-to-date: /home/me597/install/turtlebot3_gazebo/share/turtlebot3_gazebo//models/turtlebot3_common/meshes/burger_base.dae
[0.222s] -- Up-to-date: /home/me597/install/turtlebot3_gazebo/share/turtlebot3_gazebo//models/turtlebot3_common/meshes/r200.dae
[0.222s] -- Up-to-date: /home/me597/install/turtlebot3_gazebo/share/turtlebot3_gazebo//models/turtlebot3_waffle
[0.222s] -- Up-to-date: /home/me597/install/turtlebot3_gazebo/share/turtlebot3_gazebo//models/turtlebot3_waffle/model.config
[0.222s] -- Up-to-date: /home/me597/install/turtlebot3_gazebo/share/turtlebot3_gazebo//models/turtlebot3_waffle/model.sdf
[0.222s] -- Up-to-date: /home/me597/install/turtlebot3_gazebo/share/turtlebot3_gazebo//models/trash_can
[0.223s] -- Up-to-date: /home/me597/install/turtlebot3_gazebo/share/turtlebot3_gazebo//models/trash_can/model.config
[0.223s] -- Up-to-date: /home/me597/install/turtlebot3_gazebo/share/turtlebot3_gazebo//models/trash_can/model.sdf
[0.223s] -- Up-to-date: /home/me597/install/turtlebot3_gazebo/share/turtlebot3_gazebo//models/trash_can/meshes
[0.223s] -- Up-to-date: /home/me597/install/turtlebot3_gazebo/share/turtlebot3_gazebo//models/trash_can/meshes/trash_can.dae
[0.224s] -- Up-to-date: /home/me597/install/turtlebot3_gazebo/share/turtlebot3_gazebo//models/turtlebot3_house
[0.224s] -- Up-to-date: /home/me597/install/turtlebot3_gazebo/share/turtlebot3_gazebo//models/turtlebot3_house/model.config
[0.224s] -- Up-to-date: /home/me597/install/turtlebot3_gazebo/share/turtlebot3_gazebo//models/turtlebot3_house/model.sdf
[0.224s] -- Up-to-date: /home/me597/install/turtlebot3_gazebo/share/turtlebot3_gazebo//models/cricket_ball
[0.225s] -- Up-to-date: /home/me597/install/turtlebot3_gazebo/share/turtlebot3_gazebo//models/cricket_ball/model.config
[0.225s] -- Up-to-date: /home/me597/install/turtlebot3_gazebo/share/turtlebot3_gazebo//models/cricket_ball/model.rsdf
[0.225s] -- Up-to-date: /home/me597/install/turtlebot3_gazebo/share/turtlebot3_gazebo//models/cricket_ball/model.sdf
[0.226s] -- Up-to-date: /home/me597/install/turtlebot3_gazebo/share/turtlebot3_gazebo//rviz
[0.226s] -- Up-to-date: /home/me597/install/turtlebot3_gazebo/share/turtlebot3_gazebo//rviz/tb3_gazebo.rviz
[0.227s] -- Up-to-date: /home/me597/install/turtlebot3_gazebo/share/turtlebot3_gazebo//urdf
[0.227s] -- Up-to-date: /home/me597/install/turtlebot3_gazebo/share/turtlebot3_gazebo//urdf/turtlebot3_waffle.urdf
[0.228s] -- Up-to-date: /home/me597/install/turtlebot3_gazebo/share/turtlebot3_gazebo//worlds
[0.229s] -- Up-to-date: /home/me597/install/turtlebot3_gazebo/share/turtlebot3_gazebo//worlds/empty_world.world
[0.229s] -- Up-to-date: /home/me597/install/turtlebot3_gazebo/share/turtlebot3_gazebo//worlds/house_closed.world
[0.229s] -- Up-to-date: /home/me597/install/turtlebot3_gazebo/share/turtlebot3_gazebo//worlds/turtlebot3_house.world
[0.229s] -- Up-to-date: /home/me597/install/turtlebot3_gazebo/share/turtlebot3_gazebo//maps
[0.230s] -- Up-to-date: /home/me597/install/turtlebot3_gazebo/share/turtlebot3_gazebo//maps/map.yaml
[0.230s] -- Up-to-date: /home/me597/install/turtlebot3_gazebo/share/turtlebot3_gazebo//maps/map.pgm
[0.230s] -- Up-to-date: /home/me597/install/turtlebot3_gazebo/share/turtlebot3_gazebo//params
[0.231s] -- Up-to-date: /home/me597/install/turtlebot3_gazebo/share/turtlebot3_gazebo//params/map_server.yaml
[0.231s] -- Up-to-date: /home/me597/install/turtlebot3_gazebo/share/turtlebot3_gazebo//params/amcl.yaml
[0.231s] -- Up-to-date: /home/me597/install/turtlebot3_gazebo/share/turtlebot3_gazebo//params/mapper_params_online_async.yaml
[0.233s] -- Up-to-date: /home/me597/install/turtlebot3_gazebo/lib/turtlebot3_gazebo/task1.py
[0.234s] -- Up-to-date: /home/me597/install/turtlebot3_gazebo/lib/turtlebot3_gazebo/task2.py
[0.234s] -- Up-to-date: /home/me597/install/turtlebot3_gazebo/lib/turtlebot3_gazebo/task3.py
[0.234s] -- Up-to-date: /home/me597/install/turtlebot3_gazebo/lib/turtlebot3_gazebo/dynamic_obstacles.py
[0.234s] -- Up-to-date: /home/me597/install/turtlebot3_gazebo/share/ament_index/resource_index/package_run_dependencies/turtlebot3_gazebo
[0.234s] -- Up-to-date: /home/me597/install/turtlebot3_gazebo/share/ament_index/resource_index/parent_prefix_path/turtlebot3_gazebo
[0.234s] -- Up-to-date: /home/me597/install/turtlebot3_gazebo/share/turtlebot3_gazebo/environment/ament_prefix_path.sh
[0.234s] -- Up-to-date: /home/me597/install/turtlebot3_gazebo/share/turtlebot3_gazebo/environment/ament_prefix_path.dsv
[0.234s] -- Up-to-date: /home/me597/install/turtlebot3_gazebo/share/turtlebot3_gazebo/environment/path.sh
[0.234s] -- Up-to-date: /home/me597/install/turtlebot3_gazebo/share/turtlebot3_gazebo/environment/path.dsv
[0.235s] -- Up-to-date: /home/me597/install/turtlebot3_gazebo/share/turtlebot3_gazebo/local_setup.bash
[0.235s] -- Up-to-date: /home/me597/install/turtlebot3_gazebo/share/turtlebot3_gazebo/local_setup.sh
[0.235s] -- Up-to-date: /home/me597/install/turtlebot3_gazebo/share/turtlebot3_gazebo/local_setup.zsh
[0.235s] -- Up-to-date: /home/me597/install/turtlebot3_gazebo/share/turtlebot3_gazebo/local_setup.dsv
[0.235s] -- Installing: /home/me597/install/turtlebot3_gazebo/share/turtlebot3_gazebo/package.dsv
[0.236s] -- Up-to-date: /home/me597/install/turtlebot3_gazebo/share/ament_index/resource_index/packages/turtlebot3_gazebo
[0.236s] -- Up-to-date: /home/me597/install/turtlebot3_gazebo/share/turtlebot3_gazebo/cmake/ament_cmake_export_include_directories-extras.cmake
[0.236s] -- Up-to-date: /home/me597/install/turtlebot3_gazebo/share/turtlebot3_gazebo/cmake/ament_cmake_export_dependencies-extras.cmake
[0.236s] -- Up-to-date: /home/me597/install/turtlebot3_gazebo/share/turtlebot3_gazebo/cmake/turtlebot3_gazeboConfig.cmake
[0.236s] -- Up-to-date: /home/me597/install/turtlebot3_gazebo/share/turtlebot3_gazebo/cmake/turtlebot3_gazeboConfig-version.cmake
[0.236s] -- Up-to-date: /home/me597/install/turtlebot3_gazebo/share/turtlebot3_gazebo/package.xml
[0.239s] Invoked command in '/home/me597/build/turtlebot3_gazebo' returned '0': CMAKE_PREFIX_PATH=${CMAKE_PREFIX_PATH}:/home/me597/ros2_ws/install/task_4:/home/me597/ros2_ws/src/install/task_4:/home/me597/install/task_4:/home/me597/install/sim_utils:/opt/ros/humble /usr/bin/cmake --install /home/me597/build/turtlebot3_gazebo
