[0.033s] Invoking command in '/home/me597/build/cv_bridge': CMAKE_PREFIX_PATH=${CMAKE_PREFIX_PATH}:/home/me597/ros2_ws/src/task_5/install/task_5:/home/me597/ros2_ws/install/task_5:/home/me597/ros2_ws/src/install/task_5:/home/me597/ros2_ws/src/install/opencv_tests:/home/me597/ros2_ws/install/opencv_tests:/home/me597/ros2_ws/install/task_4:/home/me597/ros2_ws/src/install/task_4:/home/me597/install/task_4:/home/me597/install/sim_utils:/opt/ros/humble /usr/bin/cmake --build /home/me597/build/cv_bridge -- -j2 -l2
[0.110s] [35m[1mConsolidate compiler generated dependencies of target cv_bridge[0m
[0.158s] [  0%] Built target ament_cmake_python_copy_cv_bridge
[0.168s] [ 22%] Built target cv_bridge
[0.185s] [35m[1mConsolidate compiler generated dependencies of target gtest_main[0m
[0.188s] [35m[1mConsolidate compiler generated dependencies of target gtest[0m
[0.216s] [ 33%] Built target gtest
[0.218s] [ 44%] Built target gtest_main
[0.258s] [35m[1mConsolidate compiler generated dependencies of target cv_bridge_boost[0m
[0.309s] [ 61%] Built target cv_bridge_boost
[0.349s] [35m[1mConsolidate compiler generated dependencies of target cv_bridge-utest[0m
[0.396s] [100%] Built target cv_bridge-utest
[0.617s] running egg_info
[0.620s] writing cv_bridge.egg-info/PKG-INFO
[0.621s] writing dependency_links to cv_bridge.egg-info/dependency_links.txt
[0.622s] writing top-level names to cv_bridge.egg-info/top_level.txt
[0.627s] reading manifest file 'cv_bridge.egg-info/SOURCES.txt'
[0.627s] writing manifest file 'cv_bridge.egg-info/SOURCES.txt'
[0.674s] [100%] Built target ament_cmake_python_build_cv_bridge_egg
[0.683s] Invoked command in '/home/me597/build/cv_bridge' returned '0': CMAKE_PREFIX_PATH=${CMAKE_PREFIX_PATH}:/home/me597/ros2_ws/src/task_5/install/task_5:/home/me597/ros2_ws/install/task_5:/home/me597/ros2_ws/src/install/task_5:/home/me597/ros2_ws/src/install/opencv_tests:/home/me597/ros2_ws/install/opencv_tests:/home/me597/ros2_ws/install/task_4:/home/me597/ros2_ws/src/install/task_4:/home/me597/install/task_4:/home/me597/install/sim_utils:/opt/ros/humble /usr/bin/cmake --build /home/me597/build/cv_bridge -- -j2 -l2
[0.688s] Invoking command in '/home/me597/build/cv_bridge': CMAKE_PREFIX_PATH=${CMAKE_PREFIX_PATH}:/home/me597/ros2_ws/src/task_5/install/task_5:/home/me597/ros2_ws/install/task_5:/home/me597/ros2_ws/src/install/task_5:/home/me597/ros2_ws/src/install/opencv_tests:/home/me597/ros2_ws/install/opencv_tests:/home/me597/ros2_ws/install/task_4:/home/me597/ros2_ws/src/install/task_4:/home/me597/install/task_4:/home/me597/install/sim_utils:/opt/ros/humble /usr/bin/cmake --install /home/me597/build/cv_bridge
[0.693s] -- Install configuration: ""
[0.694s] -- Up-to-date: /home/me597/install/cv_bridge/share/cv_bridge/environment/pythonpath.sh
[0.694s] -- Up-to-date: /home/me597/install/cv_bridge/share/cv_bridge/environment/pythonpath.dsv
[0.694s] -- Up-to-date: /home/me597/install/cv_bridge/local/lib/python3.10/dist-packages/cv_bridge-4.1.0-py3.10.egg-info
[0.694s] -- Installing: /home/me597/install/cv_bridge/local/lib/python3.10/dist-packages/cv_bridge-4.1.0-py3.10.egg-info/top_level.txt
[0.694s] -- Installing: /home/me597/install/cv_bridge/local/lib/python3.10/dist-packages/cv_bridge-4.1.0-py3.10.egg-info/SOURCES.txt
[0.694s] -- Installing: /home/me597/install/cv_bridge/local/lib/python3.10/dist-packages/cv_bridge-4.1.0-py3.10.egg-info/dependency_links.txt
[0.694s] -- Installing: /home/me597/install/cv_bridge/local/lib/python3.10/dist-packages/cv_bridge-4.1.0-py3.10.egg-info/PKG-INFO
[0.694s] -- Up-to-date: /home/me597/install/cv_bridge/local/lib/python3.10/dist-packages/cv_bridge
[0.694s] -- Up-to-date: /home/me597/install/cv_bridge/local/lib/python3.10/dist-packages/cv_bridge/__init__.py
[0.694s] -- Up-to-date: /home/me597/install/cv_bridge/local/lib/python3.10/dist-packages/cv_bridge/core.py
[0.744s] Listing '/home/me597/install/cv_bridge/local/lib/python3.10/dist-packages/cv_bridge'...
[0.744s] Listing '/home/me597/install/cv_bridge/local/lib/python3.10/dist-packages/cv_bridge/boost'...
[0.751s] -- Up-to-date: /home/me597/install/cv_bridge/lib/libcv_bridge.so
[0.752s] -- Up-to-date: /home/me597/install/cv_bridge/include/cv_bridge/cv_bridge/cv_bridge_export.h
[0.752s] -- Up-to-date: /home/me597/install/cv_bridge/local/lib/python3.10/dist-packages/cv_bridge/boost/cv_bridge_boost.so
[0.752s] -- Up-to-date: /home/me597/install/cv_bridge/include/cv_bridge
[0.752s] -- Up-to-date: /home/me597/install/cv_bridge/include/cv_bridge/cv_bridge
[0.754s] -- Up-to-date: /home/me597/install/cv_bridge/include/cv_bridge/cv_bridge/cv_bridge.hpp
[0.754s] -- Up-to-date: /home/me597/install/cv_bridge/include/cv_bridge/cv_bridge/rgb_colors.hpp
[0.756s] -- Up-to-date: /home/me597/install/cv_bridge/include/cv_bridge/cv_bridge/visibility_control.h
[0.756s] -- Up-to-date: /home/me597/install/cv_bridge/include/cv_bridge/cv_bridge/cv_mat_sensor_msgs_image_type_adapter.hpp
[0.757s] -- Up-to-date: /home/me597/install/cv_bridge/lib/libcv_bridge.so
[0.757s] -- Up-to-date: /home/me597/install/cv_bridge/share/ament_index/resource_index/package_run_dependencies/cv_bridge
[0.757s] -- Up-to-date: /home/me597/install/cv_bridge/share/ament_index/resource_index/parent_prefix_path/cv_bridge
[0.757s] -- Up-to-date: /home/me597/install/cv_bridge/share/cv_bridge/environment/ament_prefix_path.sh
[0.758s] -- Up-to-date: /home/me597/install/cv_bridge/share/cv_bridge/environment/ament_prefix_path.dsv
[0.758s] -- Up-to-date: /home/me597/install/cv_bridge/share/cv_bridge/environment/path.sh
[0.758s] -- Up-to-date: /home/me597/install/cv_bridge/share/cv_bridge/environment/path.dsv
[0.758s] -- Up-to-date: /home/me597/install/cv_bridge/share/cv_bridge/local_setup.bash
[0.758s] -- Up-to-date: /home/me597/install/cv_bridge/share/cv_bridge/local_setup.sh
[0.759s] -- Up-to-date: /home/me597/install/cv_bridge/share/cv_bridge/local_setup.zsh
[0.759s] -- Up-to-date: /home/me597/install/cv_bridge/share/cv_bridge/local_setup.dsv
[0.759s] -- Installing: /home/me597/install/cv_bridge/share/cv_bridge/package.dsv
[0.759s] -- Up-to-date: /home/me597/install/cv_bridge/share/ament_index/resource_index/packages/cv_bridge
[0.759s] -- Up-to-date: /home/me597/install/cv_bridge/share/cv_bridge/cmake/export_cv_bridgeExport.cmake
[0.759s] -- Up-to-date: /home/me597/install/cv_bridge/share/cv_bridge/cmake/export_cv_bridgeExport-noconfig.cmake
[0.759s] -- Up-to-date: /home/me597/install/cv_bridge/share/cv_bridge/cmake/cv_bridge-extras.cmake
[0.760s] -- Up-to-date: /home/me597/install/cv_bridge/share/cv_bridge/cmake/ament_cmake_export_dependencies-extras.cmake
[0.760s] -- Up-to-date: /home/me597/install/cv_bridge/share/cv_bridge/cmake/ament_cmake_export_targets-extras.cmake
[0.760s] -- Up-to-date: /home/me597/install/cv_bridge/share/cv_bridge/cmake/cv_bridgeConfig.cmake
[0.760s] -- Up-to-date: /home/me597/install/cv_bridge/share/cv_bridge/cmake/cv_bridgeConfig-version.cmake
[0.760s] -- Up-to-date: /home/me597/install/cv_bridge/share/cv_bridge/package.xml
[0.782s] Invoked command in '/home/me597/build/cv_bridge' returned '0': CMAKE_PREFIX_PATH=${CMAKE_PREFIX_PATH}:/home/me597/ros2_ws/src/task_5/install/task_5:/home/me597/ros2_ws/install/task_5:/home/me597/ros2_ws/src/install/task_5:/home/me597/ros2_ws/src/install/opencv_tests:/home/me597/ros2_ws/install/opencv_tests:/home/me597/ros2_ws/install/task_4:/home/me597/ros2_ws/src/install/task_4:/home/me597/install/task_4:/home/me597/install/sim_utils:/opt/ros/humble /usr/bin/cmake --install /home/me597/build/cv_bridge
