[0.859s] Invoking command in '/home/me597/ros2_ws/src/task_4': PYTHONPATH=/home/me597/build/task_4/prefix_override:/usr/lib/python3/dist-packages/colcon_core/task/python/colcon_distutils_commands:/home/me597/install/task_4/lib/python3.10/site-packages:${PYTHONPATH} /usr/bin/python3 -W ignore:setup.py install is deprecated -W ignore:easy_install command is deprecated setup.py egg_info --egg-base ../../../build/task_4 build --build-base /home/me597/build/task_4/build install --record /home/me597/build/task_4/install.log --single-version-externally-managed install_data
[1.126s] running egg_info
[1.126s] writing ../../../build/task_4/task_4.egg-info/PKG-INFO
[1.129s] writing dependency_links to ../../../build/task_4/task_4.egg-info/dependency_links.txt
[1.129s] writing entry points to ../../../build/task_4/task_4.egg-info/entry_points.txt
[1.129s] writing requirements to ../../../build/task_4/task_4.egg-info/requires.txt
[1.129s] writing top-level names to ../../../build/task_4/task_4.egg-info/top_level.txt
[1.131s] reading manifest file '../../../build/task_4/task_4.egg-info/SOURCES.txt'
[1.132s] writing manifest file '../../../build/task_4/task_4.egg-info/SOURCES.txt'
[1.132s] running build
[1.133s] running build_py
[1.136s] running install
[1.136s] running install_lib
[1.138s] running install_data
[1.140s] running install_egg_info
[1.142s] removing '/home/me597/install/task_4/lib/python3.10/site-packages/task_4-0.0.0-py3.10.egg-info' (and everything under it)
[1.142s] Copying ../../../build/task_4/task_4.egg-info to /home/me597/install/task_4/lib/python3.10/site-packages/task_4-0.0.0-py3.10.egg-info
[1.144s] running install_scripts
[1.182s] writing list of installed files to '/home/me597/build/task_4/install.log'
[1.205s] Invoked command in '/home/me597/ros2_ws/src/task_4' returned '0': PYTHONPATH=/home/me597/build/task_4/prefix_override:/usr/lib/python3/dist-packages/colcon_core/task/python/colcon_distutils_commands:/home/me597/install/task_4/lib/python3.10/site-packages:${PYTHONPATH} /usr/bin/python3 -W ignore:setup.py install is deprecated -W ignore:easy_install command is deprecated setup.py egg_info --egg-base ../../../build/task_4 build --build-base /home/me597/build/task_4/build install --record /home/me597/build/task_4/install.log --single-version-externally-managed install_data
