running egg_info
creating ../build/task_5/task_5.egg-info
writing ../build/task_5/task_5.egg-info/PKG-INFO
writing dependency_links to ../build/task_5/task_5.egg-info/dependency_links.txt
writing entry points to ../build/task_5/task_5.egg-info/entry_points.txt
writing requirements to ../build/task_5/task_5.egg-info/requires.txt
writing top-level names to ../build/task_5/task_5.egg-info/top_level.txt
writing manifest file '../build/task_5/task_5.egg-info/SOURCES.txt'
reading manifest file '../build/task_5/task_5.egg-info/SOURCES.txt'
writing manifest file '../build/task_5/task_5.egg-info/SOURCES.txt'
running build
running build_py
creating /home/me597/ros2_ws/src/build/task_5/build
creating /home/me597/ros2_ws/src/build/task_5/build/lib
creating /home/me597/ros2_ws/src/build/task_5/build/lib/task_5
copying task_5/__init__.py -> /home/me597/ros2_ws/src/build/task_5/build/lib/task_5
running install
running install_lib
creating /home/me597/ros2_ws/src/install/task_5/lib/python3.10/site-packages/task_5
copying /home/me597/ros2_ws/src/build/task_5/build/lib/task_5/__init__.py -> /home/me597/ros2_ws/src/install/task_5/lib/python3.10/site-packages/task_5
byte-compiling /home/me597/ros2_ws/src/install/task_5/lib/python3.10/site-packages/task_5/__init__.py to __init__.cpython-310.pyc
running install_data
creating /home/me597/ros2_ws/src/install/task_5/share/ament_index
creating /home/me597/ros2_ws/src/install/task_5/share/ament_index/resource_index
creating /home/me597/ros2_ws/src/install/task_5/share/ament_index/resource_index/packages
copying resource/task_5 -> /home/me597/ros2_ws/src/install/task_5/share/ament_index/resource_index/packages
copying package.xml -> /home/me597/ros2_ws/src/install/task_5/share/task_5
running install_egg_info
Copying ../build/task_5/task_5.egg-info to /home/me597/ros2_ws/src/install/task_5/lib/python3.10/site-packages/task_5-0.0.0-py3.10.egg-info
running install_scripts
writing list of installed files to '/home/me597/ros2_ws/src/build/task_5/install.log'
