[1.040s] Invoking command in '/home/me597/ros2_ws/src/task_5': AMENT_PREFIX_PATH=/home/me597/ros2_ws/src/install/cv_bridge:${AMENT_PREFIX_PATH} CMAKE_PREFIX_PATH=/home/me597/ros2_ws/src/install/cv_bridge:${CMAKE_PREFIX_PATH} LD_LIBRARY_PATH=/home/me597/ros2_ws/src/install/cv_bridge/lib:${LD_LIBRARY_PATH} PYTHONPATH=/home/me597/ros2_ws/src/build/task_5/prefix_override:/usr/lib/python3/dist-packages/colcon_core/task/python/colcon_distutils_commands:/home/me597/ros2_ws/src/install/task_5/lib/python3.10/site-packages:/home/me597/ros2_ws/src/install/cv_bridge/local/lib/python3.10/dist-packages:${PYTHONPATH} /usr/bin/python3 -W ignore:setup.py install is deprecated -W ignore:easy_install command is deprecated setup.py egg_info --egg-base ../build/task_5 build --build-base /home/me597/ros2_ws/src/build/task_5/build install --record /home/me597/ros2_ws/src/build/task_5/install.log --single-version-externally-managed install_data
[1.378s] running egg_info
[1.378s] creating ../build/task_5/task_5.egg-info
[1.378s] writing ../build/task_5/task_5.egg-info/PKG-INFO
[1.379s] writing dependency_links to ../build/task_5/task_5.egg-info/dependency_links.txt
[1.379s] writing entry points to ../build/task_5/task_5.egg-info/entry_points.txt
[1.379s] writing requirements to ../build/task_5/task_5.egg-info/requires.txt
[1.379s] writing top-level names to ../build/task_5/task_5.egg-info/top_level.txt
[1.379s] writing manifest file '../build/task_5/task_5.egg-info/SOURCES.txt'
[1.383s] reading manifest file '../build/task_5/task_5.egg-info/SOURCES.txt'
[1.383s] writing manifest file '../build/task_5/task_5.egg-info/SOURCES.txt'
[1.383s] running build
[1.383s] running build_py
[1.383s] creating /home/me597/ros2_ws/src/build/task_5/build
[1.383s] creating /home/me597/ros2_ws/src/build/task_5/build/lib
[1.383s] creating /home/me597/ros2_ws/src/build/task_5/build/lib/task_5
[1.383s] copying task_5/__init__.py -> /home/me597/ros2_ws/src/build/task_5/build/lib/task_5
[1.383s] running install
[1.383s] running install_lib
[1.383s] creating /home/me597/ros2_ws/src/install/task_5/lib/python3.10/site-packages/task_5
[1.383s] copying /home/me597/ros2_ws/src/build/task_5/build/lib/task_5/__init__.py -> /home/me597/ros2_ws/src/install/task_5/lib/python3.10/site-packages/task_5
[1.383s] byte-compiling /home/me597/ros2_ws/src/install/task_5/lib/python3.10/site-packages/task_5/__init__.py to __init__.cpython-310.pyc
[1.384s] running install_data
[1.384s] creating /home/me597/ros2_ws/src/install/task_5/share/ament_index
[1.384s] creating /home/me597/ros2_ws/src/install/task_5/share/ament_index/resource_index
[1.384s] creating /home/me597/ros2_ws/src/install/task_5/share/ament_index/resource_index/packages
[1.384s] copying resource/task_5 -> /home/me597/ros2_ws/src/install/task_5/share/ament_index/resource_index/packages
[1.384s] copying package.xml -> /home/me597/ros2_ws/src/install/task_5/share/task_5
[1.384s] running install_egg_info
[1.387s] Copying ../build/task_5/task_5.egg-info to /home/me597/ros2_ws/src/install/task_5/lib/python3.10/site-packages/task_5-0.0.0-py3.10.egg-info
[1.387s] running install_scripts
[1.408s] writing list of installed files to '/home/me597/ros2_ws/src/build/task_5/install.log'
[1.431s] Invoked command in '/home/me597/ros2_ws/src/task_5' returned '0': AMENT_PREFIX_PATH=/home/me597/ros2_ws/src/install/cv_bridge:${AMENT_PREFIX_PATH} CMAKE_PREFIX_PATH=/home/me597/ros2_ws/src/install/cv_bridge:${CMAKE_PREFIX_PATH} LD_LIBRARY_PATH=/home/me597/ros2_ws/src/install/cv_bridge/lib:${LD_LIBRARY_PATH} PYTHONPATH=/home/me597/ros2_ws/src/build/task_5/prefix_override:/usr/lib/python3/dist-packages/colcon_core/task/python/colcon_distutils_commands:/home/me597/ros2_ws/src/install/task_5/lib/python3.10/site-packages:/home/me597/ros2_ws/src/install/cv_bridge/local/lib/python3.10/dist-packages:${PYTHONPATH} /usr/bin/python3 -W ignore:setup.py install is deprecated -W ignore:easy_install command is deprecated setup.py egg_info --egg-base ../build/task_5 build --build-base /home/me597/ros2_ws/src/build/task_5/build install --record /home/me597/ros2_ws/src/build/task_5/install.log --single-version-externally-managed install_data
