[1.137s] Invoking command in '/home/me597/ros2_ws/src/task_4': PYTHONPATH=/home/me597/build/task_4/prefix_override:/usr/lib/python3/dist-packages/colcon_core/task/python/colcon_distutils_commands:/home/me597/install/task_4/lib/python3.10/site-packages:${PYTHONPATH} /usr/bin/python3 -W ignore:setup.py install is deprecated -W ignore:easy_install command is deprecated setup.py egg_info --egg-base ../../../build/task_4 build --build-base /home/me597/build/task_4/build install --record /home/me597/build/task_4/install.log --single-version-externally-managed install_data
[1.600s] running egg_info
[1.603s] writing ../../../build/task_4/task_4.egg-info/PKG-INFO
[1.606s] writing dependency_links to ../../../build/task_4/task_4.egg-info/dependency_links.txt
[1.608s] writing entry points to ../../../build/task_4/task_4.egg-info/entry_points.txt
[1.610s] writing requirements to ../../../build/task_4/task_4.egg-info/requires.txt
[1.610s] writing top-level names to ../../../build/task_4/task_4.egg-info/top_level.txt
[1.615s] reading manifest file '../../../build/task_4/task_4.egg-info/SOURCES.txt'
[1.619s] writing manifest file '../../../build/task_4/task_4.egg-info/SOURCES.txt'
[1.620s] running build
[1.621s] running build_py
[1.626s] running install
[1.628s] running install_lib
[1.632s] running install_data
[1.633s] creating /home/me597/install/task_4/share/task_4/launch
[1.641s] copying launch/gen_sync_map_launch.py -> /home/me597/install/task_4/share/task_4/launch
[1.643s] running install_egg_info
[1.649s] removing '/home/me597/install/task_4/lib/python3.10/site-packages/task_4-0.0.0-py3.10.egg-info' (and everything under it)
[1.650s] Copying ../../../build/task_4/task_4.egg-info to /home/me597/install/task_4/lib/python3.10/site-packages/task_4-0.0.0-py3.10.egg-info
[1.660s] running install_scripts
[1.729s] writing list of installed files to '/home/me597/build/task_4/install.log'
[1.809s] Invoked command in '/home/me597/ros2_ws/src/task_4' returned '0': PYTHONPATH=/home/me597/build/task_4/prefix_override:/usr/lib/python3/dist-packages/colcon_core/task/python/colcon_distutils_commands:/home/me597/install/task_4/lib/python3.10/site-packages:${PYTHONPATH} /usr/bin/python3 -W ignore:setup.py install is deprecated -W ignore:easy_install command is deprecated setup.py egg_info --egg-base ../../../build/task_4 build --build-base /home/me597/build/task_4/build install --record /home/me597/build/task_4/install.log --single-version-externally-managed install_data
