[0.050s] Invoking command in '/home/me597/build/cv_bridge': CMAKE_PREFIX_PATH=${CMAKE_PREFIX_PATH}:/home/me597/ros2_ws/install/task_5:/home/me597/ros2_ws/install/task_4:/home/me597/ros2_ws/install/opencv_tests:/home/me597/ros2_ws/src/task_5/install/task_5:/home/me597/install/task_5:/home/me597/install/task_4:/home/me597/install/sim_utils:/home/me597/install/opencv_tests:/home/me597/ros2_ws/src/install/task_5:/home/me597/ros2_ws/src/install/task_4:/home/me597/ros2_ws/src/install/opencv_tests:/opt/ros/humble /usr/bin/cmake --build /home/me597/build/cv_bridge -- -j2 -l2
[0.175s] [  0%] Built target ament_cmake_python_copy_cv_bridge
[0.175s] [ 22%] Built target cv_bridge
[0.219s] [ 33%] Built target gtest
[0.220s] [ 44%] Built target gtest_main
[0.305s] [ 61%] Built target cv_bridge_boost
[0.371s] [100%] Built target cv_bridge-utest
[0.605s] running egg_info
[0.606s] writing cv_bridge.egg-info/PKG-INFO
[0.607s] writing dependency_links to cv_bridge.egg-info/dependency_links.txt
[0.608s] writing top-level names to cv_bridge.egg-info/top_level.txt
[0.611s] reading manifest file 'cv_bridge.egg-info/SOURCES.txt'
[0.611s] writing manifest file 'cv_bridge.egg-info/SOURCES.txt'
[0.651s] [100%] Built target ament_cmake_python_build_cv_bridge_egg
[0.667s] Invoked command in '/home/me597/build/cv_bridge' returned '0': CMAKE_PREFIX_PATH=${CMAKE_PREFIX_PATH}:/home/me597/ros2_ws/install/task_5:/home/me597/ros2_ws/install/task_4:/home/me597/ros2_ws/install/opencv_tests:/home/me597/ros2_ws/src/task_5/install/task_5:/home/me597/install/task_5:/home/me597/install/task_4:/home/me597/install/sim_utils:/home/me597/install/opencv_tests:/home/me597/ros2_ws/src/install/task_5:/home/me597/ros2_ws/src/install/task_4:/home/me597/ros2_ws/src/install/opencv_tests:/opt/ros/humble /usr/bin/cmake --build /home/me597/build/cv_bridge -- -j2 -l2
[0.678s] Invoking command in '/home/me597/build/cv_bridge': CMAKE_PREFIX_PATH=${CMAKE_PREFIX_PATH}:/home/me597/ros2_ws/install/task_5:/home/me597/ros2_ws/install/task_4:/home/me597/ros2_ws/install/opencv_tests:/home/me597/ros2_ws/src/task_5/install/task_5:/home/me597/install/task_5:/home/me597/install/task_4:/home/me597/install/sim_utils:/home/me597/install/opencv_tests:/home/me597/ros2_ws/src/install/task_5:/home/me597/ros2_ws/src/install/task_4:/home/me597/ros2_ws/src/install/opencv_tests:/opt/ros/humble /usr/bin/cmake --install /home/me597/build/cv_bridge
[0.688s] -- Install configuration: ""
[0.688s] -- Up-to-date: /home/me597/install/cv_bridge/share/cv_bridge/environment/pythonpath.sh
[0.688s] -- Up-to-date: /home/me597/install/cv_bridge/share/cv_bridge/environment/pythonpath.dsv
[0.688s] -- Up-to-date: /home/me597/install/cv_bridge/local/lib/python3.10/dist-packages/cv_bridge-4.1.0-py3.10.egg-info
[0.688s] -- Installing: /home/me597/install/cv_bridge/local/lib/python3.10/dist-packages/cv_bridge-4.1.0-py3.10.egg-info/top_level.txt
[0.688s] -- Installing: /home/me597/install/cv_bridge/local/lib/python3.10/dist-packages/cv_bridge-4.1.0-py3.10.egg-info/SOURCES.txt
[0.688s] -- Installing: /home/me597/install/cv_bridge/local/lib/python3.10/dist-packages/cv_bridge-4.1.0-py3.10.egg-info/dependency_links.txt
[0.688s] -- Installing: /home/me597/install/cv_bridge/local/lib/python3.10/dist-packages/cv_bridge-4.1.0-py3.10.egg-info/PKG-INFO
[0.688s] -- Up-to-date: /home/me597/install/cv_bridge/local/lib/python3.10/dist-packages/cv_bridge
[0.688s] -- Up-to-date: /home/me597/install/cv_bridge/local/lib/python3.10/dist-packages/cv_bridge/__init__.py
[0.688s] -- Up-to-date: /home/me597/install/cv_bridge/local/lib/python3.10/dist-packages/cv_bridge/core.py
[0.752s] Listing '/home/me597/install/cv_bridge/local/lib/python3.10/dist-packages/cv_bridge'...
[0.752s] Listing '/home/me597/install/cv_bridge/local/lib/python3.10/dist-packages/cv_bridge/boost'...
[0.757s] -- Up-to-date: /home/me597/install/cv_bridge/lib/libcv_bridge.so
[0.757s] -- Up-to-date: /home/me597/install/cv_bridge/include/cv_bridge/cv_bridge/cv_bridge_export.h
[0.757s] -- Up-to-date: /home/me597/install/cv_bridge/local/lib/python3.10/dist-packages/cv_bridge/boost/cv_bridge_boost.so
[0.758s] -- Up-to-date: /home/me597/install/cv_bridge/include/cv_bridge
[0.758s] -- Up-to-date: /home/me597/install/cv_bridge/include/cv_bridge/cv_bridge
[0.758s] -- Up-to-date: /home/me597/install/cv_bridge/include/cv_bridge/cv_bridge/cv_bridge.hpp
[0.758s] -- Up-to-date: /home/me597/install/cv_bridge/include/cv_bridge/cv_bridge/rgb_colors.hpp
[0.759s] -- Up-to-date: /home/me597/install/cv_bridge/include/cv_bridge/cv_bridge/visibility_control.h
[0.759s] -- Up-to-date: /home/me597/install/cv_bridge/include/cv_bridge/cv_bridge/cv_mat_sensor_msgs_image_type_adapter.hpp
[0.762s] -- Up-to-date: /home/me597/install/cv_bridge/lib/libcv_bridge.so
[0.762s] -- Up-to-date: /home/me597/install/cv_bridge/share/ament_index/resource_index/package_run_dependencies/cv_bridge
[0.762s] -- Up-to-date: /home/me597/install/cv_bridge/share/ament_index/resource_index/parent_prefix_path/cv_bridge
[0.765s] -- Up-to-date: /home/me597/install/cv_bridge/share/cv_bridge/environment/ament_prefix_path.sh
[0.766s] -- Up-to-date: /home/me597/install/cv_bridge/share/cv_bridge/environment/ament_prefix_path.dsv
[0.766s] -- Up-to-date: /home/me597/install/cv_bridge/share/cv_bridge/environment/path.sh
[0.770s] -- Up-to-date: /home/me597/install/cv_bridge/share/cv_bridge/environment/path.dsv
[0.770s] -- Up-to-date: /home/me597/install/cv_bridge/share/cv_bridge/local_setup.bash
[0.771s] -- Up-to-date: /home/me597/install/cv_bridge/share/cv_bridge/local_setup.sh
[0.771s] -- Up-to-date: /home/me597/install/cv_bridge/share/cv_bridge/local_setup.zsh
[0.773s] -- Up-to-date: /home/me597/install/cv_bridge/share/cv_bridge/local_setup.dsv
[0.775s] -- Installing: /home/me597/install/cv_bridge/share/cv_bridge/package.dsv
[0.776s] -- Up-to-date: /home/me597/install/cv_bridge/share/ament_index/resource_index/packages/cv_bridge
[0.777s] -- Up-to-date: /home/me597/install/cv_bridge/share/cv_bridge/cmake/export_cv_bridgeExport.cmake
[0.778s] -- Up-to-date: /home/me597/install/cv_bridge/share/cv_bridge/cmake/export_cv_bridgeExport-noconfig.cmake
[0.779s] -- Up-to-date: /home/me597/install/cv_bridge/share/cv_bridge/cmake/cv_bridge-extras.cmake
[0.779s] -- Up-to-date: /home/me597/install/cv_bridge/share/cv_bridge/cmake/ament_cmake_export_dependencies-extras.cmake
[0.780s] -- Up-to-date: /home/me597/install/cv_bridge/share/cv_bridge/cmake/ament_cmake_export_targets-extras.cmake
[0.780s] -- Up-to-date: /home/me597/install/cv_bridge/share/cv_bridge/cmake/cv_bridgeConfig.cmake
[0.780s] -- Up-to-date: /home/me597/install/cv_bridge/share/cv_bridge/cmake/cv_bridgeConfig-version.cmake
[0.780s] -- Up-to-date: /home/me597/install/cv_bridge/share/cv_bridge/package.xml
[0.823s] Invoked command in '/home/me597/build/cv_bridge' returned '0': CMAKE_PREFIX_PATH=${CMAKE_PREFIX_PATH}:/home/me597/ros2_ws/install/task_5:/home/me597/ros2_ws/install/task_4:/home/me597/ros2_ws/install/opencv_tests:/home/me597/ros2_ws/src/task_5/install/task_5:/home/me597/install/task_5:/home/me597/install/task_4:/home/me597/install/sim_utils:/home/me597/install/opencv_tests:/home/me597/ros2_ws/src/install/task_5:/home/me597/ros2_ws/src/install/task_4:/home/me597/ros2_ws/src/install/opencv_tests:/opt/ros/humble /usr/bin/cmake --install /home/me597/build/cv_bridge
