[0.035s] Invoking command in '/home/me597/build/turtlebot3_gazebo': CMAKE_PREFIX_PATH=${CMAKE_PREFIX_PATH}:/home/me597/ros2_ws/src/task_5/install/task_5:/home/me597/ros2_ws/install/task_5:/home/me597/ros2_ws/src/install/task_5:/home/me597/ros2_ws/src/install/opencv_tests:/home/me597/ros2_ws/install/opencv_tests:/home/me597/ros2_ws/install/task_4:/home/me597/ros2_ws/src/install/task_4:/home/me597/install/task_4:/home/me597/install/sim_utils:/opt/ros/humble /usr/bin/cmake --build /home/me597/build/turtlebot3_gazebo -- -j2 -l2
[0.720s] Invoked command in '/home/me597/build/turtlebot3_gazebo' returned '0': CMAKE_PREFIX_PATH=${CMAKE_PREFIX_PATH}:/home/me597/ros2_ws/src/task_5/install/task_5:/home/me597/ros2_ws/install/task_5:/home/me597/ros2_ws/src/install/task_5:/home/me597/ros2_ws/src/install/opencv_tests:/home/me597/ros2_ws/install/opencv_tests:/home/me597/ros2_ws/install/task_4:/home/me597/ros2_ws/src/install/task_4:/home/me597/install/task_4:/home/me597/install/sim_utils:/opt/ros/humble /usr/bin/cmake --build /home/me597/build/turtlebot3_gazebo -- -j2 -l2
[0.780s] Invoking command in '/home/me597/build/turtlebot3_gazebo': CMAKE_PREFIX_PATH=${CMAKE_PREFIX_PATH}:/home/me597/ros2_ws/src/task_5/install/task_5:/home/me597/ros2_ws/install/task_5:/home/me597/ros2_ws/src/install/task_5:/home/me597/ros2_ws/src/install/opencv_tests:/home/me597/ros2_ws/install/opencv_tests:/home/me597/ros2_ws/install/task_4:/home/me597/ros2_ws/src/install/task_4:/home/me597/install/task_4:/home/me597/install/sim_utils:/opt/ros/humble /usr/bin/cmake --install /home/me597/build/turtlebot3_gazebo
[0.803s] -- Install configuration: ""
[0.803s] -- Up-to-date: /home/me597/install/turtlebot3_gazebo/share/turtlebot3_gazebo//launch
[0.822s] -- Up-to-date: /home/me597/install/turtlebot3_gazebo/share/turtlebot3_gazebo//launch/navigator.launch.py
[0.822s] -- Up-to-date: /home/me597/install/turtlebot3_gazebo/share/turtlebot3_gazebo//launch/spawn_cricketball.launch.py
[0.822s] -- Up-to-date: /home/me597/install/turtlebot3_gazebo/share/turtlebot3_gazebo//launch/spawn_turtlebot3.launch.py
[0.822s] -- Up-to-date: /home/me597/install/turtlebot3_gazebo/share/turtlebot3_gazebo//launch/mapper.launch.py
[0.822s] -- Up-to-date: /home/me597/install/turtlebot3_gazebo/share/turtlebot3_gazebo//launch/turtlebot3_house.launch.py
[0.823s] -- Up-to-date: /home/me597/install/turtlebot3_gazebo/share/turtlebot3_gazebo//launch/turtlebot3_house_norviz.launch.py
[0.823s] -- Up-to-date: /home/me597/install/turtlebot3_gazebo/share/turtlebot3_gazebo//launch/task_6.launch.py
[0.823s] -- Up-to-date: /home/me597/install/turtlebot3_gazebo/share/turtlebot3_gazebo//launch/amcl.launch.py
[0.823s] -- Up-to-date: /home/me597/install/turtlebot3_gazebo/share/turtlebot3_gazebo//launch/robot_state_publisher.launch.py
[0.823s] -- Up-to-date: /home/me597/install/turtlebot3_gazebo/share/turtlebot3_gazebo//launch/map_loader.launch.py
[0.823s] -- Up-to-date: /home/me597/install/turtlebot3_gazebo/share/turtlebot3_gazebo//models
[0.860s] -- Up-to-date: /home/me597/install/turtlebot3_gazebo/share/turtlebot3_gazebo//models/turtlebot3_common
[0.876s] -- Up-to-date: /home/me597/install/turtlebot3_gazebo/share/turtlebot3_gazebo//models/turtlebot3_common/model.config
[0.876s] -- Up-to-date: /home/me597/install/turtlebot3_gazebo/share/turtlebot3_gazebo//models/turtlebot3_common/meshes
[0.897s] -- Up-to-date: /home/me597/install/turtlebot3_gazebo/share/turtlebot3_gazebo//models/turtlebot3_common/meshes/waffle_base.dae
[0.897s] -- Up-to-date: /home/me597/install/turtlebot3_gazebo/share/turtlebot3_gazebo//models/turtlebot3_common/meshes/tire.dae
[0.897s] -- Up-to-date: /home/me597/install/turtlebot3_gazebo/share/turtlebot3_gazebo//models/turtlebot3_common/meshes/lds.dae
[0.898s] -- Up-to-date: /home/me597/install/turtlebot3_gazebo/share/turtlebot3_gazebo//models/turtlebot3_common/meshes/burger_base.dae
[0.898s] -- Up-to-date: /home/me597/install/turtlebot3_gazebo/share/turtlebot3_gazebo//models/turtlebot3_common/meshes/r200.dae
[0.898s] -- Up-to-date: /home/me597/install/turtlebot3_gazebo/share/turtlebot3_gazebo//models/turtlebot3_waffle
[0.925s] -- Up-to-date: /home/me597/install/turtlebot3_gazebo/share/turtlebot3_gazebo//models/turtlebot3_waffle/model.config
[0.925s] -- Up-to-date: /home/me597/install/turtlebot3_gazebo/share/turtlebot3_gazebo//models/turtlebot3_waffle/model.sdf
[0.925s] -- Up-to-date: /home/me597/install/turtlebot3_gazebo/share/turtlebot3_gazebo//models/trash_can
[0.957s] -- Up-to-date: /home/me597/install/turtlebot3_gazebo/share/turtlebot3_gazebo//models/trash_can/model.config
[0.957s] -- Up-to-date: /home/me597/install/turtlebot3_gazebo/share/turtlebot3_gazebo//models/trash_can/model.sdf
[0.957s] -- Up-to-date: /home/me597/install/turtlebot3_gazebo/share/turtlebot3_gazebo//models/trash_can/meshes
[0.976s] -- Up-to-date: /home/me597/install/turtlebot3_gazebo/share/turtlebot3_gazebo//models/trash_can/meshes/trash_can.dae
[0.976s] -- Up-to-date: /home/me597/install/turtlebot3_gazebo/share/turtlebot3_gazebo//models/turtlebot3_house
[0.996s] -- Up-to-date: /home/me597/install/turtlebot3_gazebo/share/turtlebot3_gazebo//models/turtlebot3_house/model.config
[0.996s] -- Up-to-date: /home/me597/install/turtlebot3_gazebo/share/turtlebot3_gazebo//models/turtlebot3_house/model.sdf
[0.997s] -- Up-to-date: /home/me597/install/turtlebot3_gazebo/share/turtlebot3_gazebo//models/cricket_ball
[1.017s] -- Up-to-date: /home/me597/install/turtlebot3_gazebo/share/turtlebot3_gazebo//models/cricket_ball/model.config
[1.017s] -- Up-to-date: /home/me597/install/turtlebot3_gazebo/share/turtlebot3_gazebo//models/cricket_ball/model.rsdf
[1.017s] -- Up-to-date: /home/me597/install/turtlebot3_gazebo/share/turtlebot3_gazebo//models/cricket_ball/model.sdf
[1.017s] -- Up-to-date: /home/me597/install/turtlebot3_gazebo/share/turtlebot3_gazebo//rviz
[1.037s] -- Up-to-date: /home/me597/install/turtlebot3_gazebo/share/turtlebot3_gazebo//rviz/tb3_gazebo.rviz
[1.037s] -- Up-to-date: /home/me597/install/turtlebot3_gazebo/share/turtlebot3_gazebo//urdf
[1.060s] -- Up-to-date: /home/me597/install/turtlebot3_gazebo/share/turtlebot3_gazebo//urdf/turtlebot3_waffle.urdf
[1.060s] -- Up-to-date: /home/me597/install/turtlebot3_gazebo/share/turtlebot3_gazebo//worlds
[1.081s] -- Up-to-date: /home/me597/install/turtlebot3_gazebo/share/turtlebot3_gazebo//worlds/empty_world.world
[1.081s] -- Up-to-date: /home/me597/install/turtlebot3_gazebo/share/turtlebot3_gazebo//worlds/house_closed.world
[1.081s] -- Up-to-date: /home/me597/install/turtlebot3_gazebo/share/turtlebot3_gazebo//worlds/turtlebot3_house.world
[1.081s] -- Up-to-date: /home/me597/install/turtlebot3_gazebo/share/turtlebot3_gazebo//maps
[1.107s] -- Up-to-date: /home/me597/install/turtlebot3_gazebo/share/turtlebot3_gazebo//maps/map.yaml
[1.108s] -- Up-to-date: /home/me597/install/turtlebot3_gazebo/share/turtlebot3_gazebo//maps/map.pgm
[1.108s] -- Up-to-date: /home/me597/install/turtlebot3_gazebo/share/turtlebot3_gazebo//params
[1.129s] -- Up-to-date: /home/me597/install/turtlebot3_gazebo/share/turtlebot3_gazebo//params/map_server.yaml
[1.129s] -- Up-to-date: /home/me597/install/turtlebot3_gazebo/share/turtlebot3_gazebo//params/amcl.yaml
[1.129s] -- Up-to-date: /home/me597/install/turtlebot3_gazebo/share/turtlebot3_gazebo//params/mapper_params_online_async.yaml
[1.161s] -- Up-to-date: /home/me597/install/turtlebot3_gazebo/lib/turtlebot3_gazebo/task1.py
[1.161s] -- Up-to-date: /home/me597/install/turtlebot3_gazebo/lib/turtlebot3_gazebo/task2.py
[1.162s] -- Up-to-date: /home/me597/install/turtlebot3_gazebo/lib/turtlebot3_gazebo/task3.py
[1.164s] -- Up-to-date: /home/me597/install/turtlebot3_gazebo/lib/turtlebot3_gazebo/dynamic_obstacles.py
[1.168s] -- Up-to-date: /home/me597/install/turtlebot3_gazebo/share/ament_index/resource_index/package_run_dependencies/turtlebot3_gazebo
[1.174s] -- Up-to-date: /home/me597/install/turtlebot3_gazebo/share/ament_index/resource_index/parent_prefix_path/turtlebot3_gazebo
[1.174s] -- Up-to-date: /home/me597/install/turtlebot3_gazebo/share/turtlebot3_gazebo/environment/ament_prefix_path.sh
[1.174s] -- Up-to-date: /home/me597/install/turtlebot3_gazebo/share/turtlebot3_gazebo/environment/ament_prefix_path.dsv
[1.174s] -- Up-to-date: /home/me597/install/turtlebot3_gazebo/share/turtlebot3_gazebo/environment/path.sh
[1.175s] -- Up-to-date: /home/me597/install/turtlebot3_gazebo/share/turtlebot3_gazebo/environment/path.dsv
[1.175s] -- Up-to-date: /home/me597/install/turtlebot3_gazebo/share/turtlebot3_gazebo/local_setup.bash
[1.175s] -- Up-to-date: /home/me597/install/turtlebot3_gazebo/share/turtlebot3_gazebo/local_setup.sh
[1.175s] -- Up-to-date: /home/me597/install/turtlebot3_gazebo/share/turtlebot3_gazebo/local_setup.zsh
[1.177s] -- Up-to-date: /home/me597/install/turtlebot3_gazebo/share/turtlebot3_gazebo/local_setup.dsv
[1.177s] -- Installing: /home/me597/install/turtlebot3_gazebo/share/turtlebot3_gazebo/package.dsv
[1.194s] -- Up-to-date: /home/me597/install/turtlebot3_gazebo/share/ament_index/resource_index/packages/turtlebot3_gazebo
[1.205s] -- Up-to-date: /home/me597/install/turtlebot3_gazebo/share/turtlebot3_gazebo/cmake/ament_cmake_export_include_directories-extras.cmake
[1.205s] -- Up-to-date: /home/me597/install/turtlebot3_gazebo/share/turtlebot3_gazebo/cmake/ament_cmake_export_dependencies-extras.cmake
[1.206s] -- Up-to-date: /home/me597/install/turtlebot3_gazebo/share/turtlebot3_gazebo/cmake/turtlebot3_gazeboConfig.cmake
[1.206s] -- Up-to-date: /home/me597/install/turtlebot3_gazebo/share/turtlebot3_gazebo/cmake/turtlebot3_gazeboConfig-version.cmake
[1.210s] -- Up-to-date: /home/me597/install/turtlebot3_gazebo/share/turtlebot3_gazebo/package.xml
[1.211s] Invoked command in '/home/me597/build/turtlebot3_gazebo' returned '0': CMAKE_PREFIX_PATH=${CMAKE_PREFIX_PATH}:/home/me597/ros2_ws/src/task_5/install/task_5:/home/me597/ros2_ws/install/task_5:/home/me597/ros2_ws/src/install/task_5:/home/me597/ros2_ws/src/install/opencv_tests:/home/me597/ros2_ws/install/opencv_tests:/home/me597/ros2_ws/install/task_4:/home/me597/ros2_ws/src/install/task_4:/home/me597/install/task_4:/home/me597/install/sim_utils:/opt/ros/humble /usr/bin/cmake --install /home/me597/build/turtlebot3_gazebo
