[0.597s] Invoking command in '/home/me597/ros2_ws/src/task_4': PYTHONPATH=/home/me597/ros2_ws/src/build/task_4/prefix_override:/usr/lib/python3/dist-packages/colcon_core/task/python/colcon_distutils_commands:/home/me597/ros2_ws/src/install/task_4/lib/python3.10/site-packages:${PYTHONPATH} /usr/bin/python3 -W ignore:setup.py install is deprecated -W ignore:easy_install command is deprecated setup.py egg_info --egg-base ../build/task_4 build --build-base /home/me597/ros2_ws/src/build/task_4/build install --record /home/me597/ros2_ws/src/build/task_4/install.log --single-version-externally-managed install_data
[0.837s] running egg_info
[0.838s] writing ../build/task_4/task_4.egg-info/PKG-INFO
[0.838s] writing dependency_links to ../build/task_4/task_4.egg-info/dependency_links.txt
[0.838s] writing entry points to ../build/task_4/task_4.egg-info/entry_points.txt
[0.838s] writing requirements to ../build/task_4/task_4.egg-info/requires.txt
[0.838s] writing top-level names to ../build/task_4/task_4.egg-info/top_level.txt
[0.841s] reading manifest file '../build/task_4/task_4.egg-info/SOURCES.txt'
[0.841s] writing manifest file '../build/task_4/task_4.egg-info/SOURCES.txt'
[0.841s] running build
[0.841s] running build_py
[0.841s] copying task_4/auto_navigator.py -> /home/me597/ros2_ws/src/build/task_4/build/lib/task_4
[0.841s] running install
[0.842s] running install_lib
[0.842s] copying /home/me597/ros2_ws/src/build/task_4/build/lib/task_4/auto_navigator.py -> /home/me597/ros2_ws/src/install/task_4/lib/python3.10/site-packages/task_4
[0.843s] byte-compiling /home/me597/ros2_ws/src/install/task_4/lib/python3.10/site-packages/task_4/auto_navigator.py to auto_navigator.cpython-310.pyc
[0.846s] Sorry: IndentationError: unexpected indent (auto_navigator.py, line 160)
[0.846s] running install_data
[0.846s] running install_egg_info
[0.849s] removing '/home/me597/ros2_ws/src/install/task_4/lib/python3.10/site-packages/task_4-0.0.0-py3.10.egg-info' (and everything under it)
[0.849s] Copying ../build/task_4/task_4.egg-info to /home/me597/ros2_ws/src/install/task_4/lib/python3.10/site-packages/task_4-0.0.0-py3.10.egg-info
[0.850s] running install_scripts
[0.870s] Installing auto_navigator script to /home/me597/ros2_ws/src/install/task_4/lib/task_4
[0.870s] writing list of installed files to '/home/me597/ros2_ws/src/build/task_4/install.log'
[0.899s] Invoked command in '/home/me597/ros2_ws/src/task_4' returned '0': PYTHONPATH=/home/me597/ros2_ws/src/build/task_4/prefix_override:/usr/lib/python3/dist-packages/colcon_core/task/python/colcon_distutils_commands:/home/me597/ros2_ws/src/install/task_4/lib/python3.10/site-packages:${PYTHONPATH} /usr/bin/python3 -W ignore:setup.py install is deprecated -W ignore:easy_install command is deprecated setup.py egg_info --egg-base ../build/task_4 build --build-base /home/me597/ros2_ws/src/build/task_4/build install --record /home/me597/ros2_ws/src/build/task_4/install.log --single-version-externally-managed install_data
